{"meta": {"format": 3, "version": "7.12.0", "timestamp": "2025-11-30T08:57:44.041675", "branch_coverage": false, "show_contexts": false}, "files": {"backend/api/__init__.py": {"executed_lines": [1], "summary": {"covered_lines": 0, "num_statements": 0, "percent_covered": 100.0, "percent_covered_display": "100", "missing_lines": 0, "excluded_lines": 0, "percent_statements_covered": 100.0, "percent_statements_covered_display": "100"}, "missing_lines": [], "excluded_lines": [], "functions": {"": {"executed_lines": [1], "summary": {"covered_lines": 0, "num_statements": 0, "percent_covered": 100.0, "percent_covered_display": "100", "missing_lines": 0, "excluded_lines": 0, "percent_statements_covered": 100.0, "percent_statements_covered_display": "100"}, "missing_lines": [], "excluded_lines": []}}, "classes": {"": {"executed_lines": [1], "summary": {"covered_lines": 0, "num_statements": 0, "percent_covered": 100.0, "percent_covered_display": "100", "missing_lines": 0, "excluded_lines": 0, "percent_statements_covered": 100.0, "percent_statements_covered_display": "100"}, "missing_lines": [], "excluded_lines": []}}}, "backend/api/database/__init__.py": {"executed_lines": [0], "summary": {"covered_lines": 0, "num_statements": 0, "percent_covered": 100.0, "percent_covered_display": "100", "missing_lines": 0, "excluded_lines": 0, "percent_statements_covered": 100.0, "percent_statements_covered_display": "100"}, "missing_lines": [], "excluded_lines": [], "functions": {"": {"executed_lines": [], "summary": {"covered_lines": 0, "num_statements": 0, "percent_covered": 100.0, "percent_covered_display": "100", "missing_lines": 0, "excluded_lines": 0, "percent_statements_covered": 100.0, "percent_statements_covered_display": "100"}, "missing_lines": [], "excluded_lines": []}}, "classes": {"": {"executed_lines": [], "summary": {"covered_lines": 0, "num_statements": 0, "percent_covered": 100.0, "percent_covered_display": "100", "missing_lines": 0, "excluded_lines": 0, "percent_statements_covered": 100.0, "percent_statements_covered_display": "100"}, "missing_lines": [], "excluded_lines": []}}}, "backend/api/database/connection.py": {"executed_lines": [1, 6, 7, 9, 10, 14, 17, 20, 26, 32, 33, 41, 42, 44, 47, 48, 53, 57, 61], "summary": {"covered_lines": 17, "num_statements": 30, "percent_covered": 56.666666666666664, "percent_covered_display": "57", "missing_lines": 13, "excluded_lines": 0, "percent_statements_covered": 56.666666666666664, "percent_statements_covered_display": "57"}, "missing_lines": [22, 23, 28, 29, 35, 36, 38, 45, 50, 51, 55, 59, 63], "excluded_lines": [], "functions": {"init_database": {"executed_lines": [], "summary": {"covered_lines": 0, "num_statements": 2, "percent_covered": 0.0, "percent_covered_display": "0", "missing_lines": 2, "excluded_lines": 0, "percent_statements_covered": 0.0, "percent_statements_covered_display": "0"}, "missing_lines": [22, 23], "excluded_lines": []}, "close_database": {"executed_lines": [], "summary": {"covered_lines": 0, "num_statements": 2, "percent_covered": 0.0, "percent_covered_display": "0", "missing_lines": 2, "excluded_lines": 0, "percent_statements_covered": 0.0, "percent_statements_covered_display": "0"}, "missing_lines": [28, 29], "excluded_lines": []}, "get_db": {"executed_lines": [], "summary": {"covered_lines": 0, "num_statements": 3, "percent_covered": 0.0, "percent_covered_display": "0", "missing_lines": 3, "excluded_lines": 0, "percent_statements_covered": 0.0, "percent_statements_covered_display": "0"}, "missing_lines": [35, 36, 38], "excluded_lines": []}, "DatabaseManager.__init__": {"executed_lines": [], "summary": {"covered_lines": 0, "num_statements": 1, "percent_covered": 0.0, "percent_covered_display": "0", "missing_lines": 1, "excluded_lines": 0, "percent_statements_covered": 0.0, "percent_statements_covered_display": "0"}, "missing_lines": [45], "excluded_lines": []}, "DatabaseManager.transaction": {"executed_lines": [], "summary": {"covered_lines": 0, "num_statements": 2, "percent_covered": 0.0, "percent_covered_display": "0", "missing_lines": 2, "excluded_lines": 0, "percent_statements_covered": 0.0, "percent_statements_covered_display": "0"}, "missing_lines": [50, 51], "excluded_lines": []}, "DatabaseManager.execute": {"executed_lines": [], "summary": {"covered_lines": 0, "num_statements": 1, "percent_covered": 0.0, "percent_covered_display": "0", "missing_lines": 1, "excluded_lines": 0, "percent_statements_covered": 0.0, "percent_statements_covered_display": "0"}, "missing_lines": [55], "excluded_lines": []}, "DatabaseManager.fetch_one": {"executed_lines": [], "summary": {"covered_lines": 0, "num_statements": 1, "percent_covered": 0.0, "percent_covered_display": "0", "missing_lines": 1, "excluded_lines": 0, "percent_statements_covered": 0.0, "percent_statements_covered_display": "0"}, "missing_lines": [59], "excluded_lines": []}, "DatabaseManager.fetch_all": {"executed_lines": [], "summary": {"covered_lines": 0, "num_statements": 1, "percent_covered": 0.0, "percent_covered_display": "0", "missing_lines": 1, "excluded_lines": 0, "percent_statements_covered": 0.0, "percent_statements_covered_display": "0"}, "missing_lines": [63], "excluded_lines": []}, "": {"executed_lines": [1, 6, 7, 9, 10, 14, 17, 20, 26, 32, 33, 41, 42, 44, 47, 48, 53, 57, 61], "summary": {"covered_lines": 17, "num_statements": 17, "percent_covered": 100.0, "percent_covered_display": "100", "missing_lines": 0, "excluded_lines": 0, "percent_statements_covered": 100.0, "percent_statements_covered_display": "100"}, "missing_lines": [], "excluded_lines": []}}, "classes": {"DatabaseManager": {"executed_lines": [], "summary": {"covered_lines": 0, "num_statements": 6, "percent_covered": 0.0, "percent_covered_display": "0", "missing_lines": 6, "excluded_lines": 0, "percent_statements_covered": 0.0, "percent_statements_covered_display": "0"}, "missing_lines": [45, 50, 51, 55, 59, 63], "excluded_lines": []}, "": {"executed_lines": [1, 6, 7, 9, 10, 14, 17, 20, 26, 32, 33, 41, 42, 44, 47, 48, 53, 57, 61], "summary": {"covered_lines": 17, "num_statements": 24, "percent_covered": 70.83333333333333, "percent_covered_display": "71", "missing_lines": 7, "excluded_lines": 0, "percent_statements_covered": 70.83333333333333, "percent_statements_covered_display": "71"}, "missing_lines": [22, 23, 28, 29, 35, 36, 38], "excluded_lines": []}}}, "backend/api/database/models.py": {"executed_lines": [1, 6, 8, 12, 13, 14, 17, 20, 21, 22, 24, 25, 26, 27, 29, 30, 32, 33, 34, 36, 37, 38, 39, 42, 43, 46, 47, 48, 50, 51, 52, 53, 54, 55, 56, 57, 58, 59, 60, 61, 62, 63, 64, 67, 68, 71, 72, 73, 75, 76, 77, 78, 79, 80, 81, 82, 83, 86, 88, 93, 94, 95, 97, 98, 99, 100, 101, 102, 103, 104, 105, 106, 107, 108, 109, 110, 111, 112, 113, 114, 115, 116, 117, 118, 119, 120, 121, 122, 123, 124, 126, 132, 133, 134, 136, 137, 138, 139, 140, 141, 142, 143, 146, 148, 153, 154, 155, 157, 158, 159, 160, 163, 164, 165, 167, 168, 169, 170, 171, 172, 173, 174, 175, 176, 179, 180, 181, 183, 184, 185, 186, 187, 188, 189, 190, 191, 192, 194, 199, 200, 201, 203, 204, 205, 206, 207, 208, 209, 212, 215, 216, 217, 219, 220, 221, 222, 223, 224, 225, 226, 227, 230], "summary": {"covered_lines": 151, "num_statements": 151, "percent_covered": 100.0, "percent_covered_display": "100", "missing_lines": 0, "excluded_lines": 0, "percent_statements_covered": 100.0, "percent_statements_covered_display": "100"}, "missing_lines": [], "excluded_lines": [], "functions": {"": {"executed_lines": [1, 6, 8, 12, 13, 14, 17, 20, 21, 22, 24, 25, 26, 27, 29, 30, 32, 33, 34, 36, 37, 38, 39, 42, 43, 46, 47, 48, 50, 51, 52, 53, 54, 55, 56, 57, 58, 59, 60, 61, 62, 63, 64, 67, 68, 71, 72, 73, 75, 76, 77, 78, 79, 80, 81, 82, 83, 86, 88, 93, 94, 95, 97, 98, 99, 100, 101, 102, 103, 104, 105, 106, 107, 108, 109, 110, 111, 112, 113, 114, 115, 116, 117, 118, 119, 120, 121, 122, 123, 124, 126, 132, 133, 134, 136, 137, 138, 139, 140, 141, 142, 143, 146, 148, 153, 154, 155, 157, 158, 159, 160, 163, 164, 165, 167, 168, 169, 170, 171, 172, 173, 174, 175, 176, 179, 180, 181, 183, 184, 185, 186, 187, 188, 189, 190, 191, 192, 194, 199, 200, 201, 203, 204, 205, 206, 207, 208, 209, 212, 215, 216, 217, 219, 220, 221, 222, 223, 224, 225, 226, 227, 230], "summary": {"covered_lines": 151, "num_statements": 151, "percent_covered": 100.0, "percent_covered_display": "100", "missing_lines": 0, "excluded_lines": 0, "percent_statements_covered": 100.0, "percent_statements_covered_display": "100"}, "missing_lines": [], "excluded_lines": []}}, "classes": {"User": {"executed_lines": [], "summary": {"covered_lines": 0, "num_statements": 0, "percent_covered": 100.0, "percent_covered_display": "100", "missing_lines": 0, "excluded_lines": 0, "percent_statements_covered": 100.0, "percent_statements_covered_display": "100"}, "missing_lines": [], "excluded_lines": []}, "License": {"executed_lines": [], "summary": {"covered_lines": 0, "num_statements": 0, "percent_covered": 100.0, "percent_covered_display": "100", "missing_lines": 0, "excluded_lines": 0, "percent_statements_covered": 100.0, "percent_statements_covered_display": "100"}, "missing_lines": [], "excluded_lines": []}, "LicenseDevice": {"executed_lines": [], "summary": {"covered_lines": 0, "num_statements": 0, "percent_covered": 100.0, "percent_covered_display": "100", "missing_lines": 0, "excluded_lines": 0, "percent_statements_covered": 100.0, "percent_statements_covered_display": "100"}, "missing_lines": [], "excluded_lines": []}, "Product": {"executed_lines": [], "summary": {"covered_lines": 0, "num_statements": 0, "percent_covered": 100.0, "percent_covered_display": "100", "missing_lines": 0, "excluded_lines": 0, "percent_statements_covered": 100.0, "percent_statements_covered_display": "100"}, "missing_lines": [], "excluded_lines": []}, "CopyHistory": {"executed_lines": [], "summary": {"covered_lines": 0, "num_statements": 0, "percent_covered": 100.0, "percent_covered_display": "100", "missing_lines": 0, "excluded_lines": 0, "percent_statements_covered": 100.0, "percent_statements_covered_display": "100"}, "missing_lines": [], "excluded_lines": []}, "PaymentEvent": {"executed_lines": [], "summary": {"covered_lines": 0, "num_statements": 0, "percent_covered": 100.0, "percent_covered_display": "100", "missing_lines": 0, "excluded_lines": 0, "percent_statements_covered": 100.0, "percent_statements_covered_display": "100"}, "missing_lines": [], "excluded_lines": []}, "Payment": {"executed_lines": [], "summary": {"covered_lines": 0, "num_statements": 0, "percent_covered": 100.0, "percent_covered_display": "100", "missing_lines": 0, "excluded_lines": 0, "percent_statements_covered": 100.0, "percent_statements_covered_display": "100"}, "missing_lines": [], "excluded_lines": []}, "ScrapingJob": {"executed_lines": [], "summary": {"covered_lines": 0, "num_statements": 0, "percent_covered": 100.0, "percent_covered_display": "100", "missing_lines": 0, "excluded_lines": 0, "percent_statements_covered": 100.0, "percent_statements_covered_display": "100"}, "missing_lines": [], "excluded_lines": []}, "WhatsAppInstance": {"executed_lines": [], "summary": {"covered_lines": 0, "num_statements": 0, "percent_covered": 100.0, "percent_covered_display": "100", "missing_lines": 0, "excluded_lines": 0, "percent_statements_covered": 100.0, "percent_statements_covered_display": "100"}, "missing_lines": [], "excluded_lines": []}, "WhatsAppMessage": {"executed_lines": [], "summary": {"covered_lines": 0, "num_statements": 0, "percent_covered": 100.0, "percent_covered_display": "100", "missing_lines": 0, "excluded_lines": 0, "percent_statements_covered": 100.0, "percent_statements_covered_display": "100"}, "missing_lines": [], "excluded_lines": []}, "": {"executed_lines": [1, 6, 8, 12, 13, 14, 17, 20, 21, 22, 24, 25, 26, 27, 29, 30, 32, 33, 34, 36, 37, 38, 39, 42, 43, 46, 47, 48, 50, 51, 52, 53, 54, 55, 56, 57, 58, 59, 60, 61, 62, 63, 64, 67, 68, 71, 72, 73, 75, 76, 77, 78, 79, 80, 81, 82, 83, 86, 88, 93, 94, 95, 97, 98, 99, 100, 101, 102, 103, 104, 105, 106, 107, 108, 109, 110, 111, 112, 113, 114, 115, 116, 117, 118, 119, 120, 121, 122, 123, 124, 126, 132, 133, 134, 136, 137, 138, 139, 140, 141, 142, 143, 146, 148, 153, 154, 155, 157, 158, 159, 160, 163, 164, 165, 167, 168, 169, 170, 171, 172, 173, 174, 175, 176, 179, 180, 181, 183, 184, 185, 186, 187, 188, 189, 190, 191, 192, 194, 199, 200, 201, 203, 204, 205, 206, 207, 208, 209, 212, 215, 216, 217, 219, 220, 221, 222, 223, 224, 225, 226, 227, 230], "summary": {"covered_lines": 151, "num_statements": 151, "percent_covered": 100.0, "percent_covered_display": "100", "missing_lines": 0, "excluded_lines": 0, "percent_statements_covered": 100.0, "percent_statements_covered_display": "100"}, "missing_lines": [], "excluded_lines": []}}}, "backend/api/main.py": {"executed_lines": [1, 6, 8, 9, 11, 18, 19, 20, 21, 22, 23, 24, 25, 26, 27, 28, 31, 32, 35, 36, 41, 42, 79, 87, 90, 93, 102, 105, 106, 107, 108, 109, 110, 111, 112, 113, 114, 115, 116, 117, 120, 125, 130, 134, 139, 144, 149, 154, 159, 164, 170, 175, 180, 185, 192, 193, 198, 199], "summary": {"covered_lines": 57, "num_statements": 76, "percent_covered": 75.0, "percent_covered_display": "75", "missing_lines": 19, "excluded_lines": 0, "percent_statements_covered": 75.0, "percent_statements_covered_display": "75"}, "missing_lines": [38, 45, 48, 49, 50, 51, 58, 59, 62, 63, 65, 67, 70, 71, 72, 75, 76, 195, 201], "excluded_lines": [], "functions": {"lifespan": {"executed_lines": [], "summary": {"covered_lines": 0, "num_statements": 16, "percent_covered": 0.0, "percent_covered_display": "0", "missing_lines": 16, "excluded_lines": 0, "percent_statements_covered": 0.0, "percent_statements_covered_display": "0"}, "missing_lines": [45, 48, 49, 50, 51, 58, 59, 62, 63, 65, 67, 70, 71, 72, 75, 76], "excluded_lines": []}, "health_check": {"executed_lines": [], "summary": {"covered_lines": 0, "num_statements": 1, "percent_covered": 0.0, "percent_covered_display": "0", "missing_lines": 1, "excluded_lines": 0, "percent_statements_covered": 0.0, "percent_statements_covered_display": "0"}, "missing_lines": [195], "excluded_lines": []}, "root": {"executed_lines": [], "summary": {"covered_lines": 0, "num_statements": 1, "percent_covered": 0.0, "percent_covered_display": "0", "missing_lines": 1, "excluded_lines": 0, "percent_statements_covered": 0.0, "percent_statements_covered_display": "0"}, "missing_lines": [201], "excluded_lines": []}, "": {"executed_lines": [1, 6, 8, 9, 11, 18, 19, 20, 21, 22, 23, 24, 25, 26, 27, 28, 31, 32, 35, 36, 41, 42, 79, 87, 90, 93, 102, 105, 106, 107, 108, 109, 110, 111, 112, 113, 114, 115, 116, 117, 120, 125, 130, 134, 139, 144, 149, 154, 159, 164, 170, 175, 180, 185, 192, 193, 198, 199], "summary": {"covered_lines": 57, "num_statements": 58, "percent_covered": 98.27586206896552, "percent_covered_display": "98", "missing_lines": 1, "excluded_lines": 0, "percent_statements_covered": 98.27586206896552, "percent_statements_covered_display": "98"}, "missing_lines": [38], "excluded_lines": []}}, "classes": {"": {"executed_lines": [1, 6, 8, 9, 11, 18, 19, 20, 21, 22, 23, 24, 25, 26, 27, 28, 31, 32, 35, 36, 41, 42, 79, 87, 90, 93, 102, 105, 106, 107, 108, 109, 110, 111, 112, 113, 114, 115, 116, 117, 120, 125, 130, 134, 139, 144, 149, 154, 159, 164, 170, 175, 180, 185, 192, 193, 198, 199], "summary": {"covered_lines": 57, "num_statements": 76, "percent_covered": 75.0, "percent_covered_display": "75", "missing_lines": 19, "excluded_lines": 0, "percent_statements_covered": 75.0, "percent_statements_covered_display": "75"}, "missing_lines": [38, 45, 48, 49, 50, 51, 58, 59, 62, 63, 65, 67, 70, 71, 72, 75, 76, 195, 201], "excluded_lines": []}}}, "backend/api/middleware/__init__.py": {"executed_lines": [0], "summary": {"covered_lines": 0, "num_statements": 0, "percent_covered": 100.0, "percent_covered_display": "100", "missing_lines": 0, "excluded_lines": 0, "percent_statements_covered": 100.0, "percent_statements_covered_display": "100"}, "missing_lines": [], "excluded_lines": [], "functions": {"": {"executed_lines": [], "summary": {"covered_lines": 0, "num_statements": 0, "percent_covered": 100.0, "percent_covered_display": "100", "missing_lines": 0, "excluded_lines": 0, "percent_statements_covered": 100.0, "percent_statements_covered_display": "100"}, "missing_lines": [], "excluded_lines": []}}, "classes": {"": {"executed_lines": [], "summary": {"covered_lines": 0, "num_statements": 0, "percent_covered": 100.0, "percent_covered_display": "100", "missing_lines": 0, "excluded_lines": 0, "percent_statements_covered": 100.0, "percent_statements_covered_display": "100"}, "missing_lines": [], "excluded_lines": []}}}, "backend/api/middleware/auth.py": {"executed_lines": [1, 6, 7, 8, 10, 11, 12, 14, 18, 22, 25, 28, 84, 99], "summary": {"covered_lines": 13, "num_statements": 34, "percent_covered": 38.23529411764706, "percent_covered_display": "38", "missing_lines": 21, "excluded_lines": 0, "percent_statements_covered": 38.23529411764706, "percent_statements_covered_display": "38"}, "missing_lines": [37, 39, 40, 46, 47, 48, 54, 55, 56, 62, 63, 64, 69, 77, 78, 86, 94, 95, 96, 101, 107], "excluded_lines": [], "functions": {"get_current_user": {"executed_lines": [], "summary": {"covered_lines": 0, "num_statements": 15, "percent_covered": 0.0, "percent_covered_display": "0", "missing_lines": 15, "excluded_lines": 0, "percent_statements_covered": 0.0, "percent_statements_covered_display": "0"}, "missing_lines": [37, 39, 40, 46, 47, 48, 54, 55, 56, 62, 63, 64, 69, 77, 78], "excluded_lines": []}, "get_user_by_id": {"executed_lines": [], "summary": {"covered_lines": 0, "num_statements": 4, "percent_covered": 0.0, "percent_covered_display": "0", "missing_lines": 4, "excluded_lines": 0, "percent_statements_covered": 0.0, "percent_statements_covered_display": "0"}, "missing_lines": [86, 94, 95, 96], "excluded_lines": []}, "create_access_token": {"executed_lines": [], "summary": {"covered_lines": 0, "num_statements": 2, "percent_covered": 0.0, "percent_covered_display": "0", "missing_lines": 2, "excluded_lines": 0, "percent_statements_covered": 0.0, "percent_statements_covered_display": "0"}, "missing_lines": [101, 107], "excluded_lines": []}, "": {"executed_lines": [1, 6, 7, 8, 10, 11, 12, 14, 18, 22, 25, 28, 84, 99], "summary": {"covered_lines": 13, "num_statements": 13, "percent_covered": 100.0, "percent_covered_display": "100", "missing_lines": 0, "excluded_lines": 0, "percent_statements_covered": 100.0, "percent_statements_covered_display": "100"}, "missing_lines": [], "excluded_lines": []}}, "classes": {"": {"executed_lines": [1, 6, 7, 8, 10, 11, 12, 14, 18, 22, 25, 28, 84, 99], "summary": {"covered_lines": 13, "num_statements": 34, "percent_covered": 38.23529411764706, "percent_covered_display": "38", "missing_lines": 21, "excluded_lines": 0, "percent_statements_covered": 38.23529411764706, "percent_statements_covered_display": "38"}, "missing_lines": [37, 39, 40, 46, 47, 48, 54, 55, 56, 62, 63, 64, 69, 77, 78, 86, 94, 95, 96, 101, 107], "excluded_lines": []}}}, "backend/api/middleware/metrics.py": {"executed_lines": [1, 6, 7, 8, 9, 11, 12, 14, 17, 18, 27, 30, 70, 101], "summary": {"covered_lines": 12, "num_statements": 52, "percent_covered": 23.076923076923077, "percent_covered_display": "23", "missing_lines": 40, "excluded_lines": 0, "percent_statements_covered": 23.076923076923077, "percent_statements_covered_display": "23"}, "missing_lines": [28, 32, 33, 35, 37, 38, 41, 44, 45, 51, 52, 54, 56, 58, 59, 60, 66, 67, 68, 78, 80, 83, 84, 85, 86, 87, 88, 91, 92, 95, 96, 98, 99, 107, 108, 110, 112, 113, 115, 117], "excluded_lines": [], "functions": {"MetricsMiddleware.__init__": {"executed_lines": [], "summary": {"covered_lines": 0, "num_statements": 1, "percent_covered": 0.0, "percent_covered_display": "0", "missing_lines": 1, "excluded_lines": 0, "percent_statements_covered": 0.0, "percent_statements_covered_display": "0"}, "missing_lines": [28], "excluded_lines": []}, "MetricsMiddleware.dispatch": {"executed_lines": [], "summary": {"covered_lines": 0, "num_statements": 18, "percent_covered": 0.0, "percent_covered_display": "0", "missing_lines": 18, "excluded_lines": 0, "percent_statements_covered": 0.0, "percent_statements_covered_display": "0"}, "missing_lines": [32, 33, 35, 37, 38, 41, 44, 45, 51, 52, 54, 56, 58, 59, 60, 66, 67, 68], "excluded_lines": []}, "MetricsMiddleware._record_metrics": {"executed_lines": [], "summary": {"covered_lines": 0, "num_statements": 14, "percent_covered": 0.0, "percent_covered_display": "0", "missing_lines": 14, "excluded_lines": 0, "percent_statements_covered": 0.0, "percent_statements_covered_display": "0"}, "missing_lines": [78, 80, 83, 84, 85, 86, 87, 88, 91, 92, 95, 96, 98, 99], "excluded_lines": []}, "MetricsMiddleware._normalize_path": {"executed_lines": [], "summary": {"covered_lines": 0, "num_statements": 7, "percent_covered": 0.0, "percent_covered_display": "0", "missing_lines": 7, "excluded_lines": 0, "percent_statements_covered": 0.0, "percent_statements_covered_display": "0"}, "missing_lines": [107, 108, 110, 112, 113, 115, 117], "excluded_lines": []}, "": {"executed_lines": [1, 6, 7, 8, 9, 11, 12, 14, 17, 18, 27, 30, 70, 101], "summary": {"covered_lines": 12, "num_statements": 12, "percent_covered": 100.0, "percent_covered_display": "100", "missing_lines": 0, "excluded_lines": 0, "percent_statements_covered": 100.0, "percent_statements_covered_display": "100"}, "missing_lines": [], "excluded_lines": []}}, "classes": {"MetricsMiddleware": {"executed_lines": [], "summary": {"covered_lines": 0, "num_statements": 40, "percent_covered": 0.0, "percent_covered_display": "0", "missing_lines": 40, "excluded_lines": 0, "percent_statements_covered": 0.0, "percent_statements_covered_display": "0"}, "missing_lines": [28, 32, 33, 35, 37, 38, 41, 44, 45, 51, 52, 54, 56, 58, 59, 60, 66, 67, 68, 78, 80, 83, 84, 85, 86, 87, 88, 91, 92, 95, 96, 98, 99, 107, 108, 110, 112, 113, 115, 117], "excluded_lines": []}, "": {"executed_lines": [1, 6, 7, 8, 9, 11, 12, 14, 17, 18, 27, 30, 70, 101], "summary": {"covered_lines": 12, "num_statements": 12, "percent_covered": 100.0, "percent_covered_display": "100", "missing_lines": 0, "excluded_lines": 0, "percent_statements_covered": 100.0, "percent_statements_covered_display": "100"}, "missing_lines": [], "excluded_lines": []}}}, "backend/api/middleware/quota.py": {"executed_lines": [1, 6, 8, 11, 12, 13, 21, 25, 32, 59, 83, 107, 134, 139, 151], "summary": {"covered_lines": 13, "num_statements": 45, "percent_covered": 28.88888888888889, "percent_covered_display": "29", "missing_lines": 32, "excluded_lines": 0, "percent_statements_covered": 28.88888888888889, "percent_statements_covered_display": "29"}, "missing_lines": [14, 15, 16, 17, 40, 47, 49, 50, 52, 66, 67, 69, 70, 76, 85, 87, 95, 97, 98, 104, 109, 117, 119, 120, 123, 124, 128, 130, 136, 141, 142, 153], "excluded_lines": [], "functions": {"InsufficientCreditsError.__init__": {"executed_lines": [], "summary": {"covered_lines": 0, "num_statements": 4, "percent_covered": 0.0, "percent_covered_display": "0", "missing_lines": 4, "excluded_lines": 0, "percent_statements_covered": 0.0, "percent_statements_covered_display": "0"}, "missing_lines": [14, 15, 16, 17], "excluded_lines": []}, "get_user_credits": {"executed_lines": [], "summary": {"covered_lines": 0, "num_statements": 5, "percent_covered": 0.0, "percent_covered_display": "0", "missing_lines": 5, "excluded_lines": 0, "percent_statements_covered": 0.0, "percent_statements_covered_display": "0"}, "missing_lines": [40, 47, 49, 50, 52], "excluded_lines": []}, "check_credits": {"executed_lines": [], "summary": {"covered_lines": 0, "num_statements": 5, "percent_covered": 0.0, "percent_covered_display": "0", "missing_lines": 5, "excluded_lines": 0, "percent_statements_covered": 0.0, "percent_statements_covered_display": "0"}, "missing_lines": [66, 67, 69, 70, 76], "excluded_lines": []}, "deduct_credits": {"executed_lines": [], "summary": {"covered_lines": 0, "num_statements": 6, "percent_covered": 0.0, "percent_covered_display": "0", "missing_lines": 6, "excluded_lines": 0, "percent_statements_covered": 0.0, "percent_statements_covered_display": "0"}, "missing_lines": [85, 87, 95, 97, 98, 104], "excluded_lines": []}, "add_credits": {"executed_lines": [], "summary": {"covered_lines": 0, "num_statements": 8, "percent_covered": 0.0, "percent_covered_display": "0", "missing_lines": 8, "excluded_lines": 0, "percent_statements_covered": 0.0, "percent_statements_covered_display": "0"}, "missing_lines": [109, 117, 119, 120, 123, 124, 128, 130], "excluded_lines": []}, "check_copy_quota": {"executed_lines": [], "summary": {"covered_lines": 0, "num_statements": 1, "percent_covered": 0.0, "percent_covered_display": "0", "missing_lines": 1, "excluded_lines": 0, "percent_statements_covered": 0.0, "percent_statements_covered_display": "0"}, "missing_lines": [136], "excluded_lines": []}, "get_user_quota": {"executed_lines": [], "summary": {"covered_lines": 0, "num_statements": 2, "percent_covered": 0.0, "percent_covered_display": "0", "missing_lines": 2, "excluded_lines": 0, "percent_statements_covered": 0.0, "percent_statements_covered_display": "0"}, "missing_lines": [141, 142], "excluded_lines": []}, "increment_quota": {"executed_lines": [], "summary": {"covered_lines": 0, "num_statements": 1, "percent_covered": 0.0, "percent_covered_display": "0", "missing_lines": 1, "excluded_lines": 0, "percent_statements_covered": 0.0, "percent_statements_covered_display": "0"}, "missing_lines": [153], "excluded_lines": []}, "": {"executed_lines": [1, 6, 8, 11, 12, 13, 21, 25, 32, 59, 83, 107, 134, 139, 151], "summary": {"covered_lines": 13, "num_statements": 13, "percent_covered": 100.0, "percent_covered_display": "100", "missing_lines": 0, "excluded_lines": 0, "percent_statements_covered": 100.0, "percent_statements_covered_display": "100"}, "missing_lines": [], "excluded_lines": []}}, "classes": {"InsufficientCreditsError": {"executed_lines": [], "summary": {"covered_lines": 0, "num_statements": 4, "percent_covered": 0.0, "percent_covered_display": "0", "missing_lines": 4, "excluded_lines": 0, "percent_statements_covered": 0.0, "percent_statements_covered_display": "0"}, "missing_lines": [14, 15, 16, 17], "excluded_lines": []}, "": {"executed_lines": [1, 6, 8, 11, 12, 13, 21, 25, 32, 59, 83, 107, 134, 139, 151], "summary": {"covered_lines": 13, "num_statements": 41, "percent_covered": 31.70731707317073, "percent_covered_display": "32", "missing_lines": 28, "excluded_lines": 0, "percent_statements_covered": 31.70731707317073, "percent_statements_covered_display": "32"}, "missing_lines": [40, 47, 49, 50, 52, 66, 67, 69, 70, 76, 85, 87, 95, 97, 98, 104, 109, 117, 119, 120, 123, 124, 128, 130, 136, 141, 142, 153], "excluded_lines": []}}}, "backend/api/middleware/ratelimit.py": {"executed_lines": [1, 6, 7, 8, 9, 11, 12, 13, 16, 17, 23, 29, 84], "summary": {"covered_lines": 11, "num_statements": 39, "percent_covered": 28.205128205128204, "percent_covered_display": "28", "missing_lines": 28, "excluded_lines": 0, "percent_statements_covered": 28.205128205128204, "percent_statements_covered_display": "28"}, "missing_lines": [24, 25, 26, 27, 31, 32, 35, 36, 39, 42, 43, 46, 52, 53, 54, 70, 73, 76, 77, 80, 82, 90, 91, 94, 97, 98, 99, 101], "excluded_lines": [], "functions": {"RateLimitMiddleware.__init__": {"executed_lines": [], "summary": {"covered_lines": 0, "num_statements": 4, "percent_covered": 0.0, "percent_covered_display": "0", "missing_lines": 4, "excluded_lines": 0, "percent_statements_covered": 0.0, "percent_statements_covered_display": "0"}, "missing_lines": [24, 25, 26, 27], "excluded_lines": []}, "RateLimitMiddleware.dispatch": {"executed_lines": [], "summary": {"covered_lines": 0, "num_statements": 17, "percent_covered": 0.0, "percent_covered_display": "0", "missing_lines": 17, "excluded_lines": 0, "percent_statements_covered": 0.0, "percent_statements_covered_display": "0"}, "missing_lines": [31, 32, 35, 36, 39, 42, 43, 46, 52, 53, 54, 70, 73, 76, 77, 80, 82], "excluded_lines": []}, "RateLimitMiddleware._get_client_id": {"executed_lines": [], "summary": {"covered_lines": 0, "num_statements": 7, "percent_covered": 0.0, "percent_covered_display": "0", "missing_lines": 7, "excluded_lines": 0, "percent_statements_covered": 0.0, "percent_statements_covered_display": "0"}, "missing_lines": [90, 91, 94, 97, 98, 99, 101], "excluded_lines": []}, "": {"executed_lines": [1, 6, 7, 8, 9, 11, 12, 13, 16, 17, 23, 29, 84], "summary": {"covered_lines": 11, "num_statements": 11, "percent_covered": 100.0, "percent_covered_display": "100", "missing_lines": 0, "excluded_lines": 0, "percent_statements_covered": 100.0, "percent_statements_covered_display": "100"}, "missing_lines": [], "excluded_lines": []}}, "classes": {"RateLimitMiddleware": {"executed_lines": [], "summary": {"covered_lines": 0, "num_statements": 28, "percent_covered": 0.0, "percent_covered_display": "0", "missing_lines": 28, "excluded_lines": 0, "percent_statements_covered": 0.0, "percent_statements_covered_display": "0"}, "missing_lines": [24, 25, 26, 27, 31, 32, 35, 36, 39, 42, 43, 46, 52, 53, 54, 70, 73, 76, 77, 80, 82, 90, 91, 94, 97, 98, 99, 101], "excluded_lines": []}, "": {"executed_lines": [1, 6, 7, 8, 9, 11, 12, 13, 16, 17, 23, 29, 84], "summary": {"covered_lines": 11, "num_statements": 11, "percent_covered": 100.0, "percent_covered_display": "100", "missing_lines": 0, "excluded_lines": 0, "percent_statements_covered": 100.0, "percent_statements_covered_display": "100"}, "missing_lines": [], "excluded_lines": []}}}, "backend/api/middleware/request_id.py": {"executed_lines": [], "summary": {"covered_lines": 0, "num_statements": 11, "percent_covered": 0.0, "percent_covered_display": "0", "missing_lines": 11, "excluded_lines": 0, "percent_statements_covered": 0.0, "percent_statements_covered_display": "0"}, "missing_lines": [6, 7, 8, 9, 12, 17, 18, 19, 21, 22, 24], "excluded_lines": [], "functions": {"RequestIDMiddleware.dispatch": {"executed_lines": [], "summary": {"covered_lines": 0, "num_statements": 5, "percent_covered": 0.0, "percent_covered_display": "0", "missing_lines": 5, "excluded_lines": 0, "percent_statements_covered": 0.0, "percent_statements_covered_display": "0"}, "missing_lines": [18, 19, 21, 22, 24], "excluded_lines": []}, "": {"executed_lines": [], "summary": {"covered_lines": 0, "num_statements": 6, "percent_covered": 0.0, "percent_covered_display": "0", "missing_lines": 6, "excluded_lines": 0, "percent_statements_covered": 0.0, "percent_statements_covered_display": "0"}, "missing_lines": [6, 7, 8, 9, 12, 17], "excluded_lines": []}}, "classes": {"RequestIDMiddleware": {"executed_lines": [], "summary": {"covered_lines": 0, "num_statements": 5, "percent_covered": 0.0, "percent_covered_display": "0", "missing_lines": 5, "excluded_lines": 0, "percent_statements_covered": 0.0, "percent_statements_covered_display": "0"}, "missing_lines": [18, 19, 21, 22, 24], "excluded_lines": []}, "": {"executed_lines": [], "summary": {"covered_lines": 0, "num_statements": 6, "percent_covered": 0.0, "percent_covered_display": "0", "missing_lines": 6, "excluded_lines": 0, "percent_statements_covered": 0.0, "percent_statements_covered_display": "0"}, "missing_lines": [6, 7, 8, 9, 12, 17], "excluded_lines": []}}}, "backend/api/middleware/security.py": {"executed_lines": [1, 2, 3, 7, 9, 10], "summary": {"covered_lines": 6, "num_statements": 14, "percent_covered": 42.857142857142854, "percent_covered_display": "43", "missing_lines": 8, "excluded_lines": 0, "percent_statements_covered": 42.857142857142854, "percent_statements_covered_display": "43"}, "missing_lines": [16, 17, 29, 32, 33, 34, 35, 37], "excluded_lines": [], "functions": {"SecurityHeadersMiddleware.dispatch": {"executed_lines": [], "summary": {"covered_lines": 0, "num_statements": 8, "percent_covered": 0.0, "percent_covered_display": "0", "missing_lines": 8, "excluded_lines": 0, "percent_statements_covered": 0.0, "percent_statements_covered_display": "0"}, "missing_lines": [16, 17, 29, 32, 33, 34, 35, 37], "excluded_lines": []}, "": {"executed_lines": [1, 2, 3, 7, 9, 10], "summary": {"covered_lines": 6, "num_statements": 6, "percent_covered": 100.0, "percent_covered_display": "100", "missing_lines": 0, "excluded_lines": 0, "percent_statements_covered": 100.0, "percent_statements_covered_display": "100"}, "missing_lines": [], "excluded_lines": []}}, "classes": {"SecurityHeadersMiddleware": {"executed_lines": [], "summary": {"covered_lines": 0, "num_statements": 8, "percent_covered": 0.0, "percent_covered_display": "0", "missing_lines": 8, "excluded_lines": 0, "percent_statements_covered": 0.0, "percent_statements_covered_display": "0"}, "missing_lines": [16, 17, 29, 32, 33, 34, 35, 37], "excluded_lines": []}, "": {"executed_lines": [1, 2, 3, 7, 9, 10], "summary": {"covered_lines": 6, "num_statements": 6, "percent_covered": 100.0, "percent_covered_display": "100", "missing_lines": 0, "excluded_lines": 0, "percent_statements_covered": 100.0, "percent_statements_covered_display": "100"}, "missing_lines": [], "excluded_lines": []}}}, "backend/api/models/__init__.py": {"executed_lines": [], "summary": {"covered_lines": 0, "num_statements": 0, "percent_covered": 100.0, "percent_covered_display": "100", "missing_lines": 0, "excluded_lines": 0, "percent_statements_covered": 100.0, "percent_statements_covered_display": "100"}, "missing_lines": [], "excluded_lines": [], "functions": {"": {"executed_lines": [], "summary": {"covered_lines": 0, "num_statements": 0, "percent_covered": 100.0, "percent_covered_display": "100", "missing_lines": 0, "excluded_lines": 0, "percent_statements_covered": 100.0, "percent_statements_covered_display": "100"}, "missing_lines": [], "excluded_lines": []}}, "classes": {"": {"executed_lines": [], "summary": {"covered_lines": 0, "num_statements": 0, "percent_covered": 100.0, "percent_covered_display": "100", "missing_lines": 0, "excluded_lines": 0, "percent_statements_covered": 100.0, "percent_statements_covered_display": "100"}, "missing_lines": [], "excluded_lines": []}}}, "backend/api/routes/__init__.py": {"executed_lines": [1, 3, 33], "summary": {"covered_lines": 2, "num_statements": 2, "percent_covered": 100.0, "percent_covered_display": "100", "missing_lines": 0, "excluded_lines": 0, "percent_statements_covered": 100.0, "percent_statements_covered_display": "100"}, "missing_lines": [], "excluded_lines": [], "functions": {"": {"executed_lines": [1, 3, 33], "summary": {"covered_lines": 2, "num_statements": 2, "percent_covered": 100.0, "percent_covered_display": "100", "missing_lines": 0, "excluded_lines": 0, "percent_statements_covered": 100.0, "percent_statements_covered_display": "100"}, "missing_lines": [], "excluded_lines": []}}, "classes": {"": {"executed_lines": [1, 3, 33], "summary": {"covered_lines": 2, "num_statements": 2, "percent_covered": 100.0, "percent_covered_display": "100", "missing_lines": 0, "excluded_lines": 0, "percent_statements_covered": 100.0, "percent_statements_covered_display": "100"}, "missing_lines": [], "excluded_lines": []}}}, "backend/api/routes/accounts.py": {"executed_lines": [1, 6, 7, 8, 9, 10, 11, 12, 14, 15, 17, 20, 21, 22, 23, 26, 27, 28, 29, 30, 33, 34, 35, 36, 37, 38, 39, 40, 41, 44, 45, 46, 47, 48, 49, 50, 51, 54, 55, 56, 57, 58, 59, 60, 61, 62, 63, 64, 65, 66, 67, 68, 69, 72, 73, 74, 77, 78, 79, 80, 81, 82, 83, 86, 87, 89, 91, 139, 149, 162, 178, 198, 234, 253, 276, 300, 320, 351, 359, 379, 384, 385, 405, 406, 418, 419, 426, 427, 441, 442, 453, 454, 470, 471, 482, 483, 498, 499, 514, 515], "summary": {"covered_lines": 93, "num_statements": 253, "percent_covered": 36.758893280632414, "percent_covered_display": "37", "missing_lines": 160, "excluded_lines": 0, "percent_statements_covered": 36.758893280632414, "percent_statements_covered_display": "37"}, "missing_lines": [97, 98, 101, 102, 103, 106, 107, 109, 126, 127, 130, 131, 134, 135, 137, 141, 142, 144, 145, 147, 156, 157, 158, 159, 160, 164, 165, 166, 168, 169, 170, 171, 174, 176, 184, 185, 186, 188, 189, 190, 191, 194, 196, 205, 206, 208, 209, 211, 213, 214, 215, 216, 217, 218, 219, 220, 221, 222, 223, 224, 226, 227, 229, 231, 232, 236, 237, 238, 240, 241, 243, 245, 246, 248, 249, 251, 259, 260, 261, 264, 265, 271, 272, 274, 282, 283, 285, 286, 287, 288, 291, 292, 294, 295, 298, 307, 308, 310, 311, 313, 318, 322, 324, 325, 327, 328, 329, 330, 336, 337, 338, 339, 340, 342, 344, 353, 354, 355, 356, 357, 361, 394, 395, 400, 402, 411, 412, 413, 414, 415, 423, 432, 436, 437, 438, 447, 448, 449, 450, 460, 465, 466, 467, 476, 477, 478, 479, 491, 492, 493, 494, 495, 504, 509, 510, 511, 521, 526, 527, 528], "excluded_lines": [], "functions": {"MultiAccountService.create": {"executed_lines": [], "summary": {"covered_lines": 0, "num_statements": 15, "percent_covered": 0.0, "percent_covered_display": "0", "missing_lines": 15, "excluded_lines": 0, "percent_statements_covered": 0.0, "percent_statements_covered_display": "0"}, "missing_lines": [97, 98, 101, 102, 103, 106, 107, 109, 126, 127, 130, 131, 134, 135, 137], "excluded_lines": []}, "MultiAccountService.get": {"executed_lines": [], "summary": {"covered_lines": 0, "num_statements": 5, "percent_covered": 0.0, "percent_covered_display": "0", "missing_lines": 5, "excluded_lines": 0, "percent_statements_covered": 0.0, "percent_statements_covered_display": "0"}, "missing_lines": [141, 142, 144, 145, 147], "excluded_lines": []}, "MultiAccountService.get_by_username": {"executed_lines": [], "summary": {"covered_lines": 0, "num_statements": 5, "percent_covered": 0.0, "percent_covered_display": "0", "missing_lines": 5, "excluded_lines": 0, "percent_statements_covered": 0.0, "percent_statements_covered_display": "0"}, "missing_lines": [156, 157, 158, 159, 160], "excluded_lines": []}, "MultiAccountService.list": {"executed_lines": [], "summary": {"covered_lines": 0, "num_statements": 9, "percent_covered": 0.0, "percent_covered_display": "0", "missing_lines": 9, "excluded_lines": 0, "percent_statements_covered": 0.0, "percent_statements_covered_display": "0"}, "missing_lines": [164, 165, 166, 168, 169, 170, 171, 174, 176], "excluded_lines": []}, "MultiAccountService.list_by_platform": {"executed_lines": [], "summary": {"covered_lines": 0, "num_statements": 9, "percent_covered": 0.0, "percent_covered_display": "0", "missing_lines": 9, "excluded_lines": 0, "percent_statements_covered": 0.0, "percent_statements_covered_display": "0"}, "missing_lines": [184, 185, 186, 188, 189, 190, 191, 194, 196], "excluded_lines": []}, "MultiAccountService.update": {"executed_lines": [], "summary": {"covered_lines": 0, "num_statements": 22, "percent_covered": 0.0, "percent_covered_display": "0", "missing_lines": 22, "excluded_lines": 0, "percent_statements_covered": 0.0, "percent_statements_covered_display": "0"}, "missing_lines": [205, 206, 208, 209, 211, 213, 214, 215, 216, 217, 218, 219, 220, 221, 222, 223, 224, 226, 227, 229, 231, 232], "excluded_lines": []}, "MultiAccountService.delete": {"executed_lines": [], "summary": {"covered_lines": 0, "num_statements": 11, "percent_covered": 0.0, "percent_covered_display": "0", "missing_lines": 11, "excluded_lines": 0, "percent_statements_covered": 0.0, "percent_statements_covered_display": "0"}, "missing_lines": [236, 237, 238, 240, 241, 243, 245, 246, 248, 249, 251], "excluded_lines": []}, "MultiAccountService.switch": {"executed_lines": [], "summary": {"covered_lines": 0, "num_statements": 8, "percent_covered": 0.0, "percent_covered_display": "0", "missing_lines": 8, "excluded_lines": 0, "percent_statements_covered": 0.0, "percent_statements_covered_display": "0"}, "missing_lines": [259, 260, 261, 264, 265, 271, 272, 274], "excluded_lines": []}, "MultiAccountService.get_active": {"executed_lines": [], "summary": {"covered_lines": 0, "num_statements": 11, "percent_covered": 0.0, "percent_covered_display": "0", "missing_lines": 11, "excluded_lines": 0, "percent_statements_covered": 0.0, "percent_statements_covered_display": "0"}, "missing_lines": [282, 283, 285, 286, 287, 288, 291, 292, 294, 295, 298], "excluded_lines": []}, "MultiAccountService.update_metrics": {"executed_lines": [], "summary": {"covered_lines": 0, "num_statements": 6, "percent_covered": 0.0, "percent_covered_display": "0", "missing_lines": 6, "excluded_lines": 0, "percent_statements_covered": 0.0, "percent_statements_covered_display": "0"}, "missing_lines": [307, 308, 310, 311, 313, 318], "excluded_lines": []}, "MultiAccountService.get_summary": {"executed_lines": [], "summary": {"covered_lines": 0, "num_statements": 14, "percent_covered": 0.0, "percent_covered_display": "0", "missing_lines": 14, "excluded_lines": 0, "percent_statements_covered": 0.0, "percent_statements_covered_display": "0"}, "missing_lines": [322, 324, 325, 327, 328, 329, 330, 336, 337, 338, 339, 340, 342, 344], "excluded_lines": []}, "MultiAccountService._unset_primary": {"executed_lines": [], "summary": {"covered_lines": 0, "num_statements": 5, "percent_covered": 0.0, "percent_covered_display": "0", "missing_lines": 5, "excluded_lines": 0, "percent_statements_covered": 0.0, "percent_statements_covered_display": "0"}, "missing_lines": [353, 354, 355, 356, 357], "excluded_lines": []}, "MultiAccountService._to_account": {"executed_lines": [], "summary": {"covered_lines": 0, "num_statements": 1, "percent_covered": 0.0, "percent_covered_display": "0", "missing_lines": 1, "excluded_lines": 0, "percent_statements_covered": 0.0, "percent_statements_covered_display": "0"}, "missing_lines": [361], "excluded_lines": []}, "list_accounts": {"executed_lines": [], "summary": {"covered_lines": 0, "num_statements": 4, "percent_covered": 0.0, "percent_covered_display": "0", "missing_lines": 4, "excluded_lines": 0, "percent_statements_covered": 0.0, "percent_statements_covered_display": "0"}, "missing_lines": [394, 395, 400, 402], "excluded_lines": []}, "create_account": {"executed_lines": [], "summary": {"covered_lines": 0, "num_statements": 5, "percent_covered": 0.0, "percent_covered_display": "0", "missing_lines": 5, "excluded_lines": 0, "percent_statements_covered": 0.0, "percent_statements_covered_display": "0"}, "missing_lines": [411, 412, 413, 414, 415], "excluded_lines": []}, "get_accounts_summary": {"executed_lines": [], "summary": {"covered_lines": 0, "num_statements": 1, "percent_covered": 0.0, "percent_covered_display": "0", "missing_lines": 1, "excluded_lines": 0, "percent_statements_covered": 0.0, "percent_statements_covered_display": "0"}, "missing_lines": [423], "excluded_lines": []}, "get_active_account": {"executed_lines": [], "summary": {"covered_lines": 0, "num_statements": 4, "percent_covered": 0.0, "percent_covered_display": "0", "missing_lines": 4, "excluded_lines": 0, "percent_statements_covered": 0.0, "percent_statements_covered_display": "0"}, "missing_lines": [432, 436, 437, 438], "excluded_lines": []}, "get_account": {"executed_lines": [], "summary": {"covered_lines": 0, "num_statements": 4, "percent_covered": 0.0, "percent_covered_display": "0", "missing_lines": 4, "excluded_lines": 0, "percent_statements_covered": 0.0, "percent_statements_covered_display": "0"}, "missing_lines": [447, 448, 449, 450], "excluded_lines": []}, "update_account": {"executed_lines": [], "summary": {"covered_lines": 0, "num_statements": 4, "percent_covered": 0.0, "percent_covered_display": "0", "missing_lines": 4, "excluded_lines": 0, "percent_statements_covered": 0.0, "percent_statements_covered_display": "0"}, "missing_lines": [460, 465, 466, 467], "excluded_lines": []}, "delete_account": {"executed_lines": [], "summary": {"covered_lines": 0, "num_statements": 4, "percent_covered": 0.0, "percent_covered_display": "0", "missing_lines": 4, "excluded_lines": 0, "percent_statements_covered": 0.0, "percent_statements_covered_display": "0"}, "missing_lines": [476, 477, 478, 479], "excluded_lines": []}, "switch_account": {"executed_lines": [], "summary": {"covered_lines": 0, "num_statements": 5, "percent_covered": 0.0, "percent_covered_display": "0", "missing_lines": 5, "excluded_lines": 0, "percent_statements_covered": 0.0, "percent_statements_covered_display": "0"}, "missing_lines": [491, 492, 493, 494, 495], "excluded_lines": []}, "set_primary_account": {"executed_lines": [], "summary": {"covered_lines": 0, "num_statements": 4, "percent_covered": 0.0, "percent_covered_display": "0", "missing_lines": 4, "excluded_lines": 0, "percent_statements_covered": 0.0, "percent_statements_covered_display": "0"}, "missing_lines": [504, 509, 510, 511], "excluded_lines": []}, "update_account_metrics": {"executed_lines": [], "summary": {"covered_lines": 0, "num_statements": 4, "percent_covered": 0.0, "percent_covered_display": "0", "missing_lines": 4, "excluded_lines": 0, "percent_statements_covered": 0.0, "percent_statements_covered_display": "0"}, "missing_lines": [521, 526, 527, 528], "excluded_lines": []}, "": {"executed_lines": [1, 6, 7, 8, 9, 10, 11, 12, 14, 15, 17, 20, 21, 22, 23, 26, 27, 28, 29, 30, 33, 34, 35, 36, 37, 38, 39, 40, 41, 44, 45, 46, 47, 48, 49, 50, 51, 54, 55, 56, 57, 58, 59, 60, 61, 62, 63, 64, 65, 66, 67, 68, 69, 72, 73, 74, 77, 78, 79, 80, 81, 82, 83, 86, 87, 89, 91, 139, 149, 162, 178, 198, 234, 253, 276, 300, 320, 351, 359, 379, 384, 385, 405, 406, 418, 419, 426, 427, 441, 442, 453, 454, 470, 471, 482, 483, 498, 499, 514, 515], "summary": {"covered_lines": 93, "num_statements": 93, "percent_covered": 100.0, "percent_covered_display": "100", "missing_lines": 0, "excluded_lines": 0, "percent_statements_covered": 100.0, "percent_statements_covered_display": "100"}, "missing_lines": [], "excluded_lines": []}}, "classes": {"Platform": {"executed_lines": [], "summary": {"covered_lines": 0, "num_statements": 0, "percent_covered": 100.0, "percent_covered_display": "100", "missing_lines": 0, "excluded_lines": 0, "percent_statements_covered": 100.0, "percent_statements_covered_display": "100"}, "missing_lines": [], "excluded_lines": []}, "AccountStatus": {"executed_lines": [], "summary": {"covered_lines": 0, "num_statements": 0, "percent_covered": 100.0, "percent_covered_display": "100", "missing_lines": 0, "excluded_lines": 0, "percent_statements_covered": 100.0, "percent_statements_covered_display": "100"}, "missing_lines": [], "excluded_lines": []}, "AccountCreate": {"executed_lines": [], "summary": {"covered_lines": 0, "num_statements": 0, "percent_covered": 100.0, "percent_covered_display": "100", "missing_lines": 0, "excluded_lines": 0, "percent_statements_covered": 100.0, "percent_statements_covered_display": "100"}, "missing_lines": [], "excluded_lines": []}, "AccountUpdate": {"executed_lines": [], "summary": {"covered_lines": 0, "num_statements": 0, "percent_covered": 100.0, "percent_covered_display": "100", "missing_lines": 0, "excluded_lines": 0, "percent_statements_covered": 100.0, "percent_statements_covered_display": "100"}, "missing_lines": [], "excluded_lines": []}, "Account": {"executed_lines": [], "summary": {"covered_lines": 0, "num_statements": 0, "percent_covered": 100.0, "percent_covered_display": "100", "missing_lines": 0, "excluded_lines": 0, "percent_statements_covered": 100.0, "percent_statements_covered_display": "100"}, "missing_lines": [], "excluded_lines": []}, "AccountSwitch": {"executed_lines": [], "summary": {"covered_lines": 0, "num_statements": 0, "percent_covered": 100.0, "percent_covered_display": "100", "missing_lines": 0, "excluded_lines": 0, "percent_statements_covered": 100.0, "percent_statements_covered_display": "100"}, "missing_lines": [], "excluded_lines": []}, "AccountMetrics": {"executed_lines": [], "summary": {"covered_lines": 0, "num_statements": 0, "percent_covered": 100.0, "percent_covered_display": "100", "missing_lines": 0, "excluded_lines": 0, "percent_statements_covered": 100.0, "percent_statements_covered_display": "100"}, "missing_lines": [], "excluded_lines": []}, "MultiAccountService": {"executed_lines": [], "summary": {"covered_lines": 0, "num_statements": 121, "percent_covered": 0.0, "percent_covered_display": "0", "missing_lines": 121, "excluded_lines": 0, "percent_statements_covered": 0.0, "percent_statements_covered_display": "0"}, "missing_lines": [97, 98, 101, 102, 103, 106, 107, 109, 126, 127, 130, 131, 134, 135, 137, 141, 142, 144, 145, 147, 156, 157, 158, 159, 160, 164, 165, 166, 168, 169, 170, 171, 174, 176, 184, 185, 186, 188, 189, 190, 191, 194, 196, 205, 206, 208, 209, 211, 213, 214, 215, 216, 217, 218, 219, 220, 221, 222, 223, 224, 226, 227, 229, 231, 232, 236, 237, 238, 240, 241, 243, 245, 246, 248, 249, 251, 259, 260, 261, 264, 265, 271, 272, 274, 282, 283, 285, 286, 287, 288, 291, 292, 294, 295, 298, 307, 308, 310, 311, 313, 318, 322, 324, 325, 327, 328, 329, 330, 336, 337, 338, 339, 340, 342, 344, 353, 354, 355, 356, 357, 361], "excluded_lines": []}, "": {"executed_lines": [1, 6, 7, 8, 9, 10, 11, 12, 14, 15, 17, 20, 21, 22, 23, 26, 27, 28, 29, 30, 33, 34, 35, 36, 37, 38, 39, 40, 41, 44, 45, 46, 47, 48, 49, 50, 51, 54, 55, 56, 57, 58, 59, 60, 61, 62, 63, 64, 65, 66, 67, 68, 69, 72, 73, 74, 77, 78, 79, 80, 81, 82, 83, 86, 87, 89, 91, 139, 149, 162, 178, 198, 234, 253, 276, 300, 320, 351, 359, 379, 384, 385, 405, 406, 418, 419, 426, 427, 441, 442, 453, 454, 470, 471, 482, 483, 498, 499, 514, 515], "summary": {"covered_lines": 93, "num_statements": 132, "percent_covered": 70.45454545454545, "percent_covered_display": "70", "missing_lines": 39, "excluded_lines": 0, "percent_statements_covered": 70.45454545454545, "percent_statements_covered_display": "70"}, "missing_lines": [394, 395, 400, 402, 411, 412, 413, 414, 415, 423, 432, 436, 437, 438, 447, 448, 449, 450, 460, 465, 466, 467, 476, 477, 478, 479, 491, 492, 493, 494, 495, 504, 509, 510, 511, 521, 526, 527, 528], "excluded_lines": []}}}, "backend/api/routes/analytics.py": {"executed_lines": [1, 6, 7, 8, 9, 10, 12, 13, 15, 18, 19, 20, 21, 22, 25, 26, 27, 28, 29, 32, 33, 34, 35, 36, 37, 38, 39, 40, 41, 42, 43, 46, 47, 48, 49, 50, 51, 54, 55, 56, 57, 58, 59, 60, 61, 62, 63, 66, 67, 68, 69, 70, 71, 72, 73, 74, 75, 76, 79, 80, 82, 84, 115, 182, 225, 236, 282, 287, 288, 306, 307, 331, 332, 364, 365, 390, 391, 409, 410], "summary": {"covered_lines": 73, "num_statements": 182, "percent_covered": 40.10989010989011, "percent_covered_display": "40", "missing_lines": 109, "excluded_lines": 0, "percent_statements_covered": 40.10989010989011, "percent_statements_covered_display": "40"}, "missing_lines": [92, 93, 103, 104, 107, 108, 109, 110, 111, 113, 122, 125, 126, 127, 128, 130, 131, 132, 134, 135, 136, 137, 138, 140, 147, 148, 149, 151, 154, 155, 156, 159, 160, 161, 162, 165, 168, 170, 190, 191, 192, 193, 194, 196, 197, 198, 199, 200, 201, 202, 203, 204, 205, 207, 208, 209, 213, 234, 243, 244, 245, 247, 248, 249, 250, 251, 252, 253, 254, 257, 258, 259, 261, 262, 263, 264, 265, 266, 267, 268, 270, 271, 272, 273, 275, 299, 313, 314, 315, 317, 318, 324, 337, 338, 340, 341, 342, 343, 345, 346, 347, 354, 361, 375, 387, 396, 397, 402, 417], "excluded_lines": [], "functions": {"AnalyticsService.record_post": {"executed_lines": [], "summary": {"covered_lines": 0, "num_statements": 10, "percent_covered": 0.0, "percent_covered_display": "0", "missing_lines": 10, "excluded_lines": 0, "percent_statements_covered": 0.0, "percent_statements_covered_display": "0"}, "missing_lines": [92, 93, 103, 104, 107, 108, 109, 110, 111, 113], "excluded_lines": []}, "AnalyticsService.get_overview": {"executed_lines": [], "summary": {"covered_lines": 0, "num_statements": 28, "percent_covered": 0.0, "percent_covered_display": "0", "missing_lines": 28, "excluded_lines": 0, "percent_statements_covered": 0.0, "percent_statements_covered_display": "0"}, "missing_lines": [122, 125, 126, 127, 128, 130, 131, 132, 134, 135, 136, 137, 138, 140, 147, 148, 149, 151, 154, 155, 156, 159, 160, 161, 162, 165, 168, 170], "excluded_lines": []}, "AnalyticsService._get_platform_metrics": {"executed_lines": [], "summary": {"covered_lines": 0, "num_statements": 19, "percent_covered": 0.0, "percent_covered_display": "0", "missing_lines": 19, "excluded_lines": 0, "percent_statements_covered": 0.0, "percent_statements_covered_display": "0"}, "missing_lines": [190, 191, 192, 193, 194, 196, 197, 198, 199, 200, 201, 202, 203, 204, 205, 207, 208, 209, 213], "excluded_lines": []}, "AnalyticsService._get_top_content": {"executed_lines": [], "summary": {"covered_lines": 0, "num_statements": 1, "percent_covered": 0.0, "percent_covered_display": "0", "missing_lines": 1, "excluded_lines": 0, "percent_statements_covered": 0.0, "percent_statements_covered_display": "0"}, "missing_lines": [234], "excluded_lines": []}, "AnalyticsService._calculate_growth": {"executed_lines": [], "summary": {"covered_lines": 0, "num_statements": 24, "percent_covered": 0.0, "percent_covered_display": "0", "missing_lines": 24, "excluded_lines": 0, "percent_statements_covered": 0.0, "percent_statements_covered_display": "0"}, "missing_lines": [243, 244, 245, 247, 248, 249, 250, 251, 252, 253, 254, 257, 258, 259, 261, 262, 263, 264, 265, 266, 267, 268, 270, 275], "excluded_lines": []}, "AnalyticsService._calculate_growth.calc_growth": {"executed_lines": [], "summary": {"covered_lines": 0, "num_statements": 3, "percent_covered": 0.0, "percent_covered_display": "0", "missing_lines": 3, "excluded_lines": 0, "percent_statements_covered": 0.0, "percent_statements_covered_display": "0"}, "missing_lines": [271, 272, 273], "excluded_lines": []}, "get_analytics_overview": {"executed_lines": [], "summary": {"covered_lines": 0, "num_statements": 1, "percent_covered": 0.0, "percent_covered_display": "0", "missing_lines": 1, "excluded_lines": 0, "percent_statements_covered": 0.0, "percent_statements_covered_display": "0"}, "missing_lines": [299], "excluded_lines": []}, "get_platform_analytics": {"executed_lines": [], "summary": {"covered_lines": 0, "num_statements": 6, "percent_covered": 0.0, "percent_covered_display": "0", "missing_lines": 6, "excluded_lines": 0, "percent_statements_covered": 0.0, "percent_statements_covered_display": "0"}, "missing_lines": [313, 314, 315, 317, 318, 324], "excluded_lines": []}, "get_daily_stats": {"executed_lines": [], "summary": {"covered_lines": 0, "num_statements": 11, "percent_covered": 0.0, "percent_covered_display": "0", "missing_lines": 11, "excluded_lines": 0, "percent_statements_covered": 0.0, "percent_statements_covered_display": "0"}, "missing_lines": [337, 338, 340, 341, 342, 343, 345, 346, 347, 354, 361], "excluded_lines": []}, "record_metrics": {"executed_lines": [], "summary": {"covered_lines": 0, "num_statements": 2, "percent_covered": 0.0, "percent_covered_display": "0", "missing_lines": 2, "excluded_lines": 0, "percent_statements_covered": 0.0, "percent_statements_covered_display": "0"}, "missing_lines": [375, 387], "excluded_lines": []}, "get_growth_stats": {"executed_lines": [], "summary": {"covered_lines": 0, "num_statements": 3, "percent_covered": 0.0, "percent_covered_display": "0", "missing_lines": 3, "excluded_lines": 0, "percent_statements_covered": 0.0, "percent_statements_covered_display": "0"}, "missing_lines": [396, 397, 402], "excluded_lines": []}, "get_top_posts": {"executed_lines": [], "summary": {"covered_lines": 0, "num_statements": 1, "percent_covered": 0.0, "percent_covered_display": "0", "missing_lines": 1, "excluded_lines": 0, "percent_statements_covered": 0.0, "percent_statements_covered_display": "0"}, "missing_lines": [417], "excluded_lines": []}, "": {"executed_lines": [1, 6, 7, 8, 9, 10, 12, 13, 15, 18, 19, 20, 21, 22, 25, 26, 27, 28, 29, 32, 33, 34, 35, 36, 37, 38, 39, 40, 41, 42, 43, 46, 47, 48, 49, 50, 51, 54, 55, 56, 57, 58, 59, 60, 61, 62, 63, 66, 67, 68, 69, 70, 71, 72, 73, 74, 75, 76, 79, 80, 82, 84, 115, 182, 225, 236, 282, 287, 288, 306, 307, 331, 332, 364, 365, 390, 391, 409, 410], "summary": {"covered_lines": 73, "num_statements": 73, "percent_covered": 100.0, "percent_covered_display": "100", "missing_lines": 0, "excluded_lines": 0, "percent_statements_covered": 100.0, "percent_statements_covered_display": "100"}, "missing_lines": [], "excluded_lines": []}}, "classes": {"Platform": {"executed_lines": [], "summary": {"covered_lines": 0, "num_statements": 0, "percent_covered": 100.0, "percent_covered_display": "100", "missing_lines": 0, "excluded_lines": 0, "percent_statements_covered": 100.0, "percent_statements_covered_display": "100"}, "missing_lines": [], "excluded_lines": []}, "TimeRange": {"executed_lines": [], "summary": {"covered_lines": 0, "num_statements": 0, "percent_covered": 100.0, "percent_covered_display": "100", "missing_lines": 0, "excluded_lines": 0, "percent_statements_covered": 100.0, "percent_statements_covered_display": "100"}, "missing_lines": [], "excluded_lines": []}, "EngagementMetrics": {"executed_lines": [], "summary": {"covered_lines": 0, "num_statements": 0, "percent_covered": 100.0, "percent_covered_display": "100", "missing_lines": 0, "excluded_lines": 0, "percent_statements_covered": 100.0, "percent_statements_covered_display": "100"}, "missing_lines": [], "excluded_lines": []}, "DailyStats": {"executed_lines": [], "summary": {"covered_lines": 0, "num_statements": 0, "percent_covered": 100.0, "percent_covered_display": "100", "missing_lines": 0, "excluded_lines": 0, "percent_statements_covered": 100.0, "percent_statements_covered_display": "100"}, "missing_lines": [], "excluded_lines": []}, "TopContent": {"executed_lines": [], "summary": {"covered_lines": 0, "num_statements": 0, "percent_covered": 100.0, "percent_covered_display": "100", "missing_lines": 0, "excluded_lines": 0, "percent_statements_covered": 100.0, "percent_statements_covered_display": "100"}, "missing_lines": [], "excluded_lines": []}, "AnalyticsOverview": {"executed_lines": [], "summary": {"covered_lines": 0, "num_statements": 0, "percent_covered": 100.0, "percent_covered_display": "100", "missing_lines": 0, "excluded_lines": 0, "percent_statements_covered": 100.0, "percent_statements_covered_display": "100"}, "missing_lines": [], "excluded_lines": []}, "AnalyticsService": {"executed_lines": [], "summary": {"covered_lines": 0, "num_statements": 85, "percent_covered": 0.0, "percent_covered_display": "0", "missing_lines": 85, "excluded_lines": 0, "percent_statements_covered": 0.0, "percent_statements_covered_display": "0"}, "missing_lines": [92, 93, 103, 104, 107, 108, 109, 110, 111, 113, 122, 125, 126, 127, 128, 130, 131, 132, 134, 135, 136, 137, 138, 140, 147, 148, 149, 151, 154, 155, 156, 159, 160, 161, 162, 165, 168, 170, 190, 191, 192, 193, 194, 196, 197, 198, 199, 200, 201, 202, 203, 204, 205, 207, 208, 209, 213, 234, 243, 244, 245, 247, 248, 249, 250, 251, 252, 253, 254, 257, 258, 259, 261, 262, 263, 264, 265, 266, 267, 268, 270, 271, 272, 273, 275], "excluded_lines": []}, "": {"executed_lines": [1, 6, 7, 8, 9, 10, 12, 13, 15, 18, 19, 20, 21, 22, 25, 26, 27, 28, 29, 32, 33, 34, 35, 36, 37, 38, 39, 40, 41, 42, 43, 46, 47, 48, 49, 50, 51, 54, 55, 56, 57, 58, 59, 60, 61, 62, 63, 66, 67, 68, 69, 70, 71, 72, 73, 74, 75, 76, 79, 80, 82, 84, 115, 182, 225, 236, 282, 287, 288, 306, 307, 331, 332, 364, 365, 390, 391, 409, 410], "summary": {"covered_lines": 73, "num_statements": 97, "percent_covered": 75.25773195876289, "percent_covered_display": "75", "missing_lines": 24, "excluded_lines": 0, "percent_statements_covered": 75.25773195876289, "percent_statements_covered_display": "75"}, "missing_lines": [299, 313, 314, 315, 317, 318, 324, 337, 338, 340, 341, 342, 343, 345, 346, 347, 354, 361, 375, 387, 396, 397, 402, 417], "excluded_lines": []}}}, "backend/api/routes/analytics_social.py": {"executed_lines": [1, 7, 8, 9, 10, 12, 13, 19, 20, 27, 28, 29, 32, 33, 34, 35, 36, 37, 38, 39, 46, 47, 96, 97, 156, 157, 179, 180, 207, 208, 233, 234, 265, 266, 292, 293, 324, 325], "summary": {"covered_lines": 37, "num_statements": 101, "percent_covered": 36.633663366336634, "percent_covered_display": "37", "missing_lines": 64, "excluded_lines": 0, "percent_statements_covered": 36.633663366336634, "percent_statements_covered_display": "37"}, "missing_lines": [59, 60, 61, 62, 64, 69, 105, 106, 107, 108, 109, 111, 117, 165, 166, 167, 168, 170, 176, 188, 189, 190, 191, 192, 194, 200, 218, 219, 220, 221, 222, 224, 230, 244, 245, 246, 247, 248, 250, 258, 275, 276, 277, 278, 279, 280, 282, 289, 300, 301, 302, 303, 305, 310, 335, 336, 338, 339, 340, 341, 343, 349, 350, 352], "excluded_lines": [], "functions": {"get_dashboard_overview": {"executed_lines": [], "summary": {"covered_lines": 0, "num_statements": 6, "percent_covered": 0.0, "percent_covered_display": "0", "missing_lines": 6, "excluded_lines": 0, "percent_statements_covered": 0.0, "percent_statements_covered_display": "0"}, "missing_lines": [59, 60, 61, 62, 64, 69], "excluded_lines": []}, "get_platform_analytics": {"executed_lines": [], "summary": {"covered_lines": 0, "num_statements": 7, "percent_covered": 0.0, "percent_covered_display": "0", "missing_lines": 7, "excluded_lines": 0, "percent_statements_covered": 0.0, "percent_statements_covered_display": "0"}, "missing_lines": [105, 106, 107, 108, 109, 111, 117], "excluded_lines": []}, "get_engagement_trend": {"executed_lines": [], "summary": {"covered_lines": 0, "num_statements": 6, "percent_covered": 0.0, "percent_covered_display": "0", "missing_lines": 6, "excluded_lines": 0, "percent_statements_covered": 0.0, "percent_statements_covered_display": "0"}, "missing_lines": [165, 166, 167, 168, 170, 176], "excluded_lines": []}, "get_followers_trend": {"executed_lines": [], "summary": {"covered_lines": 0, "num_statements": 7, "percent_covered": 0.0, "percent_covered_display": "0", "missing_lines": 7, "excluded_lines": 0, "percent_statements_covered": 0.0, "percent_statements_covered_display": "0"}, "missing_lines": [188, 189, 190, 191, 192, 194, 200], "excluded_lines": []}, "get_best_posting_times": {"executed_lines": [], "summary": {"covered_lines": 0, "num_statements": 7, "percent_covered": 0.0, "percent_covered_display": "0", "missing_lines": 7, "excluded_lines": 0, "percent_statements_covered": 0.0, "percent_statements_covered_display": "0"}, "missing_lines": [218, 219, 220, 221, 222, 224, 230], "excluded_lines": []}, "get_top_posts": {"executed_lines": [], "summary": {"covered_lines": 0, "num_statements": 7, "percent_covered": 0.0, "percent_covered_display": "0", "missing_lines": 7, "excluded_lines": 0, "percent_statements_covered": 0.0, "percent_statements_covered_display": "0"}, "missing_lines": [244, 245, 246, 247, 248, 250, 258], "excluded_lines": []}, "compare_periods": {"executed_lines": [], "summary": {"covered_lines": 0, "num_statements": 8, "percent_covered": 0.0, "percent_covered_display": "0", "missing_lines": 8, "excluded_lines": 0, "percent_statements_covered": 0.0, "percent_statements_covered_display": "0"}, "missing_lines": [275, 276, 277, 278, 279, 280, 282, 289], "excluded_lines": []}, "get_scheduler_stats": {"executed_lines": [], "summary": {"covered_lines": 0, "num_statements": 6, "percent_covered": 0.0, "percent_covered_display": "0", "missing_lines": 6, "excluded_lines": 0, "percent_statements_covered": 0.0, "percent_statements_covered_display": "0"}, "missing_lines": [300, 301, 302, 303, 305, 310], "excluded_lines": []}, "export_report": {"executed_lines": [], "summary": {"covered_lines": 0, "num_statements": 10, "percent_covered": 0.0, "percent_covered_display": "0", "missing_lines": 10, "excluded_lines": 0, "percent_statements_covered": 0.0, "percent_statements_covered_display": "0"}, "missing_lines": [335, 336, 338, 339, 340, 341, 343, 349, 350, 352], "excluded_lines": []}, "": {"executed_lines": [1, 7, 8, 9, 10, 12, 13, 19, 20, 27, 28, 29, 32, 33, 34, 35, 36, 37, 38, 39, 46, 47, 96, 97, 156, 157, 179, 180, 207, 208, 233, 234, 265, 266, 292, 293, 324, 325], "summary": {"covered_lines": 37, "num_statements": 37, "percent_covered": 100.0, "percent_covered_display": "100", "missing_lines": 0, "excluded_lines": 0, "percent_statements_covered": 100.0, "percent_statements_covered_display": "100"}, "missing_lines": [], "excluded_lines": []}}, "classes": {"DateRangeRequest": {"executed_lines": [], "summary": {"covered_lines": 0, "num_statements": 0, "percent_covered": 100.0, "percent_covered_display": "100", "missing_lines": 0, "excluded_lines": 0, "percent_statements_covered": 100.0, "percent_statements_covered_display": "100"}, "missing_lines": [], "excluded_lines": []}, "OverviewResponse": {"executed_lines": [], "summary": {"covered_lines": 0, "num_statements": 0, "percent_covered": 100.0, "percent_covered_display": "100", "missing_lines": 0, "excluded_lines": 0, "percent_statements_covered": 100.0, "percent_statements_covered_display": "100"}, "missing_lines": [], "excluded_lines": []}, "": {"executed_lines": [1, 7, 8, 9, 10, 12, 13, 19, 20, 27, 28, 29, 32, 33, 34, 35, 36, 37, 38, 39, 46, 47, 96, 97, 156, 157, 179, 180, 207, 208, 233, 234, 265, 266, 292, 293, 324, 325], "summary": {"covered_lines": 37, "num_statements": 101, "percent_covered": 36.633663366336634, "percent_covered_display": "37", "missing_lines": 64, "excluded_lines": 0, "percent_statements_covered": 36.633663366336634, "percent_statements_covered_display": "37"}, "missing_lines": [59, 60, 61, 62, 64, 69, 105, 106, 107, 108, 109, 111, 117, 165, 166, 167, 168, 170, 176, 188, 189, 190, 191, 192, 194, 200, 218, 219, 220, 221, 222, 224, 230, 244, 245, 246, 247, 248, 250, 258, 275, 276, 277, 278, 279, 280, 282, 289, 300, 301, 302, 303, 305, 310, 335, 336, 338, 339, 340, 341, 343, 349, 350, 352], "excluded_lines": []}}}, "backend/api/routes/api_docs.py": {"executed_lines": [1, 6, 7, 8, 9, 11, 14, 15, 16, 17, 18, 19, 22, 23, 24, 25, 26, 27, 28, 29, 30, 31, 32, 33, 34, 37, 38, 39, 40, 41, 42, 43, 47, 447, 448, 462, 463, 477, 478, 497, 498, 535, 675, 676], "summary": {"covered_lines": 40, "num_statements": 58, "percent_covered": 68.96551724137932, "percent_covered_display": "69", "missing_lines": 18, "excluded_lines": 0, "percent_statements_covered": 68.96551724137932, "percent_statements_covered_display": "69"}, "missing_lines": [450, 451, 452, 459, 465, 466, 467, 474, 480, 481, 483, 484, 485, 488, 494, 500, 502, 678], "excluded_lines": [], "functions": {"get_api_categories": {"executed_lines": [], "summary": {"covered_lines": 0, "num_statements": 4, "percent_covered": 0.0, "percent_covered_display": "0", "missing_lines": 4, "excluded_lines": 0, "percent_statements_covered": 0.0, "percent_statements_covered_display": "0"}, "missing_lines": [450, 451, 452, 459], "excluded_lines": []}, "get_category_endpoints": {"executed_lines": [], "summary": {"covered_lines": 0, "num_statements": 4, "percent_covered": 0.0, "percent_covered_display": "0", "missing_lines": 4, "excluded_lines": 0, "percent_statements_covered": 0.0, "percent_statements_covered_display": "0"}, "missing_lines": [465, 466, 467, 474], "excluded_lines": []}, "search_endpoints": {"executed_lines": [], "summary": {"covered_lines": 0, "num_statements": 7, "percent_covered": 0.0, "percent_covered_display": "0", "missing_lines": 7, "excluded_lines": 0, "percent_statements_covered": 0.0, "percent_statements_covered_display": "0"}, "missing_lines": [480, 481, 483, 484, 485, 488, 494], "excluded_lines": []}, "get_api_overview": {"executed_lines": [], "summary": {"covered_lines": 0, "num_statements": 2, "percent_covered": 0.0, "percent_covered_display": "0", "missing_lines": 2, "excluded_lines": 0, "percent_statements_covered": 0.0, "percent_statements_covered_display": "0"}, "missing_lines": [500, 502], "excluded_lines": []}, "get_interactive_docs": {"executed_lines": [], "summary": {"covered_lines": 0, "num_statements": 1, "percent_covered": 0.0, "percent_covered_display": "0", "missing_lines": 1, "excluded_lines": 0, "percent_statements_covered": 0.0, "percent_statements_covered_display": "0"}, "missing_lines": [678], "excluded_lines": []}, "": {"executed_lines": [1, 6, 7, 8, 9, 11, 14, 15, 16, 17, 18, 19, 22, 23, 24, 25, 26, 27, 28, 29, 30, 31, 32, 33, 34, 37, 38, 39, 40, 41, 42, 43, 47, 447, 448, 462, 463, 477, 478, 497, 498, 535, 675, 676], "summary": {"covered_lines": 40, "num_statements": 40, "percent_covered": 100.0, "percent_covered_display": "100", "missing_lines": 0, "excluded_lines": 0, "percent_statements_covered": 100.0, "percent_statements_covered_display": "100"}, "missing_lines": [], "excluded_lines": []}}, "classes": {"EndpointExample": {"executed_lines": [], "summary": {"covered_lines": 0, "num_statements": 0, "percent_covered": 100.0, "percent_covered_display": "100", "missing_lines": 0, "excluded_lines": 0, "percent_statements_covered": 100.0, "percent_statements_covered_display": "100"}, "missing_lines": [], "excluded_lines": []}, "EndpointDoc": {"executed_lines": [], "summary": {"covered_lines": 0, "num_statements": 0, "percent_covered": 100.0, "percent_covered_display": "100", "missing_lines": 0, "excluded_lines": 0, "percent_statements_covered": 100.0, "percent_statements_covered_display": "100"}, "missing_lines": [], "excluded_lines": []}, "APICategory": {"executed_lines": [], "summary": {"covered_lines": 0, "num_statements": 0, "percent_covered": 100.0, "percent_covered_display": "100", "missing_lines": 0, "excluded_lines": 0, "percent_statements_covered": 100.0, "percent_statements_covered_display": "100"}, "missing_lines": [], "excluded_lines": []}, "": {"executed_lines": [1, 6, 7, 8, 9, 11, 14, 15, 16, 17, 18, 19, 22, 23, 24, 25, 26, 27, 28, 29, 30, 31, 32, 33, 34, 37, 38, 39, 40, 41, 42, 43, 47, 447, 448, 462, 463, 477, 478, 497, 498, 535, 675, 676], "summary": {"covered_lines": 40, "num_statements": 58, "percent_covered": 68.96551724137932, "percent_covered_display": "69", "missing_lines": 18, "excluded_lines": 0, "percent_statements_covered": 68.96551724137932, "percent_statements_covered_display": "69"}, "missing_lines": [450, 451, 452, 459, 465, 466, 467, 474, 480, 481, 483, 484, 485, 488, 494, 500, 502, 678], "excluded_lines": []}}}, "backend/api/routes/auth.py": {"executed_lines": [1, 6, 8, 9, 10, 11, 13, 14, 17, 18, 19, 22, 23, 26, 27, 28, 29, 30, 33, 34, 35, 36, 37, 38, 41, 42, 43, 44, 45, 48, 49, 50, 53, 54, 91, 92, 114, 115, 166, 167, 172, 173], "summary": {"covered_lines": 37, "num_statements": 68, "percent_covered": 54.411764705882355, "percent_covered_display": "54", "missing_lines": 31, "excluded_lines": 0, "percent_statements_covered": 54.411764705882355, "percent_statements_covered_display": "54"}, "missing_lines": [59, 61, 62, 63, 69, 70, 76, 77, 79, 94, 97, 98, 99, 105, 111, 120, 122, 123, 128, 131, 132, 137, 138, 139, 145, 146, 148, 159, 160, 169, 179], "excluded_lines": [], "functions": {"login": {"executed_lines": [], "summary": {"covered_lines": 0, "num_statements": 9, "percent_covered": 0.0, "percent_covered_display": "0", "missing_lines": 9, "excluded_lines": 0, "percent_statements_covered": 0.0, "percent_statements_covered_display": "0"}, "missing_lines": [59, 61, 62, 63, 69, 70, 76, 77, 79], "excluded_lines": []}, "register": {"executed_lines": [], "summary": {"covered_lines": 0, "num_statements": 6, "percent_covered": 0.0, "percent_covered_display": "0", "missing_lines": 6, "excluded_lines": 0, "percent_statements_covered": 0.0, "percent_statements_covered_display": "0"}, "missing_lines": [94, 97, 98, 99, 105, 111], "excluded_lines": []}, "refresh_token": {"executed_lines": [], "summary": {"covered_lines": 0, "num_statements": 14, "percent_covered": 0.0, "percent_covered_display": "0", "missing_lines": 14, "excluded_lines": 0, "percent_statements_covered": 0.0, "percent_statements_covered_display": "0"}, "missing_lines": [120, 122, 123, 128, 131, 132, 137, 138, 139, 145, 146, 148, 159, 160], "excluded_lines": []}, "get_current_user_info": {"executed_lines": [], "summary": {"covered_lines": 0, "num_statements": 1, "percent_covered": 0.0, "percent_covered_display": "0", "missing_lines": 1, "excluded_lines": 0, "percent_statements_covered": 0.0, "percent_statements_covered_display": "0"}, "missing_lines": [169], "excluded_lines": []}, "logout": {"executed_lines": [], "summary": {"covered_lines": 0, "num_statements": 1, "percent_covered": 0.0, "percent_covered_display": "0", "missing_lines": 1, "excluded_lines": 0, "percent_statements_covered": 0.0, "percent_statements_covered_display": "0"}, "missing_lines": [179], "excluded_lines": []}, "": {"executed_lines": [1, 6, 8, 9, 10, 11, 13, 14, 17, 18, 19, 22, 23, 26, 27, 28, 29, 30, 33, 34, 35, 36, 37, 38, 41, 42, 43, 44, 45, 48, 49, 50, 53, 54, 91, 92, 114, 115, 166, 167, 172, 173], "summary": {"covered_lines": 37, "num_statements": 37, "percent_covered": 100.0, "percent_covered_display": "100", "missing_lines": 0, "excluded_lines": 0, "percent_statements_covered": 100.0, "percent_statements_covered_display": "100"}, "missing_lines": [], "excluded_lines": []}}, "classes": {"LoginRequest": {"executed_lines": [], "summary": {"covered_lines": 0, "num_statements": 0, "percent_covered": 100.0, "percent_covered_display": "100", "missing_lines": 0, "excluded_lines": 0, "percent_statements_covered": 100.0, "percent_statements_covered_display": "100"}, "missing_lines": [], "excluded_lines": []}, "LoginResponse": {"executed_lines": [], "summary": {"covered_lines": 0, "num_statements": 0, "percent_covered": 100.0, "percent_covered_display": "100", "missing_lines": 0, "excluded_lines": 0, "percent_statements_covered": 100.0, "percent_statements_covered_display": "100"}, "missing_lines": [], "excluded_lines": []}, "RegisterRequest": {"executed_lines": [], "summary": {"covered_lines": 0, "num_statements": 0, "percent_covered": 100.0, "percent_covered_display": "100", "missing_lines": 0, "excluded_lines": 0, "percent_statements_covered": 100.0, "percent_statements_covered_display": "100"}, "missing_lines": [], "excluded_lines": []}, "RefreshRequest": {"executed_lines": [], "summary": {"covered_lines": 0, "num_statements": 0, "percent_covered": 100.0, "percent_covered_display": "100", "missing_lines": 0, "excluded_lines": 0, "percent_statements_covered": 100.0, "percent_statements_covered_display": "100"}, "missing_lines": [], "excluded_lines": []}, "": {"executed_lines": [1, 6, 8, 9, 10, 11, 13, 14, 17, 18, 19, 22, 23, 26, 27, 28, 29, 30, 33, 34, 35, 36, 37, 38, 41, 42, 43, 44, 45, 48, 49, 50, 53, 54, 91, 92, 114, 115, 166, 167, 172, 173], "summary": {"covered_lines": 37, "num_statements": 68, "percent_covered": 54.411764705882355, "percent_covered_display": "54", "missing_lines": 31, "excluded_lines": 0, "percent_statements_covered": 54.411764705882355, "percent_statements_covered_display": "54"}, "missing_lines": [59, 61, 62, 63, 69, 70, 76, 77, 79, 94, 97, 98, 99, 105, 111, 120, 122, 123, 128, 131, 132, 137, 138, 139, 145, 146, 148, 159, 160, 169, 179], "excluded_lines": []}}}, "backend/api/routes/automation.py": {"executed_lines": [1, 7, 8, 9, 10, 12, 13, 15, 16, 23, 24, 25, 28, 29, 30, 37, 38, 66, 67, 89, 90, 105, 106, 125, 126, 152, 153, 176, 177, 220, 221, 241, 242, 266, 267, 298, 299, 328, 329], "summary": {"covered_lines": 38, "num_statements": 94, "percent_covered": 40.42553191489362, "percent_covered_display": "40", "missing_lines": 56, "excluded_lines": 0, "percent_statements_covered": 40.42553191489362, "percent_statements_covered_display": "40"}, "missing_lines": [46, 47, 49, 62, 63, 74, 76, 77, 79, 97, 99, 100, 102, 113, 115, 116, 118, 134, 135, 140, 148, 149, 160, 161, 166, 168, 169, 186, 187, 188, 189, 191, 192, 198, 212, 213, 225, 246, 248, 249, 251, 277, 278, 291, 293, 295, 309, 310, 322, 324, 325, 338, 339, 350, 352, 353], "excluded_lines": [], "functions": {"list_workflows": {"executed_lines": [], "summary": {"covered_lines": 0, "num_statements": 5, "percent_covered": 0.0, "percent_covered_display": "0", "missing_lines": 5, "excluded_lines": 0, "percent_statements_covered": 0.0, "percent_statements_covered_display": "0"}, "missing_lines": [46, 47, 49, 62, 63], "excluded_lines": []}, "get_workflow": {"executed_lines": [], "summary": {"covered_lines": 0, "num_statements": 4, "percent_covered": 0.0, "percent_covered_display": "0", "missing_lines": 4, "excluded_lines": 0, "percent_statements_covered": 0.0, "percent_statements_covered_display": "0"}, "missing_lines": [74, 76, 77, 79], "excluded_lines": []}, "activate_workflow": {"executed_lines": [], "summary": {"covered_lines": 0, "num_statements": 4, "percent_covered": 0.0, "percent_covered_display": "0", "missing_lines": 4, "excluded_lines": 0, "percent_statements_covered": 0.0, "percent_statements_covered_display": "0"}, "missing_lines": [97, 99, 100, 102], "excluded_lines": []}, "deactivate_workflow": {"executed_lines": [], "summary": {"covered_lines": 0, "num_statements": 4, "percent_covered": 0.0, "percent_covered_display": "0", "missing_lines": 4, "excluded_lines": 0, "percent_statements_covered": 0.0, "percent_statements_covered_display": "0"}, "missing_lines": [113, 115, 116, 118], "excluded_lines": []}, "execute_workflow": {"executed_lines": [], "summary": {"covered_lines": 0, "num_statements": 5, "percent_covered": 0.0, "percent_covered_display": "0", "missing_lines": 5, "excluded_lines": 0, "percent_statements_covered": 0.0, "percent_statements_covered_display": "0"}, "missing_lines": [134, 135, 140, 148, 149], "excluded_lines": []}, "trigger_webhook": {"executed_lines": [], "summary": {"covered_lines": 0, "num_statements": 5, "percent_covered": 0.0, "percent_covered_display": "0", "missing_lines": 5, "excluded_lines": 0, "percent_statements_covered": 0.0, "percent_statements_covered_display": "0"}, "missing_lines": [160, 161, 166, 168, 169], "excluded_lines": []}, "list_executions": {"executed_lines": [], "summary": {"covered_lines": 0, "num_statements": 9, "percent_covered": 0.0, "percent_covered_display": "0", "missing_lines": 9, "excluded_lines": 0, "percent_statements_covered": 0.0, "percent_statements_covered_display": "0"}, "missing_lines": [186, 187, 188, 189, 191, 192, 198, 212, 213], "excluded_lines": []}, "list_workflow_templates": {"executed_lines": [], "summary": {"covered_lines": 0, "num_statements": 1, "percent_covered": 0.0, "percent_covered_display": "0", "missing_lines": 1, "excluded_lines": 0, "percent_statements_covered": 0.0, "percent_statements_covered_display": "0"}, "missing_lines": [225], "excluded_lines": []}, "get_workflow_template": {"executed_lines": [], "summary": {"covered_lines": 0, "num_statements": 4, "percent_covered": 0.0, "percent_covered_display": "0", "missing_lines": 4, "excluded_lines": 0, "percent_statements_covered": 0.0, "percent_statements_covered_display": "0"}, "missing_lines": [246, 248, 249, 251], "excluded_lines": []}, "trigger_price_drop_alert": {"executed_lines": [], "summary": {"covered_lines": 0, "num_statements": 5, "percent_covered": 0.0, "percent_covered_display": "0", "missing_lines": 5, "excluded_lines": 0, "percent_statements_covered": 0.0, "percent_statements_covered_display": "0"}, "missing_lines": [277, 278, 291, 293, 295], "excluded_lines": []}, "trigger_new_lead": {"executed_lines": [], "summary": {"covered_lines": 0, "num_statements": 5, "percent_covered": 0.0, "percent_covered_display": "0", "missing_lines": 5, "excluded_lines": 0, "percent_statements_covered": 0.0, "percent_statements_covered_display": "0"}, "missing_lines": [309, 310, 322, 324, 325], "excluded_lines": []}, "trigger_post_published": {"executed_lines": [], "summary": {"covered_lines": 0, "num_statements": 5, "percent_covered": 0.0, "percent_covered_display": "0", "missing_lines": 5, "excluded_lines": 0, "percent_statements_covered": 0.0, "percent_statements_covered_display": "0"}, "missing_lines": [338, 339, 350, 352, 353], "excluded_lines": []}, "": {"executed_lines": [1, 7, 8, 9, 10, 12, 13, 15, 16, 23, 24, 25, 28, 29, 30, 37, 38, 66, 67, 89, 90, 105, 106, 125, 126, 152, 153, 176, 177, 220, 221, 241, 242, 266, 267, 298, 299, 328, 329], "summary": {"covered_lines": 38, "num_statements": 38, "percent_covered": 100.0, "percent_covered_display": "100", "missing_lines": 0, "excluded_lines": 0, "percent_statements_covered": 100.0, "percent_statements_covered_disp
[...]
cuted_lines": [], "summary": {"covered_lines": 0, "num_statements": 2, "percent_covered": 0.0, "percent_covered_display": "0", "missing_lines": 2, "excluded_lines": 0, "percent_statements_covered": 0.0, "percent_statements_covered_display": "0"}, "missing_lines": [366, 367], "excluded_lines": []}, "": {"executed_lines": [1, 6, 7, 8, 10, 12, 15, 16, 18, 19, 20, 22, 27, 48, 60, 61, 68, 73, 85, 90, 95, 102, 106, 109, 114, 119, 126, 127, 136, 137, 139, 142, 146, 151, 161, 166, 171, 176, 181, 186, 191, 198, 213, 233, 234, 236, 239, 244, 254, 259, 264, 270, 271, 273, 278, 307, 327, 331, 335, 336, 338, 341, 347, 352, 357, 364], "summary": {"covered_lines": 60, "num_statements": 60, "percent_covered": 100.0, "percent_covered_display": "100", "missing_lines": 0, "excluded_lines": 0, "percent_statements_covered": 100.0, "percent_statements_covered_display": "100"}, "missing_lines": [], "excluded_lines": []}}, "classes": {"RedisManager": {"executed_lines": [23, 24, 25], "summary": {"covered_lines": 3, "num_statements": 34, "percent_covered": 8.823529411764707, "percent_covered_display": "9", "missing_lines": 31, "excluded_lines": 0, "percent_statements_covered": 8.823529411764707, "percent_statements_covered_display": "9"}, "missing_lines": [29, 30, 32, 38, 41, 42, 43, 44, 45, 46, 50, 51, 52, 54, 55, 56, 58, 63, 64, 65, 70, 71, 81, 82, 83, 87, 88, 92, 93, 97, 98], "excluded_lines": []}, "RedisCache": {"executed_lines": [], "summary": {"covered_lines": 0, "num_statements": 39, "percent_covered": 0.0, "percent_covered_display": "0", "missing_lines": 39, "excluded_lines": 0, "percent_statements_covered": 0.0, "percent_statements_covered_display": "0"}, "missing_lines": [140, 144, 148, 149, 158, 159, 163, 164, 168, 169, 173, 174, 178, 179, 183, 184, 188, 189, 193, 194, 195, 196, 204, 206, 207, 208, 210, 211, 215, 217, 218, 219, 221, 222, 224, 225, 227, 228, 230], "excluded_lines": []}, "RedisQueue": {"executed_lines": [], "summary": {"covered_lines": 0, "num_statements": 14, "percent_covered": 0.0, "percent_covered_display": "0", "missing_lines": 14, "excluded_lines": 0, "percent_statements_covered": 0.0, "percent_statements_covered_display": "0"}, "missing_lines": [237, 241, 242, 246, 248, 249, 250, 252, 256, 257, 261, 262, 266, 267], "excluded_lines": []}, "RedisLock": {"executed_lines": [], "summary": {"covered_lines": 0, "num_statements": 24, "percent_covered": 0.0, "percent_covered_display": "0", "missing_lines": 24, "excluded_lines": 0, "percent_statements_covered": 0.0, "percent_statements_covered_display": "0"}, "missing_lines": [274, 275, 276, 280, 282, 283, 285, 286, 288, 289, 295, 296, 298, 300, 309, 310, 312, 315, 323, 324, 325, 328, 329, 332], "excluded_lines": []}, "RedisPubSub": {"executed_lines": [], "summary": {"covered_lines": 0, "num_statements": 14, "percent_covered": 0.0, "percent_covered_display": "0", "missing_lines": 14, "excluded_lines": 0, "percent_statements_covered": 0.0, "percent_statements_covered_display": "0"}, "missing_lines": [339, 343, 344, 345, 349, 350, 354, 355, 359, 360, 361, 362, 366, 367], "excluded_lines": []}, "": {"executed_lines": [1, 6, 7, 8, 10, 12, 15, 16, 18, 19, 20, 22, 27, 48, 60, 61, 68, 73, 85, 90, 95, 102, 106, 109, 114, 119, 126, 127, 136, 137, 139, 142, 146, 151, 161, 166, 171, 176, 181, 186, 191, 198, 213, 233, 234, 236, 239, 244, 254, 259, 264, 270, 271, 273, 278, 307, 327, 331, 335, 336, 338, 341, 347, 352, 357, 364], "summary": {"covered_lines": 60, "num_statements": 69, "percent_covered": 86.95652173913044, "percent_covered_display": "87", "missing_lines": 9, "excluded_lines": 0, "percent_statements_covered": 86.95652173913044, "percent_statements_covered_display": "87"}, "missing_lines": [111, 116, 121, 122, 123, 129, 130, 131, 133], "excluded_lines": []}}}, "backend/shared/sentry.py": {"executed_lines": [1, 6, 7, 8, 9, 10, 11, 12, 13, 14, 16, 18, 21, 22, 24, 25, 26, 27, 29, 31, 36, 42, 44, 45, 49, 50, 54, 61, 65, 69, 70, 108, 109, 110, 116, 164, 185, 212, 239, 265, 271, 277, 303, 325, 333, 334, 337, 370, 377], "summary": {"covered_lines": 47, "num_statements": 139, "percent_covered": 33.81294964028777, "percent_covered_display": "34", "missing_lines": 92, "excluded_lines": 1, "percent_statements_covered": 33.81294964028777, "percent_statements_covered_display": "34"}, "missing_lines": [37, 47, 52, 62, 63, 66, 67, 112, 113, 114, 122, 123, 126, 127, 130, 131, 135, 136, 137, 140, 141, 146, 147, 148, 149, 150, 153, 154, 156, 157, 162, 173, 176, 177, 180, 181, 183, 200, 201, 202, 204, 205, 206, 208, 209, 210, 229, 230, 232, 233, 234, 236, 237, 253, 254, 256, 259, 260, 262, 263, 267, 268, 269, 273, 274, 275, 293, 294, 296, 318, 320, 321, 323, 346, 347, 348, 349, 350, 352, 353, 355, 356, 357, 358, 360, 361, 363, 364, 365, 367, 372, 373], "excluded_lines": [338], "functions": {"SentryService.__init__": {"executed_lines": [25, 26, 27], "summary": {"covered_lines": 3, "num_statements": 3, "percent_covered": 100.0, "percent_covered_display": "100", "missing_lines": 0, "excluded_lines": 0, "percent_statements_covered": 100.0, "percent_statements_covered_display": "100"}, "missing_lines": [], "excluded_lines": []}, "SentryService._check_configuration": {"executed_lines": [31, 36, 42], "summary": {"covered_lines": 3, "num_statements": 4, "percent_covered": 75.0, "percent_covered_display": "75", "missing_lines": 1, "excluded_lines": 0, "percent_statements_covered": 75.0, "percent_statements_covered_display": "75"}, "missing_lines": [37], "excluded_lines": []}, "SentryService.is_configured": {"executed_lines": [], "summary": {"covered_lines": 0, "num_statements": 1, "percent_covered": 0.0, "percent_covered_display": "0", "missing_lines": 1, "excluded_lines": 0, "percent_statements_covered": 0.0, "percent_statements_covered_display": "0"}, "missing_lines": [47], "excluded_lines": []}, "SentryService.is_initialized": {"executed_lines": [], "summary": {"covered_lines": 0, "num_statements": 1, "percent_covered": 0.0, "percent_covered_display": "0", "missing_lines": 1, "excluded_lines": 0, "percent_statements_covered": 0.0, "percent_statements_covered_display": "0"}, "missing_lines": [52], "excluded_lines": []}, "SentryService.init": {"executed_lines": [61, 65, 69, 70, 108, 109, 110], "summary": {"covered_lines": 7, "num_statements": 14, "percent_covered": 50.0, "percent_covered_display": "50", "missing_lines": 7, "excluded_lines": 0, "percent_statements_covered": 50.0, "percent_statements_covered_display": "50"}, "missing_lines": [62, 63, 66, 67, 112, 113, 114], "excluded_lines": []}, "SentryService._before_send": {"executed_lines": [], "summary": {"covered_lines": 0, "num_statements": 21, "percent_covered": 0.0, "percent_covered_display": "0", "missing_lines": 21, "excluded_lines": 0, "percent_statements_covered": 0.0, "percent_statements_covered_display": "0"}, "missing_lines": [122, 123, 126, 127, 130, 131, 135, 136, 137, 140, 141, 146, 147, 148, 149, 150, 153, 154, 156, 157, 162], "excluded_lines": []}, "SentryService._before_send_transaction": {"executed_lines": [], "summary": {"covered_lines": 0, "num_statements": 6, "percent_covered": 0.0, "percent_covered_display": "0", "missing_lines": 6, "excluded_lines": 0, "percent_statements_covered": 0.0, "percent_statements_covered_display": "0"}, "missing_lines": [173, 176, 177, 180, 181, 183], "excluded_lines": []}, "SentryService.capture_exception": {"executed_lines": [], "summary": {"covered_lines": 0, "num_statements": 9, "percent_covered": 0.0, "percent_covered_display": "0", "missing_lines": 9, "excluded_lines": 0, "percent_statements_covered": 0.0, "percent_statements_covered_display": "0"}, "missing_lines": [200, 201, 202, 204, 205, 206, 208, 209, 210], "excluded_lines": []}, "SentryService.capture_message": {"executed_lines": [], "summary": {"covered_lines": 0, "num_statements": 7, "percent_covered": 0.0, "percent_covered_display": "0", "missing_lines": 7, "excluded_lines": 0, "percent_statements_covered": 0.0, "percent_statements_covered_display": "0"}, "missing_lines": [229, 230, 232, 233, 234, 236, 237], "excluded_lines": []}, "SentryService.set_user": {"executed_lines": [], "summary": {"covered_lines": 0, "num_statements": 7, "percent_covered": 0.0, "percent_covered_display": "0", "missing_lines": 7, "excluded_lines": 0, "percent_statements_covered": 0.0, "percent_statements_covered_display": "0"}, "missing_lines": [253, 254, 256, 259, 260, 262, 263], "excluded_lines": []}, "SentryService.set_tag": {"executed_lines": [], "summary": {"covered_lines": 0, "num_statements": 3, "percent_covered": 0.0, "percent_covered_display": "0", "missing_lines": 3, "excluded_lines": 0, "percent_statements_covered": 0.0, "percent_statements_covered_display": "0"}, "missing_lines": [267, 268, 269], "excluded_lines": []}, "SentryService.set_context": {"executed_lines": [], "summary": {"covered_lines": 0, "num_statements": 3, "percent_covered": 0.0, "percent_covered_display": "0", "missing_lines": 3, "excluded_lines": 0, "percent_statements_covered": 0.0, "percent_statements_covered_display": "0"}, "missing_lines": [273, 274, 275], "excluded_lines": []}, "SentryService.add_breadcrumb": {"executed_lines": [], "summary": {"covered_lines": 0, "num_statements": 3, "percent_covered": 0.0, "percent_covered_display": "0", "missing_lines": 3, "excluded_lines": 0, "percent_statements_covered": 0.0, "percent_statements_covered_display": "0"}, "missing_lines": [293, 294, 296], "excluded_lines": []}, "SentryService.start_transaction": {"executed_lines": [], "summary": {"covered_lines": 0, "num_statements": 4, "percent_covered": 0.0, "percent_covered_display": "0", "missing_lines": 4, "excluded_lines": 0, "percent_statements_covered": 0.0, "percent_statements_covered_display": "0"}, "missing_lines": [318, 320, 321, 323], "excluded_lines": []}, "SentryService.flush": {"executed_lines": [333, 334], "summary": {"covered_lines": 2, "num_statements": 2, "percent_covered": 100.0, "percent_covered_display": "100", "missing_lines": 0, "excluded_lines": 0, "percent_statements_covered": 100.0, "percent_statements_covered_display": "100"}, "missing_lines": [], "excluded_lines": []}, "sentry_trace": {"executed_lines": [], "summary": {"covered_lines": 0, "num_statements": 3, "percent_covered": 0.0, "percent_covered_display": "0", "missing_lines": 3, "excluded_lines": 1, "percent_statements_covered": 0.0, "percent_statements_covered_display": "0"}, "missing_lines": [346, 347, 367], "excluded_lines": [338]}, "sentry_trace.decorator": {"executed_lines": [], "summary": {"covered_lines": 0, "num_statements": 6, "percent_covered": 0.0, "percent_covered_display": "0", "missing_lines": 6, "excluded_lines": 0, "percent_statements_covered": 0.0, "percent_statements_covered_display": "0"}, "missing_lines": [348, 355, 356, 363, 364, 365], "excluded_lines": []}, "sentry_trace.decorator.async_wrapper": {"executed_lines": [], "summary": {"covered_lines": 0, "num_statements": 4, "percent_covered": 0.0, "percent_covered_display": "0", "missing_lines": 4, "excluded_lines": 0, "percent_statements_covered": 0.0, "percent_statements_covered_display": "0"}, "missing_lines": [349, 350, 352, 353], "excluded_lines": []}, "sentry_trace.decorator.sync_wrapper": {"executed_lines": [], "summary": {"covered_lines": 0, "num_statements": 4, "percent_covered": 0.0, "percent_covered_display": "0", "missing_lines": 4, "excluded_lines": 0, "percent_statements_covered": 0.0, "percent_statements_covered_display": "0"}, "missing_lines": [357, 358, 360, 361], "excluded_lines": []}, "asyncio_is_async": {"executed_lines": [], "summary": {"covered_lines": 0, "num_statements": 2, "percent_covered": 0.0, "percent_covered_display": "0", "missing_lines": 2, "excluded_lines": 0, "percent_statements_covered": 0.0, "percent_statements_covered_display": "0"}, "missing_lines": [372, 373], "excluded_lines": []}, "": {"executed_lines": [1, 6, 7, 8, 9, 10, 11, 12, 13, 14, 16, 18, 21, 22, 24, 29, 44, 45, 49, 50, 54, 116, 164, 185, 212, 239, 265, 271, 277, 303, 325, 337, 370, 377], "summary": {"covered_lines": 32, "num_statements": 32, "percent_covered": 100.0, "percent_covered_display": "100", "missing_lines": 0, "excluded_lines": 0, "percent_statements_covered": 100.0, "percent_statements_covered_display": "100"}, "missing_lines": [], "excluded_lines": []}}, "classes": {"SentryService": {"executed_lines": [25, 26, 27, 31, 36, 42, 61, 65, 69, 70, 108, 109, 110, 333, 334], "summary": {"covered_lines": 15, "num_statements": 88, "percent_covered": 17.045454545454547, "percent_covered_display": "17", "missing_lines": 73, "excluded_lines": 0, "percent_statements_covered": 17.045454545454547, "percent_statements_covered_display": "17"}, "missing_lines": [37, 47, 52, 62, 63, 66, 67, 112, 113, 114, 122, 123, 126, 127, 130, 131, 135, 136, 137, 140, 141, 146, 147, 148, 149, 150, 153, 154, 156, 157, 162, 173, 176, 177, 180, 181, 183, 200, 201, 202, 204, 205, 206, 208, 209, 210, 229, 230, 232, 233, 234, 236, 237, 253, 254, 256, 259, 260, 262, 263, 267, 268, 269, 273, 274, 275, 293, 294, 296, 318, 320, 321, 323], "excluded_lines": []}, "": {"executed_lines": [1, 6, 7, 8, 9, 10, 11, 12, 13, 14, 16, 18, 21, 22, 24, 29, 44, 45, 49, 50, 54, 116, 164, 185, 212, 239, 265, 271, 277, 303, 325, 337, 370, 377], "summary": {"covered_lines": 32, "num_statements": 51, "percent_covered": 62.745098039215684, "percent_covered_display": "63", "missing_lines": 19, "excluded_lines": 1, "percent_statements_covered": 62.745098039215684, "percent_statements_covered_display": "63"}, "missing_lines": [346, 347, 348, 349, 350, 352, 353, 355, 356, 357, 358, 360, 361, 363, 364, 365, 367, 372, 373], "excluded_lines": [338]}}}, "backend/shared/storage.py": {"executed_lines": [1, 6, 7, 8, 9, 10, 11, 12, 13, 14, 15, 17, 19, 22, 23, 25, 26, 27, 28, 30, 32, 38, 43, 49, 51, 52, 75, 76, 80, 95, 155, 213, 238, 271, 313], "summary": {"covered_lines": 33, "num_statements": 105, "percent_covered": 31.428571428571427, "percent_covered_display": "31", "missing_lines": 72, "excluded_lines": 0, "percent_statements_covered": 31.428571428571427, "percent_statements_covered_display": "31"}, "missing_lines": [44, 54, 55, 60, 61, 71, 73, 78, 86, 87, 88, 91, 93, 114, 115, 118, 121, 122, 123, 125, 127, 138, 140, 142, 151, 152, 153, 170, 171, 173, 175, 181, 182, 183, 184, 187, 188, 189, 192, 193, 198, 205, 206, 207, 223, 224, 226, 227, 231, 232, 234, 235, 236, 253, 254, 256, 257, 265, 267, 268, 269, 286, 287, 289, 290, 296, 297, 298, 305, 307, 308, 309], "excluded_lines": [], "functions": {"R2StorageService.__init__": {"executed_lines": [26, 27, 28], "summary": {"covered_lines": 3, "num_statements": 3, "percent_covered": 100.0, "percent_covered_display": "100", "missing_lines": 0, "excluded_lines": 0, "percent_statements_covered": 100.0, "percent_statements_covered_display": "100"}, "missing_lines": [], "excluded_lines": []}, "R2StorageService._check_configuration": {"executed_lines": [32, 38, 43, 49], "summary": {"covered_lines": 4, "num_statements": 5, "percent_covered": 80.0, "percent_covered_display": "80", "missing_lines": 1, "excluded_lines": 0, "percent_statements_covered": 80.0, "percent_statements_covered_display": "80"}, "missing_lines": [44], "excluded_lines": []}, "R2StorageService.client": {"executed_lines": [], "summary": {"covered_lines": 0, "num_statements": 6, "percent_covered": 0.0, "percent_covered_display": "0", "missing_lines": 6, "excluded_lines": 0, "percent_statements_covered": 0.0, "percent_statements_covered_display": "0"}, "missing_lines": [54, 55, 60, 61, 71, 73], "excluded_lines": []}, "R2StorageService.is_configured": {"executed_lines": [], "summary": {"covered_lines": 0, "num_statements": 1, "percent_covered": 0.0, "percent_covered_display": "0", "missing_lines": 1, "excluded_lines": 0, "percent_statements_covered": 0.0, "percent_statements_covered_display": "0"}, "missing_lines": [78], "excluded_lines": []}, "R2StorageService._generate_key": {"executed_lines": [], "summary": {"covered_lines": 0, "num_statements": 5, "percent_covered": 0.0, "percent_covered_display": "0", "missing_lines": 5, "excluded_lines": 0, "percent_statements_covered": 0.0, "percent_statements_covered_display": "0"}, "missing_lines": [86, 87, 88, 91, 93], "excluded_lines": []}, "R2StorageService.upload_file": {"executed_lines": [], "summary": {"covered_lines": 0, "num_statements": 14, "percent_covered": 0.0, "percent_covered_display": "0", "missing_lines": 14, "excluded_lines": 0, "percent_statements_covered": 0.0, "percent_statements_covered_display": "0"}, "missing_lines": [114, 115, 118, 121, 122, 123, 125, 127, 138, 140, 142, 151, 152, 153], "excluded_lines": []}, "R2StorageService.upload_from_url": {"executed_lines": [], "summary": {"covered_lines": 0, "num_statements": 17, "percent_covered": 0.0, "percent_covered_display": "0", "missing_lines": 17, "excluded_lines": 0, "percent_statements_covered": 0.0, "percent_statements_covered_display": "0"}, "missing_lines": [170, 171, 173, 175, 181, 182, 183, 184, 187, 188, 189, 192, 193, 198, 205, 206, 207], "excluded_lines": []}, "R2StorageService.delete_file": {"executed_lines": [], "summary": {"covered_lines": 0, "num_statements": 9, "percent_covered": 0.0, "percent_covered_display": "0", "missing_lines": 9, "excluded_lines": 0, "percent_statements_covered": 0.0, "percent_statements_covered_display": "0"}, "missing_lines": [223, 224, 226, 227, 231, 232, 234, 235, 236], "excluded_lines": []}, "R2StorageService.get_presigned_url": {"executed_lines": [], "summary": {"covered_lines": 0, "num_statements": 8, "percent_covered": 0.0, "percent_covered_display": "0", "missing_lines": 8, "excluded_lines": 0, "percent_statements_covered": 0.0, "percent_statements_covered_display": "0"}, "missing_lines": [253, 254, 256, 257, 265, 267, 268, 269], "excluded_lines": []}, "R2StorageService.list_files": {"executed_lines": [], "summary": {"covered_lines": 0, "num_statements": 11, "percent_covered": 0.0, "percent_covered_display": "0", "missing_lines": 11, "excluded_lines": 0, "percent_statements_covered": 0.0, "percent_statements_covered_display": "0"}, "missing_lines": [286, 287, 289, 290, 296, 297, 298, 305, 307, 308, 309], "excluded_lines": []}, "": {"executed_lines": [1, 6, 7, 8, 9, 10, 11, 12, 13, 14, 15, 17, 19, 22, 23, 25, 30, 51, 52, 75, 76, 80, 95, 155, 213, 238, 271, 313], "summary": {"covered_lines": 26, "num_statements": 26, "percent_covered": 100.0, "percent_covered_display": "100", "missing_lines": 0, "excluded_lines": 0, "percent_statements_covered": 100.0, "percent_statements_covered_display": "100"}, "missing_lines": [], "excluded_lines": []}}, "classes": {"R2StorageService": {"executed_lines": [26, 27, 28, 32, 38, 43, 49], "summary": {"covered_lines": 7, "num_statements": 79, "percent_covered": 8.860759493670885, "percent_covered_display": "9", "missing_lines": 72, "excluded_lines": 0, "percent_statements_covered": 8.860759493670885, "percent_statements_covered_display": "9"}, "missing_lines": [44, 54, 55, 60, 61, 71, 73, 78, 86, 87, 88, 91, 93, 114, 115, 118, 121, 122, 123, 125, 127, 138, 140, 142, 151, 152, 153, 170, 171, 173, 175, 181, 182, 183, 184, 187, 188, 189, 192, 193, 198, 205, 206, 207, 223, 224, 226, 227, 231, 232, 234, 235, 236, 253, 254, 256, 257, 265, 267, 268, 269, 286, 287, 289, 290, 296, 297, 298, 305, 307, 308, 309], "excluded_lines": []}, "": {"executed_lines": [1, 6, 7, 8, 9, 10, 11, 12, 13, 14, 15, 17, 19, 22, 23, 25, 30, 51, 52, 75, 76, 80, 95, 155, 213, 238, 271, 313], "summary": {"covered_lines": 26, "num_statements": 26, "percent_covered": 100.0, "percent_covered_display": "100", "missing_lines": 0, "excluded_lines": 0, "percent_statements_covered": 100.0, "percent_statements_covered_display": "100"}, "missing_lines": [], "excluded_lines": []}}}}, "totals": {"covered_lines": 2212, "num_statements": 5958, "percent_covered": 37.126552534407516, "percent_covered_display": "37", "missing_lines": 3746, "excluded_lines": 1, "percent_statements_covered": 37.126552534407516, "percent_statements_covered_display": "37"}}