{"meta": {"format": 3, "version": "7.12.0", "timestamp": "2025-11-29T18:39:12.686766", "branch_coverage": false, "show_contexts": false}, "files": {"backend/api/__init__.py": {"executed_lines": [1], "summary": {"covered_lines": 0, "num_statements": 0, "percent_covered": 100.0, "percent_covered_display": "100", "missing_lines": 0, "excluded_lines": 0, "percent_statements_covered": 100.0, "percent_statements_covered_display": "100"}, "missing_lines": [], "excluded_lines": [], "functions": {"": {"executed_lines": [1], "summary": {"covered_lines": 0, "num_statements": 0, "percent_covered": 100.0, "percent_covered_display": "100", "missing_lines": 0, "excluded_lines": 0, "percent_statements_covered": 100.0, "percent_statements_covered_display": "100"}, "missing_lines": [], "excluded_lines": []}}, "classes": {"": {"executed_lines": [1], "summary": {"covered_lines": 0, "num_statements": 0, "percent_covered": 100.0, "percent_covered_display": "100", "missing_lines": 0, "excluded_lines": 0, "percent_statements_covered": 100.0, "percent_statements_covered_display": "100"}, "missing_lines": [], "excluded_lines": []}}}, "backend/api/database/__init__.py": {"executed_lines": [0], "summary": {"covered_lines": 0, "num_statements": 0, "percent_covered": 100.0, "percent_covered_display": "100", "missing_lines": 0, "excluded_lines": 0, "percent_statements_covered": 100.0, "percent_statements_covered_display": "100"}, "missing_lines": [], "excluded_lines": [], "functions": {"": {"executed_lines": [], "summary": {"covered_lines": 0, "num_statements": 0, "percent_covered": 100.0, "percent_covered_display": "100", "missing_lines": 0, "excluded_lines": 0, "percent_statements_covered": 100.0, "percent_statements_covered_display": "100"}, "missing_lines": [], "excluded_lines": []}}, "classes": {"": {"executed_lines": [], "summary": {"covered_lines": 0, "num_statements": 0, "percent_covered": 100.0, "percent_covered_display": "100", "missing_lines": 0, "excluded_lines": 0, "percent_statements_covered": 100.0, "percent_statements_covered_display": "100"}, "missing_lines": [], "excluded_lines": []}}}, "backend/api/database/connection.py": {"executed_lines": [1, 6, 7, 9, 10, 14, 17, 20, 22, 23, 26, 28, 29, 32, 33, 35, 36, 38, 41, 42, 44, 45, 47, 48, 50, 51, 53, 55, 57, 59, 61, 63], "summary": {"covered_lines": 30, "num_statements": 30, "percent_covered": 100.0, "percent_covered_display": "100", "missing_lines": 0, "excluded_lines": 0, "percent_statements_covered": 100.0, "percent_statements_covered_display": "100"}, "missing_lines": [], "excluded_lines": [], "functions": {"init_database": {"executed_lines": [22, 23], "summary": {"covered_lines": 2, "num_statements": 2, "percent_covered": 100.0, "percent_covered_display": "100", "missing_lines": 0, "excluded_lines": 0, "percent_statements_covered": 100.0, "percent_statements_covered_display": "100"}, "missing_lines": [], "excluded_lines": []}, "close_database": {"executed_lines": [28, 29], "summary": {"covered_lines": 2, "num_statements": 2, "percent_covered": 100.0, "percent_covered_display": "100", "missing_lines": 0, "excluded_lines": 0, "percent_statements_covered": 100.0, "percent_statements_covered_display": "100"}, "missing_lines": [], "excluded_lines": []}, "get_db": {"executed_lines": [35, 36, 38], "summary": {"covered_lines": 3, "num_statements": 3, "percent_covered": 100.0, "percent_covered_display": "100", "missing_lines": 0, "excluded_lines": 0, "percent_statements_covered": 100.0, "percent_statements_covered_display": "100"}, "missing_lines": [], "excluded_lines": []}, "DatabaseManager.__init__": {"executed_lines": [45], "summary": {"covered_lines": 1, "num_statements": 1, "percent_covered": 100.0, "percent_covered_display": "100", "missing_lines": 0, "excluded_lines": 0, "percent_statements_covered": 100.0, "percent_statements_covered_display": "100"}, "missing_lines": [], "excluded_lines": []}, "DatabaseManager.transaction": {"executed_lines": [50, 51], "summary": {"covered_lines": 2, "num_statements": 2, "percent_covered": 100.0, "percent_covered_display": "100", "missing_lines": 0, "excluded_lines": 0, "percent_statements_covered": 100.0, "percent_statements_covered_display": "100"}, "missing_lines": [], "excluded_lines": []}, "DatabaseManager.execute": {"executed_lines": [55], "summary": {"covered_lines": 1, "num_statements": 1, "percent_covered": 100.0, "percent_covered_display": "100", "missing_lines": 0, "excluded_lines": 0, "percent_statements_covered": 100.0, "percent_statements_covered_display": "100"}, "missing_lines": [], "excluded_lines": []}, "DatabaseManager.fetch_one": {"executed_lines": [59], "summary": {"covered_lines": 1, "num_statements": 1, "percent_covered": 100.0, "percent_covered_display": "100", "missing_lines": 0, "excluded_lines": 0, "percent_statements_covered": 100.0, "percent_statements_covered_display": "100"}, "missing_lines": [], "excluded_lines": []}, "DatabaseManager.fetch_all": {"executed_lines": [63], "summary": {"covered_lines": 1, "num_statements": 1, "percent_covered": 100.0, "percent_covered_display": "100", "missing_lines": 0, "excluded_lines": 0, "percent_statements_covered": 100.0, "percent_statements_covered_display": "100"}, "missing_lines": [], "excluded_lines": []}, "": {"executed_lines": [1, 6, 7, 9, 10, 14, 17, 20, 26, 32, 33, 41, 42, 44, 47, 48, 53, 57, 61], "summary": {"covered_lines": 17, "num_statements": 17, "percent_covered": 100.0, "percent_covered_display": "100", "missing_lines": 0, "excluded_lines": 0, "percent_statements_covered": 100.0, "percent_statements_covered_display": "100"}, "missing_lines": [], "excluded_lines": []}}, "classes": {"DatabaseManager": {"executed_lines": [45, 50, 51, 55, 59, 63], "summary": {"covered_lines": 6, "num_statements": 6, "percent_covered": 100.0, "percent_covered_display": "100", "missing_lines": 0, "excluded_lines": 0, "percent_statements_covered": 100.0, "percent_statements_covered_display": "100"}, "missing_lines": [], "excluded_lines": []}, "": {"executed_lines": [1, 6, 7, 9, 10, 14, 17, 20, 22, 23, 26, 28, 29, 32, 33, 35, 36, 38, 41, 42, 44, 47, 48, 53, 57, 61], "summary": {"covered_lines": 24, "num_statements": 24, "percent_covered": 100.0, "percent_covered_display": "100", "missing_lines": 0, "excluded_lines": 0, "percent_statements_covered": 100.0, "percent_statements_covered_display": "100"}, "missing_lines": [], "excluded_lines": []}}}, "backend/api/database/models.py": {"executed_lines": [1, 6, 8, 12, 13, 14, 17, 20, 21, 22, 24, 25, 26, 27, 29, 30, 32, 33, 34, 36, 37, 38, 39, 42, 43, 46, 47, 48, 50, 51, 52, 53, 54, 55, 56, 57, 58, 59, 60, 61, 62, 63, 64, 67, 68, 71, 72, 73, 75, 76, 77, 78, 79, 80, 81, 82, 83, 86, 88, 93, 94, 95, 97, 98, 99, 100, 101, 102, 103, 104, 105, 106, 107, 108, 109, 110, 111, 112, 113, 114, 115, 116, 117, 118, 119, 120, 121, 122, 123, 124, 126, 132, 133, 134, 136, 137, 138, 139, 140, 141, 142, 143, 146, 148, 153, 154, 155, 157, 158, 159, 160, 163, 164, 165, 167, 168, 169, 170, 171, 172, 173, 174, 175, 176, 179, 180, 181, 183, 184, 185, 186, 187, 188, 189, 190, 191, 192, 194, 199, 200, 201, 203, 204, 205, 206, 207, 208, 209, 212, 215, 216, 217, 219, 220, 221, 222, 223, 224, 225, 226, 227, 230], "summary": {"covered_lines": 151, "num_statements": 151, "percent_covered": 100.0, "percent_covered_display": "100", "missing_lines": 0, "excluded_lines": 0, "percent_statements_covered": 100.0, "percent_statements_covered_display": "100"}, "missing_lines": [], "excluded_lines": [], "functions": {"": {"executed_lines": [1, 6, 8, 12, 13, 14, 17, 20, 21, 22, 24, 25, 26, 27, 29, 30, 32, 33, 34, 36, 37, 38, 39, 42, 43, 46, 47, 48, 50, 51, 52, 53, 54, 55, 56, 57, 58, 59, 60, 61, 62, 63, 64, 67, 68, 71, 72, 73, 75, 76, 77, 78, 79, 80, 81, 82, 83, 86, 88, 93, 94, 95, 97, 98, 99, 100, 101, 102, 103, 104, 105, 106, 107, 108, 109, 110, 111, 112, 113, 114, 115, 116, 117, 118, 119, 120, 121, 122, 123, 124, 126, 132, 133, 134, 136, 137, 138, 139, 140, 141, 142, 143, 146, 148, 153, 154, 155, 157, 158, 159, 160, 163, 164, 165, 167, 168, 169, 170, 171, 172, 173, 174, 175, 176, 179, 180, 181, 183, 184, 185, 186, 187, 188, 189, 190, 191, 192, 194, 199, 200, 201, 203, 204, 205, 206, 207, 208, 209, 212, 215, 216, 217, 219, 220, 221, 222, 223, 224, 225, 226, 227, 230], "summary": {"covered_lines": 151, "num_statements": 151, "percent_covered": 100.0, "percent_covered_display": "100", "missing_lines": 0, "excluded_lines": 0, "percent_statements_covered": 100.0, "percent_statements_covered_display": "100"}, "missing_lines": [], "excluded_lines": []}}, "classes": {"User": {"executed_lines": [], "summary": {"covered_lines": 0, "num_statements": 0, "percent_covered": 100.0, "percent_covered_display": "100", "missing_lines": 0, "excluded_lines": 0, "percent_statements_covered": 100.0, "percent_statements_covered_display": "100"}, "missing_lines": [], "excluded_lines": []}, "License": {"executed_lines": [], "summary": {"covered_lines": 0, "num_statements": 0, "percent_covered": 100.0, "percent_covered_display": "100", "missing_lines": 0, "excluded_lines": 0, "percent_statements_covered": 100.0, "percent_statements_covered_display": "100"}, "missing_lines": [], "excluded_lines": []}, "LicenseDevice": {"executed_lines": [], "summary": {"covered_lines": 0, "num_statements": 0, "percent_covered": 100.0, "percent_covered_display": "100", "missing_lines": 0, "excluded_lines": 0, "percent_statements_covered": 100.0, "percent_statements_covered_display": "100"}, "missing_lines": [], "excluded_lines": []}, "Product": {"executed_lines": [], "summary": {"covered_lines": 0, "num_statements": 0, "percent_covered": 100.0, "percent_covered_display": "100", "missing_lines": 0, "excluded_lines": 0, "percent_statements_covered": 100.0, "percent_statements_covered_display": "100"}, "missing_lines": [], "excluded_lines": []}, "CopyHistory": {"executed_lines": [], "summary": {"covered_lines": 0, "num_statements": 0, "percent_covered": 100.0, "percent_covered_display": "100", "missing_lines": 0, "excluded_lines": 0, "percent_statements_covered": 100.0, "percent_statements_covered_display": "100"}, "missing_lines": [], "excluded_lines": []}, "PaymentEvent": {"executed_lines": [], "summary": {"covered_lines": 0, "num_statements": 0, "percent_covered": 100.0, "percent_covered_display": "100", "missing_lines": 0, "excluded_lines": 0, "percent_statements_covered": 100.0, "percent_statements_covered_display": "100"}, "missing_lines": [], "excluded_lines": []}, "Payment": {"executed_lines": [], "summary": {"covered_lines": 0, "num_statements": 0, "percent_covered": 100.0, "percent_covered_display": "100", "missing_lines": 0, "excluded_lines": 0, "percent_statements_covered": 100.0, "percent_statements_covered_display": "100"}, "missing_lines": [], "excluded_lines": []}, "ScrapingJob": {"executed_lines": [], "summary": {"covered_lines": 0, "num_statements": 0, "percent_covered": 100.0, "percent_covered_display": "100", "missing_lines": 0, "excluded_lines": 0, "percent_statements_covered": 100.0, "percent_statements_covered_display": "100"}, "missing_lines": [], "excluded_lines": []}, "WhatsAppInstance": {"executed_lines": [], "summary": {"covered_lines": 0, "num_statements": 0, "percent_covered": 100.0, "percent_covered_display": "100", "missing_lines": 0, "excluded_lines": 0, "percent_statements_covered": 100.0, "percent_statements_covered_display": "100"}, "missing_lines": [], "excluded_lines": []}, "WhatsAppMessage": {"executed_lines": [], "summary": {"covered_lines": 0, "num_statements": 0, "percent_covered": 100.0, "percent_covered_display": "100", "missing_lines": 0, "excluded_lines": 0, "percent_statements_covered": 100.0, "percent_statements_covered_display": "100"}, "missing_lines": [], "excluded_lines": []}, "": {"executed_lines": [1, 6, 8, 12, 13, 14, 17, 20, 21, 22, 24, 25, 26, 27, 29, 30, 32, 33, 34, 36, 37, 38, 39, 42, 43, 46, 47, 48, 50, 51, 52, 53, 54, 55, 56, 57, 58, 59, 60, 61, 62, 63, 64, 67, 68, 71, 72, 73, 75, 76, 77, 78, 79, 80, 81, 82, 83, 86, 88, 93, 94, 95, 97, 98, 99, 100, 101, 102, 103, 104, 105, 106, 107, 108, 109, 110, 111, 112, 113, 114, 115, 116, 117, 118, 119, 120, 121, 122, 123, 124, 126, 132, 133, 134, 136, 137, 138, 139, 140, 141, 142, 143, 146, 148, 153, 154, 155, 157, 158, 159, 160, 163, 164, 165, 167, 168, 169, 170, 171, 172, 173, 174, 175, 176, 179, 180, 181, 183, 184, 185, 186, 187, 188, 189, 190, 191, 192, 194, 199, 200, 201, 203, 204, 205, 206, 207, 208, 209, 212, 215, 216, 217, 219, 220, 221, 222, 223, 224, 225, 226, 227, 230], "summary": {"covered_lines": 151, "num_statements": 151, "percent_covered": 100.0, "percent_covered_display": "100", "missing_lines": 0, "excluded_lines": 0, "percent_statements_covered": 100.0, "percent_statements_covered_display": "100"}, "missing_lines": [], "excluded_lines": []}}}, "backend/api/main.py": {"executed_lines": [1, 6, 8, 9, 11, 16, 17, 18, 19, 20, 21, 22, 23, 24, 27, 28, 30, 31, 52, 60, 63, 66, 75, 78, 79, 80, 81, 82, 83, 84, 85, 86, 87, 88, 89, 90, 93, 98, 103, 109, 110, 115, 116], "summary": {"covered_lines": 42, "num_statements": 53, "percent_covered": 79.24528301886792, "percent_covered_display": "79", "missing_lines": 11, "excluded_lines": 0, "percent_statements_covered": 79.24528301886792, "percent_statements_covered_display": "79"}, "missing_lines": [34, 37, 38, 39, 40, 45, 46, 48, 49, 112, 118], "excluded_lines": [], "functions": {"lifespan": {"executed_lines": [], "summary": {"covered_lines": 0, "num_statements": 9, "percent_covered": 0.0, "percent_covered_display": "0", "missing_lines": 9, "excluded_lines": 0, "percent_statements_covered": 0.0, "percent_statements_covered_display": "0"}, "missing_lines": [34, 37, 38, 39, 40, 45, 46, 48, 49], "excluded_lines": []}, "health_check": {"executed_lines": [], "summary": {"covered_lines": 0, "num_statements": 1, "percent_covered": 0.0, "percent_covered_display": "0", "missing_lines": 1, "excluded_lines": 0, "percent_statements_covered": 0.0, "percent_statements_covered_display": "0"}, "missing_lines": [112], "excluded_lines": []}, "root": {"executed_lines": [], "summary": {"covered_lines": 0, "num_statements": 1, "percent_covered": 0.0, "percent_covered_display": "0", "missing_lines": 1, "excluded_lines": 0, "percent_statements_covered": 0.0, "percent_statements_covered_display": "0"}, "missing_lines": [118], "excluded_lines": []}, "": {"executed_lines": [1, 6, 8, 9, 11, 16, 17, 18, 19, 20, 21, 22, 23, 24, 27, 28, 30, 31, 52, 60, 63, 66, 75, 78, 79, 80, 81, 82, 83, 84, 85, 86, 87, 88, 89, 90, 93, 98, 103, 109, 110, 115, 116], "summary": {"covered_lines": 42, "num_statements": 42, "percent_covered": 100.0, "percent_covered_display": "100", "missing_lines": 0, "excluded_lines": 0, "percent_statements_covered": 100.0, "percent_statements_covered_display": "100"}, "missing_lines": [], "excluded_lines": []}}, "classes": {"": {"executed_lines": [1, 6, 8, 9, 11, 16, 17, 18, 19, 20, 21, 22, 23, 24, 27, 28, 30, 31, 52, 60, 63, 66, 75, 78, 79, 80, 81, 82, 83, 84, 85, 86, 87, 88, 89, 90, 93, 98, 103, 109, 110, 115, 116], "summary": {"covered_lines": 42, "num_statements": 53, "percent_covered": 79.24528301886792, "percent_covered_display": "79", "missing_lines": 11, "excluded_lines": 0, "percent_statements_covered": 79.24528301886792, "percent_statements_covered_display": "79"}, "missing_lines": [34, 37, 38, 39, 40, 45, 46, 48, 49, 112, 118], "excluded_lines": []}}}, "backend/api/middleware/__init__.py": {"executed_lines": [0], "summary": {"covered_lines": 0, "num_statements": 0, "percent_covered": 100.0, "percent_covered_display": "100", "missing_lines": 0, "excluded_lines": 0, "percent_statements_covered": 100.0, "percent_statements_covered_display": "100"}, "missing_lines": [], "excluded_lines": [], "functions": {"": {"executed_lines": [], "summary": {"covered_lines": 0, "num_statements": 0, "percent_covered": 100.0, "percent_covered_display": "100", "missing_lines": 0, "excluded_lines": 0, "percent_statements_covered": 100.0, "percent_statements_covered_display": "100"}, "missing_lines": [], "excluded_lines": []}}, "classes": {"": {"executed_lines": [], "summary": {"covered_lines": 0, "num_statements": 0, "percent_covered": 100.0, "percent_covered_display": "100", "missing_lines": 0, "excluded_lines": 0, "percent_statements_covered": 100.0, "percent_statements_covered_display": "100"}, "missing_lines": [], "excluded_lines": []}}}, "backend/api/middleware/auth.py": {"executed_lines": [1, 6, 7, 8, 10, 11, 12, 14, 18, 22, 25, 28, 37, 39, 40, 46, 47, 48, 54, 55, 56, 62, 63, 64, 69, 77, 78, 84, 86, 94, 95, 96, 99, 101, 107], "summary": {"covered_lines": 34, "num_statements": 34, "percent_covered": 100.0, "percent_covered_display": "100", "missing_lines": 0, "excluded_lines": 0, "percent_statements_covered": 100.0, "percent_statements_covered_display": "100"}, "missing_lines": [], "excluded_lines": [], "functions": {"get_current_user": {"executed_lines": [37, 39, 40, 46, 47, 48, 54, 55, 56, 62, 63, 64, 69, 77, 78], "summary": {"covered_lines": 15, "num_statements": 15, "percent_covered": 100.0, "percent_covered_display": "100", "missing_lines": 0, "excluded_lines": 0, "percent_statements_covered": 100.0, "percent_statements_covered_display": "100"}, "missing_lines": [], "excluded_lines": []}, "get_user_by_id": {"executed_lines": [86, 94, 95, 96], "summary": {"covered_lines": 4, "num_statements": 4, "percent_covered": 100.0, "percent_covered_display": "100", "missing_lines": 0, "excluded_lines": 0, "percent_statements_covered": 100.0, "percent_statements_covered_display": "100"}, "missing_lines": [], "excluded_lines": []}, "create_access_token": {"executed_lines": [101, 107], "summary": {"covered_lines": 2, "num_statements": 2, "percent_covered": 100.0, "percent_covered_display": "100", "missing_lines": 0, "excluded_lines": 0, "percent_statements_covered": 100.0, "percent_statements_covered_display": "100"}, "missing_lines": [], "excluded_lines": []}, "": {"executed_lines": [1, 6, 7, 8, 10, 11, 12, 14, 18, 22, 25, 28, 84, 99], "summary": {"covered_lines": 13, "num_statements": 13, "percent_covered": 100.0, "percent_covered_display": "100", "missing_lines": 0, "excluded_lines": 0, "percent_statements_covered": 100.0, "percent_statements_covered_display": "100"}, "missing_lines": [], "excluded_lines": []}}, "classes": {"": {"executed_lines": [1, 6, 7, 8, 10, 11, 12, 14, 18, 22, 25, 28, 37, 39, 40, 46, 47, 48, 54, 55, 56, 62, 63, 64, 69, 77, 78, 84, 86, 94, 95, 96, 99, 101, 107], "summary": {"covered_lines": 34, "num_statements": 34, "percent_covered": 100.0, "percent_covered_display": "100", "missing_lines": 0, "excluded_lines": 0, "percent_statements_covered": 100.0, "percent_statements_covered_display": "100"}, "missing_lines": [], "excluded_lines": []}}}, "backend/api/middleware/metrics.py": {"executed_lines": [1, 6, 7, 8, 9, 11, 12, 14, 17, 18, 27, 28, 30, 32, 35, 37, 38, 41, 44, 45, 54, 70, 78, 80, 98, 99, 101], "summary": {"covered_lines": 25, "num_statements": 52, "percent_covered": 48.07692307692308, "percent_covered_display": "48", "missing_lines": 27, "excluded_lines": 0, "percent_statements_covered": 48.07692307692308, "percent_statements_covered_display": "48"}, "missing_lines": [33, 51, 52, 56, 58, 59, 60, 66, 67, 68, 83, 84, 85, 86, 87, 88, 91, 92, 95, 96, 107, 108, 110, 112, 113, 115, 117], "excluded_lines": [], "functions": {"MetricsMiddleware.__init__": {"executed_lines": [28], "summary": {"covered_lines": 1, "num_statements": 1, "percent_covered": 100.0, "percent_covered_display": "100", "missing_lines": 0, "excluded_lines": 0, "percent_statements_covered": 100.0, "percent_statements_covered_display": "100"}, "missing_lines": [], "excluded_lines": []}, "MetricsMiddleware.dispatch": {"executed_lines": [32, 35, 37, 38, 41, 44, 45, 54], "summary": {"covered_lines": 8, "num_statements": 18, "percent_covered": 44.44444444444444, "percent_covered_display": "44", "missing_lines": 10, "excluded_lines": 0, "percent_statements_covered": 44.44444444444444, "percent_statements_covered_display": "44"}, "missing_lines": [33, 51, 52, 56, 58, 59, 60, 66, 67, 68], "excluded_lines": []}, "MetricsMiddleware._record_metrics": {"executed_lines": [78, 80, 98, 99], "summary": {"covered_lines": 4, "num_statements": 14, "percent_covered": 28.571428571428573, "percent_covered_display": "29", "missing_lines": 10, "excluded_lines": 0, "percent_statements_covered": 28.571428571428573, "percent_statements_covered_display": "29"}, "missing_lines": [83, 84, 85, 86, 87, 88, 91, 92, 95, 96], "excluded_lines": []}, "MetricsMiddleware._normalize_path": {"executed_lines": [], "summary": {"covered_lines": 0, "num_statements": 7, "percent_covered": 0.0, "percent_covered_display": "0", "missing_lines": 7, "excluded_lines": 0, "percent_statements_covered": 0.0, "percent_statements_covered_display": "0"}, "missing_lines": [107, 108, 110, 112, 113, 115, 117], "excluded_lines": []}, "": {"executed_lines": [1, 6, 7, 8, 9, 11, 12, 14, 17, 18, 27, 30, 70, 101], "summary": {"covered_lines": 12, "num_statements": 12, "percent_covered": 100.0, "percent_covered_display": "100", "missing_lines": 0, "excluded_lines": 0, "percent_statements_covered": 100.0, "percent_statements_covered_display": "100"}, "missing_lines": [], "excluded_lines": []}}, "classes": {"MetricsMiddleware": {"executed_lines": [28, 32, 35, 37, 38, 41, 44, 45, 54, 78, 80, 98, 99], "summary": {"covered_lines": 13, "num_statements": 40, "percent_covered": 32.5, "percent_covered_display": "32", "missing_lines": 27, "excluded_lines": 0, "percent_statements_covered": 32.5, "percent_statements_covered_display": "32"}, "missing_lines": [33, 51, 52, 56, 58, 59, 60, 66, 67, 68, 83, 84, 85, 86, 87, 88, 91, 92, 95, 96, 107, 108, 110, 112, 113, 115, 117], "excluded_lines": []}, "": {"executed_lines": [1, 6, 7, 8, 9, 11, 12, 14, 17, 18, 27, 30, 70, 101], "summary": {"covered_lines": 12, "num_statements": 12, "percent_covered": 100.0, "percent_covered_display": "100", "missing_lines": 0, "excluded_lines": 0, "percent_statements_covered": 100.0, "percent_statements_covered_display": "100"}, "missing_lines": [], "excluded_lines": []}}}, "backend/api/middleware/quota.py": {"executed_lines": [1, 6, 8, 11, 12, 13, 14, 15, 16, 17, 21, 25, 32, 40, 47, 49, 50, 52, 59, 66, 67, 69, 70, 76, 83, 85, 87, 95, 97, 98, 104, 107, 109, 117, 119, 120, 123, 124, 128, 130, 134, 136, 139, 141, 142, 151, 153], "summary": {"covered_lines": 45, "num_statements": 45, "percent_covered": 100.0, "percent_covered_display": "100", "missing_lines": 0, "excluded_lines": 0, "percent_statements_covered": 100.0, "percent_statements_covered_display": "100"}, "missing_lines": [], "excluded_lines": [], "functions": {"InsufficientCreditsError.__init__": {"executed_lines": [14, 15, 16, 17], "summary": {"covered_lines": 4, "num_statements": 4, "percent_covered": 100.0, "percent_covered_display": "100", "missing_lines": 0, "excluded_lines": 0, "percent_statements_covered": 100.0, "percent_statements_covered_display": "100"}, "missing_lines": [], "excluded_lines": []}, "get_user_credits": {"executed_lines": [40, 47, 49, 50, 52], "summary": {"covered_lines": 5, "num_statements": 5, "percent_covered": 100.0, "percent_covered_display": "100", "missing_lines": 0, "excluded_lines": 0, "percent_statements_covered": 100.0, "percent_statements_covered_display": "100"}, "missing_lines": [], "excluded_lines": []}, "check_credits": {"executed_lines": [66, 67, 69, 70, 76], "summary": {"covered_lines": 5, "num_statements": 5, "percent_covered": 100.0, "percent_covered_display": "100", "missing_lines": 0, "excluded_lines": 0, "percent_statements_covered": 100.0, "percent_statements_covered_display": "100"}, "missing_lines": [], "excluded_lines": []}, "deduct_credits": {"executed_lines": [85, 87, 95, 97, 98, 104], "summary": {"covered_lines": 6, "num_statements": 6, "percent_covered": 100.0, "percent_covered_display": "100", "missing_lines": 0, "excluded_lines": 0, "percent_statements_covered": 100.0, "percent_statements_covered_display": "100"}, "missing_lines": [], "excluded_lines": []}, "add_credits": {"executed_lines": [109, 117, 119, 120, 123, 124, 128, 130], "summary": {"covered_lines": 8, "num_statements": 8, "percent_covered": 100.0, "percent_covered_display": "100", "missing_lines": 0, "excluded_lines": 0, "percent_statements_covered": 100.0, "percent_statements_covered_display": "100"}, "missing_lines": [], "excluded_lines": []}, "check_copy_quota": {"executed_lines": [136], "summary": {"covered_lines": 1, "num_statements": 1, "percent_covered": 100.0, "percent_covered_display": "100", "missing_lines": 0, "excluded_lines": 0, "percent_statements_covered": 100.0, "percent_statements_covered_display": "100"}, "missing_lines": [], "excluded_lines": []}, "get_user_quota": {"executed_lines": [141, 142], "summary": {"covered_lines": 2, "num_statements": 2, "percent_covered": 100.0, "percent_covered_display": "100", "missing_lines": 0, "excluded_lines": 0, "percent_statements_covered": 100.0, "percent_statements_covered_display": "100"}, "missing_lines": [], "excluded_lines": []}, "increment_quota": {"executed_lines": [153], "summary": {"covered_lines": 1, "num_statements": 1, "percent_covered": 100.0, "percent_covered_display": "100", "missing_lines": 0, "excluded_lines": 0, "percent_statements_covered": 100.0, "percent_statements_covered_display": "100"}, "missing_lines": [], "excluded_lines": []}, "": {"executed_lines": [1, 6, 8, 11, 12, 13, 21, 25, 32, 59, 83, 107, 134, 139, 151], "summary": {"covered_lines": 13, "num_statements": 13, "percent_covered": 100.0, "percent_covered_display": "100", "missing_lines": 0, "excluded_lines": 0, "percent_statements_covered": 100.0, "percent_statements_covered_display": "100"}, "missing_lines": [], "excluded_lines": []}}, "classes": {"InsufficientCreditsError": {"executed_lines": [14, 15, 16, 17], "summary": {"covered_lines": 4, "num_statements": 4, "percent_covered": 100.0, "percent_covered_display": "100", "missing_lines": 0, "excluded_lines": 0, "percent_statements_covered": 100.0, "percent_statements_covered_display": "100"}, "missing_lines": [], "excluded_lines": []}, "": {"executed_lines": [1, 6, 8, 11, 12, 13, 21, 25, 32, 40, 47, 49, 50, 52, 59, 66, 67, 69, 70, 76, 83, 85, 87, 95, 97, 98, 104, 107, 109, 117, 119, 120, 123, 124, 128, 130, 134, 136, 139, 141, 142, 151, 153], "summary": {"covered_lines": 41, "num_statements": 41, "percent_covered": 100.0, "percent_covered_display": "100", "missing_lines": 0, "excluded_lines": 0, "percent_statements_covered": 100.0, "percent_statements_covered_display": "100"}, "missing_lines": [], "excluded_lines": []}}}, "backend/api/middleware/ratelimit.py": {"executed_lines": [1, 6, 7, 8, 9, 11, 12, 13, 16, 17, 23, 24, 25, 26, 27, 29, 31, 32, 35, 36, 39, 42, 43, 46, 52, 53, 54, 70, 73, 76, 77, 80, 82, 84, 90, 91, 94, 97, 98, 99, 101], "summary": {"covered_lines": 39, "num_statements": 39, "percent_covered": 100.0, "percent_covered_display": "100", "missing_lines": 0, "excluded_lines": 0, "percent_statements_covered": 100.0, "percent_statements_covered_display": "100"}, "missing_lines": [], "excluded_lines": [], "functions": {"RateLimitMiddleware.__init__": {"executed_lines": [24, 25, 26, 27], "summary": {"covered_lines": 4, "num_statements": 4, "percent_covered": 100.0, "percent_covered_display": "100", "missing_lines": 0, "excluded_lines": 0, "percent_statements_covered": 100.0, "percent_statements_covered_display": "100"}, "missing_lines": [], "excluded_lines": []}, "RateLimitMiddleware.dispatch": {"executed_lines": [31, 32, 35, 36, 39, 42, 43, 46, 52, 53, 54, 70, 73, 76, 77, 80, 82], "summary": {"covered_lines": 17, "num_statements": 17, "percent_covered": 100.0, "percent_covered_display": "100", "missing_lines": 0, "excluded_lines": 0, "percent_statements_covered": 100.0, "percent_statements_covered_display": "100"}, "missing_lines": [], "excluded_lines": []}, "RateLimitMiddleware._get_client_id": {"executed_lines": [90, 91, 94, 97, 98, 99, 101], "summary": {"covered_lines": 7, "num_statements": 7, "percent_covered": 100.0, "percent_covered_display": "100", "missing_lines": 0, "excluded_lines": 0, "percent_statements_covered": 100.0, "percent_statements_covered_display": "100"}, "missing_lines": [], "excluded_lines": []}, "": {"executed_lines": [1, 6, 7, 8, 9, 11, 12, 13, 16, 17, 23, 29, 84], "summary": {"covered_lines": 11, "num_statements": 11, "percent_covered": 100.0, "percent_covered_display": "100", "missing_lines": 0, "excluded_lines": 0, "percent_statements_covered": 100.0, "percent_statements_covered_display": "100"}, "missing_lines": [], "excluded_lines": []}}, "classes": {"RateLimitMiddleware": {"executed_lines": [24, 25, 26, 27, 31, 32, 35, 36, 39, 42, 43, 46, 52, 53, 54, 70, 73, 76, 77, 80, 82, 90, 91, 94, 97, 98, 99, 101], "summary": {"covered_lines": 28, "num_statements": 28, "percent_covered": 100.0, "percent_covered_display": "100", "missing_lines": 0, "excluded_lines": 0, "percent_statements_covered": 100.0, "percent_statements_covered_display": "100"}, "missing_lines": [], "excluded_lines": []}, "": {"executed_lines": [1, 6, 7, 8, 9, 11, 12, 13, 16, 17, 23, 29, 84], "summary": {"covered_lines": 11, "num_statements": 11, "percent_covered": 100.0, "percent_covered_display": "100", "missing_lines": 0, "excluded_lines": 0, "percent_statements_covered": 100.0, "percent_statements_covered_display": "100"}, "missing_lines": [], "excluded_lines": []}}}, "backend/api/middleware/request_id.py": {"executed_lines": [1, 6, 7, 8, 9, 12, 13, 17, 18, 19, 21, 22, 24], "summary": {"covered_lines": 11, "num_statements": 11, "percent_covered": 100.0, "percent_covered_display": "100", "missing_lines": 0, "excluded_lines": 0, "percent_statements_covered": 100.0, "percent_statements_covered_display": "100"}, "missing_lines": [], "excluded_lines": [], "functions": {"RequestIDMiddleware.dispatch": {"executed_lines": [18, 19, 21, 22, 24], "summary": {"covered_lines": 5, "num_statements": 5, "percent_covered": 100.0, "percent_covered_display": "100", "missing_lines": 0, "excluded_lines": 0, "percent_statements_covered": 100.0, "percent_statements_covered_display": "100"}, "missing_lines": [], "excluded_lines": []}, "": {"executed_lines": [1, 6, 7, 8, 9, 12, 13, 17], "summary": {"covered_lines": 6, "num_statements": 6, "percent_covered": 100.0, "percent_covered_display": "100", "missing_lines": 0, "excluded_lines": 0, "percent_statements_covered": 100.0, "percent_statements_covered_display": "100"}, "missing_lines": [], "excluded_lines": []}}, "classes": {"RequestIDMiddleware": {"executed_lines": [18, 19, 21, 22, 24], "summary": {"covered_lines": 5, "num_statements": 5, "percent_covered": 100.0, "percent_covered_display": "100", "missing_lines": 0, "excluded_lines": 0, "percent_statements_covered": 100.0, "percent_statements_covered_display": "100"}, "missing_lines": [], "excluded_lines": []}, "": {"executed_lines": [1, 6, 7, 8, 9, 12, 13, 17], "summary": {"covered_lines": 6, "num_statements": 6, "percent_covered": 100.0, "percent_covered_display": "100", "missing_lines": 0, "excluded_lines": 0, "percent_statements_covered": 100.0, "percent_statements_covered_display": "100"}, "missing_lines": [], "excluded_lines": []}}}, "backend/api/middleware/security.py": {"executed_lines": [1, 2, 3, 7, 9, 10, 16, 17, 29, 32, 33, 34, 35, 37], "summary": {"covered_lines": 14, "num_statements": 14, "percent_covered": 100.0, "percent_covered_display": "100", "missing_lines": 0, "excluded_lines": 0, "percent_statements_covered": 100.0, "percent_statements_covered_display": "100"}, "missing_lines": [], "excluded_lines": [], "functions": {"SecurityHeadersMiddleware.dispatch": {"executed_lines": [16, 17, 29, 32, 33, 34, 35, 37], "summary": {"covered_lines": 8, "num_statements": 8, "percent_covered": 100.0, "percent_covered_display": "100", "missing_lines": 0, "excluded_lines": 0, "percent_statements_covered": 100.0, "percent_statements_covered_display": "100"}, "missing_lines": [], "excluded_lines": []}, "": {"executed_lines": [1, 2, 3, 7, 9, 10], "summary": {"covered_lines": 6, "num_statements": 6, "percent_covered": 100.0, "percent_covered_display": "100", "missing_lines": 0, "excluded_lines": 0, "percent_statements_covered": 100.0, "percent_statements_covered_display": "100"}, "missing_lines": [], "excluded_lines": []}}, "classes": {"SecurityHeadersMiddleware": {"executed_lines": [16, 17, 29, 32, 33, 34, 35, 37], "summary": {"covered_lines": 8, "num_statements": 8, "percent_covered": 100.0, "percent_covered_display": "100", "missing_lines": 0, "excluded_lines": 0, "percent_statements_covered": 100.0, "percent_statements_covered_display": "100"}, "missing_lines": [], "excluded_lines": []}, "": {"executed_lines": [1, 2, 3, 7, 9, 10], "summary": {"covered_lines": 6, "num_statements": 6, "percent_covered": 100.0, "percent_covered_display": "100", "missing_lines": 0, "excluded_lines": 0, "percent_statements_covered": 100.0, "percent_statements_covered_display": "100"}, "missing_lines": [], "excluded_lines": []}}}, "backend/api/models/__init__.py": {"executed_lines": [], "summary": {"covered_lines": 0, "num_statements": 0, "percent_covered": 100.0, "percent_covered_display": "100", "missing_lines": 0, "excluded_lines": 0, "percent_statements_covered": 100.0, "percent_statements_covered_display": "100"}, "missing_lines": [], "excluded_lines": [], "functions": {"": {"executed_lines": [], "summary": {"covered_lines": 0, "num_statements": 0, "percent_covered": 100.0, "percent_covered_display": "100", "missing_lines": 0, "excluded_lines": 0, "percent_statements_covered": 100.0, "percent_statements_covered_display": "100"}, "missing_lines": [], "excluded_lines": []}}, "classes": {"": {"executed_lines": [], "summary": {"covered_lines": 0, "num_statements": 0, "percent_covered": 100.0, "percent_covered_display": "100", "missing_lines": 0, "excluded_lines": 0, "percent_statements_covered": 100.0, "percent_statements_covered_display": "100"}, "missing_lines": [], "excluded_lines": []}}}, "backend/api/routes/__init__.py": {"executed_lines": [1, 3, 22], "summary": {"covered_lines": 2, "num_statements": 2, "percent_covered": 100.0, "percent_covered_display": "100", "missing_lines": 0, "excluded_lines": 0, "percent_statements_covered": 100.0, "percent_statements_covered_display": "100"}, "missing_lines": [], "excluded_lines": [], "functions": {"": {"executed_lines": [1, 3, 22], "summary": {"covered_lines": 2, "num_statements": 2, "percent_covered": 100.0, "percent_covered_display": "100", "missing_lines": 0, "excluded_lines": 0, "percent_statements_covered": 100.0, "percent_statements_covered_display": "100"}, "missing_lines": [], "excluded_lines": []}}, "classes": {"": {"executed_lines": [1, 3, 22], "summary": {"covered_lines": 2, "num_statements": 2, "percent_covered": 100.0, "percent_covered_display": "100", "missing_lines": 0, "excluded_lines": 0, "percent_statements_covered": 100.0, "percent_statements_covered_display": "100"}, "missing_lines": [], "excluded_lines": []}}}, "backend/api/routes/auth.py": {"executed_lines": [1, 6, 8, 9, 10, 11, 13, 14, 17, 18, 19, 22, 23, 26, 27, 28, 29, 30, 33, 34, 35, 36, 37, 38, 41, 42, 43, 44, 45, 48, 49, 50, 53, 54, 59, 61, 62, 63, 69, 70, 76, 77, 79, 91, 92, 94, 97, 98, 99, 105, 111, 114, 115, 120, 122, 123, 128, 131, 132, 137, 138, 139, 145, 146, 148, 159, 160, 166, 167, 169, 172, 173, 179], "summary": {"covered_lines": 68, "num_statements": 68, "percent_covered": 100.0, "percent_covered_display": "100", "missing_lines": 0, "excluded_lines": 0, "percent_statements_covered": 100.0, "percent_statements_covered_display": "100"}, "missing_lines": [], "excluded_lines": [], "functions": {"login": {"executed_lines": [59, 61, 62, 63, 69, 70, 76, 77, 79], "summary": {"covered_lines": 9, "num_statements": 9, "percent_covered": 100.0, "percent_covered_display": "100", "missing_lines": 0, "excluded_lines": 0, "percent_statements_covered": 100.0, "percent_statements_covered_display": "100"}, "missing_lines": [], "excluded_lines": []}, "register": {"executed_lines": [94, 97, 98, 99, 105, 111], "summary": {"covered_lines": 6, "num_statements": 6, "percent_covered": 100.0, "percent_covered_display": "100", "missing_lines": 0, "excluded_lines": 0, "percent_statements_covered": 100.0, "percent_statements_covered_display": "100"}, "missing_lines": [], "excluded_lines": []}, "refresh_token": {"executed_lines": [120, 122, 123, 128, 131, 132, 137, 138, 139, 145, 146, 148, 159, 160], "summary": {"covered_lines": 14, "num_statements": 14, "percent_covered": 100.0, "percent_covered_display": "100", "missing_lines": 0, "excluded_lines": 0, "percent_statements_covered": 100.0, "percent_statements_covered_display": "100"}, "missing_lines": [], "excluded_lines": []}, "get_current_user_info": {"executed_lines": [169], "summary": {"covered_lines": 1, "num_statements": 1, "percent_covered": 100.0, "percent_covered_display": "100", "missing_lines": 0, "excluded_lines": 0, "percent_statements_covered": 100.0, "percent_statements_covered_display": "100"}, "missing_lines": [], "excluded_lines": []}, "logout": {"executed_lines": [179], "summary": {"covered_lines": 1, "num_statements": 1, "percent_covered": 100.0, "percent_covered_display": "100", "missing_lines": 0, "excluded_lines": 0, "percent_statements_covered": 100.0, "percent_statements_covered_display": "100"}, "missing_lines": [], "excluded_lines": []}, "": {"executed_lines": [1, 6, 8, 9, 10, 11, 13, 14, 17, 18, 19, 22, 23, 26, 27, 28, 29, 30, 33, 34, 35, 36, 37, 38, 41, 42, 43, 44, 45, 48, 49, 50, 53, 54, 91, 92, 114, 115, 166, 167, 172, 173], "summary": {"covered_lines": 37, "num_statements": 37, "percent_covered": 100.0, "percent_covered_display": "100", "missing_lines": 0, "excluded_lines": 0, "percent_statements_covered": 100.0, "percent_statements_covered_display": "100"}, "missing_lines": [], "excluded_lines": []}}, "classes": {"LoginRequest": {"executed_lines": [], "summary": {"covered_lines": 0, "num_statements": 0, "percent_covered": 100.0, "percent_covered_display": "100", "missing_lines": 0, "excluded_lines": 0, "percent_statements_covered": 100.0, "percent_statements_covered_display": "100"}, "missing_lines": [], "excluded_lines": []}, "LoginResponse": {"executed_lines": [], "summary": {"covered_lines": 0, "num_statements": 0, "percent_covered": 100.0, "percent_covered_display": "100", "missing_lines": 0, "excluded_lines": 0, "percent_statements_covered": 100.0, "percent_statements_covered_display": "100"}, "missing_lines": [], "excluded_lines": []}, "RegisterRequest": {"executed_lines": [], "summary": {"covered_lines": 0, "num_statements": 0, "percent_covered": 100.0, "percent_covered_display": "100", "missing_lines": 0, "excluded_lines": 0, "percent_statements_covered": 100.0, "percent_statements_covered_display": "100"}, "missing_lines": [], "excluded_lines": []}, "RefreshRequest": {"executed_lines": [], "summary": {"covered_lines": 0, "num_statements": 0, "percent_covered": 100.0, "percent_covered_display": "100", "missing_lines": 0, "excluded_lines": 0, "percent_statements_covered": 100.0, "percent_statements_covered_display": "100"}, "missing_lines": [], "excluded_lines": []}, "": {"executed_lines": [1, 6, 8, 9, 10, 11, 13, 14, 17, 18, 19, 22, 23, 26, 27, 28, 29, 30, 33, 34, 35, 36, 37, 38, 41, 42, 43, 44, 45, 48, 49, 50, 53, 54, 59, 61, 62, 63, 69, 70, 76, 77, 79, 91, 92, 94, 97, 98, 99, 105, 111, 114, 115, 120, 122, 123, 128, 131, 132, 137, 138, 139, 145, 146, 148, 159, 160, 166, 167, 169, 172, 173, 179], "summary": {"covered_lines": 68, "num_statements": 68, "percent_covered": 100.0, "percent_covered_display": "100", "missing_lines": 0, "excluded_lines": 0, "percent_statements_covered": 100.0, "percent_statements_covered_display": "100"}, "missing_lines": [], "excluded_lines": []}}}, "backend/api/routes/bot.py": {"executed_lines": [8, 9, 10, 11, 13, 20, 23, 25, 26, 27, 28, 29, 30, 37, 40, 41, 49, 56, 57, 58, 60, 61, 76, 78, 79, 90, 93, 96, 97, 98, 101, 104, 105, 106, 114, 115, 117, 122, 126, 130, 133, 134, 136, 137, 138, 139, 140, 141, 142, 143, 144, 147, 148, 150, 151, 152, 153, 154, 157, 158, 160, 161, 167, 168, 170, 171, 172, 173, 174, 182, 183, 199, 200, 202, 206, 214, 224, 226, 227, 228, 232, 233, 234, 236, 237, 238, 239, 240, 241, 242, 243, 244, 246, 247, 249, 250, 251, 252, 253, 254, 255, 256, 257, 259, 265, 266, 272, 274, 275, 280, 293, 294, 299, 300, 302, 318, 319, 325, 327, 328, 333, 336, 337, 342, 344, 358, 359, 369, 371, 372, 373, 374, 375, 380, 386, 395, 396, 401, 402, 404, 416, 417, 423, 425, 426, 431, 434, 435, 441, 443, 444, 449, 451, 467, 468, 474, 475, 478, 479, 484, 485], "summary": {"covered_lines": 156, "num_statements": 157, "percent_covered": 99.36305732484077, "percent_covered_display": "99", "missing_lines": 1, "excluded_lines": 0, "percent_statements_covered": 99.36305732484077, "percent_statements_covered_display": "99"}, "missing_lines": [203], "excluded_lines": [], "functions": {"verify_premium_access": {"executed_lines": [56, 57, 58, 60, 61, 76, 78, 79, 90], "summary": {"covered_lines": 9, "num_statements": 9, "percent_covered": 100.0, "percent_covered_display": "100", "missing_lines": 0, "excluded_lines": 0, "percent_statements_covered": 100.0, "percent_statements_covered_display": "100"}, "missing_lines": [], "excluded_lines": []}, "get_queue_manager": {"executed_lines": [96, 97, 98], "summary": {"covered_lines": 3, "num_statements": 3, "percent_covered": 100.0, "percent_covered_display": "100", "missing_lines": 0, "excluded_lines": 0, "percent_statements_covered": 100.0, "percent_statements_covered_display": "100"}, "missing_lines": [], "excluded_lines": []}, "get_profile_manager": {"executed_lines": [104, 105, 106], "summary": {"covered_lines": 3, "num_statements": 3, "percent_covered": 100.0, "percent_covered_display": "100", "missing_lines": 0, "excluded_lines": 0, "percent_statements_covered": 100.0, "percent_statements_covered_display": "100"}, "missing_lines": [], "excluded_lines": []}, "start_task": {"executed_lines": [199, 200, 202, 206, 214], "summary": {"covered_lines": 5, "num_statements": 6, "percent_covered": 83.33333333333333, "percent_covered_display": "83", "missing_lines": 1, "excluded_lines": 0, "percent_statements_covered": 83.33333333333333, "percent_statements_covered_display": "83"}, "missing_lines": [203], "excluded_lines": []}, "_build_task_description": {"executed_lines": [226, 227, 228, 232, 233, 234, 236, 237, 238, 239, 240, 241, 242, 243, 244, 246, 247, 249, 250, 251, 252, 253, 254, 255, 256, 257, 259], "summary": {"covered_lines": 27, "num_statements": 27, "percent_covered": 100.0, "percent_covered_display": "100", "missing_lines": 0, "excluded_lines": 0, "percent_statements_covered": 100.0, "percent_statements_covered_display": "100"}, "missing_lines": [], "excluded_lines": []}, "get_task": {"executed_lines": [272, 274, 275, 280], "summary": {"covered_lines": 4, "num_statements": 4, "percent_covered": 100.0, "percent_covered_display": "100", "missing_lines": 0, "excluded_lines": 0, "percent_statements_covered": 100.0, "percent_statements_covered_display": "100"}, "missing_lines": [], "excluded_lines": []}, "list_tasks": {"executed_lines": [299, 300, 302], "summary": {"covered_lines": 3, "num_statements": 3, "percent_covered": 100.0, "percent_covered_display": "100", "missing_lines": 0, "excluded_lines": 0, "percent_statements_covered": 100.0, "percent_statements_covered_display": "100"}, "missing_lines": [], "excluded_lines": []}, "cancel_task": {"executed_lines": [325, 327, 328, 333], "summary": {"covered_lines": 4, "num_statements": 4, "percent_covered": 100.0, "percent_covered_display": "100", "missing_lines": 0, "excluded_lines": 0, "percent_statements_covered": 100.0, "percent_statements_covered_display": "100"}, "missing_lines": [], "excluded_lines": []}, "get_stats": {"executed_lines": [342, 344], "summary": {"covered_lines": 2, "num_statements": 2, "percent_covered": 100.0, "percent_covered_display": "100", "missing_lines": 0, "excluded_lines": 0, "percent_statements_covered": 100.0, "percent_statements_covered_display": "100"}, "missing_lines": [], "excluded_lines": []}, "create_profile": {"executed_lines": [369, 371, 372, 373, 374, 375, 380, 386], "summary": {"covered_lines": 8, "num_statements": 8, "percent_covered": 100.0, "percent_covered_display": "100", "missing_lines": 0, "excluded_lines": 0, "percent_statements_covered": 100.0, "percent_statements_covered_display": "100"}, "missing_lines": [], "excluded_lines": []}, "list_profiles": {"executed_lines": [401, 402, 404], "summary": {"covered_lines": 3, "num_statements": 3, "percent_covered": 100.0, "percent_covered_display": "100", "missing_lines": 0, "excluded_lines": 0, "percent_statements_covered": 100.0, "percent_statements_covered_display": "100"}, "missing_lines": [], "excluded_lines": []}, "delete_profile": {"executed_lines": [423, 425, 426, 431], "summary": {"covered_lines": 4, "num_statements": 4, "percent_covered": 100.0, "percent_covered_display": "100", "missing_lines": 0, "excluded_lines": 0, "percent_statements_covered": 100.0, "percent_statements_covered_display": "100"}, "missing_lines": [], "excluded_lines": []}, "verify_profile_login": {"executed_lines": [441, 443, 444, 449, 451], "summary": {"covered_lines": 5, "num_statements": 5, "percent_covered": 100.0, "percent_covered_display": "100", "missing_lines": 0, "excluded_lines": 0, "percent_statements_covered": 100.0, "percent_statements_covered_display": "100"}, "missing_lines": [], "excluded_lines": []}, "start_bot": {"executed_lines": [474, 475], "summary": {"covered_lines": 2, "num_statements": 2, "percent_covered": 100.0, "percent_covered_display": "100", "missing_lines": 0, "excluded_lines": 0, "percent_statements_covered": 100.0, "percent_statements_covered_display": "100"}, "missing_lines": [], "excluded_lines": []}, "stop_bot": {"executed_lines": [484, 485], "summary": {"covered_lines": 2, "num_statements": 2, "percent_covered": 100.0, "percent_covered_display": "100", "missing_lines": 0, "excluded_lines": 0, "percent_statements_covered": 100.0, "percent_statements_covered_display": "100"}, "missing_lines": [], "excluded_lines": []}, "": {"executed_lines": [8, 9, 10, 11, 13, 20, 23, 25, 26, 27, 28, 29, 30, 37, 40, 41, 49, 93, 101, 114, 115, 117, 122, 126, 130, 133, 134, 136, 137, 138, 139, 140, 141, 142, 143, 144, 147, 148, 150, 151, 152, 153, 154, 157, 158, 160, 161, 167, 168, 170, 171, 172, 173, 174, 182, 183, 224, 265, 266, 293, 294, 318, 319, 336, 337, 358, 359, 395, 396, 416, 417, 434, 435, 467, 468, 478, 479], "summary": {"covered_lines": 72, "num_statements": 72, "percent_covered": 100.0, "percent_covered_display": "100", "missing_lines": 0, "excluded_lines": 0, "percent_statements_covered": 100.0, "percent_statements_covered_display": "100"}, "missing_lines": [], "excluded_lines": []}}, "classes": {"StartTaskRequest": {"executed_lines": [], "summary": {"covered_lines": 0, "num_statements": 0, "percent_covered": 100.0, "percent_covered_display": "100", "missing_lines": 0, "excluded_lines": 0, "percent_statements_covered": 100.0, "percent_statements_covered_display": "100"}, "missing_lines": [], "excluded_lines": []}, "TaskResponse": {"executed_lines": [], "summary": {"covered_lines": 0, "num_statements": 0, "percent_covered": 100.0, "percent_covered_display": "100", "missing_lines": 0, "excluded_lines": 0, "percent_statements_covered": 100.0, "percent_statements_covered_display": "100"}, "missing_lines": [], "excluded_lines": []}, "QueueStatsResponse": {"executed_lines": [], "summary": {"covered_lines": 0, "num_statements": 0, "percent_covered": 100.0, "percent_covered_display": "100", "missing_lines": 0, "excluded_lines": 0, "percent_statements_covered": 100.0, "percent_statements_covered_display": "100"}, "missing_lines": [], "excluded_lines": []}, "ProfileRequest": {"executed_lines": [], "summary": {"covered_lines": 0, "num_statements": 0, "percent_covered": 100.0, "percent_covered_display": "100", "missing_lines": 0, "excluded_lines": 0, "percent_statements_covered": 100.0, "percent_statements_covered_display": "100"}, "missing_lines": [], "excluded_lines": []}, "ProfileResponse": {"executed_lines": [], "summary": {"covered_lines": 0, "num_statements": 0, "percent_covered": 100.0, "percent_covered_display": "100", "missing_lines": 0, "excluded_lines": 0, "percent_statements_covered": 100.0, "percent_statements_covered_display": "100"}, "missing_lines": [], "excluded_lines": []}, "": {"executed_lines": [8, 9, 10, 11, 13, 20, 23, 25, 26, 27, 28, 29, 30, 37, 40, 41, 49, 56, 57, 58, 60, 61, 76, 78, 79, 90, 93, 96, 97, 98, 101, 104, 105, 106, 114, 115, 117, 122, 126, 130, 133, 134, 136, 137, 138, 139, 140, 141, 142, 143, 144, 147, 148, 150, 151, 152, 153, 154, 157, 158, 160, 161, 167, 168, 170, 171, 172, 173, 174, 182, 183, 199, 200, 202, 206, 214, 224, 226, 227, 228, 232, 233, 234, 236, 237, 238, 239, 240, 241, 242, 243, 244, 246, 247, 249, 250, 251, 252, 253, 254, 255, 256, 257, 259, 265, 266, 272, 274, 275, 280, 293, 294, 299, 300, 302, 318, 319, 325, 327, 328, 333, 336, 337, 342, 344, 358, 359, 369, 371, 372, 373, 374, 375, 380, 386, 395, 396, 401, 402, 404, 416, 417, 423, 425, 426, 431, 434, 435, 441, 443, 444, 449, 451, 467, 468, 474, 475, 478, 479, 484, 485], "summary": {"covered_lines": 156, "num_statements": 157, "percent_covered": 99.36305732484077, "percent_covered_display": "99", "missing_lines": 1, "excluded_lines": 0, "percent_statements_covered": 99.36305732484077, "percent_statements_covered_display": "99"}, "missing_lines": [203], "excluded_lines": []}}}, "backend/api/routes/chatwoot.py": {"executed_lines": [1, 6, 7, 8, 10, 11, 12, 14, 16, 17, 18, 19, 21, 22, 23, 25, 26, 27, 39, 40, 42, 43, 44, 45, 46, 48, 50, 51, 56, 57, 58, 59, 60, 61, 63, 65, 66, 72, 73, 74, 75, 76, 78], "summary": {"covered_lines": 42, "num_statements": 44, "percent_covered": 95.45454545454545, "percent_covered_display": "95", "missing_lines": 2, "excluded_lines": 0, "percent_statements_covered": 95.45454545454545, "percent_statements_covered_display": "95"}, "missing_lines": [32, 37], "excluded_lines": [], "functions": {"get_chatwoot_client": {"executed_lines": [26, 27], "summary": {"covered_lines": 2, "num_statements": 4, "percent_covered": 50.0, "percent_covered_display": "50", "missing_lines": 2, "excluded_lines": 0, "percent_statements_covered": 50.0, "percent_statements_covered_display": "50"}, "missing_lines": [32, 37], "excluded_lines": []}, "list_inboxes": {"executed_lines": [42, 43, 44, 45, 46, 48], "summary": {"covered_lines": 6, "num_statements": 6, "percent_covered": 100.0, "percent_covered_display": "100", "missing_lines": 0, "excluded_lines": 0, "percent_statements_covered": 100.0, "percent_statements_covered_display": "100"}, "missing_lines": [], "excluded_lines": []}, "create_contact": {"executed_lines": [56, 57, 58, 59, 60, 61, 63], "summary": {"covered_lines": 7, "num_statements": 7, "percent_covered": 100.0, "percent_covered_display": "100", "missing_lines": 0, "excluded_lines": 0, "percent_statements_covered": 100.0, "percent_statements_covered_display": "100"}, "missing_lines": [], "excluded_lines": []}, "send_message": {"executed_lines": [72, 73, 74, 75, 76, 78], "summary": {"covered_lines": 6, "num_statements": 6, "percent_covered": 100.0, "percent_covered_display": "100", "missing_lines": 0, "excluded_lines": 0, "percent_statements_covered": 100.0, "percent_statements_covered_display": "100"}, "missing_lines": [], "excluded_lines": []}, "": {"executed_lines": [1, 6, 7, 8, 10, 11, 12, 14, 16, 17, 18, 19, 21, 22, 23, 25, 39, 40, 50, 51, 65, 66], "summary": {"covered_lines": 21, "num_statements": 21, "percent_covered": 100.0, "percent_covered_display": "100", "missing_lines": 0, "excluded_lines": 0, "percent_statements_covered": 100.0, "percent_statements_covered_display": "100"}, "missing_lines": [], "excluded_lines": []}}, "classes": {"ChatwootContactCreate": {"executed_lines": [], "summary": {"covered_lines": 0, "num_statements": 0, "percent_covered": 100.0, "percent_covered_display": "100", "missing_lines": 0, "excluded_lines": 0, "percent_statements_covered": 100.0, "percent_statements_covered_display": "100"}, "missing_lines": [], "excluded_lines": []}, "ChatwootMessageSend": {"executed_lines": [], "summary": {"covered_lines": 0, "num_statements": 0, "percent_covered": 100.0, "percent_covered_display": "100", "missing_lines": 0, "excluded_lines": 0, "percent_statements_covered": 100.0, "percent_statements_covered_display": "100"}, "missing_lines": [], "excluded_lines": []}, "": {"executed_lines": [1, 6, 7, 8, 10, 11, 12, 14, 16, 17, 18, 19, 21, 22, 23, 25, 26, 27, 39, 40, 42, 43, 44, 45, 46, 48, 50, 51, 56, 57, 58, 59, 60, 61, 63, 65, 66, 72, 73, 74, 75, 76, 78], "summary": {"covered_lines": 42, "num_statements": 44, "percent_covered": 95.45454545454545, "percent_covered_display": "95", "missing_lines": 2, "excluded_lines": 0, "percent_statements_covered": 95.45454545454545, "percent_statements_covered_display": "95"}, "missing_lines": [32, 37], "excluded_lines": []}}}, "backend/api/routes/content.py": {"executed_lines": [1, 6, 7, 8, 9, 10, 12, 13, 17, 19, 22, 23, 24, 25, 26, 27, 28, 29, 30, 31, 34, 35, 36, 37, 38, 39, 42, 43, 44, 45, 46, 49, 50, 63, 66, 69, 76, 82, 90, 91, 93, 94, 98, 103, 104, 110, 112, 120, 121, 126, 127, 139, 142, 144, 150, 157, 166, 167, 169, 170, 174, 179, 185, 187, 200, 201, 213, 216, 218, 224, 229, 240, 241, 243, 244, 248, 254, 260, 262, 275, 276, 299, 300], "summary": {"covered_lines": 79, "num_statements": 99, "percent_covered": 79.79797979797979, "percent_covered_display": "80", "missing_lines": 20, "excluded_lines": 0, "percent_statements_covered": 79.79797979797979, "percent_statements_covered_display": "80"}, "missing_lines": [122, 123, 180, 194, 195, 196, 197, 255, 269, 270, 271, 272, 281, 284, 285, 287, 289, 290, 292, 302], "excluded_lines": [], "functions": {"generate_product_video": {"executed_lines": [63, 66, 69, 76, 82, 90, 91, 93, 94, 98, 103, 104, 110, 112, 120, 121], "summary": {"covered_lines": 16, "num_statements": 18, "percent_covered": 88.88888888888889, "percent_covered_display": "89", "missing_lines": 2, "excluded_lines": 0, "percent_statements_covered": 88.88888888888889, "percent_statements_covered_display": "89"}, "missing_lines": [122, 123], "excluded_lines": []}, "generate_text_video": {"executed_lines": [139, 142, 144, 150, 157, 166, 167, 169, 170, 174, 179, 185, 187], "summary": {"covered_lines": 13, "num_statements": 18, "percent_covered": 72.22222222222223, "percent_covered_display": "72", "missing_lines": 5, "excluded_lines": 0, "percent_statements_covered": 72.22222222222223, "percent_statements_covered_display": "72"}, "missing_lines": [180, 194, 195, 196, 197], "excluded_lines": []}, "generate_deal_alert": {"executed_lines": [213, 216, 218, 224, 229, 240, 241, 243, 244, 248, 254, 260, 262], "summary": {"covered_lines": 13, "num_statements": 18, "percent_covered": 72.22222222222223, "percent_covered_display": "72", "missing_lines": 5, "excluded_lines": 0, "percent_statements_covered": 72.22222222222223, "percent_statements_covered_display": "72"}, "missing_lines": [255, 269, 270, 271, 272], "excluded_lines": []}, "download_file": {"executed_lines": [], "summary": {"covered_lines": 0, "num_statements": 7, "percent_covered": 0.0, "percent_covered_display": "0", "missing_lines": 7, "excluded_lines": 0, "percent_statements_covered": 0.0, "percent_statements_covered_display": "0"}, "missing_lines": [281, 284, 285, 287, 289, 290, 292], "excluded_lines": []}, "list_templates": {"executed_lines": [], "summary": {"covered_lines": 0, "num_statements": 1, "percent_covered": 0.0, "percent_covered_display": "0", "missing_lines": 1, "excluded_lines": 0, "percent_statements_covered": 0.0, "percent_statements_covered_display": "0"}, "missing_lines": [302], "excluded_lines": []}, "": {"executed_lines": [1, 6, 7, 8, 9, 10, 12, 13, 17, 19, 22, 23, 24, 25, 26, 27, 28, 29, 30, 31, 34, 35, 36, 37, 38, 39, 42, 43, 44, 45, 46, 49, 50, 126, 127, 200, 201, 275, 276, 299, 300], "summary": {"covered_lines": 37, "num_statements": 37, "percent_covered": 100.0, "percent_covered_display": "100", "missing_lines": 0, "excluded_lines": 0, "percent_statements_covered": 100.0, "percent_statements_covered_display": "100"}, "missing_lines": [], "excluded_lines": []}}, "classes": {"ProductVideoRequest": {"executed_lines": [], "summary": {"covered_lines": 0, "num_statements": 0, "percent_covered": 100.0, "percent_covered_display": "100", "missing_lines": 0, "excluded_lines": 0, "percent_statements_covered": 100.0, "percent_statements_covered_display": "100"}, "missing_lines": [], "excluded_lines": []}, "TextVideoRequest": {"executed_lines": [], "summary": {"covered_lines": 0, "num_statements": 0, "percent_covered": 100.0, "percent_covered_display": "100", "missing_lines": 0, "excluded_lines": 0, "percent_statements_covered": 100.0, "percent_statements_covered_display": "100"}, "missing_lines": [], "excluded_lines": []}, "DealAlertRequest": {"executed_lines": [], "summary": {"covered_lines": 0, "num_statements": 0, "percent_covered": 100.0, "percent_covered_display": "100", "missing_lines": 0, "excluded_lines": 0, "percent_statements_covered": 100.0, "percent_statements_covered_display": "100"}, "missing_lines": [], "excluded_lines": []}, "": {"executed_lines": [1, 6, 7, 8, 9, 10, 12, 13, 17, 19, 22, 23, 24, 25, 26, 27, 28, 29, 30, 31, 34, 35, 36, 37, 38, 39, 42, 43, 44, 45, 46, 49, 50, 63, 66, 69, 76, 82, 90, 91, 93, 94, 98, 103, 104, 110, 112, 120, 121, 126, 127, 139, 142, 144, 150, 157, 166, 167, 169, 170, 174, 179, 185, 187, 200, 201, 213, 216, 218, 224, 229, 240, 241, 243, 244, 248, 254, 260, 262, 275, 276, 299, 300], "summary": {"covered_lines": 79, "num_statements": 99, "percent_covered": 79.79797979797979, "percent_covered_display": "80", "missing_lines": 20, "excluded_lines": 0, "percent_statements_covered": 79.79797979797979, "percent_statements_covered_display": "80"}, "missing_lines": [122, 123, 180, 194, 195, 196, 197, 255, 269, 270, 271, 272, 281, 284, 285, 287, 289, 290, 292, 302], "excluded_lines": []}}}, "backend/api/routes/copy.py": {"executed_lines": [1, 6, 7, 9, 10, 12, 13, 14, 15, 18, 21, 22, 23, 24, 25, 26, 27, 28, 29, 30, 31, 32, 33, 34, 35, 38, 39, 40, 41, 42, 43, 44, 45, 46, 47, 48, 49, 50, 53, 54, 55, 56, 57, 58, 59, 60, 61, 64, 65, 66, 67, 68, 69, 72, 73, 82, 83, 86, 87, 88, 89, 100, 107, 108, 109, 117, 133, 136, 139, 146, 154, 155, 157, 158, 160, 169, 170, 172, 173, 175, 184, 185, 191, 192, 198, 201, 202, 207, 237, 238, 247, 254, 255, 256, 258, 259, 260, 266, 267], "summary": {"covered_lines": 94, "num_statements": 94, "percent_covered": 100.0, "percent_covered_display": "100", "missing_lines": 0, "excluded_lines": 0, "percent_statements_covered": 100.0, "percent_statements_covered_display": "100"}, "missing_lines": [], "excluded_lines": [], "functions": {"generate_copy": {"executed_lines": [82, 83, 86, 87, 88, 89, 100, 107, 108, 109, 117, 133, 136, 139, 146], "summary": {"covered_lines": 15, "num_statements": 15, "percent_covered": 100.0, "percent_covered_display": "100", "missing_lines": 0, "excluded_lines": 0, "percent_statements_covered": 100.0, "percent_statements_covered_display": "100"}, "missing_lines": [], "excluded_lines": []}, "get_credits_status": {"executed_lines": [157, 158, 160], "summary": {"covered_lines": 3, "num_statements": 3, "percent_covered": 100.0, "percent_covered_display": "100", "missing_lines": 0, "excluded_lines": 0, "percent_statements_covered": 100.0, "percent_statements_covered_display": "100"}, "missing_lines": [], "excluded_lines": []}, "get_quota_status": {"executed_lines": [172, 173, 175], "summary": {"covered_lines": 3, "num_statements": 3, "percent_covered": 100.0, "percent_covered_display": "100", "missing_lines": 0, "excluded_lines": 0, "percent_statements_covered": 100.0, "percent_statements_covered_display": "100"}, "missing_lines": [], "excluded_lines": []}, "get_copy_history": {"executed_lines": [191, 192, 198], "summary": {"covered_lines": 3, "num_statements": 3, "percent_covered": 100.0, "percent_covered_display": "100", "missing_lines": 0, "excluded_lines": 0, "percent_statements_covered": 100.0, "percent_statements_covered_display": "100"}, "missing_lines": [], "excluded_lines": []}, "get_copy_templates": {"executed_lines": [207], "summary": {"covered_lines": 1, "num_statements": 1, "percent_covered": 100.0, "percent_covered_display": "100", "missing_lines": 0, "excluded_lines": 0, "percent_statements_covered": 100.0, "percent_statements_covered_display": "100"}, "missing_lines": [], "excluded_lines": []}, "apply_template": {"executed_lines": [247, 254, 255, 256, 258, 259, 260, 266, 267], "summary": {"covered_lines": 9, "num_statements": 9, "percent_covered": 100.0, "percent_covered_display": "100", "missing_lines": 0, "excluded_lines": 0, "percent_statements_covered": 100.0, "percent_statements_covered_display": "100"}, "missing_lines": [], "excluded_lines": []}, "": {"executed_lines": [1, 6, 7, 9, 10, 12, 13, 14, 15, 18, 21, 22, 23, 24, 25, 26, 27, 28, 29, 30, 31, 32, 33, 34, 35, 38, 39, 40, 41, 42, 43, 44, 45, 46, 47, 48, 49, 50, 53, 54, 55, 56, 57, 58, 59, 60, 61, 64, 65, 66, 67, 68, 69, 72, 73, 154, 155, 169, 170, 184, 185, 201, 202, 237, 238], "summary": {"covered_lines": 60, "num_statements": 60, "percent_covered": 100.0, "percent_covered_display": "100", "missing_lines": 0, "excluded_lines": 0, "percent_statements_covered": 100.0, "percent_statements_covered_display": "100"}, "missing_lines": [], "excluded_lines": []}}, "classes": {"CopyRequest": {"executed_lines": [], "summary": {"covered_lines": 0, "num_statements": 0, "percent_covered": 100.0, "percent_covered_display": "100", "missing_lines": 0, "excluded_lines": 0, "percent_statements_covered": 100.0, "percent_statements_covered_display": "100"}, "missing_lines": [], "excluded_lines": []}, "CopyResponse": {"executed_lines": [], "summary": {"covered_lines": 0, "num_statements": 0, "percent_covered": 100.0, "percent_covered_display": "100", "missing_lines": 0, "excluded_lines": 0, "percent_statements_covered": 100.0, "percent_statements_covered_display": "100"}, "missing_lines": [], "excluded_lines": []}, "CopyHistoryItem": {"executed_lines": [], "summary": {"covered_lines": 0, "num_statements": 0, "percent_covered": 100.0, "percent_covered_display": "100", "missing_lines": 0, "excluded_lines": 0, "percent_statements_covered": 100.0, "percent_statements_covered_display": "100"}, "missing_lines": [], "excluded_lines": []}, "CreditsStatus": {"executed_lines": [], "summary": {"covered_lines": 0, "num_statements": 0, "percent_covered": 100.0, "percent_covered_display": "100", "missing_lines": 0, "excluded_lines": 0, "percent_statements_covered": 100.0, "percent_statements_covered_display": "100"}, "missing_lines": [], "excluded_lines": []}, "": {"executed_lines": [1, 6, 7, 9, 10, 12, 13, 14, 15, 18, 21, 22, 23, 24, 25, 26, 27, 28, 29, 30, 31, 32, 33, 34, 35, 38, 39, 40, 41, 42, 43, 44, 45, 46, 47, 48, 49, 50, 53, 54, 55, 56, 57, 58, 59, 60, 61, 64, 65, 66, 67, 68, 69, 72, 73, 82, 83, 86, 87, 88, 89, 100, 107, 108, 109, 117, 133, 136, 139, 146, 154, 155, 157, 158, 160, 169, 170, 172, 173, 175, 184, 185, 191, 192, 198, 201, 202, 207, 237, 238, 247, 254, 255, 256, 258, 259, 260, 266, 267], "summary": {"covered_lines": 94, "num_statements": 94, "percent_covered": 100.0, "percent_covered_display": "100", "missing_lines": 0, "excluded_lines": 0, "percent_statements_covered": 100.0, "percent_statements_covered_display": "100"}, "missing_lines": [], "excluded_lines": []}}}, "backend/api/routes/instagram.py": {"executed_lines": [1, 2, 3, 4, 5, 6, 8, 9, 10, 12, 15, 16, 17, 18, 21, 22, 23, 24, 27, 28, 29, 30, 33, 34, 41, 46, 48, 49, 50, 51, 52, 53, 58, 60, 62, 63, 66, 68, 69, 74, 81, 82, 83, 88, 94, 95, 96, 101, 107, 110, 111, 120, 123, 124, 125, 174, 175, 205, 206, 214, 215, 217, 218, 221, 222, 224, 225, 226, 231, 232, 233, 235, 236, 238, 239, 241, 242, 243, 244, 245, 246, 248, 250, 251, 252, 254, 255], "summary": {"covered_lines": 87, "num_statements": 112, "percent_covered": 77.67857142857143, "percent_covered_display": "78", "missing_lines": 25, "excluded_lines": 0, "percent_statements_covered": 77.67857142857143, "percent_statements_covered_display": "78"}, "missing_lines": [130, 133, 138, 140, 142, 145, 148, 155, 157, 162, 163, 165, 166, 171, 187, 188, 190, 191, 192, 193, 198, 202, 203, 227, 228], "excluded_lines": [], "functions": {"login": {"executed_lines": [41, 46, 48, 49, 50, 51, 52, 53, 58, 60, 62, 63, 66, 68, 69, 74, 81, 82, 83, 88, 94, 95, 96, 101, 107], "summary": {"covered_lines": 25, "num_statements": 25, "percent_covered": 100.0, "percent_covered_display": "100", "missing_lines": 0, "excluded_lines": 0, "percent_statements_covered": 100.0, "percent_statements_covered_display": "100"}, "missing_lines": [], "excluded_lines": []}, "resolve_challenge": {"executed_lines": [120, 123, 124, 125], "summary": {"covered_lines": 4, "num_statements": 18, "percent_covered": 22.22222222222222, "percent_covered_display": "22", "missing_lines": 14, "excluded_lines": 0, "percent_statements_covered": 22.22222222222222, "percent_statements_covered_display": "22"}, "missing_lines": [130, 133, 138, 140, 142, 145, 148, 155, 157, 162, 163, 165, 166, 171], "excluded_lines": []}, "request_challenge_code": {"executed_lines": [], "summary": {"covered_lines": 0, "num_statements": 9, "percent_covered": 0.0, "percent_covered_display": "0", "missing_lines": 9, "excluded_lines": 0, "percent_statements_covered": 0.0, "percent_statements_covered_display": "0"}, "missing_lines": [187, 188, 190, 191, 192, 193, 198, 202, 203], "excluded_lines": []}, "upload_media": {"executed_lines": [214, 215, 217, 218, 221, 222, 224, 225, 226, 231, 232, 233, 235, 236, 238, 239, 241, 242, 243, 244, 245, 246, 248, 250, 251, 252, 254, 255], "summary": {"covered_lines": 28, "num_statements": 30, "percent_covered": 93.33333333333333, "percent_covered_display": "93", "missing_lines": 2, "excluded_lines": 0, "percent_statements_covered": 93.33333333333333, "percent_statements_covered_display": "93"}, "missing_lines": [227, 228], "excluded_lines": []}, "": {"executed_lines": [1, 2, 3, 4, 5, 6, 8, 9, 10, 12, 15, 16, 17, 18, 21, 22, 23, 24, 27, 28, 29, 30, 33, 34, 110, 111, 174, 175, 205, 206], "summary": {"covered_lines": 30, "num_statements": 30, "percent_covered": 100.0, "percent_covered_display": "100", "missing_lines": 0, "excluded_lines": 0, "percent_statements_covered": 100.0, "percent_statements_covered_display": "100"}, "missing_lines": [], "excluded_lines": []}}, "classes": {"InstagramLogin": {"executed_lines": [], "summary": {"covered_lines": 0, "num_statements": 0, "percent_covered": 100.0, "percent_covered_display": "100", "missing_lines": 0, "excluded_lines": 0, "percent_statements_covered": 100.0, "percent_statements_covered_display": "100"}, "missing_lines": [], "excluded_lines": []}, "InstagramChallenge": {"executed_lines": [], "summary": {"covered_lines": 0, "num_statements": 0, "percent_covered": 100.0, "percent_covered_display": "100", "missing_lines": 0, "excluded_lines": 0, "percent_statements_covered": 100.0, "percent_statements_covered_display": "100"}, "missing_lines": [], "excluded_lines": []}, "InstagramPost": {"executed_lines": [], "summary": {"covered_lines": 0, "num_statements": 0, "percent_covered": 100.0, "percent_covered_display": "100", "missing_lines": 0, "excluded_lines": 0, "percent_statements_covered": 100.0, "percent_statements_covered_display": "100"}, "missing_lines": [], "excluded_lines": []}, "": {"executed_lines": [1, 2, 3, 4, 5, 6, 8, 9, 10, 12, 15, 16, 17, 18, 21, 22, 23, 24, 27, 28, 29, 30, 33, 34, 41, 46, 48, 49, 50, 51, 52, 53, 58, 60, 62, 63, 66, 68, 69, 74, 81, 82, 83, 88, 94, 95, 96, 101, 107, 110, 111, 120, 123, 124, 125, 174, 175, 205, 206, 214, 215, 217, 218, 221, 222, 224, 225, 226, 231, 232, 233, 235, 236, 238, 239, 241, 242, 243, 244, 245, 246, 248, 250, 251, 252, 254, 255], "summary": {"covered_lines": 87, "num_statements": 112, "percent_covered": 77.67857142857143, "percent_covered_display": "78", "missing_lines": 25, "excluded_lines": 0, "percent_statements_covered": 77.67857142857143, "percent_statements_covered_display": "78"}, "missing_lines": [130, 133, 138, 140, 142, 145, 148, 155, 157, 162, 163, 165, 166, 171, 187, 188, 190, 191, 192, 193, 198, 202, 203, 227, 228], "excluded_lines": []}}}, "backend/api/routes/integrations.py": {"executed_lines": [1, 6, 7, 8, 10, 11, 12, 15, 16, 18, 23, 24, 25, 26, 27, 30, 31, 32, 33, 36, 37, 38, 39, 40, 43, 44, 45, 46, 49, 50, 51, 52, 53, 56, 57, 58, 59, 60, 61, 66, 80, 81, 90, 91, 92, 93, 94, 102, 103, 114, 115, 116, 117, 123, 134, 135, 142, 143, 144, 145, 146, 159, 160, 169, 170, 171, 172, 176, 186, 200, 201, 210, 211, 212, 213, 219, 220, 226, 247, 248, 255, 256, 257, 258, 264, 265, 271, 292, 293, 300, 301, 302, 303, 308, 317, 318, 325, 326, 328, 329, 334, 335, 336, 341, 342, 348, 364, 365, 376, 378, 379, 380, 382, 383, 384, 387], "summary": {"covered_lines": 109, "num_statements": 133, "percent_covered": 81.95488721804512, "percent_covered_display": "82", "missing_lines": 24, "excluded_lines": 0, "percent_statements_covered": 81.95488721804512, "percent_statements_covered_display": "82"}, "missing_lines": [68, 69, 73, 77, 98, 99, 130, 131, 155, 156, 180, 181, 188, 189, 193, 197, 243, 244, 288, 289, 313, 314, 381, 385], "excluded_lines": [], "functions": {"get_n8n_client": {"executed_lines": [], "summary": {"covered_lines": 0, "num_statements": 4, "percent_covered": 0.0, "percent_covered_display": "0", "missing_lines": 4, "excluded_lines": 0, "percent_statements_covered": 0.0, "percent_statements_covered_display": "0"}, "missing_lines": [68, 69, 73, 77], "excluded_lines": []}, "list_n8n_workflows": {"executed_lines": [90, 91, 92, 93, 94], "summary": {"covered_lines": 5, "num_statements": 7, "percent_covered": 71.42857142857143, "percent_covered_display": "71", "missing_lines": 2, "excluded_lines": 0, "percent_statements_covered": 71.42857142857143, "percent_statements_covered_display": "71"}, "missing_lines": [98, 99], "excluded_lines": []}, "trigger_n8n_workflow": {"executed_lines": [114, 115, 116, 117, 123], "summary": {"covered_lines": 5, "num_statements": 7, "percent_covered": 71.42857142857143, "percent_covered_display": "71", "missing_lines": 2, "excluded_lines": 0, "percent_statements_covered": 71.42857142857143, "percent_statements_covered_display": "71"}, "missing_lines": [130, 131], "excluded_lines": []}, "get_n8n_execution": {"executed_lines": [142, 143, 144, 145, 146], "summary": {"covered_lines": 5, "num_statements": 7, "percent_covered": 71.42857142857143, "percent_covered_display": "71", "missing_lines": 2, "excluded_lines": 0, "percent_statements_covered": 71.42857142857143, "percent_statements_covered_display": "71"}, "missing_lines": [155, 156], "excluded_lines": []}, "trigger_n8n_webhook": {"executed_lines": [169, 170, 171, 172, 176], "summary": {"covered_lines": 5, "num_statements": 7, "percent_covered": 71.42857142857143, "percent_covered_display": "71", "missing_lines": 2, "excluded_lines": 0, "percent_statements_covered": 71.42857142857143, "percent_statements_covered_display": "71"}, "missing_lines": [180, 181], "excluded_lines": []}, "get_typebot_client": {"executed_lines": [], "summary": {"covered_lines": 0, "num_statements": 4, "percent_covered": 0.0, "percent_covered_display": "0", "missing_lines": 4, "excluded_lines": 0, "percent_statements_covered": 0.0, "percent_statements_covered_display": "0"}, "missing_lines": [188, 189, 193, 197], "excluded_lines": []}, "start_typebot_chat": {"executed_lines": [210, 211, 212, 213, 219, 220, 226], "summary": {"covered_lines": 7, "num_statements": 9, "percent_covered": 77.77777777777777, "percent_covered_display": "78", "missing_lines": 2, "excluded_lines": 0, "percent_statements_covered": 77.77777777777777, "percent_statements_covered_display": "78"}, "missing_lines": [243, 244], "excluded_lines": []}, "send_typebot_message": {"executed_lines": [255, 256, 257, 258, 264, 265, 271], "summary": {"covered_lines": 7, "num_statements": 9, "percent_covered": 77.77777777777777, "percent_covered_display": "78", "missing_lines": 2, "excluded_lines": 0, "percent_statements_covered": 77.77777777777777, "percent_statements_covered_display": "78"}, "missing_lines": [288, 289], "excluded_lines": []}, "set_typebot_variable": {"executed_lines": [300, 301, 302, 303, 308], "summary": {"covered_lines": 5, "num_statements": 7, "percent_covered": 71.42857142857143, "percent_covered_display": "71", "missing_lines": 2, "excluded_lines": 0, "percent_statements_covered": 71.42857142857143, "percent_statements_covered_display": "71"}, "missing_lines": [313, 314], "excluded_lines": []}, "get_typebot_session": {"executed_lines": [325, 326, 328, 329, 334, 335, 336], "summary": {"covered_lines": 7, "num_statements": 7, "percent_covered": 100.0, "percent_covered_display": "100", "missing_lines": 0, "excluded_lines": 0, "percent_statements_covered": 100.0, "percent_statements_covered_display": "100"}, "missing_lines": [], "excluded_lines": []}, "get_integration_config": {"executed_lines": [348], "summary": {"covered_lines": 1, "num_statements": 1, "percent_covered": 100.0, "percent_covered_display": "100", "missing_lines": 0, "excluded_lines": 0, "percent_statements_covered": 100.0, "percent_statements_covered_display": "100"}, "missing_lines": [], "excluded_lines": []}, "update_integration_config": {"executed_lines": [376, 378, 379, 380, 382, 383, 384, 387], "summary": {"covered_lines": 8, "num_statements": 10, "percent_covered": 80.0, "percent_covered_display": "80", "missing_lines": 2, "excluded_lines": 0, "percent_statements_covered": 80.0, "percent_statements_covered_display": "80"}, "missing_lines": [381, 385], "excluded_lines": []}, "": {"executed_lines": [1, 6, 7, 8, 10, 11, 12, 15, 16, 18, 23, 24, 25, 26, 27, 30, 31, 32, 33, 36, 37, 38, 39, 40, 43, 44, 45, 46, 49, 50, 51, 52, 53, 56, 57, 58, 59, 60, 61, 66, 80, 81, 102, 103, 134, 135, 159, 160, 186, 200, 201, 247, 248, 292, 293, 317, 318, 341, 342, 364, 365], "summary": {"covered_lines": 54, "num_statements": 54, "percent_covered": 100.0, "percent_covered_display": "100", "missing_lines": 0, "excluded_lines": 0, "percent_statements_covered": 100.0, "percent_statements_covered_display": "100"}, "missing_lines": [], "excluded_lines": []}}, "classes": {"N8nWorkflowTrigger": {"executed_lines": [], "summary": {"covered_lines": 0, "num_statements": 0, "percent_covered": 100.0, "percent_covered_display": "100", "missing_lines": 0, "excluded_lines": 0, "percent_statements_covered": 100.0, "percent_statements_covered_display": "100"}, "missing_lines": [], "excluded_lines": []}, "N8nWebhookTrigger": {"executed_lines": [], "summary": {"covered_lines": 0, "num_statements": 0, "percent_covered": 100.0, "percent_covered_display": "100", "missing_lines": 0, "excluded_lines": 0, "percent_statements_covered": 100.0, "percent_statements_covered_display": "100"}, "missing_lines": [], "excluded_lines": []}, "TypebotStartChat": {"executed_lines": [], "summary": {"covered_lines": 0, "num_statements": 0, "percent_covered": 100.0, "percent_covered_display": "100", "missing_lines": 0, "excluded_lines": 0, "percent_statements_covered": 100.0, "percent_statements_covered_display": "100"}, "missing_lines": [], "excluded_lines": []}, "TypebotSendMessage": {"executed_lines": [], "summary": {"covered_lines": 0, "num_statements": 0, "percent_covered": 100.0, "percent_covered_display": "100", "missing_lines": 0, "excluded_lines": 0, "percent_statements_covered": 100.0, "percent_statements_covered_display": "100"}, "missing_lines": [], "excluded_lines": []}, "TypebotSetVariable": {"executed_lines": [], "summary": {"covered_lines": 0, "num_statements": 0, "percent_covered": 100.0, "percent_covered_display": "100", "missing_lines": 0, "excluded_lines": 0, "percent_statements_covered": 100.0, "percent_statements_covered_display": "100"}, "missing_lines": [], "excluded_lines": []}, "IntegrationConfig": {"executed_lines": [], "summary": {"covered_lines": 0, "num_statements": 0, "percent_covered": 100.0, "percent_covered_display": "100", "missing_lines": 0, "excluded_lines": 0, "percent_statements_covered": 100.0, "percent_statements_covered_display": "100"}, "missing_lines": [], "excluded_lines": []}, "": {"executed_lines": [1, 6, 7, 8, 10, 11, 12, 15, 16, 18, 23, 24, 25, 26, 27, 30, 31, 32, 33, 36, 37, 38, 39, 40, 43, 44, 45, 46, 49, 50, 51, 52, 53, 56, 57, 58, 59, 60, 61, 66, 80, 81, 90, 91, 92, 93, 94, 102, 103, 114, 115, 116, 117, 123, 134, 135, 142, 143, 144, 145, 146, 159, 160, 169, 170, 171, 172, 176, 186, 200, 201, 210, 211, 212, 213, 219, 220, 226, 247, 248, 255, 256, 257, 258, 264, 265, 271, 292, 293, 300, 301, 302, 303, 308, 317, 318, 325, 326, 328, 329, 334, 335, 336, 341, 342, 348, 364, 365, 376, 378, 379, 380, 382, 383, 384, 387], "summary": {"covered_lines": 109, "num_statements": 133, "percent_covered": 81.95488721804512, "percent_covered_display": "82", "missing_lines": 24, "excluded_lines": 0, "percent_statements_covered": 81.95488721804512, "percent_statements_covered_display": "82"}, "missing_lines": [68, 69, 73, 77, 98, 99, 130, 131, 155, 156, 180, 181, 188, 189, 193, 197, 243, 244, 288, 289, 313, 314, 381, 385], "excluded_lines": []}}}, "backend/api/routes/license.py": {"executed_lines": [1, 6, 7, 8, 10, 11, 13, 14, 18, 23, 26, 27, 28, 29, 30, 33, 34, 35, 36, 37, 38, 39, 40, 43, 44, 45, 46, 47, 50, 51, 52, 53, 56, 57, 58, 59, 60, 61, 62, 63, 64, 67, 68, 73, 76, 78, 79, 85, 86, 92, 97, 100, 109, 110, 118, 120, 130, 131, 136, 139, 140, 146, 148, 149, 155, 157, 162, 170, 171, 178, 179, 187, 188, 189, 201, 207, 214, 215, 223, 226, 228, 235, 241, 247, 250, 251, 253, 255, 257, 264, 265, 267, 280, 281, 283, 285], "summary": {"covered_lines": 90, "num_statements": 95, "percent_covered": 94.73684210526316, "percent_covered_display": "95", "missing_lines": 5, "excluded_lines": 0, "percent_statements_covered": 94.73684210526316, "percent_statements_covered_display": "95"}, "missing_lines": [172, 180, 229, 242, 258], "excluded_lines": [], "functions": {"validate_license": {"executed_lines": [73, 76, 78, 79, 85, 86, 92, 97, 100, 109, 110, 118, 120], "summary": {"covered_lines": 13, "num_statements": 13, "percent_covered": 100.0, "percent_covered_display": "100", "missing_lines": 0, "excluded_lines": 0, "percent_statements_covered": 100.0, "percent_statements_covered_display": "100"}, "missing_lines": [], "excluded_lines": []}, "activate_license": {"executed_lines": [136, 139, 140, 146, 148, 149, 155, 157, 162, 170, 171, 178, 179, 187, 188, 189, 201, 207], "summary": {"covered_lines": 18, "num_statements": 20, "percent_covered": 90.0, "percent_covered_display": "90", "missing_lines": 2, "excluded_lines": 0, "percent_statements_covered": 90.0, "percent_statements_covered_display": "90"}, "missing_lines": [172, 180], "excluded_lines": []}, "deactivate_device": {"executed_lines": [223, 226, 228, 235, 241, 247], "summary": {"covered_lines": 6, "num_statements": 8, "percent_covered": 75.0, "percent_covered_display": "75", "missing_lines": 2, "excluded_lines": 0, "percent_statements_covered": 75.0, "percent_statements_covered_display": "75"}, "missing_lines": [229, 242], "excluded_lines": []}, "get_license_status": {"executed_lines": [253, 255, 257, 264, 265, 267], "summary": {"covered_lines": 6, "num_statements": 7, "percent_covered": 85.71428571428571, "percent_covered_display": "86", "missing_lines": 1, "excluded_lines": 0, "percent_statements_covered": 85.71428571428571, "percent_statements_covered_display": "86"}, "missing_lines": [258], "excluded_lines": []}, "get_available_plans": {"executed_lines": [283, 285], "summary": {"covered_lines": 2, "num_statements": 2, "percent_covered": 100.0, "percent_covered_display": "100", "missing_lines": 0, "excluded_lines": 0, "percent_statements_covered": 100.0, "percent_statements_covered_display": "100"}, "missing_li
[...]
, "summary": {"covered_lines": 47, "num_statements": 47, "percent_covered": 100.0, "percent_covered_display": "100", "missing_lines": 0, "excluded_lines": 0, "percent_statements_covered": 100.0, "percent_statements_covered_display": "100"}, "missing_lines": [], "excluded_lines": []}}, "classes": {"PostgresManager": {"executed_lines": [23, 24, 25, 29, 30, 32, 38, 39, 40, 45, 46, 47, 51, 52, 53, 55, 60, 61, 62], "summary": {"covered_lines": 19, "num_statements": 19, "percent_covered": 100.0, "percent_covered_display": "100", "missing_lines": 0, "excluded_lines": 0, "percent_statements_covered": 100.0, "percent_statements_covered_display": "100"}, "missing_lines": [], "excluded_lines": []}, "DBSession": {"executed_lines": [100, 101, 109, 117, 125, 126, 134, 135, 144, 152, 153, 157, 158, 159, 163, 164, 165, 168, 169, 172, 173, 175], "summary": {"covered_lines": 22, "num_statements": 22, "percent_covered": 100.0, "percent_covered_display": "100", "missing_lines": 0, "excluded_lines": 0, "percent_statements_covered": 100.0, "percent_statements_covered_display": "100"}, "missing_lines": [], "excluded_lines": []}, "Repository": {"executed_lines": [194, 195, 199, 200, 212, 213, 221, 257, 258, 260, 261, 268, 276, 278, 279, 287, 291, 292, 296], "summary": {"covered_lines": 19, "num_statements": 34, "percent_covered": 55.88235294117647, "percent_covered_display": "56", "missing_lines": 15, "excluded_lines": 0, "percent_statements_covered": 55.88235294117647, "percent_statements_covered_display": "56"}, "missing_lines": [229, 231, 232, 240, 244, 245, 247, 248, 249, 250, 252, 253, 300, 301, 305], "excluded_lines": []}, "": {"executed_lines": [1, 6, 7, 9, 10, 12, 15, 16, 18, 19, 20, 22, 27, 49, 57, 58, 66, 69, 71, 74, 76, 79, 81, 83, 86, 87, 89, 90, 91, 93, 96, 97, 99, 103, 111, 119, 128, 137, 150, 155, 161, 167, 171, 178, 179, 188, 189, 191, 193, 197, 205, 223, 242, 255, 270, 289, 298, 309, 311, 312, 315, 317, 318, 319], "summary": {"covered_lines": 60, "num_statements": 65, "percent_covered": 92.3076923076923, "percent_covered_display": "92", "missing_lines": 5, "excluded_lines": 0, "percent_statements_covered": 92.3076923076923, "percent_statements_covered_display": "92"}, "missing_lines": [82, 181, 182, 184, 185], "excluded_lines": []}}}, "backend/shared/redis.py": {"executed_lines": [1, 6, 7, 8, 10, 12, 15, 16, 18, 19, 20, 22, 23, 24, 25, 27, 29, 30, 32, 38, 41, 42, 43, 44, 45, 46, 48, 50, 51, 52, 54, 55, 56, 58, 60, 61, 63, 64, 65, 69, 73, 76, 78, 81, 83, 86, 88, 89, 90, 93, 94, 96, 97, 98, 100, 103, 104, 106, 107, 109, 111, 113, 115, 116, 118, 125, 126, 128, 130, 131, 133, 135, 136, 138, 140, 141, 143, 145, 146, 148, 150, 151, 153, 155, 156, 158, 160, 161, 162, 163, 165, 171, 173, 174, 175, 177, 178, 180, 182, 184, 185, 186, 188, 189, 191, 192, 194, 195, 197, 200, 201, 203, 204, 206, 208, 209, 211, 213, 215, 216, 217, 219, 221, 223, 224, 226, 228, 229, 231, 233, 234, 237, 238, 240, 241, 242, 243, 245, 247, 249, 250, 252, 253, 255, 256, 262, 263, 265, 267, 274, 276, 277, 279, 282, 290, 291, 292, 294, 295, 296, 298, 299, 302, 303, 305, 306, 308, 310, 311, 312, 314, 316, 317, 319, 321, 322, 324, 331, 333, 334], "summary": {"covered_lines": 174, "num_statements": 178, "percent_covered": 97.75280898876404, "percent_covered_display": "98", "missing_lines": 4, "excluded_lines": 0, "percent_statements_covered": 97.75280898876404, "percent_statements_covered_display": "98"}, "missing_lines": [326, 327, 328, 329], "excluded_lines": [], "functions": {"RedisManager.__new__": {"executed_lines": [23, 24, 25], "summary": {"covered_lines": 3, "num_statements": 3, "percent_covered": 100.0, "percent_covered_display": "100", "missing_lines": 0, "excluded_lines": 0, "percent_statements_covered": 100.0, "percent_statements_covered_display": "100"}, "missing_lines": [], "excluded_lines": []}, "RedisManager.init": {"executed_lines": [29, 30, 32, 38, 41, 42, 43, 44, 45, 46], "summary": {"covered_lines": 10, "num_statements": 10, "percent_covered": 100.0, "percent_covered_display": "100", "missing_lines": 0, "excluded_lines": 0, "percent_statements_covered": 100.0, "percent_statements_covered_display": "100"}, "missing_lines": [], "excluded_lines": []}, "RedisManager.close": {"executed_lines": [50, 51, 52, 54, 55, 56, 58], "summary": {"covered_lines": 7, "num_statements": 7, "percent_covered": 100.0, "percent_covered_display": "100", "missing_lines": 0, "excluded_lines": 0, "percent_statements_covered": 100.0, "percent_statements_covered_display": "100"}, "missing_lines": [], "excluded_lines": []}, "RedisManager.client": {"executed_lines": [63, 64, 65], "summary": {"covered_lines": 3, "num_statements": 3, "percent_covered": 100.0, "percent_covered_display": "100", "missing_lines": 0, "excluded_lines": 0, "percent_statements_covered": 100.0, "percent_statements_covered_display": "100"}, "missing_lines": [], "excluded_lines": []}, "init_redis": {"executed_lines": [78], "summary": {"covered_lines": 1, "num_statements": 1, "percent_covered": 100.0, "percent_covered_display": "100", "missing_lines": 0, "excluded_lines": 0, "percent_statements_covered": 100.0, "percent_statements_covered_display": "100"}, "missing_lines": [], "excluded_lines": []}, "close_redis": {"executed_lines": [83], "summary": {"covered_lines": 1, "num_statements": 1, "percent_covered": 100.0, "percent_covered_display": "100", "missing_lines": 0, "excluded_lines": 0, "percent_statements_covered": 100.0, "percent_statements_covered_display": "100"}, "missing_lines": [], "excluded_lines": []}, "get_redis": {"executed_lines": [88, 89, 90], "summary": {"covered_lines": 3, "num_statements": 3, "percent_covered": 100.0, "percent_covered_display": "100", "missing_lines": 0, "excluded_lines": 0, "percent_statements_covered": 100.0, "percent_statements_covered_display": "100"}, "missing_lines": [], "excluded_lines": []}, "redis_connection": {"executed_lines": [96, 97, 98, 100], "summary": {"covered_lines": 4, "num_statements": 4, "percent_covered": 100.0, "percent_covered_display": "100", "missing_lines": 0, "excluded_lines": 0, "percent_statements_covered": 100.0, "percent_statements_covered_display": "100"}, "missing_lines": [], "excluded_lines": []}, "RedisCache.__init__": {"executed_lines": [107], "summary": {"covered_lines": 1, "num_statements": 1, "percent_covered": 100.0, "percent_covered_display": "100", "missing_lines": 0, "excluded_lines": 0, "percent_statements_covered": 100.0, "percent_statements_covered_display": "100"}, "missing_lines": [], "excluded_lines": []}, "RedisCache._key": {"executed_lines": [111], "summary": {"covered_lines": 1, "num_statements": 1, "percent_covered": 100.0, "percent_covered_display": "100", "missing_lines": 0, "excluded_lines": 0, "percent_statements_covered": 100.0, "percent_statements_covered_display": "100"}, "missing_lines": [], "excluded_lines": []}, "RedisCache.get": {"executed_lines": [115, 116], "summary": {"covered_lines": 2, "num_statements": 2, "percent_covered": 100.0, "percent_covered_display": "100", "missing_lines": 0, "excluded_lines": 0, "percent_statements_covered": 100.0, "percent_statements_covered_display": "100"}, "missing_lines": [], "excluded_lines": []}, "RedisCache.set": {"executed_lines": [125, 126], "summary": {"covered_lines": 2, "num_statements": 2, "percent_covered": 100.0, "percent_covered_display": "100", "missing_lines": 0, "excluded_lines": 0, "percent_statements_covered": 100.0, "percent_statements_covered_display": "100"}, "missing_lines": [], "excluded_lines": []}, "RedisCache.delete": {"executed_lines": [130, 131], "summary": {"covered_lines": 2, "num_statements": 2, "percent_covered": 100.0, "percent_covered_display": "100", "missing_lines": 0, "excluded_lines": 0, "percent_statements_covered": 100.0, "percent_statements_covered_display": "100"}, "missing_lines": [], "excluded_lines": []}, "RedisCache.exists": {"executed_lines": [135, 136], "summary": {"covered_lines": 2, "num_statements": 2, "percent_covered": 100.0, "percent_covered_display": "100", "missing_lines": 0, "excluded_lines": 0, "percent_statements_covered": 100.0, "percent_statements_covered_display": "100"}, "missing_lines": [], "excluded_lines": []}, "RedisCache.incr": {"executed_lines": [140, 141], "summary": {"covered_lines": 2, "num_statements": 2, "percent_covered": 100.0, "percent_covered_display": "100", "missing_lines": 0, "excluded_lines": 0, "percent_statements_covered": 100.0, "percent_statements_covered_display": "100"}, "missing_lines": [], "excluded_lines": []}, "RedisCache.decr": {"executed_lines": [145, 146], "summary": {"covered_lines": 2, "num_statements": 2, "percent_covered": 100.0, "percent_covered_display": "100", "missing_lines": 0, "excluded_lines": 0, "percent_statements_covered": 100.0, "percent_statements_covered_display": "100"}, "missing_lines": [], "excluded_lines": []}, "RedisCache.expire": {"executed_lines": [150, 151], "summary": {"covered_lines": 2, "num_statements": 2, "percent_covered": 100.0, "percent_covered_display": "100", "missing_lines": 0, "excluded_lines": 0, "percent_statements_covered": 100.0, "percent_statements_covered_display": "100"}, "missing_lines": [], "excluded_lines": []}, "RedisCache.ttl": {"executed_lines": [155, 156], "summary": {"covered_lines": 2, "num_statements": 2, "percent_covered": 100.0, "percent_covered_display": "100", "missing_lines": 0, "excluded_lines": 0, "percent_statements_covered": 100.0, "percent_statements_covered_display": "100"}, "missing_lines": [], "excluded_lines": []}, "RedisCache.get_many": {"executed_lines": [160, 161, 162, 163], "summary": {"covered_lines": 4, "num_statements": 4, "percent_covered": 100.0, "percent_covered_display": "100", "missing_lines": 0, "excluded_lines": 0, "percent_statements_covered": 100.0, "percent_statements_covered_display": "100"}, "missing_lines": [], "excluded_lines": []}, "RedisCache.set_many": {"executed_lines": [171, 173, 174, 175, 177, 178], "summary": {"covered_lines": 6, "num_statements": 6, "percent_covered": 100.0, "percent_covered_display": "100", "missing_lines": 0, "excluded_lines": 0, "percent_statements_covered": 100.0, "percent_statements_covered_display": "100"}, "missing_lines": [], "excluded_lines": []}, "RedisCache.delete_pattern": {"executed_lines": [182, 184, 185, 186, 188, 189, 191, 192, 194, 195, 197], "summary": {"covered_lines": 11, "num_statements": 11, "percent_covered": 100.0, "percent_covered_display": "100", "missing_lines": 0, "excluded_lines": 0, "percent_statements_covered": 100.0, "percent_statements_covered_display": "100"}, "missing_lines": [], "excluded_lines": []}, "RedisQueue.__init__": {"executed_lines": [204], "summary": {"covered_lines": 1, "num_statements": 1, "percent_covered": 100.0, "percent_covered_display": "100", "missing_lines": 0, "excluded_lines": 0, "percent_statements_covered": 100.0, "percent_statements_covered_display": "100"}, "missing_lines": [], "excluded_lines": []}, "RedisQueue.push": {"executed_lines": [208, 209], "summary": {"covered_lines": 2, "num_statements": 2, "percent_covered": 100.0, "percent_covered_display": "100", "missing_lines": 0, "excluded_lines": 0, "percent_statements_covered": 100.0, "percent_statements_covered_display": "100"}, "missing_lines": [], "excluded_lines": []}, "RedisQueue.pop": {"executed_lines": [213, 215, 216, 217, 219], "summary": {"covered_lines": 5, "num_statements": 5, "percent_covered": 100.0, "percent_covered_display": "100", "missing_lines": 0, "excluded_lines": 0, "percent_statements_covered": 100.0, "percent_statements_covered_display": "100"}, "missing_lines": [], "excluded_lines": []}, "RedisQueue.length": {"executed_lines": [223, 224], "summary": {"covered_lines": 2, "num_statements": 2, "percent_covered": 100.0, "percent_covered_display": "100", "missing_lines": 0, "excluded_lines": 0, "percent_statements_covered": 100.0, "percent_statements_covered_display": "100"}, "missing_lines": [], "excluded_lines": []}, "RedisQueue.peek": {"executed_lines": [228, 229], "summary": {"covered_lines": 2, "num_statements": 2, "percent_covered": 100.0, "percent_covered_display": "100", "missing_lines": 0, "excluded_lines": 0, "percent_statements_covered": 100.0, "percent_statements_covered_display": "100"}, "missing_lines": [], "excluded_lines": []}, "RedisQueue.clear": {"executed_lines": [233, 234], "summary": {"covered_lines": 2, "num_statements": 2, "percent_covered": 100.0, "percent_covered_display": "100", "missing_lines": 0, "excluded_lines": 0, "percent_statements_covered": 100.0, "percent_statements_covered_display": "100"}, "missing_lines": [], "excluded_lines": []}, "RedisLock.__init__": {"executed_lines": [241, 242, 243], "summary": {"covered_lines": 3, "num_statements": 3, "percent_covered": 100.0, "percent_covered_display": "100", "missing_lines": 0, "excluded_lines": 0, "percent_statements_covered": 100.0, "percent_statements_covered_display": "100"}, "missing_lines": [], "excluded_lines": []}, "RedisLock.acquire": {"executed_lines": [247, 249, 250, 252, 253, 255, 256, 262, 263, 265, 267], "summary": {"covered_lines": 11, "num_statements": 11, "percent_covered": 100.0, "percent_covered_display": "100", "missing_lines": 0, "excluded_lines": 0, "percent_statements_covered": 100.0, "percent_statements_covered_display": "100"}, "missing_lines": [], "excluded_lines": []}, "RedisLock.release": {"executed_lines": [276, 277, 279, 282, 290, 291, 292], "summary": {"covered_lines": 7, "num_statements": 7, "percent_covered": 100.0, "percent_covered_display": "100", "missing_lines": 0, "excluded_lines": 0, "percent_statements_covered": 100.0, "percent_statements_covered_display": "100"}, "missing_lines": [], "excluded_lines": []}, "RedisLock.__aenter__": {"executed_lines": [295, 296], "summary": {"covered_lines": 2, "num_statements": 2, "percent_covered": 100.0, "percent_covered_display": "100", "missing_lines": 0, "excluded_lines": 0, "percent_statements_covered": 100.0, "percent_statements_covered_display": "100"}, "missing_lines": [], "excluded_lines": []}, "RedisLock.__aexit__": {"executed_lines": [299], "summary": {"covered_lines": 1, "num_statements": 1, "percent_covered": 100.0, "percent_covered_display": "100", "missing_lines": 0, "excluded_lines": 0, "percent_statements_covered": 100.0, "percent_statements_covered_display": "100"}, "missing_lines": [], "excluded_lines": []}, "RedisPubSub.__init__": {"executed_lines": [306], "summary": {"covered_lines": 1, "num_statements": 1, "percent_covered": 100.0, "percent_covered_display": "100", "missing_lines": 0, "excluded_lines": 0, "percent_statements_covered": 100.0, "percent_statements_covered_display": "100"}, "missing_lines": [], "excluded_lines": []}, "RedisPubSub.subscribe": {"executed_lines": [310, 311, 312], "summary": {"covered_lines": 3, "num_statements": 3, "percent_covered": 100.0, "percent_covered_display": "100", "missing_lines": 0, "excluded_lines": 0, "percent_statements_covered": 100.0, "percent_statements_covered_display": "100"}, "missing_lines": [], "excluded_lines": []}, "RedisPubSub.unsubscribe": {"executed_lines": [316, 317], "summary": {"covered_lines": 2, "num_statements": 2, "percent_covered": 100.0, "percent_covered_display": "100", "missing_lines": 0, "excluded_lines": 0, "percent_statements_covered": 100.0, "percent_statements_covered_display": "100"}, "missing_lines": [], "excluded_lines": []}, "RedisPubSub.publish": {"executed_lines": [321, 322], "summary": {"covered_lines": 2, "num_statements": 2, "percent_covered": 100.0, "percent_covered_display": "100", "missing_lines": 0, "excluded_lines": 0, "percent_statements_covered": 100.0, "percent_statements_covered_display": "100"}, "missing_lines": [], "excluded_lines": []}, "RedisPubSub.listen": {"executed_lines": [], "summary": {"covered_lines": 0, "num_statements": 4, "percent_covered": 0.0, "percent_covered_display": "0", "missing_lines": 4, "excluded_lines": 0, "percent_statements_covered": 0.0, "percent_statements_covered_display": "0"}, "missing_lines": [326, 327, 328, 329], "excluded_lines": []}, "RedisPubSub.close": {"executed_lines": [333, 334], "summary": {"covered_lines": 2, "num_statements": 2, "percent_covered": 100.0, "percent_covered_display": "100", "missing_lines": 0, "excluded_lines": 0, "percent_statements_covered": 100.0, "percent_statements_covered_display": "100"}, "missing_lines": [], "excluded_lines": []}, "": {"executed_lines": [1, 6, 7, 8, 10, 12, 15, 16, 18, 19, 20, 22, 27, 48, 60, 61, 69, 73, 76, 81, 86, 93, 94, 103, 104, 106, 109, 113, 118, 128, 133, 138, 143, 148, 153, 158, 165, 180, 200, 201, 203, 206, 211, 221, 226, 231, 237, 238, 240, 245, 274, 294, 298, 302, 303, 305, 308, 314, 319, 324, 331], "summary": {"covered_lines": 55, "num_statements": 55, "percent_covered": 100.0, "percent_covered_display": "100", "missing_lines": 0, "excluded_lines": 0, "percent_statements_covered": 100.0, "percent_statements_covered_display": "100"}, "missing_lines": [], "excluded_lines": []}}, "classes": {"RedisManager": {"executed_lines": [23, 24, 25, 29, 30, 32, 38, 41, 42, 43, 44, 45, 46, 50, 51, 52, 54, 55, 56, 58, 63, 64, 65], "summary": {"covered_lines": 23, "num_statements": 23, "percent_covered": 100.0, "percent_covered_display": "100", "missing_lines": 0, "excluded_lines": 0, "percent_statements_covered": 100.0, "percent_statements_covered_display": "100"}, "missing_lines": [], "excluded_lines": []}, "RedisCache": {"executed_lines": [107, 111, 115, 116, 125, 126, 130, 131, 135, 136, 140, 141, 145, 146, 150, 151, 155, 156, 160, 161, 162, 163, 171, 173, 174, 175, 177, 178, 182, 184, 185, 186, 188, 189, 191, 192, 194, 195, 197], "summary": {"covered_lines": 39, "num_statements": 39, "percent_covered": 100.0, "percent_covered_display": "100", "missing_lines": 0, "excluded_lines": 0, "percent_statements_covered": 100.0, "percent_statements_covered_display": "100"}, "missing_lines": [], "excluded_lines": []}, "RedisQueue": {"executed_lines": [204, 208, 209, 213, 215, 216, 217, 219, 223, 224, 228, 229, 233, 234], "summary": {"covered_lines": 14, "num_statements": 14, "percent_covered": 100.0, "percent_covered_display": "100", "missing_lines": 0, "excluded_lines": 0, "percent_statements_covered": 100.0, "percent_statements_covered_display": "100"}, "missing_lines": [], "excluded_lines": []}, "RedisLock": {"executed_lines": [241, 242, 243, 247, 249, 250, 252, 253, 255, 256, 262, 263, 265, 267, 276, 277, 279, 282, 290, 291, 292, 295, 296, 299], "summary": {"covered_lines": 24, "num_statements": 24, "percent_covered": 100.0, "percent_covered_display": "100", "missing_lines": 0, "excluded_lines": 0, "percent_statements_covered": 100.0, "percent_statements_covered_display": "100"}, "missing_lines": [], "excluded_lines": []}, "RedisPubSub": {"executed_lines": [306, 310, 311, 312, 316, 317, 321, 322, 333, 334], "summary": {"covered_lines": 10, "num_statements": 14, "percent_covered": 71.42857142857143, "percent_covered_display": "71", "missing_lines": 4, "excluded_lines": 0, "percent_statements_covered": 71.42857142857143, "percent_statements_covered_display": "71"}, "missing_lines": [326, 327, 328, 329], "excluded_lines": []}, "": {"executed_lines": [1, 6, 7, 8, 10, 12, 15, 16, 18, 19, 20, 22, 27, 48, 60, 61, 69, 73, 76, 78, 81, 83, 86, 88, 89, 90, 93, 94, 96, 97, 98, 100, 103, 104, 106, 109, 113, 118, 128, 133, 138, 143, 148, 153, 158, 165, 180, 200, 201, 203, 206, 211, 221, 226, 231, 237, 238, 240, 245, 274, 294, 298, 302, 303, 305, 308, 314, 319, 324, 331], "summary": {"covered_lines": 64, "num_statements": 64, "percent_covered": 100.0, "percent_covered_display": "100", "missing_lines": 0, "excluded_lines": 0, "percent_statements_covered": 100.0, "percent_statements_covered_display": "100"}, "missing_lines": [], "excluded_lines": []}}}}, "totals": {"covered_lines": 2961, "num_statements": 3517, "percent_covered": 84.19107193630936, "percent_covered_display": "84", "missing_lines": 556, "excluded_lines": 0, "percent_statements_covered": 84.19107193630936, "percent_statements_covered_display": "84"}}