{"numTotalTestSuites":319,"numPassedTestSuites":132,"numFailedTestSuites":187,"numPendingTestSuites":0,"numTotalTests":355,"numPassedTests":345,"numFailedTests":10,"numPendingTests":0,"numTodoTests":0,"startTime":1764194298818,"success":false,"testResults":[{"assertionResults":[],"startTime":1764194298818,"endTime":1764194298818,"status":"failed","message":"Playwright Test did not expect test() to be called here.\nMost common reasons include:\n- You are calling test() in a configuration file.\n- You are calling test() in a file that is imported by the configuration file.\n- You have two different versions of @playwright/test. This usually happens\n  when one of the dependencies in your package.json depends on @playwright/test.","name":"/home/jhonslife/Didin Facil/tests/visual/example.spec.ts"},{"assertionResults":[{"ancestorTitles":["","useProductsStore"],"fullName":" useProductsStore initializes with empty state","status":"passed","title":"initializes with empty state","duration":106,"failureMessages":[]},{"ancestorTitles":["","useProductsStore"],"fullName":" useProductsStore sets products correctly","status":"passed","title":"sets products correctly","duration":22,"failureMessages":[]},{"ancestorTitles":["","useProductsStore"],"fullName":" useProductsStore appends products correctly","status":"passed","title":"appends products correctly","duration":58,"failureMessages":[]},{"ancestorTitles":["","useProductsStore"],"fullName":" useProductsStore sets selected product","status":"passed","title":"sets selected product","duration":15,"failureMessages":[]},{"ancestorTitles":["","useProductsStore"],"fullName":" useProductsStore sets loading state","status":"passed","title":"sets loading state","duration":32,"failureMessages":[]},{"ancestorTitles":["","useProductsStore"],"fullName":" useProductsStore resets to initial state","status":"passed","title":"resets to initial state","duration":13,"failureMessages":[]}],"startTime":1764194307244,"endTime":1764194307490,"status":"passed","message":"","name":"/home/jhonslife/Didin Facil/src/stores/__tests__/productsStore.test.ts"},{"assertionResults":[{"ancestorTitles":["","Header Component","Rendering"],"fullName":" Header Component Rendering should render without crashing","status":"passed","title":"should render without crashing","duration":311,"failureMessages":[]},{"ancestorTitles":["","Header Component","Rendering"],"fullName":" Header Component Rendering should render with default props","status":"passed","title":"should render with default props","duration":21,"failureMessages":[]},{"ancestorTitles":["","Header Component","Rendering"],"fullName":" Header Component Rendering should render title when provided","status":"passed","title":"should render title when provided","duration":69,"failureMessages":[]},{"ancestorTitles":["","Header Component","Rendering"],"fullName":" Header Component Rendering should not render title when not provided","status":"passed","title":"should not render title when not provided","duration":32,"failureMessages":[]},{"ancestorTitles":["","Header Component","Rendering"],"fullName":" Header Component Rendering should render search input by default","status":"passed","title":"should render search input by default","duration":21,"failureMessages":[]},{"ancestorTitles":["","Header Component","Rendering"],"fullName":" Header Component Rendering should not render search when showSearch is false","status":"passed","title":"should not render search when showSearch is false","duration":62,"failureMessages":[]},{"ancestorTitles":["","Header Component","Rendering"],"fullName":" Header Component Rendering should render menu button","status":"passed","title":"should render menu button","duration":32,"failureMessages":[]},{"ancestorTitles":["","Header Component","Interactions"],"fullName":" Header Component Interactions should call onMenuClick when menu button is clicked","status":"passed","title":"should call onMenuClick when menu button is clicked","duration":93,"failureMessages":[]},{"ancestorTitles":["","Header Component","Interactions"],"fullName":" Header Component Interactions should not throw when menu button clicked without handler","status":"passed","title":"should not throw when menu button clicked without handler","duration":18,"failureMessages":[]},{"ancestorTitles":["","Header Component","Styling"],"fullName":" Header Component Styling should have sticky positioning","status":"passed","title":"should have sticky positioning","duration":72,"failureMessages":[]},{"ancestorTitles":["","Header Component","Styling"],"fullName":" Header Component Styling should have proper z-index","status":"passed","title":"should have proper z-index","duration":56,"failureMessages":[]},{"ancestorTitles":["","Header Component","Styling"],"fullName":" Header Component Styling should have border bottom","status":"passed","title":"should have border bottom","duration":8,"failureMessages":[]},{"ancestorTitles":["","Header Component","Accessibility"],"fullName":" Header Component Accessibility should have banner role","status":"passed","title":"should have banner role","duration":15,"failureMessages":[]},{"ancestorTitles":["","Header Component","Accessibility"],"fullName":" Header Component Accessibility should have accessible title when provided","status":"passed","title":"should have accessible title when provided","duration":28,"failureMessages":[]},{"ancestorTitles":["","Header Component","Edge Cases"],"fullName":" Header Component Edge Cases should handle empty string title","status":"passed","title":"should handle empty string title","duration":4,"failureMessages":[]},{"ancestorTitles":["","Header Component","Edge Cases"],"fullName":" Header Component Edge Cases should handle very long title","status":"passed","title":"should handle very long title","duration":5,"failureMessages":[]},{"ancestorTitles":["","Header Component","Edge Cases"],"fullName":" Header Component Edge Cases should handle special characters in title","status":"passed","title":"should handle special characters in title","duration":4,"failureMessages":[]}],"startTime":1764194307341,"endTime":1764194308193,"status":"passed","message":"","name":"/home/jhonslife/Didin Facil/tests/unit/components/Header.test.tsx"},{"assertionResults":[{"ancestorTitles":["","Layout Component","Rendering"],"fullName":" Layout Component Rendering should render without crashing","status":"passed","title":"should render without crashing","duration":647,"failureMessages":[]},{"ancestorTitles":["","Layout Component","Rendering"],"fullName":" Layout Component Rendering should render sidebar on desktop","status":"passed","title":"should render sidebar on desktop","duration":242,"failureMessages":[]},{"ancestorTitles":["","Layout Component","Rendering"],"fullName":" Layout Component Rendering should render header","status":"passed","title":"should render header","duration":185,"failureMessages":[]},{"ancestorTitles":["","Layout Component","Rendering"],"fullName":" Layout Component Rendering should render outlet content","status":"passed","title":"should render outlet content","duration":159,"failureMessages":[]},{"ancestorTitles":["","Layout Component","Sidebar Toggle"],"fullName":" Layout Component Sidebar Toggle should start with sidebar expanded","status":"passed","title":"should start with sidebar expanded","duration":202,"failureMessages":[]},{"ancestorTitles":["","Layout Component","Sidebar Toggle"],"fullName":" Layout Component Sidebar Toggle should toggle sidebar when toggle button is clicked","status":"passed","title":"should toggle sidebar when toggle button is clicked","duration":309,"failureMessages":[]},{"ancestorTitles":["","Layout Component","Sidebar Toggle"],"fullName":" Layout Component Sidebar Toggle should toggle sidebar back to expanded","status":"passed","title":"should toggle sidebar back to expanded","duration":287,"failureMessages":[]},{"ancestorTitles":["","Layout Component","Mobile Menu"],"fullName":" Layout Component Mobile Menu should toggle mobile menu when header menu button is clicked","status":"passed","title":"should toggle mobile menu when header menu button is clicked","duration":299,"failureMessages":[]},{"ancestorTitles":["","Layout Component","Main Content Area"],"fullName":" Layout Component Main Content Area should have proper margin when sidebar is expanded","status":"passed","title":"should have proper margin when sidebar is expanded","duration":316,"failureMessages":[]},{"ancestorTitles":["","Layout Component","Main Content Area"],"fullName":" Layout Component Main Content Area should update margin when sidebar is collapsed","status":"passed","title":"should update margin when sidebar is collapsed","duration":240,"failureMessages":[]},{"ancestorTitles":["","Layout Component","Main Content Area"],"fullName":" Layout Component Main Content Area should have padding","status":"passed","title":"should have padding","duration":159,"failureMessages":[]},{"ancestorTitles":["","Layout Component","Responsive Behavior"],"fullName":" Layout Component Responsive Behavior should have hidden class for sidebar on mobile","status":"passed","title":"should have hidden class for sidebar on mobile","duration":154,"failureMessages":[]},{"ancestorTitles":["","Layout Component","Responsive Behavior"],"fullName":" Layout Component Responsive Behavior should have transition classes","status":"passed","title":"should have transition classes","duration":199,"failureMessages":[]},{"ancestorTitles":["","Layout Component","Styling"],"fullName":" Layout Component Styling should have min-height of screen","status":"passed","title":"should have min-height of screen","duration":80,"failureMessages":[]},{"ancestorTitles":["","Layout Component","Styling"],"fullName":" Layout Component Styling should have background color","status":"passed","title":"should have background color","duration":59,"failureMessages":[]},{"ancestorTitles":["","Layout Component","State Management"],"fullName":" Layout Component State Management should maintain sidebar state across interactions","status":"passed","title":"should maintain sidebar state across interactions","duration":132,"failureMessages":[]},{"ancestorTitles":["","Layout Component","Accessibility"],"fullName":" Layout Component Accessibility should have main landmark","status":"passed","title":"should have main landmark","duration":198,"failureMessages":[]},{"ancestorTitles":["","Layout Component","Accessibility"],"fullName":" Layout Component Accessibility should render content inside main","status":"passed","title":"should render content inside main","duration":107,"failureMessages":[]}],"startTime":1764194304024,"endTime":1764194308002,"status":"passed","message":"","name":"/home/jhonslife/Didin Facil/tests/unit/components/Layout.test.tsx"},{"assertionResults":[{"ancestorTitles":["","ProductCard","Rendering"],"fullName":" ProductCard Rendering should render product title","status":"passed","title":"should render product title","duration":274,"failureMessages":[]},{"ancestorTitles":["","ProductCard","Rendering"],"fullName":" ProductCard Rendering should render product price","status":"passed","title":"should render product price","duration":58,"failureMessages":[]},{"ancestorTitles":["","ProductCard","Rendering"],"fullName":" ProductCard Rendering should render original price with strikethrough when discounted","status":"passed","title":"should render original price with strikethrough when discounted","duration":137,"failureMessages":[]},{"ancestorTitles":["","ProductCard","Rendering"],"fullName":" ProductCard Rendering should not render original price when not discounted","status":"passed","title":"should not render original price when not discounted","duration":77,"failureMessages":[]},{"ancestorTitles":["","ProductCard","Rendering"],"fullName":" ProductCard Rendering should render product image","status":"passed","title":"should render product image","duration":149,"failureMessages":[]},{"ancestorTitles":["","ProductCard","Rendering"],"fullName":" ProductCard Rendering should render placeholder image when imageUrl is null","status":"passed","title":"should render placeholder image when imageUrl is null","duration":64,"failureMessages":[]},{"ancestorTitles":["","ProductCard","Rendering"],"fullName":" ProductCard Rendering should render category badge","status":"passed","title":"should render category badge","duration":36,"failureMessages":[]},{"ancestorTitles":["","ProductCard","Rendering"],"fullName":" ProductCard Rendering should render 'Sem categoria' when category is null","status":"passed","title":"should render 'Sem categoria' when category is null","duration":51,"failureMessages":[]},{"ancestorTitles":["","ProductCard","Rendering"],"fullName":" ProductCard Rendering should render product rating","status":"failed","title":"should render product rating","duration":42,"failureMessages":["Found multiple elements with the text: 4.8\n\nHere are the matching elements:\n\nIgnored nodes: comments, script, style\n\u001b[36m<span>\u001b[39m\n  \u001b[0m4.8\u001b[0m\n\u001b[36m</span>\u001b[39m\n\nIgnored nodes: comments, script, style\n\u001b[36m<span\u001b[39m\n  \u001b[33mclass\u001b[39m=\u001b[32m\"font-medium\"\u001b[39m\n\u001b[36m>\u001b[39m\n  \u001b[0m4.8\u001b[0m\n\u001b[36m</span>\u001b[39m\n\n(If this is intentional, then use the `*AllBy*` variant of the query (like `queryAllByText`, `getAllByText`, or `findAllByText`)).\n\nIgnored nodes: comments, script, style\n\u001b[36m<body>\u001b[39m\n  \u001b[36m<div>\u001b[39m\n    \u001b[36m<div\u001b[39m\n      \u001b[33mclass\u001b[39m=\u001b[32m\"rounded-xl border bg-card text-card-foreground shadow-sm transition-all duration-300 hover:-translate-y-1 hover:shadow-lg hover:shadow-black/5 overflow-hidden group cursor-pointer\"\u001b[39m\n      \u001b[33mdata-testid\u001b[39m=\u001b[32m\"product-card\"\u001b[39m\n    \u001b[36m>\u001b[39m\n      \u001b[36m<div\u001b[39m\n        \u001b[33mclass\u001b[39m=\u001b[32m\"relative aspect-square bg-muted overflow-hidden\"\u001b[39m\n      \u001b[36m>\u001b[39m\n        \u001b[36m<img\u001b[39m\n          \u001b[33malt\u001b[39m=\u001b[32m\"Fone de Ouvido Bluetooth Premium\"\u001b[39m\n          \u001b[33mclass\u001b[39m=\u001b[32m\"w-full h-full object-cover transition-transform duration-500 group-hover:scale-110\"\u001b[39m\n          \u001b[33mloading\u001b[39m=\u001b[32m\"lazy\"\u001b[39m\n          \u001b[33msrc\u001b[39m=\u001b[32m\"https://example.com/product.jpg\"\u001b[39m\n        \u001b[36m/>\u001b[39m\n        \u001b[36m<div\u001b[39m\n          \u001b[33mclass\u001b[39m=\u001b[32m\"absolute inset-0 bg-gradient-to-t from-black/60 via-transparent to-transparent opacity-0 group-hover:opacity-100 transition-opacity duration-300\"\u001b[39m\n        \u001b[36m/>\u001b[39m\n        \u001b[36m<div\u001b[39m\n          \u001b[33mclass\u001b[39m=\u001b[32m\"absolute top-3 left-3 flex flex-col gap-1.5\"\u001b[39m\n        \u001b[36m>\u001b[39m\n          \u001b[36m<div\u001b[39m\n            \u001b[33mclass\u001b[39m=\u001b[32m\"inline-flex items-center rounded-full border font-semibold transition-all duration-200 focus:outline-none focus:ring-2 focus:ring-ring focus:ring-offset-2 border-transparent bg-gradient-to-r from-tiktrend-primary to-tiktrend-secondary text-white shadow-tiktrend-primary/20 animate-gradient px-2.5 py-0.5 gap-1 text-xs shadow-lg\"\u001b[39m\n          \u001b[36m>\u001b[39m\n            \u001b[36m<svg\u001b[39m\n              \u001b[33mfill\u001b[39m=\u001b[32m\"none\"\u001b[39m\n              \u001b[33mheight\u001b[39m=\u001b[32m\"10\"\u001b[39m\n              \u001b[33mstroke\u001b[39m=\u001b[32m\"currentColor\"\u001b[39m\n              \u001b[33mstroke-linecap\u001b[39m=\u001b[32m\"round\"\u001b[39m\n              \u001b[33mstroke-linejoin\u001b[39m=\u001b[32m\"round\"\u001b[39m\n              \u001b[33mstroke-width\u001b[39m=\u001b[32m\"2\"\u001b[39m\n              \u001b[33mviewBox\u001b[39m=\u001b[32m\"0 0 24 24\"\u001b[39m\n              \u001b[33mwidth\u001b[39m=\u001b[32m\"10\"\u001b[39m\n            \u001b[36m>\u001b[39m\n              \u001b[36m<polyline\u001b[39m\n                \u001b[33mpoints\u001b[39m=\u001b[32m\"22 7 13.5 15.5 8.5 10.5 2 17\"\u001b[39m\n              \u001b[36m/>\u001b[39m\n              \u001b[36m<polyline\u001b[39m\n                \u001b[33mpoints\u001b[39m=\u001b[32m\"16 7 22 7 22 13\"\u001b[39m\n              \u001b[36m/>\u001b[39m\n            \u001b[36m</svg>\u001b[39m\n            \u001b[0mEm Alta\u001b[0m\n          \u001b[36m</div>\u001b[39m\n          \u001b[36m<div\u001b[39m\n            \u001b[33mclass\u001b[39m=\u001b[32m\"inline-flex items-center rounded-full border transition-all duration-200 focus:outline-none focus:ring-2 focus:ring-ring focus:ring-offset-2 border-transparent bg-destructive text-destructive-foreground hover:bg-destructive/80 px-2.5 py-0.5 text-xs font-bold shadow-lg\"\u001b[39m\n          \u001b[36m>\u001b[39m\n            \u001b[0m-\u001b[0m\n            \u001b[0m33\u001b[0m\n            \u001b[0m%\u001b[0m\n          \u001b[36m</div>\u001b[39m\n          \u001b[36m<div\u001b[39m\n            \u001b[33mclass\u001b[39m=\u001b[32m\"inline-flex items-center rounded-full border font-semibold transition-all duration-200 focus:outline-none focus:ring-2 focus:ring-ring focus:ring-offset-2 border-transparent bg-green-500/10 text-green-600 dark:text-green-400 hover:bg-green-500/20 px-2.5 py-0.5 text-xs shadow-lg\"\u001b[39m\n          \u001b[36m>\u001b[39m\n            \u001b[0mFrete Grátis\u001b[0m\n          \u001b[36m</div>\u001b[39m\n        \u001b[36m</div>\u001b[39m\n        \u001b[36m<div\u001b[39m\n          \u001b[33mclass\u001b[39m=\u001b[32m\"absolute bottom-0 left-0 right-0 p-3 translate-y-full group-hover:translate-y-0 transition-transform duration-300\"\u001b[39m\n        \u001b[36m>\u001b[39m\n          \u001b[36m<div\u001b[39m\n            \u001b[33mclass\u001b[39m=\u001b[32m\"flex items-center justify-between text-white text-xs font-medium\"\u001b[39m\n          \u001b[36m>\u001b[39m\n            \u001b[36m<div\u001b[39m\n              \u001b[33mclass\u001b[39m=\u001b[32m\"flex items-center gap-1 bg-black/50 backdrop-blur-sm rounded-full px-2 py-1\"\u001b[39m\n            \u001b[36m>\u001b[39m\n              \u001b[36m<svg\u001b[39m\n                \u001b[33mclass\u001b[39m=\u001b[32m\"text-yellow-400\"\u001b[39m\n                \u001b[33mfill\u001b[39m=\u001b[32m\"currentColor\"\u001b[39m\n                \u001b[33mheight\u001b[39m=\u001b[32m\"12\"\u001b[39m\n                \u001b[33mstroke\u001b[39m=\u001b[32m\"currentColor\"\u001b[39m\n                \u001b[33mstroke-linecap\u001b[39m=\u001b[32m\"round\"\u001b[39m\n                \u001b[33mstroke-linejoin\u001b[39m=\u001b[32m\"round\"\u001b[39m\n                \u001b[33mstroke-width\u001b[39m=\u001b[32m\"2\"\u001b[39m\n                \u001b[33mviewBox\u001b[39m=\u001b[32m\"0 0 24 24\"\u001b[39m\n                \u001b[33mwidth\u001b[39m=\u001b[32m\"12\"\u001b[39m\n              \u001b[36m>\u001b[39m\n                \u001b[36m<polygon\u001b[39m\n                  \u001b[33mpoints\u001b[39m=\u001b[32m\"12 2 15.09 8.26 22 9.27 17 14.14 18.18 21.02 12 17.77 5.82 21.02 7 14.14 2 9.27 8.91 8.26 12 2\"\u001b[39m\n                \u001b[36m/>\u001b[39m\n              \u001b[36m</svg>\u001b[39m\n              \u001b[36m<span>\u001b[39m\n                \u001b[0m4.8\u001b[0m\n              \u001b[36m</span>\u001b[39m\n            \u001b[36m</div>\u001b[39m\n            \u001b[36m<div\u001b[39m\n              \u001b[33mclass\u001b[39m=\u001b[32m\"bg-black/50 backdrop-blur-sm rounded-full px-2 py-1\"\u001b[39m\n            \u001b[36m>\u001b[39m\n              \u001b[0m2.5k\u001b[0m\n              \u001b[0m vendas\u001b[0m\n            \u001b[36m</div>\u001b[39m\n          \u001b[36m</div>\u001b[39m\n        \u001b[36m</div>\u001b[39m\n      \u001b[36m</div>\u001b[39m\n      \u001b[36m<div\u001b[39m\n        \u001b[33mclass\u001b[39m=\u001b[32m\"p-4\"\u001b[39m\n      \u001b[36m>\u001b[39m\n        \u001b[36m<div\u001b[39m\n          \u001b[33mclass\u001b[39m=\u001b[32m\"flex items-center gap-2 mb-2\"\u001b[39m\n        \u001b[36m>\u001b[39m\n          \u001b[36m<div\u001b[39m\n            \u001b[33mclass\u001b[39m=\u001b[32m\"inline-flex items-center rounded-full border font-semibold transition-all duration-200 focus:outline-none focus:ring-2 focus:ring-ring focus:ring-offset-2 border-transparent bg-secondary text-secondary-foreground hover:bg-secondary/80 px-2 py-px text-xs\"\u001b[39m\n          \u001b[36m>\u001b[39m\n            \u001b[0melectronics\u001b[0m\n          \u001b[36m</div>\u001b[39m\n        \u001b[36m</div>\u001b[39m\n        \u001b[36m<h3\u001b[39m\n          \u001b[33mclass\u001b[39m=\u001b[32m\"font-medium line-clamp-2 mb-3 min-h-[44px] text-sm leading-snug group-hover:text-tiktrend-primary transition-colors\"\u001b[39m\n          \u001b[33mdata-testid\u001b[39m=\u001b[32m\"product-title\"\u001b[39m\n        \u001b[36m>\u001b[39m\n          \u001b[0mFone de Ouvido Bluetooth Premium\u001b[0m\n        \u001b[36m</h3>\u001b[39m\n        \u001b[36m<div\u001b[39m\n          \u001b[33mclass\u001b[39m=\u001b[32m\"flex items-baseline gap-2 mb-3\"\u001b[39m\n        \u001b[36m>\u001b[39m\n          \u001b[36m<span\u001b[39m\n            \u001b[33mclass\u001b[39m=\u001b[32m\"text-xl font-bold text-tiktrend-primary\"\u001b[39m\n            \u001b[33mdata-testid\u001b[39m=\u001b[32m\"product-price\"\u001b[39m\n          \u001b[36m>\u001b[39m\n            \u001b[0mR$ 199,90\u001b[0m\n          \u001b[36m</span>\u001b[39m\n          \u001b[36m<span\u001b[39m\n            \u001b[33mclass\u001b[39m=\u001b[32m\"text-xs text-muted-foreground line-through\"\u001b[39m\n          \u001b[36m>\u001b[39m\n            \u001b[0mR$ 299,90\u001b[0m\n          \u001b[36m</span>\u001b[39m\n        \u001b[36m</div>\u001b[39m\n        \u001b[36m<div\u001b[39m\n          \u001b[33mclass\u001b[39m=\u001b[32m\"flex items-center justify-between text-xs text-muted-foreground pt-3 border-t\"\u001b[39m\n        \u001b[36m>\u001b[39m\n          \u001b[36m<div\u001b[39m\n            \u001b[33mclass\u001b[39m=\u001b[32m\"flex items-center gap-1.5\"\u001b[39m\n          \u001b[36m>\u001b[39m\n            \u001b[36m<svg\u001b[39m\n              \u001b[33mclass\u001b[39m=\u001b[32m\"text-yellow-500\"\u001b[39m\n              \u001b[33mfill\u001b[39m=\u001b[32m\"currentColor\"\u001b[39m\n              \u001b[33mheight\u001b[39m=\u001b[32m\"14\"\u001b[39m\n              \u001b[33mstroke\u001b[39m=\u001b[32m\"currentColor\"\u001b[39m\n              \u001b[33mstroke-linecap\u001b[39m=\u001b[32m\"round\"\u001b[39m\n              \u001b[33mstroke-linejoin\u001b[39m=\u001b[32m\"round\"\u001b[39m\n              \u001b[33mstroke-width\u001b[39m=\u001b[32m\"2\"\u001b[39m\n              \u001b[33mviewBox\u001b[39m=\u001b[32m\"0 0 24 24\"\u001b[39m\n              \u001b[33mwidth\u001b[39m=\u001b[32m\"14\"\u001b[39m\n            \u001b[36m>\u001b[39m\n              \u001b[36m<polygon\u001b[39m\n                \u001b[33mpoints\u001b[39m=\u001b[32m\"12 2 15.09 8.26 22 9.27 17 14.14 18.18 21.02 12 17.77 5.82 21.02 7 14.14 2 9.27 8.91 8.26 12 2\"\u001b[39m\n              \u001b[36m/>\u001b[39m\n            \u001b[36m</svg>\u001b[39m\n            \u001b[36m<span\u001b[39m\n              \u001b[33mclass\u001b[39m=\u001b[32m\"font-medium\"\u001b[39m\n            \u001b[36m>\u001b[39m\n              \u001b[0m4.8\u001b[0m\n            \u001b[36m</span>\u001b[39m\n            \u001b[36m<span\u001b[39m\n              \u001b[33mclass\u001b[39m=\u001b[32m\"text-muted-foreground/60\"\u001b[39m\n            \u001b[36m>\u001b[39m\n              \u001b[0m(\u001b[0m\n              \u001b[0m150\u001b[0m\n              \u001b[0m)\u001b[0m\n            \u001b[36m</span>\u001b[39m\n          \u001b[36m</div>\u001b[39m\n          \u001b[36m<span\u001b[39m\n            \u001b[33mclass\u001b[39m=\u001b[32m\"font-medium\"\u001b[39m\n            \u001b[33mdata-testid\u001b[39m=\u001b[32m\"product-sales\"\u001b[39m\n          \u001b[36m>\u001b[39m\n            \u001b[0m2.5k\u001b[0m\n            \u001b[0m vendas\u001b[0m\n          \u001b[36m</span>\u001b[39m\n        \u001b[36m</div>\u001b[39m\n        \u001b[36m<div\u001b[39m\n          \u001b[33mclass\u001b[39m=\u001b[32m\"mt-3 pt-3 border-t\"\u001b[39m\n        \u001b[36m>\u001b[39m\n          \u001b[36m<div\u001b[39m\n            \u001b[33mclass\u001b[39m=\u001b[32m\"flex items-center justify-between\"\u001b[39m\n          \u001b[36m>\u001b[39m\n            \u001b[36m<span\u001b[39m\n              \u001b[33mclass\u001b[39m=\u001b[32m\"text-xs text-muted-foreground\"\u001b[39m\n            \u001b[36m>\u001b[39m\n              \u001b[0mVendas 7d\u001b[0m\n            \u001b[36m</span>\u001b[39m\n            \u001b[36m<div\u001b[39m\n              \u001b[33mclass\u001b[39m=\u001b[32m\"flex items-center gap-1.5\"\u001b[39m\n            \u001b[36m>\u001b[39m\n              \u001b[36m<div\u001b[39m\n                \u001b[33mclass\u001b[39m=\u001b[32m\"w-16 h-1.5 bg-muted rounded-full overflow-hidden\"\u001b[39m\n              \u001b[36m>\u001b[39m\n                \u001b[36m<div\u001b[39m\n                  \u001b[33mclass\u001b[39m=\u001b[32m\"h-full bg-gradient-to-r from-tiktrend-primary to-tiktrend-secondary rounded-full\"\u001b[39m\n                  \u001b[33mstyle\u001b[39m=\u001b[32m\"width: 35%;\"\u001b[39m\n                \u001b[36m/>\u001b[39m\n              \u001b[36m</div>\u001b[39m\n              \u001b[36m<span\u001b[39m\n                \u001b[33mclass\u001b[39m=\u001b[32m\"text-xs font-semibold text-green-500\"\u001b[39m\n              \u001b[36m>\u001b[39m\n                \u001b[0m+\u001b[0m\n                \u001b[0m350\u001b[0m\n              \u001b[36m</span>\u001b[39m\n            \u001b[36m</div>\u001b[39m\n          \u001b[36m</div>\u001b[39m\n        \u001b[36m</div>\u001b[39m\n      \u001b[36m</div>\u001b[39m\n    \u001b[36m</div>\u001b[39m\n  \u001b[36m</div>\u001b[39m\n\u001b[36m</body>\u001b[39m"],"location":{"line":37,"column":19}},{"ancestorTitles":["","ProductCard","Rendering"],"fullName":" ProductCard Rendering should render N/A when rating is null","status":"failed","title":"should render N/A when rating is null","duration":34,"failureMessages":["Found multiple elements with the text: N/A\n\nHere are the matching elements:\n\nIgnored nodes: comments, script, style\n\u001b[36m<span>\u001b[39m\n  \u001b[0mN/A\u001b[0m\n\u001b[36m</span>\u001b[39m\n\nIgnored nodes: comments, script, style\n\u001b[36m<span\u001b[39m\n  \u001b[33mclass\u001b[39m=\u001b[32m\"font-medium\"\u001b[39m\n\u001b[36m>\u001b[39m\n  \u001b[0mN/A\u001b[0m\n\u001b[36m</span>\u001b[39m\n\n(If this is intentional, then use the `*AllBy*` variant of the query (like `queryAllByText`, `getAllByText`, or `findAllByText`)).\n\nIgnored nodes: comments, script, style\n\u001b[36m<body>\u001b[39m\n  \u001b[36m<div>\u001b[39m\n    \u001b[36m<div\u001b[39m\n      \u001b[33mclass\u001b[39m=\u001b[32m\"rounded-xl border bg-card text-card-foreground shadow-sm transition-all duration-300 hover:-translate-y-1 hover:shadow-lg hover:shadow-black/5 overflow-hidden group cursor-pointer\"\u001b[39m\n      \u001b[33mdata-testid\u001b[39m=\u001b[32m\"product-card\"\u001b[39m\n    \u001b[36m>\u001b[39m\n      \u001b[36m<div\u001b[39m\n        \u001b[33mclass\u001b[39m=\u001b[32m\"relative aspect-square bg-muted overflow-hidden\"\u001b[39m\n      \u001b[36m>\u001b[39m\n        \u001b[36m<img\u001b[39m\n          \u001b[33malt\u001b[39m=\u001b[32m\"Fone de Ouvido Bluetooth Premium\"\u001b[39m\n          \u001b[33mclass\u001b[39m=\u001b[32m\"w-full h-full object-cover transition-transform duration-500 group-hover:scale-110\"\u001b[39m\n          \u001b[33mloading\u001b[39m=\u001b[32m\"lazy\"\u001b[39m\n          \u001b[33msrc\u001b[39m=\u001b[32m\"https://example.com/product.jpg\"\u001b[39m\n        \u001b[36m/>\u001b[39m\n        \u001b[36m<div\u001b[39m\n          \u001b[33mclass\u001b[39m=\u001b[32m\"absolute inset-0 bg-gradient-to-t from-black/60 via-transparent to-transparent opacity-0 group-hover:opacity-100 transition-opacity duration-300\"\u001b[39m\n        \u001b[36m/>\u001b[39m\n        \u001b[36m<div\u001b[39m\n          \u001b[33mclass\u001b[39m=\u001b[32m\"absolute top-3 left-3 flex flex-col gap-1.5\"\u001b[39m\n        \u001b[36m>\u001b[39m\n          \u001b[36m<div\u001b[39m\n            \u001b[33mclass\u001b[39m=\u001b[32m\"inline-flex items-center rounded-full border font-semibold transition-all duration-200 focus:outline-none focus:ring-2 focus:ring-ring focus:ring-offset-2 border-transparent bg-gradient-to-r from-tiktrend-primary to-tiktrend-secondary text-white shadow-tiktrend-primary/20 animate-gradient px-2.5 py-0.5 gap-1 text-xs shadow-lg\"\u001b[39m\n          \u001b[36m>\u001b[39m\n            \u001b[36m<svg\u001b[39m\n              \u001b[33mfill\u001b[39m=\u001b[32m\"none\"\u001b[39m\n              \u001b[33mheight\u001b[39m=\u001b[32m\"10\"\u001b[39m\n              \u001b[33mstroke\u001b[39m=\u001b[32m\"currentColor\"\u001b[39m\n              \u001b[33mstroke-linecap\u001b[39m=\u001b[32m\"round\"\u001b[39m\n              \u001b[33mstroke-linejoin\u001b[39m=\u001b[32m\"round\"\u001b[39m\n              \u001b[33mstroke-width\u001b[39m=\u001b[32m\"2\"\u001b[39m\n              \u001b[33mviewBox\u001b[39m=\u001b[32m\"0 0 24 24\"\u001b[39m\n              \u001b[33mwidth\u001b[39m=\u001b[32m\"10\"\u001b[39m\n            \u001b[36m>\u001b[39m\n              \u001b[36m<polyline\u001b[39m\n                \u001b[33mpoints\u001b[39m=\u001b[32m\"22 7 13.5 15.5 8.5 10.5 2 17\"\u001b[39m\n              \u001b[36m/>\u001b[39m\n              \u001b[36m<polyline\u001b[39m\n                \u001b[33mpoints\u001b[39m=\u001b[32m\"16 7 22 7 22 13\"\u001b[39m\n              \u001b[36m/>\u001b[39m\n            \u001b[36m</svg>\u001b[39m\n            \u001b[0mEm Alta\u001b[0m\n          \u001b[36m</div>\u001b[39m\n          \u001b[36m<div\u001b[39m\n            \u001b[33mclass\u001b[39m=\u001b[32m\"inline-flex items-center rounded-full border transition-all duration-200 focus:outline-none focus:ring-2 focus:ring-ring focus:ring-offset-2 border-transparent bg-destructive text-destructive-foreground hover:bg-destructive/80 px-2.5 py-0.5 text-xs font-bold shadow-lg\"\u001b[39m\n          \u001b[36m>\u001b[39m\n            \u001b[0m-\u001b[0m\n            \u001b[0m33\u001b[0m\n            \u001b[0m%\u001b[0m\n          \u001b[36m</div>\u001b[39m\n          \u001b[36m<div\u001b[39m\n            \u001b[33mclass\u001b[39m=\u001b[32m\"inline-flex items-center rounded-full border font-semibold transition-all duration-200 focus:outline-none focus:ring-2 focus:ring-ring focus:ring-offset-2 border-transparent bg-green-500/10 text-green-600 dark:text-green-400 hover:bg-green-500/20 px-2.5 py-0.5 text-xs shadow-lg\"\u001b[39m\n          \u001b[36m>\u001b[39m\n            \u001b[0mFrete Grátis\u001b[0m\n          \u001b[36m</div>\u001b[39m\n        \u001b[36m</div>\u001b[39m\n        \u001b[36m<div\u001b[39m\n          \u001b[33mclass\u001b[39m=\u001b[32m\"absolute bottom-0 left-0 right-0 p-3 translate-y-full group-hover:translate-y-0 transition-transform duration-300\"\u001b[39m\n        \u001b[36m>\u001b[39m\n          \u001b[36m<div\u001b[39m\n            \u001b[33mclass\u001b[39m=\u001b[32m\"flex items-center justify-between text-white text-xs font-medium\"\u001b[39m\n          \u001b[36m>\u001b[39m\n            \u001b[36m<div\u001b[39m\n              \u001b[33mclass\u001b[39m=\u001b[32m\"flex items-center gap-1 bg-black/50 backdrop-blur-sm rounded-full px-2 py-1\"\u001b[39m\n            \u001b[36m>\u001b[39m\n              \u001b[36m<svg\u001b[39m\n                \u001b[33mclass\u001b[39m=\u001b[32m\"text-yellow-400\"\u001b[39m\n                \u001b[33mfill\u001b[39m=\u001b[32m\"currentColor\"\u001b[39m\n                \u001b[33mheight\u001b[39m=\u001b[32m\"12\"\u001b[39m\n                \u001b[33mstroke\u001b[39m=\u001b[32m\"currentColor\"\u001b[39m\n                \u001b[33mstroke-linecap\u001b[39m=\u001b[32m\"round\"\u001b[39m\n                \u001b[33mstroke-linejoin\u001b[39m=\u001b[32m\"round\"\u001b[39m\n                \u001b[33mstroke-width\u001b[39m=\u001b[32m\"2\"\u001b[39m\n                \u001b[33mviewBox\u001b[39m=\u001b[32m\"0 0 24 24\"\u001b[39m\n                \u001b[33mwidth\u001b[39m=\u001b[32m\"12\"\u001b[39m\n              \u001b[36m>\u001b[39m\n                \u001b[36m<polygon\u001b[39m\n                  \u001b[33mpoints\u001b[39m=\u001b[32m\"12 2 15.09 8.26 22 9.27 17 14.14 18.18 21.02 12 17.77 5.82 21.02 7 14.14 2 9.27 8.91 8.26 12 2\"\u001b[39m\n                \u001b[36m/>\u001b[39m\n              \u001b[36m</svg>\u001b[39m\n              \u001b[36m<span>\u001b[39m\n                \u001b[0mN/A\u001b[0m\n              \u001b[36m</span>\u001b[39m\n            \u001b[36m</div>\u001b[39m\n            \u001b[36m<div\u001b[39m\n              \u001b[33mclass\u001b[39m=\u001b[32m\"bg-black/50 backdrop-blur-sm rounded-full px-2 py-1\"\u001b[39m\n            \u001b[36m>\u001b[39m\n              \u001b[0m2.5k\u001b[0m\n              \u001b[0m vendas\u001b[0m\n            \u001b[36m</div>\u001b[39m\n          \u001b[36m</div>\u001b[39m\n        \u001b[36m</div>\u001b[39m\n      \u001b[36m</div>\u001b[39m\n      \u001b[36m<div\u001b[39m\n        \u001b[33mclass\u001b[39m=\u001b[32m\"p-4\"\u001b[39m\n      \u001b[36m>\u001b[39m\n        \u001b[36m<div\u001b[39m\n          \u001b[33mclass\u001b[39m=\u001b[32m\"flex items-center gap-2 mb-2\"\u001b[39m\n        \u001b[36m>\u001b[39m\n          \u001b[36m<div\u001b[39m\n            \u001b[33mclass\u001b[39m=\u001b[32m\"inline-flex items-center rounded-full border font-semibold transition-all duration-200 focus:outline-none focus:ring-2 focus:ring-ring focus:ring-offset-2 border-transparent bg-secondary text-secondary-foreground hover:bg-secondary/80 px-2 py-px text-xs\"\u001b[39m\n          \u001b[36m>\u001b[39m\n            \u001b[0melectronics\u001b[0m\n          \u001b[36m</div>\u001b[39m\n        \u001b[36m</div>\u001b[39m\n        \u001b[36m<h3\u001b[39m\n          \u001b[33mclass\u001b[39m=\u001b[32m\"font-medium line-clamp-2 mb-3 min-h-[44px] text-sm leading-snug group-hover:text-tiktrend-primary transition-colors\"\u001b[39m\n          \u001b[33mdata-testid\u001b[39m=\u001b[32m\"product-title\"\u001b[39m\n        \u001b[36m>\u001b[39m\n          \u001b[0mFone de Ouvido Bluetooth Premium\u001b[0m\n        \u001b[36m</h3>\u001b[39m\n        \u001b[36m<div\u001b[39m\n          \u001b[33mclass\u001b[39m=\u001b[32m\"flex items-baseline gap-2 mb-3\"\u001b[39m\n        \u001b[36m>\u001b[39m\n          \u001b[36m<span\u001b[39m\n            \u001b[33mclass\u001b[39m=\u001b[32m\"text-xl font-bold text-tiktrend-primary\"\u001b[39m\n            \u001b[33mdata-testid\u001b[39m=\u001b[32m\"product-price\"\u001b[39m\n          \u001b[36m>\u001b[39m\n            \u001b[0mR$ 199,90\u001b[0m\n          \u001b[36m</span>\u001b[39m\n          \u001b[36m<span\u001b[39m\n            \u001b[33mclass\u001b[39m=\u001b[32m\"text-xs text-muted-foreground line-through\"\u001b[39m\n          \u001b[36m>\u001b[39m\n            \u001b[0mR$ 299,90\u001b[0m\n          \u001b[36m</span>\u001b[39m\n        \u001b[36m</div>\u001b[39m\n        \u001b[36m<div\u001b[39m\n          \u001b[33mclass\u001b[39m=\u001b[32m\"flex items-center justify-between text-xs text-muted-foreground pt-3 border-t\"\u001b[39m\n        \u001b[36m>\u001b[39m\n          \u001b[36m<div\u001b[39m\n            \u001b[33mclass\u001b[39m=\u001b[32m\"flex items-center gap-1.5\"\u001b[39m\n          \u001b[36m>\u001b[39m\n            \u001b[36m<svg\u001b[39m\n              \u001b[33mclass\u001b[39m=\u001b[32m\"text-yellow-500\"\u001b[39m\n              \u001b[33mfill\u001b[39m=\u001b[32m\"currentColor\"\u001b[39m\n              \u001b[33mheight\u001b[39m=\u001b[32m\"14\"\u001b[39m\n              \u001b[33mstroke\u001b[39m=\u001b[32m\"currentColor\"\u001b[39m\n              \u001b[33mstroke-linecap\u001b[39m=\u001b[32m\"round\"\u001b[39m\n              \u001b[33mstroke-linejoin\u001b[39m=\u001b[32m\"round\"\u001b[39m\n              \u001b[33mstroke-width\u001b[39m=\u001b[32m\"2\"\u001b[39m\n              \u001b[33mviewBox\u001b[39m=\u001b[32m\"0 0 24 24\"\u001b[39m\n              \u001b[33mwidth\u001b[39m=\u001b[32m\"14\"\u001b[39m\n            \u001b[36m>\u001b[39m\n              \u001b[36m<polygon\u001b[39m\n                \u001b[33mpoints\u001b[39m=\u001b[32m\"12 2 15.09 8.26 22 9.27 17 14.14 18.18 21.02 12 17.77 5.82 21.02 7 14.14 2 9.27 8.91 8.26 12 2\"\u001b[39m\n              \u001b[36m/>\u001b[39m\n            \u001b[36m</svg>\u001b[39m\n            \u001b[36m<span\u001b[39m\n              \u001b[33mclass\u001b[39m=\u001b[32m\"font-medium\"\u001b[39m\n            \u001b[36m>\u001b[39m\n              \u001b[0mN/A\u001b[0m\n            \u001b[36m</span>\u001b[39m\n            \u001b[36m<span\u001b[39m\n              \u001b[33mclass\u001b[39m=\u001b[32m\"text-muted-foreground/60\"\u001b[39m\n            \u001b[36m>\u001b[39m\n              \u001b[0m(\u001b[0m\n              \u001b[0m150\u001b[0m\n              \u001b[0m)\u001b[0m\n            \u001b[36m</span>\u001b[39m\n          \u001b[36m</div>\u001b[39m\n          \u001b[36m<span\u001b[39m\n            \u001b[33mclass\u001b[39m=\u001b[32m\"font-medium\"\u001b[39m\n            \u001b[33mdata-testid\u001b[39m=\u001b[32m\"product-sales\"\u001b[39m\n          \u001b[36m>\u001b[39m\n            \u001b[0m2.5k\u001b[0m\n            \u001b[0m vendas\u001b[0m\n          \u001b[36m</span>\u001b[39m\n        \u001b[36m</div>\u001b[39m\n        \u001b[36m<div\u001b[39m\n          \u001b[33mclass\u001b[39m=\u001b[32m\"mt-3 pt-3 border-t\"\u001b[39m\n        \u001b[36m>\u001b[39m\n          \u001b[36m<div\u001b[39m\n            \u001b[33mclass\u001b[39m=\u001b[32m\"flex items-center justify-between\"\u001b[39m\n          \u001b[36m>\u001b[39m\n            \u001b[36m<span\u001b[39m\n              \u001b[33mclass\u001b[39m=\u001b[32m\"text-xs text-muted-foreground\"\u001b[39m\n            \u001b[36m>\u001b[39m\n              \u001b[0mVendas 7d\u001b[0m\n            \u001b[36m</span>\u001b[39m\n            \u001b[36m<div\u001b[39m\n              \u001b[33mclass\u001b[39m=\u001b[32m\"flex items-center gap-1.5\"\u001b[39m\n            \u001b[36m>\u001b[39m\n              \u001b[36m<div\u001b[39m\n                \u001b[33mclass\u001b[39m=\u001b[32m\"w-16 h-1.5 bg-muted rounded-full overflow-hidden\"\u001b[39m\n              \u001b[36m>\u001b[39m\n                \u001b[36m<div\u001b[39m\n                  \u001b[33mclass\u001b[39m=\u001b[32m\"h-full bg-gradient-to-r from-tiktrend-primary to-tiktrend-secondary rounded-full\"\u001b[39m\n                  \u001b[33mstyle\u001b[39m=\u001b[32m\"width: 35%;\"\u001b[39m\n                \u001b[36m/>\u001b[39m\n              \u001b[36m</div>\u001b[39m\n              \u001b[36m<span\u001b[39m\n                \u001b[33mclass\u001b[39m=\u001b[32m\"text-xs font-semibold text-green-500\"\u001b[39m\n              \u001b[36m>\u001b[39m\n                \u001b[0m+\u001b[0m\n                \u001b[0m350\u001b[0m\n              \u001b[36m</span>\u001b[39m\n            \u001b[36m</div>\u001b[39m\n          \u001b[36m</div>\u001b[39m\n        \u001b[36m</div>\u001b[39m\n      \u001b[36m</div>\u001b[39m\n    \u001b[36m</div>\u001b[39m\n  \u001b[36m</div>\u001b[39m\n\u001b[36m</body>\u001b[39m"],"location":{"line":37,"column":19}},{"ancestorTitles":["","ProductCard","Rendering"],"fullName":" ProductCard Rendering should render sales count","status":"passed","title":"should render sales count","duration":56,"failureMessages":[]},{"ancestorTitles":["","ProductCard","Rendering"],"fullName":" ProductCard Rendering should render reviews count","status":"passed","title":"should render reviews count","duration":57,"failureMessages":[]},{"ancestorTitles":["","ProductCard","Badges"],"fullName":" ProductCard Badges should render trending badge when product is trending","status":"passed","title":"should render trending badge when product is trending","duration":41,"failureMessages":[]},{"ancestorTitles":["","ProductCard","Badges"],"fullName":" ProductCard Badges should not render trending badge when product is not trending","status":"passed","title":"should not render trending badge when product is not trending","duration":39,"failureMessages":[]},{"ancestorTitles":["","ProductCard","Badges"],"fullName":" ProductCard Badges should render discount badge when product has discount","status":"passed","title":"should render discount badge when product has discount","duration":37,"failureMessages":[]},{"ancestorTitles":["","ProductCard","Badges"],"fullName":" ProductCard Badges should not render discount badge when no original price","status":"passed","title":"should not render discount badge when no original price","duration":16,"failureMessages":[]},{"ancestorTitles":["","ProductCard","Badges"],"fullName":" ProductCard Badges should render free shipping badge when available","status":"passed","title":"should render free shipping badge when available","duration":9,"failureMessages":[]},{"ancestorTitles":["","ProductCard","Badges"],"fullName":" ProductCard Badges should not render free shipping badge when not available","status":"passed","title":"should not render free shipping badge when not available","duration":14,"failureMessages":[]},{"ancestorTitles":["","ProductCard","7-Day Sales"],"fullName":" ProductCard 7-Day Sales should render 7-day sales when available","status":"passed","title":"should render 7-day sales when available","duration":16,"failureMessages":[]},{"ancestorTitles":["","ProductCard","7-Day Sales"],"fullName":" ProductCard 7-Day Sales should not render 7-day sales section when sales7d is 0","status":"passed","title":"should not render 7-day sales section when sales7d is 0","duration":11,"failureMessages":[]},{"ancestorTitles":["","ProductCard","Interactions"],"fullName":" ProductCard Interactions should call onSelect when card is clicked","status":"passed","title":"should call onSelect when card is clicked","duration":24,"failureMessages":[]},{"ancestorTitles":["","ProductCard","Interactions"],"fullName":" ProductCard Interactions should call onFavorite when favorite button is clicked","status":"passed","title":"should call onFavorite when favorite button is clicked","duration":81,"failureMessages":[]},{"ancestorTitles":["","ProductCard","Interactions"],"fullName":" ProductCard Interactions should not call onSelect when favorite button is clicked","status":"passed","title":"should not call onSelect when favorite button is clicked","duration":48,"failureMessages":[]},{"ancestorTitles":["","ProductCard","Interactions"],"fullName":" ProductCard Interactions should not render favorite button when onFavorite is not provided","status":"passed","title":"should not render favorite button when onFavorite is not provided","duration":30,"failureMessages":[]},{"ancestorTitles":["","ProductCard","Favorite State"],"fullName":" ProductCard Favorite State should show filled heart icon when isFavorite is true","status":"passed","title":"should show filled heart icon when isFavorite is true","duration":73,"failureMessages":[]},{"ancestorTitles":["","ProductCard","Favorite State"],"fullName":" ProductCard Favorite State should show empty heart icon when isFavorite is false","status":"passed","title":"should show empty heart icon when isFavorite is false","duration":44,"failureMessages":[]},{"ancestorTitles":["","ProductCard","Edge Cases"],"fullName":" ProductCard Edge Cases should handle very long product titles","status":"passed","title":"should handle very long product titles","duration":12,"failureMessages":[]},{"ancestorTitles":["","ProductCard","Edge Cases"],"fullName":" ProductCard Edge Cases should handle zero price","status":"passed","title":"should handle zero price","duration":10,"failureMessages":[]},{"ancestorTitles":["","ProductCard","Edge Cases"],"fullName":" ProductCard Edge Cases should handle very high prices","status":"passed","title":"should handle very high prices","duration":37,"failureMessages":[]},{"ancestorTitles":["","ProductCard","Edge Cases"],"fullName":" ProductCard Edge Cases should handle zero reviews","status":"passed","title":"should handle zero reviews","duration":29,"failureMessages":[]},{"ancestorTitles":["","ProductCard","Edge Cases"],"fullName":" ProductCard Edge Cases should handle missing optional callbacks","status":"passed","title":"should handle missing optional callbacks","duration":43,"failureMessages":[]},{"ancestorTitles":["","ProductCard","Accessibility"],"fullName":" ProductCard Accessibility should have alt text on product image","status":"passed","title":"should have alt text on product image","duration":77,"failureMessages":[]},{"ancestorTitles":["","ProductCard","Accessibility"],"fullName":" ProductCard Accessibility should use lazy loading for images","status":"passed","title":"should use lazy loading for images","duration":55,"failureMessages":[]},{"ancestorTitles":["","ProductCard","Discount Calculation"],"fullName":" ProductCard Discount Calculation should calculate 50% discount correctly","status":"passed","title":"should calculate 50% discount correctly","duration":36,"failureMessages":[]},{"ancestorTitles":["","ProductCard","Discount Calculation"],"fullName":" ProductCard Discount Calculation should round discount to nearest integer","status":"passed","title":"should round discount to nearest integer","duration":41,"failureMessages":[]},{"ancestorTitles":["","ProductCard","Discount Calculation"],"fullName":" ProductCard Discount Calculation should not show 0% discount","status":"passed","title":"should not show 0% discount","duration":53,"failureMessages":[]}],"startTime":1764194304757,"endTime":1764194306674,"status":"failed","message":"","name":"/home/jhonslife/Didin Facil/tests/unit/components/ProductCard.test.tsx"},{"assertionResults":[{"ancestorTitles":["","Sidebar Component","Rendering"],"fullName":" Sidebar Component Rendering should render without crashing","status":"passed","title":"should render without crashing","duration":363,"failureMessages":[]},{"ancestorTitles":["","Sidebar Component","Rendering"],"fullName":" Sidebar Component Rendering should render logo","status":"passed","title":"should render logo","duration":102,"failureMessages":[]},{"ancestorTitles":["","Sidebar Component","Rendering"],"fullName":" Sidebar Component Rendering should render brand name when not collapsed","status":"passed","title":"should render brand name when not collapsed","duration":120,"failureMessages":[]},{"ancestorTitles":["","Sidebar Component","Rendering"],"fullName":" Sidebar Component Rendering should not render brand name when collapsed","status":"passed","title":"should not render brand name when collapsed","duration":29,"failureMessages":[]},{"ancestorTitles":["","Sidebar Component","Rendering"],"fullName":" Sidebar Component Rendering should render all menu items","status":"passed","title":"should render all menu items","duration":14,"failureMessages":[]},{"ancestorTitles":["","Sidebar Component","Rendering"],"fullName":" Sidebar Component Rendering should render settings and profile items","status":"passed","title":"should render settings and profile items","duration":12,"failureMessages":[]},{"ancestorTitles":["","Sidebar Component","Rendering"],"fullName":" Sidebar Component Rendering should render toggle button","status":"passed","title":"should render toggle button","duration":59,"failureMessages":[]},{"ancestorTitles":["","Sidebar Component","Rendering"],"fullName":" Sidebar Component Rendering should show right chevron when collapsed","status":"passed","title":"should show right chevron when collapsed","duration":42,"failureMessages":[]},{"ancestorTitles":["","Sidebar Component","Navigation"],"fullName":" Sidebar Component Navigation should have Dashboard link","status":"passed","title":"should have Dashboard link","duration":241,"failureMessages":[]},{"ancestorTitles":["","Sidebar Component","Navigation"],"fullName":" Sidebar Component Navigation should have Search link","status":"passed","title":"should have Search link","duration":64,"failureMessages":[]},{"ancestorTitles":["","Sidebar Component","Navigation"],"fullName":" Sidebar Component Navigation should have Products link","status":"passed","title":"should have Products link","duration":86,"failureMessages":[]},{"ancestorTitles":["","Sidebar Component","Navigation"],"fullName":" Sidebar Component Navigation should have Favorites link","status":"passed","title":"should have Favorites link","duration":94,"failureMessages":[]},{"ancestorTitles":["","Sidebar Component","Navigation"],"fullName":" Sidebar Component Navigation should have Copy link","status":"passed","title":"should have Copy link","duration":49,"failureMessages":[]},{"ancestorTitles":["","Sidebar Component","Navigation"],"fullName":" Sidebar Component Navigation should have Settings link","status":"passed","title":"should have Settings link","duration":56,"failureMessages":[]},{"ancestorTitles":["","Sidebar Component","Navigation"],"fullName":" Sidebar Component Navigation should have Profile menu","status":"passed","title":"should have Profile menu","duration":9,"failureMessages":[]},{"ancestorTitles":["","Sidebar Component","Active State"],"fullName":" Sidebar Component Active State should highlight Dashboard when on root path","status":"passed","title":"should highlight Dashboard when on root path","duration":16,"failureMessages":[]},{"ancestorTitles":["","Sidebar Component","Active State"],"fullName":" Sidebar Component Active State should highlight Search when on search path","status":"passed","title":"should highlight Search when on search path","duration":13,"failureMessages":[]},{"ancestorTitles":["","Sidebar Component","Active State"],"fullName":" Sidebar Component Active State should highlight Products when on products path","status":"passed","title":"should highlight Products when on products path","duration":12,"failureMessages":[]},{"ancestorTitles":["","Sidebar Component","Active State"],"fullName":" Sidebar Component Active State should highlight Favorites when on favorites path","status":"passed","title":"should highlight Favorites when on favorites path","duration":24,"failureMessages":[]},{"ancestorTitles":["","Sidebar Component","Active State"],"fullName":" Sidebar Component Active State should highlight nested paths","status":"passed","title":"should highlight nested paths","duration":19,"failureMessages":[]},{"ancestorTitles":["","Sidebar Component","Collapsed State"],"fullName":" Sidebar Component Collapsed State should have narrow width when collapsed","status":"passed","title":"should have narrow width when collapsed","duration":59,"failureMessages":[]},{"ancestorTitles":["","Sidebar Component","Collapsed State"],"fullName":" Sidebar Component Collapsed State should have full width when not collapsed","status":"passed","title":"should have full width when not collapsed","duration":54,"failureMessages":[]},{"ancestorTitles":["","Sidebar Component","Collapsed State"],"fullName":" Sidebar Component Collapsed State should show tooltips when collapsed","status":"passed","title":"should show tooltips when collapsed","duration":23,"failureMessages":[]},{"ancestorTitles":["","Sidebar Component","Collapsed State"],"fullName":" Sidebar Component Collapsed State should show text labels when expanded","status":"passed","title":"should show text labels when expanded","duration":12,"failureMessages":[]},{"ancestorTitles":["","Sidebar Component","Toggle Functionality"],"fullName":" Sidebar Component Toggle Functionality should call onToggle when toggle button is clicked","status":"passed","title":"should call onToggle when toggle button is clicked","duration":37,"failureMessages":[]},{"ancestorTitles":["","Sidebar Component","Styling"],"fullName":" Sidebar Component Styling should be fixed positioned","status":"passed","title":"should be fixed positioned","duration":22,"failureMessages":[]},{"ancestorTitles":["","Sidebar Component","Styling"],"fullName":" Sidebar Component Styling should have proper z-index","status":"passed","title":"should have proper z-index","duration":32,"failureMessages":[]},{"ancestorTitles":["","Sidebar Component","Styling"],"fullName":" Sidebar Component Styling should have full height","status":"passed","title":"should have full height","duration":24,"failureMessages":[]},{"ancestorTitles":["","Sidebar Component","Styling"],"fullName":" Sidebar Component Styling should have border on right side","status":"passed","title":"should have border on right side","duration":23,"failureMessages":[]},{"ancestorTitles":["","Sidebar Component","Styling"],"fullName":" Sidebar Component Styling should have transition animation","status":"passed","title":"should have transition animation","duration":27,"failureMessages":[]},{"ancestorTitles":["","Sidebar Component","Accessibility"],"fullName":" Sidebar Component Accessibility should have complementary role for aside","status":"passed","title":"should have complementary role for aside","duration":25,"failureMessages":[]},{"ancestorTitles":["","Sidebar Component","Accessibility"],"fullName":" Sidebar Component Accessibility should have navigation landmark","status":"passed","title":"should have navigation landmark","duration":32,"failureMessages":[]},{"ancestorTitles":["","Sidebar Component","Accessibility"],"fullName":" Sidebar Component Accessibility should have links with href attributes","status":"passed","title":"should have links with href attributes","duration":102,"failureMessages":[]},{"ancestorTitles":["","Sidebar Component","Edge Cases"],"fullName":" Sidebar Component Edge Cases should handle rapid toggle clicks","status":"passed","title":"should handle rapid toggle clicks","duration":49,"failureMessages":[]}],"startTime":1764194304673,"endTime":1764194306633,"status":"passed","message":"","name":"/home/jhonslife/Didin Facil/tests/unit/components/Sidebar.test.tsx"},{"assertionResults":[{"ancestorTitles":["","ThemeProvider Component","Rendering"],"fullName":" ThemeProvider Component Rendering should render children","status":"passed","title":"should render children","duration":69,"failureMessages":[]},{"ancestorTitles":["","ThemeProvider Component","Rendering"],"fullName":" ThemeProvider Component Rendering should render multiple children","status":"passed","title":"should render multiple children","duration":9,"failureMessages":[]},{"ancestorTitles":["","ThemeProvider Component","Rendering"],"fullName":" ThemeProvider Component Rendering should render with children","status":"passed","title":"should render with children","duration":25,"failureMessages":[]},{"ancestorTitles":["","ThemeProvider Component","Theme Application"],"fullName":" ThemeProvider Component Theme Application should remove light and dark classes before applying","status":"passed","title":"should remove light and dark classes before applying","duration":14,"failureMessages":[]},{"ancestorTitles":["","ThemeProvider Component","Theme Application"],"fullName":" ThemeProvider Component Theme Application should apply light theme class","status":"passed","title":"should apply light theme class","duration":4,"failureMessages":[]},{"ancestorTitles":["","ThemeProvider Component","Theme Application"],"fullName":" ThemeProvider Component Theme Application should apply dark theme class","status":"passed","title":"should apply dark theme class","duration":3,"failureMessages":[]},{"ancestorTitles":["","ThemeProvider Component","Theme Application"],"fullName":" ThemeProvider Component Theme Application should use default theme when store theme is undefined","status":"passed","title":"should use default theme when store theme is undefined","duration":9,"failureMessages":[]},{"ancestorTitles":["","ThemeProvider Component","System Theme"],"fullName":" ThemeProvider Component System Theme should detect dark system preference","status":"passed","title":"should detect dark system preference","duration":7,"failureMessages":[]},{"ancestorTitles":["","ThemeProvider Component","System Theme"],"fullName":" ThemeProvider Component System Theme should detect light system preference","status":"passed","title":"should detect light system preference","duration":15,"failureMessages":[]},{"ancestorTitles":["","ThemeProvider Component","System Theme"],"fullName":" ThemeProvider Component System Theme should add event listener for system theme changes","status":"passed","title":"should add event listener for system theme changes","duration":9,"failureMessages":[]},{"ancestorTitles":["","ThemeProvider Component","System Theme"],"fullName":" ThemeProvider Component System Theme should remove event listener on cleanup","status":"passed","title":"should remove event listener on cleanup","duration":11,"failureMessages":[]},{"ancestorTitles":["","ThemeProvider Component","System Theme"],"fullName":" ThemeProvider Component System Theme should not add listener when theme is not system","status":"passed","title":"should not add listener when theme is not system","duration":6,"failureMessages":[]},{"ancestorTitles":["","ThemeProvider Component","Default Theme Prop"],"fullName":" ThemeProvider Component Default Theme Prop should use system as default when not specified","status":"passed","title":"should use system as default when not specified","duration":17,"failureMessages":[]},{"ancestorTitles":["","ThemeProvider Component","Default Theme Prop"],"fullName":" ThemeProvider Component Default Theme Prop should override default theme with store theme","status":"passed","title":"should override default theme with store theme","duration":2,"failureMessages":[]},{"ancestorTitles":["","ThemeProvider Component","Edge Cases"],"fullName":" ThemeProvider Component Edge Cases should handle undefined defaultTheme gracefully","status":"passed","title":"should handle undefined defaultTheme gracefully","duration":3,"failureMessages":[]},{"ancestorTitles":["","ThemeProvider Component","Edge Cases"],"fullName":" ThemeProvider Component Edge Cases should handle rapid theme changes","status":"passed","title":"should handle rapid theme changes","duration":3,"failureMessages":[]}],"startTime":1764194303754,"endTime":1764194303961,"status":"passed","message":"","name":"/home/jhonslife/Didin Facil/tests/unit/components/ThemeProvider.test.tsx"},{"assertionResults":[{"ancestorTitles":["","useToast Hook","Initial State"],"fullName":" useToast Hook Initial State should start with empty toasts array","status":"passed","title":"should start with empty toasts array","duration":40,"failureMessages":[]},{"ancestorTitles":["","useToast Hook","Initial State"],"fullName":" useToast Hook Initial State should provide toast function","status":"passed","title":"should provide toast function","duration":6,"failureMessages":[]},{"ancestorTitles":["","useToast Hook","Initial State"],"fullName":" useToast Hook Initial State should provide dismiss function","status":"passed","title":"should provide dismiss function","duration":4,"failureMessages":[]},{"ancestorTitles":["","useToast Hook","toast() Function"],"fullName":" useToast Hook toast() Function should add a toast","status":"passed","title":"should add a toast","duration":5,"failureMessages":[]},{"ancestorTitles":["","useToast Hook","toast() Function"],"fullName":" useToast Hook toast() Function should add toast with description","status":"passed","title":"should add toast with description","duration":18,"failureMessages":[]},{"ancestorTitles":["","useToast Hook","toast() Function"],"fullName":" useToast Hook toast() Function should generate unique IDs","status":"passed","title":"should generate unique IDs","duration":8,"failureMessages":[]},{"ancestorTitles":["","useToast Hook","toast() Function"],"fullName":" useToast Hook toast() Function should return toast ID","status":"passed","title":"should return toast ID","duration":1,"failureMessages":[]},{"ancestorTitles":["","useToast Hook","toast() Function"],"fullName":" useToast Hook toast() Function should return dismiss function","status":"passed","title":"should return dismiss function","duration":0,"failureMessages":[]},{"ancestorTitles":["","useToast Hook","toast() Function"],"fullName":" useToast Hook toast() Function should return update function","status":"passed","title":"should return update function","duration":7,"failureMessages":[]},{"ancestorTitles":["","useToast Hook","toast() Function"],"fullName":" useToast Hook toast() Function should set toast as open","status":"passed","title":"should set toast as open","duration":19,"failureMessages":[]},{"ancestorTitles":["","useToast Hook","toast() Function"],"fullName":" useToast Hook toast() Function should respect toast limit","status":"passed","title":"should respect toast limit","duration":3,"failureMessages":[]},{"ancestorTitles":["","useToast Hook","dismiss() Function"],"fullName":" useToast Hook dismiss() Function should dismiss specific toast by ID","status":"passed","title":"should dismiss specific toast by ID","duration":3,"failureMessages":[]},{"ancestorTitles":["","useToast Hook","dismiss() Function"],"fullName":" useToast Hook dismiss() Function should dismiss all toasts when no ID provided","status":"passed","title":"should dismiss all toasts when no ID provided","duration":5,"failureMessages":[]},{"ancestorTitles":["","useToast Hook","update() Function"],"fullName":" useToast Hook update() Function should update toast title","status":"passed","title":"should update toast title","duration":5,"failureMessages":[]},{"ancestorTitles":["","useToast Hook","update() Function"],"fullName":" useToast Hook update() Function should update toast description","status":"passed","title":"should update toast description","duration":7,"failureMessages":[]},{"ancestorTitles":["","useToast Hook","onOpenChange Callback"],"fullName":" useToast Hook onOpenChange Callback should dismiss toast when closed via onOpenChange","status":"passed","title":"should dismiss toast when closed via onOpenChange","duration":12,"failureMessages":[]},{"ancestorTitles":["","useToast Hook","Reducer"],"fullName":" useToast Hook Reducer should handle ADD_TOAST action","status":"passed","title":"should handle ADD_TOAST action","duration":1,"failureMessages":[]},{"ancestorTitles":["","useToast Hook","Reducer"],"fullName":" useToast Hook Reducer should handle UPDATE_TOAST action","status":"passed","title":"should handle UPDATE_TOAST action","duration":8,"failureMessages":[]},{"ancestorTitles":["","useToast Hook","Reducer"],"fullName":" useToast Hook Reducer should handle DISMISS_TOAST action with ID","status":"passed","title":"should handle DISMISS_TOAST action with ID","duration":0,"failureMessages":[]},{"ancestorTitles":["","useToast Hook","Reducer"],"fullName":" useToast Hook Reducer should handle DISMISS_TOAST action without ID (dismiss all)","status":"passed","title":"should handle DISMISS_TOAST action without ID (dismiss all)","duration":1,"failureMessages":[]},{"ancestorTitles":["","useToast Hook","Reducer"],"fullName":" useToast Hook Reducer should handle REMOVE_TOAST action with ID","status":"passed","title":"should handle REMOVE_TOAST action with ID","duration":5,"failureMessages":[]},{"ancestorTitles":["","useToast Hook","Reducer"],"fullName":" useToast Hook Reducer should handle REMOVE_TOAST action without ID (remove all)","status":"passed","title":"should handle REMOVE_TOAST action without ID (remove all)","duration":3,"failureMessages":[]},{"ancestorTitles":["","useToast Hook","Listener Management"],"fullName":" useToast Hook Listener Management should add listener on mount","status":"passed","title":"should add listener on mount","duration":2,"failureMessages":[]},{"ancestorTitles":["","useToast Hook","Listener Management"],"fullName":" useToast Hook Listener Management should remove listener on unmount","status":"passed","title":"should remove listener on unmount","duration":8,"failureMessages":[]},{"ancestorTitles":["","useToast Hook","Listener Management"],"fullName":" useToast Hook Listener Management should handle multiple hooks listening","status":"passed","title":"should handle multiple hooks listening","duration":8,"failureMessages":[]},{"ancestorTitles":["","useToast Hook","Edge Cases"],"fullName":" useToast Hook Edge Cases should handle toast with action","status":"passed","title":"should handle toast with action","duration":3,"failureMessages":[]},{"ancestorTitles":["","useToast Hook","Edge Cases"],"fullName":" useToast Hook Edge Cases should handle empty toast","status":"passed","title":"should handle empty toast","duration":1,"failureMessages":[]},{"ancestorTitles":["","useToast Hook","Edge Cases"],"fullName":" useToast Hook Edge Cases should handle special characters in toast content","status":"passed","title":"should handle special characters in toast content","duration":28,"failureMessages":[]},{"ancestorTitles":["","useToast Hook","Edge Cases"],"fullName":" useToast Hook Edge Cases should handle very long toast content","status":"passed","title":"should handle very long toast content","duration":2,"failureMessages":[]},{"ancestorTitles":["","useToast Hook","Edge Cases"],"fullName":" useToast Hook Edge Cases should handle unicode in toast content","status":"passed","title":"should handle unicode in toast content","duration":12,"failureMessages":[]}],"startTime":1764194303701,"endTime":1764194303926,"status":"passed","message":"","name":"/home/jhonslife/Didin Facil/tests/unit/hooks/useToast.test.tsx"},{"assertionResults":[{"ancestorTitles":["","Utils","cn() - Class Name Merger"],"fullName":" Utils cn() - Class Name Merger should merge class names","status":"passed","title":"should merge class names","duration":31,"failureMessages":[]},{"ancestorTitles":["","Utils","cn() - Class Name Merger"],"fullName":" Utils cn() - Class Name Merger should handle conditional classes","status":"passed","title":"should handle conditional classes","duration":8,"failureMessages":[]},{"ancestorTitles":["","Utils","cn() - Class Name Merger"],"fullName":" Utils cn() - Class Name Merger should merge Tailwind classes correctly","status":"passed","title":"should merge Tailwind classes correctly","duration":1,"failureMessages":[]},{"ancestorTitles":["","Utils","cn() - Class Name Merger"],"fullName":" Utils cn() - Class Name Merger should handle arrays","status":"passed","title":"should handle arrays","duration":2,"failureMessages":[]},{"ancestorTitles":["","Utils","cn() - Class Name Merger"],"fullName":" Utils cn() - Class Name Merger should handle objects","status":"passed","title":"should handle objects","duration":0,"failureMessages":[]},{"ancestorTitles":["","Utils","cn() - Class Name Merger"],"fullName":" Utils cn() - Class Name Merger should handle empty inputs","status":"passed","title":"should handle empty inputs","duration":0,"failureMessages":[]},{"ancestorTitles":["","Utils","cn() - Class Name Merger"],"fullName":" Utils cn() - Class Name Merger should handle undefined values","status":"passed","title":"should handle undefined values","duration":1,"failureMessages":[]},{"ancestorTitles":["","Utils","cn() - Class Name Merger"],"fullName":" Utils cn() - Class Name Merger should handle null values","status":"passed","title":"should handle null values","duration":3,"failureMessages":[]},{"ancestorTitles":["","Utils","cn() - Class Name Merger"],"fullName":" Utils cn() - Class Name Merger should merge conflicting Tailwind utilities","status":"passed","title":"should merge conflicting Tailwind utilities","duration":1,"failureMessages":[]},{"ancestorTitles":["","Utils","cn() - Class Name Merger"],"fullName":" Utils cn() - Class Name Merger should handle complex combinations","status":"passed","title":"should handle complex combinations","duration":1,"failureMessages":[]},{"ancestorTitles":["","Utils","formatCurrency()"],"fullName":" Utils formatCurrency() should format BRL currency by default","status":"passed","title":"should format BRL currency by default","duration":53,"failureMessages":[]},{"ancestorTitles":["","Utils","formatCurrency()"],"fullName":" Utils formatCurrency() should format zero","status":"passed","title":"should format zero","duration":0,"failureMessages":[]},{"ancestorTitles":["","Utils","formatCurrency()"],"fullName":" Utils formatCurrency() should format large numbers","status":"passed","title":"should format large numbers","duration":1,"failureMessages":[]},{"ancestorTitles":["","Utils","formatCurrency()"],"fullName":" Utils formatCurrency() should format negative numbers","status":"passed","title":"should format negative numbers","duration":0,"failureMessages":[]},{"ancestorTitles":["","Utils","formatCurrency()"],"fullName":" Utils formatCurrency() should handle custom currency","status":"passed","title":"should handle custom currency","duration":9,"failureMessages":[]},{"ancestorTitles":["","Utils","formatCurrency()"],"fullName":" Utils formatCurrency() should format decimals correctly","status":"passed","title":"should format decimals correctly","duration":1,"failureMessages":[]},{"ancestorTitles":["","Utils","formatCurrency()"],"fullName":" Utils formatCurrency() should round long decimals","status":"passed","title":"should round long decimals","duration":0,"failureMessages":[]},{"ancestorTitles":["","Utils","formatCurrency()"],"fullName":" Utils formatCurrency() should handle very small numbers","status":"passed","title":"should handle very small numbers","duration":1,"failureMessages":[]},{"ancestorTitles":["","Utils","formatCurrency()"],"fullName":" Utils formatCurrency() should handle very large numbers","status":"passed","title":"should handle very large numbers","duration":0,"failureMessages":[]},{"ancestorTitles":["","Utils","formatNumber()"],"fullName":" Utils formatNumber() should format small numbers as-is","status":"passed","title":"should format small numbers as-is","duration":0,"failureMessages":[]},{"ancestorTitles":["","Utils","formatNumber()"],"fullName":" Utils formatNumber() should format thousands with k suffix","status":"passed","title":"should format thousands with k suffix","duration":1,"failureMessages":[]},{"ancestorTitles":["","Utils","formatNumber()"],"fullName":" Utils formatNumber() should format millions with M suffix","status":"passed","title":"should format millions with M suffix","duration":0,"failureMessages":[]},{"ancestorTitles":["","Utils","formatNumber()"],"fullName":" Utils formatNumber() should handle exactly 1000","status":"passed","title":"should handle exactly 1000","duration":0,"failureMessages":[]},{"ancestorTitles":["","Utils","formatNumber()"],"fullName":" Utils formatNumber() should handle exactly 1000000","status":"passed","title":"should handle exactly 1000000","duration":0,"failureMessages":[]},{"ancestorTitles":["","Utils","formatNumber()"],"fullName":" Utils formatNumber() should handle zero","status":"passed","title":"should handle zero","duration":13,"failureMessages":[]},{"ancestorTitles":["","Utils","formatNumber()"],"fullName":" Utils formatNumber() should format edge case 999","status":"passed","title":"should format edge case 999","duration":1,"failureMessages":[]},{"ancestorTitles":["","Utils","formatNumber()"],"fullName":" Utils formatNumber() should format edge case 999999","status":"passed","title":"should format edge case 999999","duration":0,"failureMessages":[]},{"ancestorTitles":["","Utils","formatNumber()"],"fullName":" Utils formatNumber() should handle large millions","status":"passed","title":"should handle large millions","duration":0,"failureMessages":[]},{"ancestorTitles":["","Utils","formatNumber()"],"fullName":" Utils formatNumber() should handle decimals at boundaries","status":"passed","title":"should handle decimals at boundaries","duration":0,"failureMessages":[]},{"ancestorTitles":["","Utils","formatPercentage()"],"fullName":" Utils formatPercentage() should format integer percentage","status":"passed","title":"should format integer percentage","duration":0,"failureMessages":[]},{"ancestorTitles":["","Utils","formatPercentage()"],"fullName":" Utils formatPercentage() should format decimal percentage","status":"passed","title":"should format decimal percentage","duration":0,"failureMessages":[]},{"ancestorTitles":["","Utils","formatPercentage()"],"fullName":" Utils formatPercentage() should format zero","status":"passed","title":"should format zero","duration":0,"failureMessages":[]},{"ancestorTitles":["","Utils","formatPercentage()"],"fullName":" Utils formatPercentage() should format 100%","status":"passed","title":"should format 100%","duration":0,"failureMessages":[]},{"ancestorTitles":["","Utils","formatPercentage()"],"fullName":" Utils formatPercentage() should handle percentages over 100","status":"passed","title":"should handle percentages over 100","duration":1,"failureMessages":[]},{"ancestorTitles":["","Utils","formatPercentage()"],"fullName":" Utils formatPercentage() should handle negative percentages","status":"passed","title":"should handle negative percentages","duration":0,"failureMessages":[]},{"ancestorTitles":["","Utils","formatPercentage()"],"fullName":" Utils formatPercentage() should round to one decimal place","status":"passed","title":"should round to one decimal place","duration":0,"failureMessages":[]},{"ancestorTitles":["","Utils","formatPercentage()"],"fullName":" Utils formatPercentage() should handle very small percentages","status":"passed","title":"should handle very small percentages","duration":0,"failureMessages":[]},{"ancestorTitles":["","Utils","truncateText()"],"fullName":" Utils truncateText() should not truncate short text","status":"passed","title":"should not truncate short text","duration":13,"failureMessages":[]},{"ancestorTitles":["","Utils","truncateText()"],"fullName":" Utils truncateText() should truncate long text","status":"passed","title":"should truncate long text","duration":0,"failureMessages":[]},{"ancestorTitles":["","Utils","truncateText()"],"fullName":" Utils truncateText() should handle exact length","status":"passed","title":"should handle exact length","duration":0,"failureMessages":[]},{"ancestorTitles":["","Utils","truncateText()"],"fullName":" Utils truncateText() should handle empty string","status":"passed","title":"should handle empty string","duration":0,"failureMessages":[]},{"ancestorTitles":["","Utils","truncateText()"],"fullName":" Utils truncateText() should handle zero max length","status":"passed","title":"should handle zero max length","duration":1,"failureMessages":[]},{"ancestorTitles":["","Utils","truncateText()"],"fullName":" Utils truncateText() should add ellipsis","status":"passed","title":"should add ellipsis","duration":0,"failureMessages":[]},{"ancestorTitles":["","Utils","truncateText()"],"fullName":" Utils truncateText() should truncate at correct position","status":"passed","title":"should truncate at correct position","duration":0,"failureMessages":[]},{"ancestorTitles":["","Utils","truncateText()"],"fullName":" Utils truncateText() should handle unicode characters","status":"passed","title":"should handle unicode characters","duration":0,"failureMessages":[]},{"ancestorTitles":["","Utils","truncateText()"],"fullName":" Utils truncateText() should handle emojis","status":"passed","title":"should handle emojis","duration":0,"failureMessages":[]},{"ancestorTitles":["","Utils","generateId()"],"fullName":" Utils generateId() should generate a string","status":"passed","title":"should generate a string","duration":1,"failureMessages":[]},{"ancestorTitles":["","Utils","generateId()"],"fullName":" Utils generateId() should generate unique IDs","status":"passed","title":"should generate unique IDs","duration":3,"failureMessages":[]},{"ancestorTitles":["","Utils","generateId()"],"fullName":" Utils generateId() should generate alphanumeric IDs","status":"passed","title":"should generate alphanumeric IDs","duration":1,"failureMessages":[]},{"ancestorTitles":["","Utils","generateId()"],"fullName":" Utils generateId() should generate IDs with expected length","status":"passed","title":"should generate IDs with expected length","duration":2,"failureMessages":[]},{"ancestorTitles":["","Utils","generateId()"],"fullName":" Utils generateId() should not contain special characters","status":"passed","title":"should not contain special characters","duration":7,"failureMessages":[]},{"ancestorTitles":["","Utils","debounce()"],"fullName":" Utils debounce() should debounce function calls","status":"passed","title":"should debounce function calls","duration":11,"failureMessages":[]},{"ancestorTitles":["","Utils","debounce()"],"fullName":" Utils debounce() should pass arguments to debounced function","status":"passed","title":"should pass arguments to debounced function","duration":2,"failureMessages":[]},{"ancestorTitles":["","Utils","debounce()"],"fullName":" Utils debounce() should use last arguments when called multiple times","status":"passed","title":"should use last arguments when called multiple times","duration":7,"failureMessages":[]},{"ancestorTitles":["","Utils","debounce()"],"fullName":" Utils debounce() should reset timer on each call","status":"passed","title":"should reset timer on each call","duration":1,"failureMessages":[]},{"ancestorTitles":["","Utils","debounce()"],"fullName":" Utils debounce() should handle zero delay","status":"passed","title":"should handle zero delay","duration":3,"failureMessages":[]},{"ancestorTitles":["","Utils","debounce()"],"fullName":" Utils debounce() should handle long delays","status":"passed","title":"should handle long delays","duration":1,"failureMessages":[]},{"ancestorTitles":["","Utils","debounce()"],"fullName":" Utils debounce() should allow multiple independent debounced functions","status":"passed","title":"should allow multiple independent debounced functions","duration":1,"failureMessages":[]},{"ancestorTitles":["","Utils","sleep()"],"fullName":" Utils sleep() should return a promise","status":"passed","title":"should return a promise","duration":1,"failureMessages":[]},{"ancestorTitles":["","Utils","sleep()"],"fullName":" Utils sleep() should resolve after specified time","status":"passed","title":"should resolve after specified time","duration":1,"failureMessages":[]},{"ancestorTitles":["","Utils","sleep()"],"fullName":" Utils sleep() should resolve with undefined","status":"passed","title":"should resolve with undefined","duration":0,"failureMessages":[]},{"ancestorTitles":["","Utils","sleep()"],"fullName":" Utils sleep() should handle zero delay","status":"passed","title":"should handle zero delay","duration":1,"failureMessages":[]},{"ancestorTitles":["","Utils","sleep()"],"fullName":" Utils sleep() should handle long delays","status":"passed","title":"should handle long delays","duration":1,"failureMessages":[]},{"ancestorTitles":["","Utils","sleep()"],"fullName":" Utils sleep() should be awaitable","status":"passed","title":"should be awaitable","duration":0,"failureMessages":[]}],"startTime":1764194303289,"endTime":1764194303478,"status":"passed","message":"","name":"/home/jhonslife/Didin Facil/tests/unit/lib/utils.test.ts"},{"assertionResults":[{"ancestorTitles":["","FavoritesStore","Initial State"],"fullName":" FavoritesStore Initial State should start with empty favorites","status":"passed","title":"should start with empty favorites","duration":16,"failureMessages":[]},{"ancestorTitles":["","FavoritesStore","Initial State"],"fullName":" FavoritesStore Initial State should start with empty collections","status":"passed","title":"should start with empty collections","duration":1,"failureMessages":[]},{"ancestorTitles":["","FavoritesStore","addFavorite"],"fullName":" FavoritesStore addFavorite should add a product to favorites","status":"passed","title":"should add a product to favorites","duration":3,"failureMessages"
[...]
e/jhonslife/Didin Facil/.trunk/plugins/trunk/tools/eksctl/eksctl.test.ts (resolved id: /home/jhonslife/.cache/trunk/plugins/https---github-com-trunk-io-plugins/v1.7.4-4ebadccd80b22638/tools/eksctl/eksctl.test.ts). Does the file exist?","name":"/home/jhonslife/Didin Facil/.trunk/plugins/trunk/tools/eksctl/eksctl.test.ts"},{"assertionResults":[],"startTime":1764194298818,"endTime":1764194298818,"status":"failed","message":"Failed to load url /home/jhonslife/Didin Facil/.trunk/plugins/trunk/tools/flyway/flyway.test.ts (resolved id: /home/jhonslife/.cache/trunk/plugins/https---github-com-trunk-io-plugins/v1.7.4-4ebadccd80b22638/tools/flyway/flyway.test.ts). Does the file exist?","name":"/home/jhonslife/Didin Facil/.trunk/plugins/trunk/tools/flyway/flyway.test.ts"},{"assertionResults":[],"startTime":1764194298818,"endTime":1764194298818,"status":"failed","message":"Failed to load url /home/jhonslife/Didin Facil/.trunk/plugins/trunk/tools/gh/gh.test.ts (resolved id: /home/jhonslife/.cache/trunk/plugins/https---github-com-trunk-io-plugins/v1.7.4-4ebadccd80b22638/tools/gh/gh.test.ts). Does the file exist?","name":"/home/jhonslife/Didin Facil/.trunk/plugins/trunk/tools/gh/gh.test.ts"},{"assertionResults":[],"startTime":1764194298818,"endTime":1764194298818,"status":"failed","message":"Failed to load url /home/jhonslife/Didin Facil/.trunk/plugins/trunk/tools/gk/gk.test.ts (resolved id: /home/jhonslife/.cache/trunk/plugins/https---github-com-trunk-io-plugins/v1.7.4-4ebadccd80b22638/tools/gk/gk.test.ts). Does the file exist?","name":"/home/jhonslife/Didin Facil/.trunk/plugins/trunk/tools/gk/gk.test.ts"},{"assertionResults":[],"startTime":1764194298818,"endTime":1764194298818,"status":"failed","message":"Failed to load url /home/jhonslife/Didin Facil/.trunk/plugins/trunk/tools/goreleaser/goreleaser.test.ts (resolved id: /home/jhonslife/.cache/trunk/plugins/https---github-com-trunk-io-plugins/v1.7.4-4ebadccd80b22638/tools/goreleaser/goreleaser.test.ts). Does the file exist?","name":"/home/jhonslife/Didin Facil/.trunk/plugins/trunk/tools/goreleaser/goreleaser.test.ts"},{"assertionResults":[],"startTime":1764194298818,"endTime":1764194298818,"status":"failed","message":"Failed to load url /home/jhonslife/Didin Facil/.trunk/plugins/trunk/tools/grpcui/grpcui.test.ts (resolved id: /home/jhonslife/.cache/trunk/plugins/https---github-com-trunk-io-plugins/v1.7.4-4ebadccd80b22638/tools/grpcui/grpcui.test.ts). Does the file exist?","name":"/home/jhonslife/Didin Facil/.trunk/plugins/trunk/tools/grpcui/grpcui.test.ts"},{"assertionResults":[],"startTime":1764194298818,"endTime":1764194298818,"status":"failed","message":"Failed to load url /home/jhonslife/Didin Facil/.trunk/plugins/trunk/tools/gt/gt.test.ts (resolved id: /home/jhonslife/.cache/trunk/plugins/https---github-com-trunk-io-plugins/v1.7.4-4ebadccd80b22638/tools/gt/gt.test.ts). Does the file exist?","name":"/home/jhonslife/Didin Facil/.trunk/plugins/trunk/tools/gt/gt.test.ts"},{"assertionResults":[],"startTime":1764194298818,"endTime":1764194298818,"status":"failed","message":"Failed to load url /home/jhonslife/Didin Facil/.trunk/plugins/trunk/tools/gulp/gulp.test.ts (resolved id: /home/jhonslife/.cache/trunk/plugins/https---github-com-trunk-io-plugins/v1.7.4-4ebadccd80b22638/tools/gulp/gulp.test.ts). Does the file exist?","name":"/home/jhonslife/Didin Facil/.trunk/plugins/trunk/tools/gulp/gulp.test.ts"},{"assertionResults":[],"startTime":1764194298818,"endTime":1764194298818,"status":"failed","message":"Failed to load url /home/jhonslife/Didin Facil/.trunk/plugins/trunk/tools/helm/helm.test.ts (resolved id: /home/jhonslife/.cache/trunk/plugins/https---github-com-trunk-io-plugins/v1.7.4-4ebadccd80b22638/tools/helm/helm.test.ts). Does the file exist?","name":"/home/jhonslife/Didin Facil/.trunk/plugins/trunk/tools/helm/helm.test.ts"},{"assertionResults":[],"startTime":1764194298818,"endTime":1764194298818,"status":"failed","message":"Failed to load url /home/jhonslife/Didin Facil/.trunk/plugins/trunk/tools/ibazel/ibazel.test.ts (resolved id: /home/jhonslife/.cache/trunk/plugins/https---github-com-trunk-io-plugins/v1.7.4-4ebadccd80b22638/tools/ibazel/ibazel.test.ts). Does the file exist?","name":"/home/jhonslife/Didin Facil/.trunk/plugins/trunk/tools/ibazel/ibazel.test.ts"},{"assertionResults":[],"startTime":1764194298818,"endTime":1764194298818,"status":"failed","message":"Failed to load url /home/jhonslife/Didin Facil/.trunk/plugins/trunk/tools/istioctl/istioctl.test.ts (resolved id: /home/jhonslife/.cache/trunk/plugins/https---github-com-trunk-io-plugins/v1.7.4-4ebadccd80b22638/tools/istioctl/istioctl.test.ts). Does the file exist?","name":"/home/jhonslife/Didin Facil/.trunk/plugins/trunk/tools/istioctl/istioctl.test.ts"},{"assertionResults":[],"startTime":1764194298818,"endTime":1764194298818,"status":"failed","message":"Failed to load url /home/jhonslife/Didin Facil/.trunk/plugins/trunk/tools/jq/jq.test.ts (resolved id: /home/jhonslife/.cache/trunk/plugins/https---github-com-trunk-io-plugins/v1.7.4-4ebadccd80b22638/tools/jq/jq.test.ts). Does the file exist?","name":"/home/jhonslife/Didin Facil/.trunk/plugins/trunk/tools/jq/jq.test.ts"},{"assertionResults":[],"startTime":1764194298818,"endTime":1764194298818,"status":"failed","message":"Failed to load url /home/jhonslife/Didin Facil/.trunk/plugins/trunk/tools/kubectl/kubectl.test.ts (resolved id: /home/jhonslife/.cache/trunk/plugins/https---github-com-trunk-io-plugins/v1.7.4-4ebadccd80b22638/tools/kubectl/kubectl.test.ts). Does the file exist?","name":"/home/jhonslife/Didin Facil/.trunk/plugins/trunk/tools/kubectl/kubectl.test.ts"},{"assertionResults":[],"startTime":1764194298818,"endTime":1764194298818,"status":"failed","message":"Failed to load url /home/jhonslife/Didin Facil/.trunk/plugins/trunk/tools/minikube/minikube.test.ts (resolved id: /home/jhonslife/.cache/trunk/plugins/https---github-com-trunk-io-plugins/v1.7.4-4ebadccd80b22638/tools/minikube/minikube.test.ts). Does the file exist?","name":"/home/jhonslife/Didin Facil/.trunk/plugins/trunk/tools/minikube/minikube.test.ts"},{"assertionResults":[],"startTime":1764194298818,"endTime":1764194298818,"status":"failed","message":"Failed to load url /home/jhonslife/Didin Facil/.trunk/plugins/trunk/tools/paratest/paratest.test.ts (resolved id: /home/jhonslife/.cache/trunk/plugins/https---github-com-trunk-io-plugins/v1.7.4-4ebadccd80b22638/tools/paratest/paratest.test.ts). Does the file exist?","name":"/home/jhonslife/Didin Facil/.trunk/plugins/trunk/tools/paratest/paratest.test.ts"},{"assertionResults":[],"startTime":1764194298818,"endTime":1764194298818,"status":"failed","message":"Failed to load url /home/jhonslife/Didin Facil/.trunk/plugins/trunk/tools/phpunit/phpunit.test.ts (resolved id: /home/jhonslife/.cache/trunk/plugins/https---github-com-trunk-io-plugins/v1.7.4-4ebadccd80b22638/tools/phpunit/phpunit.test.ts). Does the file exist?","name":"/home/jhonslife/Didin Facil/.trunk/plugins/trunk/tools/phpunit/phpunit.test.ts"},{"assertionResults":[],"startTime":1764194298818,"endTime":1764194298818,"status":"failed","message":"Failed to load url /home/jhonslife/Didin Facil/.trunk/plugins/trunk/tools/platformio/platformio.test.ts (resolved id: /home/jhonslife/.cache/trunk/plugins/https---github-com-trunk-io-plugins/v1.7.4-4ebadccd80b22638/tools/platformio/platformio.test.ts). Does the file exist?","name":"/home/jhonslife/Didin Facil/.trunk/plugins/trunk/tools/platformio/platformio.test.ts"},{"assertionResults":[],"startTime":1764194298818,"endTime":1764194298818,"status":"failed","message":"Failed to load url /home/jhonslife/Didin Facil/.trunk/plugins/trunk/tools/pnpm/pnpm.test.ts (resolved id: /home/jhonslife/.cache/trunk/plugins/https---github-com-trunk-io-plugins/v1.7.4-4ebadccd80b22638/tools/pnpm/pnpm.test.ts). Does the file exist?","name":"/home/jhonslife/Didin Facil/.trunk/plugins/trunk/tools/pnpm/pnpm.test.ts"},{"assertionResults":[],"startTime":1764194298818,"endTime":1764194298818,"status":"failed","message":"Failed to load url /home/jhonslife/Didin Facil/.trunk/plugins/trunk/tools/prisma/prisma.test.ts (resolved id: /home/jhonslife/.cache/trunk/plugins/https---github-com-trunk-io-plugins/v1.7.4-4ebadccd80b22638/tools/prisma/prisma.test.ts). Does the file exist?","name":"/home/jhonslife/Didin Facil/.trunk/plugins/trunk/tools/prisma/prisma.test.ts"},{"assertionResults":[],"startTime":1764194298818,"endTime":1764194298818,"status":"failed","message":"Failed to load url /home/jhonslife/Didin Facil/.trunk/plugins/trunk/tools/pwsh/pwsh.test.ts (resolved id: /home/jhonslife/.cache/trunk/plugins/https---github-com-trunk-io-plugins/v1.7.4-4ebadccd80b22638/tools/pwsh/pwsh.test.ts). Does the file exist?","name":"/home/jhonslife/Didin Facil/.trunk/plugins/trunk/tools/pwsh/pwsh.test.ts"},{"assertionResults":[],"startTime":1764194298818,"endTime":1764194298818,"status":"failed","message":"Failed to load url /home/jhonslife/Didin Facil/.trunk/plugins/trunk/tools/renovate/renovate.test.ts (resolved id: /home/jhonslife/.cache/trunk/plugins/https---github-com-trunk-io-plugins/v1.7.4-4ebadccd80b22638/tools/renovate/renovate.test.ts). Does the file exist?","name":"/home/jhonslife/Didin Facil/.trunk/plugins/trunk/tools/renovate/renovate.test.ts"},{"assertionResults":[],"startTime":1764194298818,"endTime":1764194298818,"status":"failed","message":"Failed to load url /home/jhonslife/Didin Facil/.trunk/plugins/trunk/tools/ripgrep/ripgrep.test.ts (resolved id: /home/jhonslife/.cache/trunk/plugins/https---github-com-trunk-io-plugins/v1.7.4-4ebadccd80b22638/tools/ripgrep/ripgrep.test.ts). Does the file exist?","name":"/home/jhonslife/Didin Facil/.trunk/plugins/trunk/tools/ripgrep/ripgrep.test.ts"},{"assertionResults":[],"startTime":1764194298818,"endTime":1764194298818,"status":"failed","message":"Failed to load url /home/jhonslife/Didin Facil/.trunk/plugins/trunk/tools/sentry-cli/sentry_cli.test.ts (resolved id: /home/jhonslife/.cache/trunk/plugins/https---github-com-trunk-io-plugins/v1.7.4-4ebadccd80b22638/tools/sentry-cli/sentry_cli.test.ts). Does the file exist?","name":"/home/jhonslife/Didin Facil/.trunk/plugins/trunk/tools/sentry-cli/sentry_cli.test.ts"},{"assertionResults":[],"startTime":1764194298818,"endTime":1764194298818,"status":"failed","message":"Failed to load url /home/jhonslife/Didin Facil/.trunk/plugins/trunk/tools/sfdx/sfdx.test.ts (resolved id: /home/jhonslife/.cache/trunk/plugins/https---github-com-trunk-io-plugins/v1.7.4-4ebadccd80b22638/tools/sfdx/sfdx.test.ts). Does the file exist?","name":"/home/jhonslife/Didin Facil/.trunk/plugins/trunk/tools/sfdx/sfdx.test.ts"},{"assertionResults":[],"startTime":1764194298818,"endTime":1764194298818,"status":"failed","message":"Failed to load url /home/jhonslife/Didin Facil/.trunk/plugins/trunk/tools/sourcery/sourcery.test.ts (resolved id: /home/jhonslife/.cache/trunk/plugins/https---github-com-trunk-io-plugins/v1.7.4-4ebadccd80b22638/tools/sourcery/sourcery.test.ts). Does the file exist?","name":"/home/jhonslife/Didin Facil/.trunk/plugins/trunk/tools/sourcery/sourcery.test.ts"},{"assertionResults":[],"startTime":1764194298818,"endTime":1764194298818,"status":"failed","message":"Failed to load url /home/jhonslife/Didin Facil/.trunk/plugins/trunk/tools/tailwindcss/tailwindcss.test.ts (resolved id: /home/jhonslife/.cache/trunk/plugins/https---github-com-trunk-io-plugins/v1.7.4-4ebadccd80b22638/tools/tailwindcss/tailwindcss.test.ts). Does the file exist?","name":"/home/jhonslife/Didin Facil/.trunk/plugins/trunk/tools/tailwindcss/tailwindcss.test.ts"},{"assertionResults":[],"startTime":1764194298818,"endTime":1764194298818,"status":"failed","message":"Failed to load url /home/jhonslife/Didin Facil/.trunk/plugins/trunk/tools/target-determinator/target_determinator.test.ts (resolved id: /home/jhonslife/.cache/trunk/plugins/https---github-com-trunk-io-plugins/v1.7.4-4ebadccd80b22638/tools/target-determinator/target_determinator.test.ts). Does the file exist?","name":"/home/jhonslife/Didin Facil/.trunk/plugins/trunk/tools/target-determinator/target_determinator.test.ts"},{"assertionResults":[],"startTime":1764194298818,"endTime":1764194298818,"status":"failed","message":"Failed to load url /home/jhonslife/Didin Facil/.trunk/plugins/trunk/tools/terraform/terraform.test.ts (resolved id: /home/jhonslife/.cache/trunk/plugins/https---github-com-trunk-io-plugins/v1.7.4-4ebadccd80b22638/tools/terraform/terraform.test.ts). Does the file exist?","name":"/home/jhonslife/Didin Facil/.trunk/plugins/trunk/tools/terraform/terraform.test.ts"},{"assertionResults":[],"startTime":1764194298818,"endTime":1764194298818,"status":"failed","message":"Failed to load url /home/jhonslife/Didin Facil/.trunk/plugins/trunk/tools/terraform-docs/terraform_docs.test.ts (resolved id: /home/jhonslife/.cache/trunk/plugins/https---github-com-trunk-io-plugins/v1.7.4-4ebadccd80b22638/tools/terraform-docs/terraform_docs.test.ts). Does the file exist?","name":"/home/jhonslife/Didin Facil/.trunk/plugins/trunk/tools/terraform-docs/terraform_docs.test.ts"},{"assertionResults":[],"startTime":1764194298818,"endTime":1764194298818,"status":"failed","message":"Failed to load url /home/jhonslife/Didin Facil/.trunk/plugins/trunk/tools/terraform-switcher/terraform_switcher.test.ts (resolved id: /home/jhonslife/.cache/trunk/plugins/https---github-com-trunk-io-plugins/v1.7.4-4ebadccd80b22638/tools/terraform-switcher/terraform_switcher.test.ts). Does the file exist?","name":"/home/jhonslife/Didin Facil/.trunk/plugins/trunk/tools/terraform-switcher/terraform_switcher.test.ts"},{"assertionResults":[],"startTime":1764194298818,"endTime":1764194298818,"status":"failed","message":"Failed to load url /home/jhonslife/Didin Facil/.trunk/plugins/trunk/tools/terraformer/terraformer.test.ts (resolved id: /home/jhonslife/.cache/trunk/plugins/https---github-com-trunk-io-plugins/v1.7.4-4ebadccd80b22638/tools/terraformer/terraformer.test.ts). Does the file exist?","name":"/home/jhonslife/Didin Facil/.trunk/plugins/trunk/tools/terraformer/terraformer.test.ts"},{"assertionResults":[],"startTime":1764194298818,"endTime":1764194298818,"status":"failed","message":"Failed to load url /home/jhonslife/Didin Facil/.trunk/plugins/trunk/tools/terramate/terramate.test.ts (resolved id: /home/jhonslife/.cache/trunk/plugins/https---github-com-trunk-io-plugins/v1.7.4-4ebadccd80b22638/tools/terramate/terramate.test.ts). Does the file exist?","name":"/home/jhonslife/Didin Facil/.trunk/plugins/trunk/tools/terramate/terramate.test.ts"},{"assertionResults":[],"startTime":1764194298818,"endTime":1764194298818,"status":"failed","message":"Failed to load url /home/jhonslife/Didin Facil/.trunk/plugins/trunk/tools/tfmigrate/tfmigrate.test.ts (resolved id: /home/jhonslife/.cache/trunk/plugins/https---github-com-trunk-io-plugins/v1.7.4-4ebadccd80b22638/tools/tfmigrate/tfmigrate.test.ts). Does the file exist?","name":"/home/jhonslife/Didin Facil/.trunk/plugins/trunk/tools/tfmigrate/tfmigrate.test.ts"},{"assertionResults":[],"startTime":1764194298818,"endTime":1764194298818,"status":"failed","message":"Failed to load url /home/jhonslife/Didin Facil/.trunk/plugins/trunk/tools/tfnotify/tfnotify.test.ts (resolved id: /home/jhonslife/.cache/trunk/plugins/https---github-com-trunk-io-plugins/v1.7.4-4ebadccd80b22638/tools/tfnotify/tfnotify.test.ts). Does the file exist?","name":"/home/jhonslife/Didin Facil/.trunk/plugins/trunk/tools/tfnotify/tfnotify.test.ts"},{"assertionResults":[],"startTime":1764194298818,"endTime":1764194298818,"status":"failed","message":"Failed to load url /home/jhonslife/Didin Facil/.trunk/plugins/trunk/tools/tfupdate/tfupdate.test.ts (resolved id: /home/jhonslife/.cache/trunk/plugins/https---github-com-trunk-io-plugins/v1.7.4-4ebadccd80b22638/tools/tfupdate/tfupdate.test.ts). Does the file exist?","name":"/home/jhonslife/Didin Facil/.trunk/plugins/trunk/tools/tfupdate/tfupdate.test.ts"},{"assertionResults":[],"startTime":1764194298818,"endTime":1764194298818,"status":"failed","message":"Failed to load url /home/jhonslife/Didin Facil/.trunk/plugins/trunk/tools/tofu/tofu.test.ts (resolved id: /home/jhonslife/.cache/trunk/plugins/https---github-com-trunk-io-plugins/v1.7.4-4ebadccd80b22638/tools/tofu/tofu.test.ts). Does the file exist?","name":"/home/jhonslife/Didin Facil/.trunk/plugins/trunk/tools/tofu/tofu.test.ts"},{"assertionResults":[],"startTime":1764194298818,"endTime":1764194298818,"status":"failed","message":"Failed to load url /home/jhonslife/Didin Facil/.trunk/plugins/trunk/tools/tree-sitter/tree_sitter.test.ts (resolved id: /home/jhonslife/.cache/trunk/plugins/https---github-com-trunk-io-plugins/v1.7.4-4ebadccd80b22638/tools/tree-sitter/tree_sitter.test.ts). Does the file exist?","name":"/home/jhonslife/Didin Facil/.trunk/plugins/trunk/tools/tree-sitter/tree_sitter.test.ts"},{"assertionResults":[],"startTime":1764194298818,"endTime":1764194298818,"status":"failed","message":"Failed to load url /home/jhonslife/Didin Facil/.trunk/plugins/trunk/tools/ts-node/ts_node.test.ts (resolved id: /home/jhonslife/.cache/trunk/plugins/https---github-com-trunk-io-plugins/v1.7.4-4ebadccd80b22638/tools/ts-node/ts_node.test.ts). Does the file exist?","name":"/home/jhonslife/Didin Facil/.trunk/plugins/trunk/tools/ts-node/ts_node.test.ts"},{"assertionResults":[],"startTime":1764194298818,"endTime":1764194298818,"status":"failed","message":"Failed to load url /home/jhonslife/Didin Facil/.trunk/plugins/trunk/tools/tsc/tsc.test.ts (resolved id: /home/jhonslife/.cache/trunk/plugins/https---github-com-trunk-io-plugins/v1.7.4-4ebadccd80b22638/tools/tsc/tsc.test.ts). Does the file exist?","name":"/home/jhonslife/Didin Facil/.trunk/plugins/trunk/tools/tsc/tsc.test.ts"},{"assertionResults":[],"startTime":1764194298818,"endTime":1764194298818,"status":"failed","message":"Failed to load url /home/jhonslife/Didin Facil/.trunk/plugins/trunk/tools/webpack/webpack.test.ts (resolved id: /home/jhonslife/.cache/trunk/plugins/https---github-com-trunk-io-plugins/v1.7.4-4ebadccd80b22638/tools/webpack/webpack.test.ts). Does the file exist?","name":"/home/jhonslife/Didin Facil/.trunk/plugins/trunk/tools/webpack/webpack.test.ts"},{"assertionResults":[],"startTime":1764194298818,"endTime":1764194298818,"status":"failed","message":"Failed to load url /home/jhonslife/Didin Facil/.trunk/plugins/trunk/tools/yarn/yarn.test.ts (resolved id: /home/jhonslife/.cache/trunk/plugins/https---github-com-trunk-io-plugins/v1.7.4-4ebadccd80b22638/tools/yarn/yarn.test.ts). Does the file exist?","name":"/home/jhonslife/Didin Facil/.trunk/plugins/trunk/tools/yarn/yarn.test.ts"},{"assertionResults":[],"startTime":1764194298818,"endTime":1764194298818,"status":"failed","message":"Failed to load url /home/jhonslife/Didin Facil/.trunk/plugins/trunk/tools/yq/yq.test.ts (resolved id: /home/jhonslife/.cache/trunk/plugins/https---github-com-trunk-io-plugins/v1.7.4-4ebadccd80b22638/tools/yq/yq.test.ts). Does the file exist?","name":"/home/jhonslife/Didin Facil/.trunk/plugins/trunk/tools/yq/yq.test.ts"},{"assertionResults":[],"startTime":1764194298818,"endTime":1764194298818,"status":"failed","message":"Failed to load url /home/jhonslife/Didin Facil/.trunk/plugins/trunk/linters/dotenv-linter/dotenv_linter.test.ts (resolved id: /home/jhonslife/.cache/trunk/plugins/https---github-com-trunk-io-plugins/v1.7.4-4ebadccd80b22638/linters/dotenv-linter/dotenv_linter.test.ts). Does the file exist?","name":"/home/jhonslife/Didin Facil/.trunk/plugins/trunk/linters/dotenv-linter/dotenv_linter.test.ts"},{"assertionResults":[],"startTime":1764194298818,"endTime":1764194298818,"status":"failed","message":"Failed to load url /home/jhonslife/Didin Facil/.trunk/plugins/trunk/actions/hello-world/python/hello_world.test.ts (resolved id: /home/jhonslife/.cache/trunk/plugins/https---github-com-trunk-io-plugins/v1.7.4-4ebadccd80b22638/actions/hello-world/python/hello_world.test.ts). Does the file exist?","name":"/home/jhonslife/Didin Facil/.trunk/plugins/trunk/actions/hello-world/python/hello_world.test.ts"}]}
