{"meta": {"format": 3, "version": "7.12.0", "timestamp": "2025-11-26T02:30:24.202740", "branch_coverage": false, "show_contexts": false}, "files": {"api/__init__.py": {"executed_lines": [1], "summary": {"covered_lines": 0, "num_statements": 0, "percent_covered": 100.0, "percent_covered_display": "100", "missing_lines": 0, "excluded_lines": 0, "percent_statements_covered": 100.0, "percent_statements_covered_display": "100"}, "missing_lines": [], "excluded_lines": [], "functions": {"": {"executed_lines": [1], "summary": {"covered_lines": 0, "num_statements": 0, "percent_covered": 100.0, "percent_covered_display": "100", "missing_lines": 0, "excluded_lines": 0, "percent_statements_covered": 100.0, "percent_statements_covered_display": "100"}, "missing_lines": [], "excluded_lines": []}}, "classes": {"": {"executed_lines": [1], "summary": {"covered_lines": 0, "num_statements": 0, "percent_covered": 100.0, "percent_covered_display": "100", "missing_lines": 0, "excluded_lines": 0, "percent_statements_covered": 100.0, "percent_statements_covered_display": "100"}, "missing_lines": [], "excluded_lines": []}}}, "api/database/__init__.py": {"executed_lines": [0], "summary": {"covered_lines": 0, "num_statements": 0, "percent_covered": 100.0, "percent_covered_display": "100", "missing_lines": 0, "excluded_lines": 0, "percent_statements_covered": 100.0, "percent_statements_covered_display": "100"}, "missing_lines": [], "excluded_lines": [], "functions": {"": {"executed_lines": [], "summary": {"covered_lines": 0, "num_statements": 0, "percent_covered": 100.0, "percent_covered_display": "100", "missing_lines": 0, "excluded_lines": 0, "percent_statements_covered": 100.0, "percent_statements_covered_display": "100"}, "missing_lines": [], "excluded_lines": []}}, "classes": {"": {"executed_lines": [], "summary": {"covered_lines": 0, "num_statements": 0, "percent_covered": 100.0, "percent_covered_display": "100", "missing_lines": 0, "excluded_lines": 0, "percent_statements_covered": 100.0, "percent_statements_covered_display": "100"}, "missing_lines": [], "excluded_lines": []}}}, "api/database/connection.py": {"executed_lines": [1, 6, 7, 9, 10, 14, 17, 20, 26, 32, 33, 41, 42, 44, 47, 48, 53, 57, 61], "summary": {"covered_lines": 17, "num_statements": 30, "percent_covered": 56.666666666666664, "percent_covered_display": "57", "missing_lines": 13, "excluded_lines": 0, "percent_statements_covered": 56.666666666666664, "percent_statements_covered_display": "57"}, "missing_lines": [22, 23, 28, 29, 35, 36, 38, 45, 50, 51, 55, 59, 63], "excluded_lines": [], "functions": {"init_database": {"executed_lines": [], "summary": {"covered_lines": 0, "num_statements": 2, "percent_covered": 0.0, "percent_covered_display": "0", "missing_lines": 2, "excluded_lines": 0, "percent_statements_covered": 0.0, "percent_statements_covered_display": "0"}, "missing_lines": [22, 23], "excluded_lines": []}, "close_database": {"executed_lines": [], "summary": {"covered_lines": 0, "num_statements": 2, "percent_covered": 0.0, "percent_covered_display": "0", "missing_lines": 2, "excluded_lines": 0, "percent_statements_covered": 0.0, "percent_statements_covered_display": "0"}, "missing_lines": [28, 29], "excluded_lines": []}, "get_db": {"executed_lines": [], "summary": {"covered_lines": 0, "num_statements": 3, "percent_covered": 0.0, "percent_covered_display": "0", "missing_lines": 3, "excluded_lines": 0, "percent_statements_covered": 0.0, "percent_statements_covered_display": "0"}, "missing_lines": [35, 36, 38], "excluded_lines": []}, "DatabaseManager.__init__": {"executed_lines": [], "summary": {"covered_lines": 0, "num_statements": 1, "percent_covered": 0.0, "percent_covered_display": "0", "missing_lines": 1, "excluded_lines": 0, "percent_statements_covered": 0.0, "percent_statements_covered_display": "0"}, "missing_lines": [45], "excluded_lines": []}, "DatabaseManager.transaction": {"executed_lines": [], "summary": {"covered_lines": 0, "num_statements": 2, "percent_covered": 0.0, "percent_covered_display": "0", "missing_lines": 2, "excluded_lines": 0, "percent_statements_covered": 0.0, "percent_statements_covered_display": "0"}, "missing_lines": [50, 51], "excluded_lines": []}, "DatabaseManager.execute": {"executed_lines": [], "summary": {"covered_lines": 0, "num_statements": 1, "percent_covered": 0.0, "percent_covered_display": "0", "missing_lines": 1, "excluded_lines": 0, "percent_statements_covered": 0.0, "percent_statements_covered_display": "0"}, "missing_lines": [55], "excluded_lines": []}, "DatabaseManager.fetch_one": {"executed_lines": [], "summary": {"covered_lines": 0, "num_statements": 1, "percent_covered": 0.0, "percent_covered_display": "0", "missing_lines": 1, "excluded_lines": 0, "percent_statements_covered": 0.0, "percent_statements_covered_display": "0"}, "missing_lines": [59], "excluded_lines": []}, "DatabaseManager.fetch_all": {"executed_lines": [], "summary": {"covered_lines": 0, "num_statements": 1, "percent_covered": 0.0, "percent_covered_display": "0", "missing_lines": 1, "excluded_lines": 0, "percent_statements_covered": 0.0, "percent_statements_covered_display": "0"}, "missing_lines": [63], "excluded_lines": []}, "": {"executed_lines": [1, 6, 7, 9, 10, 14, 17, 20, 26, 32, 33, 41, 42, 44, 47, 48, 53, 57, 61], "summary": {"covered_lines": 17, "num_statements": 17, "percent_covered": 100.0, "percent_covered_display": "100", "missing_lines": 0, "excluded_lines": 0, "percent_statements_covered": 100.0, "percent_statements_covered_display": "100"}, "missing_lines": [], "excluded_lines": []}}, "classes": {"DatabaseManager": {"executed_lines": [], "summary": {"covered_lines": 0, "num_statements": 6, "percent_covered": 0.0, "percent_covered_display": "0", "missing_lines": 6, "excluded_lines": 0, "percent_statements_covered": 0.0, "percent_statements_covered_display": "0"}, "missing_lines": [45, 50, 51, 55, 59, 63], "excluded_lines": []}, "": {"executed_lines": [1, 6, 7, 9, 10, 14, 17, 20, 26, 32, 33, 41, 42, 44, 47, 48, 53, 57, 61], "summary": {"covered_lines": 17, "num_statements": 24, "percent_covered": 70.83333333333333, "percent_covered_display": "71", "missing_lines": 7, "excluded_lines": 0, "percent_statements_covered": 70.83333333333333, "percent_statements_covered_display": "71"}, "missing_lines": [22, 23, 28, 29, 35, 36, 38], "excluded_lines": []}}}, "api/database/models.py": {"executed_lines": [], "summary": {"covered_lines": 0, "num_statements": 126, "percent_covered": 0.0, "percent_covered_display": "0", "missing_lines": 126, "excluded_lines": 0, "percent_statements_covered": 0.0, "percent_statements_covered_display": "0"}, "missing_lines": [6, 7, 9, 13, 14, 15, 18, 21, 23, 25, 26, 27, 28, 29, 30, 31, 32, 33, 36, 37, 40, 42, 44, 45, 46, 47, 48, 49, 50, 51, 52, 53, 54, 55, 56, 57, 58, 61, 62, 65, 67, 69, 70, 71, 72, 73, 74, 75, 76, 77, 80, 82, 87, 89, 91, 92, 93, 94, 95, 96, 97, 98, 99, 100, 101, 102, 103, 104, 105, 106, 107, 108, 109, 110, 111, 112, 113, 114, 115, 116, 117, 118, 120, 126, 128, 130, 131, 132, 133, 134, 135, 136, 137, 140, 142, 147, 149, 151, 152, 153, 154, 157, 159, 161, 162, 163, 164, 165, 166, 167, 168, 169, 170, 173, 175, 177, 178, 179, 180, 181, 182, 183, 184, 185, 186, 188], "excluded_lines": [], "functions": {"": {"executed_lines": [], "summary": {"covered_lines": 0, "num_statements": 126, "percent_covered": 0.0, "percent_covered_display": "0", "missing_lines": 126, "excluded_lines": 0, "percent_statements_covered": 0.0, "percent_statements_covered_display": "0"}, "missing_lines": [6, 7, 9, 13, 14, 15, 18, 21, 23, 25, 26, 27, 28, 29, 30, 31, 32, 33, 36, 37, 40, 42, 44, 45, 46, 47, 48, 49, 50, 51, 52, 53, 54, 55, 56, 57, 58, 61, 62, 65, 67, 69, 70, 71, 72, 73, 74, 75, 76, 77, 80, 82, 87, 89, 91, 92, 93, 94, 95, 96, 97, 98, 99, 100, 101, 102, 103, 104, 105, 106, 107, 108, 109, 110, 111, 112, 113, 114, 115, 116, 117, 118, 120, 126, 128, 130, 131, 132, 133, 134, 135, 136, 137, 140, 142, 147, 149, 151, 152, 153, 154, 157, 159, 161, 162, 163, 164, 165, 166, 167, 168, 169, 170, 173, 175, 177, 178, 179, 180, 181, 182, 183, 184, 185, 186, 188], "excluded_lines": []}}, "classes": {"User": {"executed_lines": [], "summary": {"covered_lines": 0, "num_statements": 0, "percent_covered": 100.0, "percent_covered_display": "100", "missing_lines": 0, "excluded_lines": 0, "percent_statements_covered": 100.0, "percent_statements_covered_display": "100"}, "missing_lines": [], "excluded_lines": []}, "License": {"executed_lines": [], "summary": {"covered_lines": 0, "num_statements": 0, "percent_covered": 100.0, "percent_covered_display": "100", "missing_lines": 0, "excluded_lines": 0, "percent_statements_covered": 100.0, "percent_statements_covered_display": "100"}, "missing_lines": [], "excluded_lines": []}, "LicenseDevice": {"executed_lines": [], "summary": {"covered_lines": 0, "num_statements": 0, "percent_covered": 100.0, "percent_covered_display": "100", "missing_lines": 0, "excluded_lines": 0, "percent_statements_covered": 100.0, "percent_statements_covered_display": "100"}, "missing_lines": [], "excluded_lines": []}, "Product": {"executed_lines": [], "summary": {"covered_lines": 0, "num_statements": 0, "percent_covered": 100.0, "percent_covered_display": "100", "missing_lines": 0, "excluded_lines": 0, "percent_statements_covered": 100.0, "percent_statements_covered_display": "100"}, "missing_lines": [], "excluded_lines": []}, "CopyHistory": {"executed_lines": [], "summary": {"covered_lines": 0, "num_statements": 0, "percent_covered": 100.0, "percent_covered_display": "100", "missing_lines": 0, "excluded_lines": 0, "percent_statements_covered": 100.0, "percent_statements_covered_display": "100"}, "missing_lines": [], "excluded_lines": []}, "PaymentEvent": {"executed_lines": [], "summary": {"covered_lines": 0, "num_statements": 0, "percent_covered": 100.0, "percent_covered_display": "100", "missing_lines": 0, "excluded_lines": 0, "percent_statements_covered": 100.0, "percent_statements_covered_display": "100"}, "missing_lines": [], "excluded_lines": []}, "Payment": {"executed_lines": [], "summary": {"covered_lines": 0, "num_statements": 0, "percent_covered": 100.0, "percent_covered_display": "100", "missing_lines": 0, "excluded_lines": 0, "percent_statements_covered": 100.0, "percent_statements_covered_display": "100"}, "missing_lines": [], "excluded_lines": []}, "ScrapingJob": {"executed_lines": [], "summary": {"covered_lines": 0, "num_statements": 0, "percent_covered": 100.0, "percent_covered_display": "100", "missing_lines": 0, "excluded_lines": 0, "percent_statements_covered": 100.0, "percent_statements_covered_display": "100"}, "missing_lines": [], "excluded_lines": []}, "": {"executed_lines": [], "summary": {"covered_lines": 0, "num_statements": 126, "percent_covered": 0.0, "percent_covered_display": "0", "missing_lines": 126, "excluded_lines": 0, "percent_statements_covered": 0.0, "percent_statements_covered_display": "0"}, "missing_lines": [6, 7, 9, 13, 14, 15, 18, 21, 23, 25, 26, 27, 28, 29, 30, 31, 32, 33, 36, 37, 40, 42, 44, 45, 46, 47, 48, 49, 50, 51, 52, 53, 54, 55, 56, 57, 58, 61, 62, 65, 67, 69, 70, 71, 72, 73, 74, 75, 76, 77, 80, 82, 87, 89, 91, 92, 93, 94, 95, 96, 97, 98, 99, 100, 101, 102, 103, 104, 105, 106, 107, 108, 109, 110, 111, 112, 113, 114, 115, 116, 117, 118, 120, 126, 128, 130, 131, 132, 133, 134, 135, 136, 137, 140, 142, 147, 149, 151, 152, 153, 154, 157, 159, 161, 162, 163, 164, 165, 166, 167, 168, 169, 170, 173, 175, 177, 178, 179, 180, 181, 182, 183, 184, 185, 186, 188], "excluded_lines": []}}}, "api/main.py": {"executed_lines": [1, 6, 8, 9, 11, 12, 13, 14, 15, 16, 17, 18, 19, 22, 23, 25, 26, 47, 55, 58, 67, 70, 71, 72, 73, 74, 77, 78, 83, 84], "summary": {"covered_lines": 29, "num_statements": 40, "percent_covered": 72.5, "percent_covered_display": "72", "missing_lines": 11, "excluded_lines": 0, "percent_statements_covered": 72.5, "percent_statements_covered_display": "72"}, "missing_lines": [29, 32, 33, 34, 35, 40, 41, 43, 44, 80, 86], "excluded_lines": [], "functions": {"lifespan": {"executed_lines": [], "summary": {"covered_lines": 0, "num_statements": 9, "percent_covered": 0.0, "percent_covered_display": "0", "missing_lines": 9, "excluded_lines": 0, "percent_statements_covered": 0.0, "percent_statements_covered_display": "0"}, "missing_lines": [29, 32, 33, 34, 35, 40, 41, 43, 44], "excluded_lines": []}, "health_check": {"executed_lines": [], "summary": {"covered_lines": 0, "num_statements": 1, "percent_covered": 0.0, "percent_covered_display": "0", "missing_lines": 1, "excluded_lines": 0, "percent_statements_covered": 0.0, "percent_statements_covered_display": "0"}, "missing_lines": [80], "excluded_lines": []}, "root": {"executed_lines": [], "summary": {"covered_lines": 0, "num_statements": 1, "percent_covered": 0.0, "percent_covered_display": "0", "missing_lines": 1, "excluded_lines": 0, "percent_statements_covered": 0.0, "percent_statements_covered_display": "0"}, "missing_lines": [86], "excluded_lines": []}, "": {"executed_lines": [1, 6, 8, 9, 11, 12, 13, 14, 15, 16, 17, 18, 19, 22, 23, 25, 26, 47, 55, 58, 67, 70, 71, 72, 73, 74, 77, 78, 83, 84], "summary": {"covered_lines": 29, "num_statements": 29, "percent_covered": 100.0, "percent_covered_display": "100", "missing_lines": 0, "excluded_lines": 0, "percent_statements_covered": 100.0, "percent_statements_covered_display": "100"}, "missing_lines": [], "excluded_lines": []}}, "classes": {"": {"executed_lines": [1, 6, 8, 9, 11, 12, 13, 14, 15, 16, 17, 18, 19, 22, 23, 25, 26, 47, 55, 58, 67, 70, 71, 72, 73, 74, 77, 78, 83, 84], "summary": {"covered_lines": 29, "num_statements": 40, "percent_covered": 72.5, "percent_covered_display": "72", "missing_lines": 11, "excluded_lines": 0, "percent_statements_covered": 72.5, "percent_statements_covered_display": "72"}, "missing_lines": [29, 32, 33, 34, 35, 40, 41, 43, 44, 80, 86], "excluded_lines": []}}}, "api/middleware/__init__.py": {"executed_lines": [0], "summary": {"covered_lines": 0, "num_statements": 0, "percent_covered": 100.0, "percent_covered_display": "100", "missing_lines": 0, "excluded_lines": 0, "percent_statements_covered": 100.0, "percent_statements_covered_display": "100"}, "missing_lines": [], "excluded_lines": [], "functions": {"": {"executed_lines": [], "summary": {"covered_lines": 0, "num_statements": 0, "percent_covered": 100.0, "percent_covered_display": "100", "missing_lines": 0, "excluded_lines": 0, "percent_statements_covered": 100.0, "percent_statements_covered_display": "100"}, "missing_lines": [], "excluded_lines": []}}, "classes": {"": {"executed_lines": [], "summary": {"covered_lines": 0, "num_statements": 0, "percent_covered": 100.0, "percent_covered_display": "100", "missing_lines": 0, "excluded_lines": 0, "percent_statements_covered": 100.0, "percent_statements_covered_display": "100"}, "missing_lines": [], "excluded_lines": []}}}, "api/middleware/auth.py": {"executed_lines": [1, 6, 7, 8, 10, 11, 12, 14, 18, 22, 25, 28, 84, 99], "summary": {"covered_lines": 13, "num_statements": 34, "percent_covered": 38.23529411764706, "percent_covered_display": "38", "missing_lines": 21, "excluded_lines": 0, "percent_statements_covered": 38.23529411764706, "percent_statements_covered_display": "38"}, "missing_lines": [37, 39, 40, 46, 47, 48, 54, 55, 56, 62, 63, 64, 69, 77, 78, 86, 94, 95, 96, 101, 107], "excluded_lines": [], "functions": {"get_current_user": {"executed_lines": [], "summary": {"covered_lines": 0, "num_statements": 15, "percent_covered": 0.0, "percent_covered_display": "0", "missing_lines": 15, "excluded_lines": 0, "percent_statements_covered": 0.0, "percent_statements_covered_display": "0"}, "missing_lines": [37, 39, 40, 46, 47, 48, 54, 55, 56, 62, 63, 64, 69, 77, 78], "excluded_lines": []}, "get_user_by_id": {"executed_lines": [], "summary": {"covered_lines": 0, "num_statements": 4, "percent_covered": 0.0, "percent_covered_display": "0", "missing_lines": 4, "excluded_lines": 0, "percent_statements_covered": 0.0, "percent_statements_covered_display": "0"}, "missing_lines": [86, 94, 95, 96], "excluded_lines": []}, "create_access_token": {"executed_lines": [], "summary": {"covered_lines": 0, "num_statements": 2, "percent_covered": 0.0, "percent_covered_display": "0", "missing_lines": 2, "excluded_lines": 0, "percent_statements_covered": 0.0, "percent_statements_covered_display": "0"}, "missing_lines": [101, 107], "excluded_lines": []}, "": {"executed_lines": [1, 6, 7, 8, 10, 11, 12, 14, 18, 22, 25, 28, 84, 99], "summary": {"covered_lines": 13, "num_statements": 13, "percent_covered": 100.0, "percent_covered_display": "100", "missing_lines": 0, "excluded_lines": 0, "percent_statements_covered": 100.0, "percent_statements_covered_display": "100"}, "missing_lines": [], "excluded_lines": []}}, "classes": {"": {"executed_lines": [1, 6, 7, 8, 10, 11, 12, 14, 18, 22, 25, 28, 84, 99], "summary": {"covered_lines": 13, "num_statements": 34, "percent_covered": 38.23529411764706, "percent_covered_display": "38", "missing_lines": 21, "excluded_lines": 0, "percent_statements_covered": 38.23529411764706, "percent_statements_covered_display": "38"}, "missing_lines": [37, 39, 40, 46, 47, 48, 54, 55, 56, 62, 63, 64, 69, 77, 78, 86, 94, 95, 96, 101, 107], "excluded_lines": []}}}, "api/middleware/quota.py": {"executed_lines": [1, 6, 7, 8, 10, 12, 15, 16, 17, 24, 48, 94, 103, 121], "summary": {"covered_lines": 12, "num_statements": 37, "percent_covered": 32.432432432432435, "percent_covered_display": "32", "missing_lines": 25, "excluded_lines": 0, "percent_statements_covered": 32.432432432432435, "percent_statements_covered_display": "32"}, "missing_lines": [18, 19, 20, 56, 57, 58, 61, 62, 63, 64, 66, 67, 68, 71, 79, 80, 83, 85, 96, 100, 110, 112, 113, 118, 123], "excluded_lines": [], "functions": {"QuotaExceededError.__init__": {"executed_lines": [], "summary": {"covered_lines": 0, "num_statements": 3, "percent_covered": 0.0, "percent_covered_display": "0", "missing_lines": 3, "excluded_lines": 0, "percent_statements_covered": 0.0, "percent_statements_covered_display": "0"}, "missing_lines": [18, 19, 20], "excluded_lines": []}, "get_user_quota": {"executed_lines": [], "summary": {"covered_lines": 0, "num_statements": 15, "percent_covered": 0.0, "percent_covered_display": "0", "missing_lines": 15, "excluded_lines": 0, "percent_statements_covered": 0.0, "percent_statements_covered_display": "0"}, "missing_lines": [56, 57, 58, 61, 62, 63, 64, 66, 67, 68, 71, 79, 80, 83, 85], "excluded_lines": []}, "increment_quota": {"executed_lines": [], "summary": {"covered_lines": 0, "num_statements": 2, "percent_covered": 0.0, "percent_covered_display": "0", "missing_lines": 2, "excluded_lines": 0, "percent_statements_covered": 0.0, "percent_statements_covered_display": "0"}, "missing_lines": [96, 100], "excluded_lines": []}, "check_quota": {"executed_lines": [], "summary": {"covered_lines": 0, "num_statements": 4, "percent_covered": 0.0, "percent_covered_display": "0", "missing_lines": 4, "excluded_lines": 0, "percent_statements_covered": 0.0, "percent_statements_covered_display": "0"}, "missing_lines": [110, 112, 113, 118], "excluded_lines": []}, "check_copy_quota": {"executed_lines": [], "summary": {"covered_lines": 0, "num_statements": 1, "percent_covered": 0.0, "percent_covered_display": "0", "missing_lines": 1, "excluded_lines": 0, "percent_statements_covered": 0.0, "percent_statements_covered_display": "0"}, "missing_lines": [123], "excluded_lines": []}, "": {"executed_lines": [1, 6, 7, 8, 10, 12, 15, 16, 17, 24, 48, 94, 103, 121], "summary": {"covered_lines": 12, "num_statements": 12, "percent_covered": 100.0, "percent_covered_display": "100", "missing_lines": 0, "excluded_lines": 0, "percent_statements_covered": 100.0, "percent_statements_covered_display": "100"}, "missing_lines": [], "excluded_lines": []}}, "classes": {"QuotaExceededError": {"executed_lines": [], "summary": {"covered_lines": 0, "num_statements": 3, "percent_covered": 0.0, "percent_covered_display": "0", "missing_lines": 3, "excluded_lines": 0, "percent_statements_covered": 0.0, "percent_statements_covered_display": "0"}, "missing_lines": [18, 19, 20], "excluded_lines": []}, "": {"executed_lines": [1, 6, 7, 8, 10, 12, 15, 16, 17, 24, 48, 94, 103, 121], "summary": {"covered_lines": 12, "num_statements": 34, "percent_covered": 35.294117647058826, "percent_covered_display": "35", "missing_lines": 22, "excluded_lines": 0, "percent_statements_covered": 35.294117647058826, "percent_statements_covered_display": "35"}, "missing_lines": [56, 57, 58, 61, 62, 63, 64, 66, 67, 68, 71, 79, 80, 83, 85, 96, 100, 110, 112, 113, 118, 123], "excluded_lines": []}}}, "api/middleware/ratelimit.py": {"executed_lines": [1, 6, 7, 8, 10, 11, 12, 15, 16, 22, 27, 71], "summary": {"covered_lines": 10, "num_statements": 34, "percent_covered": 29.41176470588235, "percent_covered_display": "29", "missing_lines": 24, "excluded_lines": 0, "percent_statements_covered": 29.41176470588235, "percent_statements_covered_display": "29"}, "missing_lines": [23, 24, 25, 29, 30, 33, 36, 37, 40, 46, 47, 57, 60, 63, 64, 67, 69, 77, 78, 81, 84, 85, 86, 88], "excluded_lines": [], "functions": {"RateLimitMiddleware.__init__": {"executed_lines": [], "summary": {"covered_lines": 0, "num_statements": 3, "percent_covered": 0.0, "percent_covered_display": "0", "missing_lines": 3, "excluded_lines": 0, "percent_statements_covered": 0.0, "percent_statements_covered_display": "0"}, "missing_lines": [23, 24, 25], "excluded_lines": []}, "RateLimitMiddleware.dispatch": {"executed_lines": [], "summary": {"covered_lines": 0, "num_statements": 14, "percent_covered": 0.0, "percent_covered_display": "0", "missing_lines": 14, "excluded_lines": 0, "percent_statements_covered": 0.0, "percent_statements_covered_display": "0"}, "missing_lines": [29, 30, 33, 36, 37, 40, 46, 47, 57, 60, 63, 64, 67, 69], "excluded_lines": []}, "RateLimitMiddleware._get_client_id": {"executed_lines": [], "summary": {"covered_lines": 0, "num_statements": 7, "percent_covered": 0.0, "percent_covered_display": "0", "missing_lines": 7, "excluded_lines": 0, "percent_statements_covered": 0.0, "percent_statements_covered_display": "0"}, "missing_lines": [77, 78, 81, 84, 85, 86, 88], "excluded_lines": []}, "": {"executed_lines": [1, 6, 7, 8, 10, 11, 12, 15, 16, 22, 27, 71], "summary": {"covered_lines": 10, "num_statements": 10, "percent_covered": 100.0, "percent_covered_display": "100", "missing_lines": 0, "excluded_lines": 0, "percent_statements_covered": 100.0, "percent_statements_covered_display": "100"}, "missing_lines": [], "excluded_lines": []}}, "classes": {"RateLimitMiddleware": {"executed_lines": [], "summary": {"covered_lines": 0, "num_statements": 24, "percent_covered": 0.0, "percent_covered_display": "0", "missing_lines": 24, "excluded_lines": 0, "percent_statements_covered": 0.0, "percent_statements_covered_display": "0"}, "missing_lines": [23, 24, 25, 29, 30, 33, 36, 37, 40, 46, 47, 57, 60, 63, 64, 67, 69, 77, 78, 81, 84, 85, 86, 88], "excluded_lines": []}, "": {"executed_lines": [1, 6, 7, 8, 10, 11, 12, 15, 16, 22, 27, 71], "summary": {"covered_lines": 10, "num_statements": 10, "percent_covered": 100.0, "percent_covered_display": "100", "missing_lines": 0, "excluded_lines": 0, "percent_statements_covered": 100.0, "percent_statements_covered_display": "100"}, "missing_lines": [], "excluded_lines": []}}}, "api/middleware/security.py": {"executed_lines": [1, 2, 3, 4, 8, 10, 11], "summary": {"covered_lines": 7, "num_statements": 15, "percent_covered": 46.666666666666664, "percent_covered_display": "47", "missing_lines": 8, "excluded_lines": 0, "percent_statements_covered": 46.666666666666664, "percent_statements_covered_display": "47"}, "missing_lines": [17, 18, 30, 33, 34, 35, 36, 38], "excluded_lines": [], "functions": {"SecurityHeadersMiddleware.dispatch": {"executed_lines": [], "summary": {"covered_lines": 0, "num_statements": 8, "percent_covered": 0.0, "percent_covered_display": "0", "missing_lines": 8, "excluded_lines": 0, "percent_statements_covered": 0.0, "percent_statements_covered_display": "0"}, "missing_lines": [17, 18, 30, 33, 34, 35, 36, 38], "excluded_lines": []}, "": {"executed_lines": [1, 2, 3, 4, 8, 10, 11], "summary": {"covered_lines": 7, "num_statements": 7, "percent_covered": 100.0, "percent_covered_display": "100", "missing_lines": 0, "excluded_lines": 0, "percent_statements_covered": 100.0, "percent_statements_covered_display": "100"}, "missing_lines": [], "excluded_lines": []}}, "classes": {"SecurityHeadersMiddleware": {"executed_lines": [], "summary": {"covered_lines": 0, "num_statements": 8, "percent_covered": 0.0, "percent_covered_display": "0", "missing_lines": 8, "excluded_lines": 0, "percent_statements_covered": 0.0, "percent_statements_covered_display": "0"}, "missing_lines": [17, 18, 30, 33, 34, 35, 36, 38], "excluded_lines": []}, "": {"executed_lines": [1, 2, 3, 4, 8, 10, 11], "summary": {"covered_lines": 7, "num_statements": 7, "percent_covered": 100.0, "percent_covered_display": "100", "missing_lines": 0, "excluded_lines": 0, "percent_statements_covered": 100.0, "percent_statements_covered_display": "100"}, "missing_lines": [], "excluded_lines": []}}}, "api/models/__init__.py": {"executed_lines": [], "summary": {"covered_lines": 0, "num_statements": 0, "percent_covered": 100.0, "percent_covered_display": "100", "missing_lines": 0, "excluded_lines": 0, "percent_statements_covered": 100.0, "percent_statements_covered_display": "100"}, "missing_lines": [], "excluded_lines": [], "functions": {"": {"executed_lines": [], "summary": {"covered_lines": 0, "num_statements": 0, "percent_covered": 100.0, "percent_covered_display": "100", "missing_lines": 0, "excluded_lines": 0, "percent_statements_covered": 100.0, "percent_statements_covered_display": "100"}, "missing_lines": [], "excluded_lines": []}}, "classes": {"": {"executed_lines": [], "summary": {"covered_lines": 0, "num_statements": 0, "percent_covered": 100.0, "percent_covered_display": "100", "missing_lines": 0, "excluded_lines": 0, "percent_statements_covered": 100.0, "percent_statements_covered_display": "100"}, "missing_lines": [], "excluded_lines": []}}}, "api/routes/__init__.py": {"executed_lines": [1], "summary": {"covered_lines": 0, "num_statements": 0, "percent_covered": 100.0, "percent_covered_display": "100", "missing_lines": 0, "excluded_lines": 0, "percent_statements_covered": 100.0, "percent_statements_covered_display": "100"}, "missing_lines": [], "excluded_lines": [], "functions": {"": {"executed_lines": [1], "summary": {"covered_lines": 0, "num_statements": 0, "percent_covered": 100.0, "percent_covered_display": "100", "missing_lines": 0, "excluded_lines": 0, "percent_statements_covered": 100.0, "percent_statements_covered_display": "100"}, "missing_lines": [], "excluded_lines": []}}, "classes": {"": {"executed_lines": [1], "summary": {"covered_lines": 0, "num_statements": 0, "percent_covered": 100.0, "percent_covered_display": "100", "missing_lines": 0, "excluded_lines": 0, "percent_statements_covered": 100.0, "percent_statements_covered_display": "100"}, "missing_lines": [], "excluded_lines": []}}}, "api/routes/auth.py": {"executed_lines": [1, 6, 7, 9, 10, 11, 12, 14, 15, 18, 19, 20, 23, 24, 27, 28, 29, 30, 31, 34, 35, 36, 37, 38, 39, 42, 43, 44, 45, 46, 49, 50, 51, 54, 55, 92, 93, 115, 116, 167, 168, 173, 174], "summary": {"covered_lines": 38, "num_statements": 69, "percent_covered": 55.072463768115945, "percent_covered_display": "55", "missing_lines": 31, "excluded_lines": 0, "percent_statements_covered": 55.072463768115945, "percent_statements_covered_display": "55"}, "missing_lines": [60, 62, 63, 64, 70, 71, 77, 78, 80, 95, 98, 99, 100, 106, 112, 121, 123, 124, 129, 132, 133, 138, 139, 140, 146, 147, 149, 160, 161, 170, 180], "excluded_lines": [], "functions": {"login": {"executed_lines": [], "summary": {"covered_lines": 0, "num_statements": 9, "percent_covered": 0.0, "percent_covered_display": "0", "missing_lines": 9, "excluded_lines": 0, "percent_statements_covered": 0.0, "percent_statements_covered_display": "0"}, "missing_lines": [60, 62, 63, 64, 70, 71, 77, 78, 80], "excluded_lines": []}, "register": {"executed_lines": [], "summary": {"covered_lines": 0, "num_statements": 6, "percent_covered": 0.0, "percent_covered_display": "0", "missing_lines": 6, "excluded_lines": 0, "percent_statements_covered": 0.0, "percent_statements_covered_display": "0"}, "missing_lines": [95, 98, 99, 100, 106, 112], "excluded_lines": []}, "refresh_token": {"executed_lines": [], "summary": {"covered_lines": 0, "num_statements": 14, "percent_covered": 0.0, "percent_covered_display": "0", "missing_lines": 14, "excluded_lines": 0, "percent_statements_covered": 0.0, "percent_statements_covered_display": "0"}, "missing_lines": [121, 123, 124, 129, 132, 133, 138, 139, 140, 146, 147, 149, 160, 161], "excluded_lines": []}, "get_current_user_info": {"executed_lines": [], "summary": {"covered_lines": 0, "num_statements": 1, "percent_covered": 0.0, "percent_covered_display": "0", "missing_lines": 1, "excluded_lines": 0, "percent_statements_covered": 0.0, "percent_statements_covered_display": "0"}, "missing_lines": [170], "excluded_lines": []}, "logout": {"executed_lines": [], "summary": {"covered_lines": 0, "num_statements": 1, "percent_covered": 0.0, "percent_covered_display": "0", "missing_lines": 1, "excluded_lines": 0, "percent_statements_covered": 0.0, "percent_statements_covered_display": "0"}, "missing_lines": [180], "excluded_lines": []}, "": {"executed_lines": [1, 6, 7, 9, 10, 11, 12, 14, 15, 18, 19, 20, 23, 24, 27, 28, 29, 30, 31, 34, 35, 36, 37, 38, 39, 42, 43, 44, 45, 46, 49, 50, 51, 54, 55, 92, 93, 115, 116, 167, 168, 173, 174], "summary": {"covered_lines": 38, "num_statements": 38, "percent_covered": 100.0, "percent_covered_display": "100", "missing_lines": 0, "excluded_lines": 0, "percent_statements_covered": 100.0, "percent_statements_covered_display": "100"}, "missing_lines": [], "excluded_lines": []}}, "classes": {"LoginRequest": {"executed_lines": [], "summary": {"covered_lines": 0, "num_statements": 0, "percent_covered": 100.0, "percent_covered_display": "100", "missing_lines": 0, "excluded_lines": 0, "percent_statements_covered": 100.0, "percent_statements_covered_display": "100"}, "missing_lines": [], "excluded_lines": []}, "LoginResponse": {"executed_lines": [], "summary": {"covered_lines": 0, "num_statements": 0, "percent_covered": 100.0, "percent_covered_display": "100", "missing_lines": 0, "excluded_lines": 0, "percent_statements_covered": 100.0, "percent_statements_covered_display": "100"}, "missing_lines": [], "excluded_lines": []}, "RegisterRequest": {"executed_lines": [], "summary": {"covered_lines": 0, "num_statements": 0, "percent_covered": 100.0, "percent_covered_display": "100", "missing_lines": 0, "excluded_lines": 0, "percent_statements_covered": 100.0, "percent_statements_covered_display": "100"}, "missing_lines": [], "excluded_lines": []}, "RefreshRequest": {"executed_lines": [], "summary": {"covered_lines": 0, "num_statements": 0, "percent_covered": 100.0, "percent_covered_display": "100", "missing_lines": 0, "excluded_lines": 0, "percent_statements_covered": 100.0, "percent_statements_covered_display": "100"}, "missing_lines": [], "excluded_lines": []}, "": {"executed_lines": [1, 6, 7, 9, 10, 11, 12, 14, 15, 18, 19, 20, 23, 24, 27, 28, 29, 30, 31, 34, 35, 36, 37, 38, 39, 42, 43, 44, 45, 46, 49, 50, 51, 54, 55, 92, 93, 115, 116, 167, 168, 173, 174], "summary": {"covered_lines": 38, "num_statements": 69, "percent_covered": 55.072463768115945, "percent_covered_display": "55", "missing_lines": 31, "excluded_lines": 0, "percent_statements_covered": 55.072463768115945, "percent_statements_covered_display": "55"}, "missing_lines": [60, 62, 63, 64, 70, 71, 77, 78, 80, 95, 98, 99, 100, 106, 112, 121, 123, 124, 129, 132, 133, 138, 139, 140, 146, 147, 149, 160, 161, 170, 180], "excluded_lines": []}}}, "api/routes/copy.py": {"executed_lines": [1, 6, 7, 9, 10, 12, 13, 14, 15, 18, 21, 22, 23, 24, 25, 26, 27, 28, 29, 30, 31, 32, 33, 34, 35, 38, 39, 40, 41, 42, 43, 44, 45, 46, 47, 48, 49, 52, 53, 54, 55, 56, 57, 58, 59, 60, 63, 64, 65, 66, 67, 68, 69, 72, 73, 151, 152, 166, 167, 183, 184, 219, 220], "summary": {"covered_lines": 58, "num_statements": 89, "percent_covered": 65.1685393258427, "percent_covered_display": "65", "missing_lines": 31, "excluded_lines": 0, "percent_statements_covered": 65.1685393258427, "percent_statements_covered_display": "65"}, "missing_lines": [82, 83, 86, 87, 88, 89, 99, 106, 107, 108, 115, 131, 134, 137, 144, 154, 155, 157, 173, 174, 180, 189, 229, 236, 237, 238, 240, 241, 242, 248, 249], "excluded_lines": [], "functions": {"generate_copy": {"executed_lines": [], "summary": {"covered_lines": 0, "num_statements": 15, "percent_covered": 0.0, "percent_covered_display": "0", "missing_lines": 15, "excluded_lines": 0, "percent_statements_covered": 0.0, "percent_statements_covered_display": "0"}, "missing_lines": [82, 83, 86, 87, 88, 89, 99, 106, 107, 108, 115, 131, 134, 137, 144], "excluded_lines": []}, "get_quota_status": {"executed_lines": [], "summary": {"covered_lines": 0, "num_statements": 3, "percent_covered": 0.0, "percent_covered_display": "0", "missing_lines": 3, "excluded_lines": 0, "percent_statements_covered": 0.0, "percent_statements_covered_display": "0"}, "missing_lines": [154, 155, 157], "excluded_lines": []}, "get_copy_history": {"executed_lines": [], "summary": {"covered_lines": 0, "num_statements": 3, "percent_covered": 0.0, "percent_covered_display": "0", "missing_lines": 3, "excluded_lines": 0, "percent_statements_covered": 0.0, "percent_statements_covered_display": "0"}, "missing_lines": [173, 174, 180], "excluded_lines": []}, "get_copy_templates": {"executed_lines": [], "summary": {"covered_lines": 0, "num_statements": 1, "percent_covered": 0.0, "percent_covered_display": "0", "missing_lines": 1, "excluded_lines": 0, "percent_statements_covered": 0.0, "percent_statements_covered_display": "0"}, "missing_lines": [189], "excluded_lines": []}, "apply_template": {"executed_lines": [], "summary": {"covered_lines": 0, "num_statements": 9, "percent_covered": 0.0, "percent_covered_display": "0", "missing_lines": 9, "excluded_lines": 0, "percent_statements_covered": 0.0, "percent_statements_covered_display": "0"}, "missing_lines": [229, 236, 237, 238, 240, 241, 242, 248, 249], "excluded_lines": []}, "": {"executed_lines": [1, 6, 7, 9, 10, 12, 13, 14, 15, 18, 21, 22, 23, 24, 25, 26, 27, 28, 29, 30, 31, 32, 33, 34, 35, 38, 39, 40, 41, 42, 43, 44, 45, 46, 47, 48, 49, 52, 53, 54, 55, 56, 57, 58, 59, 60, 63, 64, 65, 66, 67, 68, 69, 72, 73, 151, 152, 166, 167, 183, 184, 219, 220], "summary": {"covered_lines": 58, "num_statements": 58, "percent_covered": 100.0, "percent_covered_display": "100", "missing_lines": 0, "excluded_lines": 0, "percent_statements_covered": 100.0, "percent_statements_covered_display": "100"}, "missing_lines": [], "excluded_lines": []}}, "classes": {"CopyRequest": {"executed_lines": [], "summary": {"covered_lines": 0, "num_statements": 0, "percent_covered": 100.0, "percent_covered_display": "100", "missing_lines": 0, "excluded_lines": 0, "percent_statements_covered": 100.0, "percent_statements_covered_display": "100"}, "missing_lines": [], "excluded_lines": []}, "CopyResponse": {"executed_lines": [], "summary": {"covered_lines": 0, "num_statements": 0, "percent_covered": 100.0, "percent_covered_display": "100", "missing_lines": 0, "excluded_lines": 0, "percent_statements_covered": 100.0, "percent_statements_covered_display": "100"}, "missing_lines": [], "excluded_lines": []}, "CopyHistoryItem": {"executed_lines": [], "summary": {"covered_lines": 0, "num_statements": 0, "percent_covered": 100.0, "percent_covered_display": "100", "missing_lines": 0, "excluded_lines": 0, "percent_statements_covered": 100.0, "percent_statements_covered_display": "100"}, "missing_lines": [], "excluded_lines": []}, "QuotaStatus": {"executed_lines": [], "summary": {"covered_lines": 0, "num_statements": 0, "percent_covered": 100.0, "percent_covered_display": "100", "missing_lines": 0, "excluded_lines": 0, "percent_statements_covered": 100.0, "percent_statements_covered_display": "100"}, "missing_lines": [], "excluded_lines": []}, "": {"executed_lines": [1, 6, 7, 9, 10, 12, 13, 14, 15, 18, 21, 22, 23, 24, 25, 26, 27, 28, 29, 30, 31, 32, 33, 34, 35, 38, 39, 40, 41, 42, 43, 44, 45, 46, 47, 48, 49, 52, 53, 54, 55, 56, 57, 58, 59, 60, 63, 64, 65, 66, 67, 68, 69, 72, 73, 151, 152, 166, 167, 183, 184, 219, 220], "summary": {"covered_lines": 58, "num_statements": 89, "percent_covered": 65.1685393258427, "percent_covered_display": "65", "missing_lines": 31, "excluded_lines": 0, "percent_statements_covered": 65.1685393258427, "percent_statements_covered_display": "65"}, "missing_lines": [82, 83, 86, 87, 88, 89, 99, 106, 107, 108, 115, 131, 134, 137, 144, 154, 155, 157, 173, 174, 180, 189, 229, 236, 237, 238, 240, 241, 242, 248, 249], "excluded_lines": []}}}, "api/routes/license.py": {"executed_lines": [1, 6, 7, 8, 10, 11, 13, 14, 18, 23, 26, 27, 28, 29, 30, 33, 34, 35, 36, 37, 38, 39, 40, 43, 44, 45, 46, 47, 50, 51, 52, 53, 56, 57, 58, 59, 60, 61, 62, 63, 64, 67, 68, 130, 131, 214, 215, 250, 251, 280, 281], "summary": {"covered_lines": 45, "num_statements": 95, "percent_covered": 47.36842105263158, "percent_covered_display": "47", "missing_lines": 50, "excluded_lines": 0, "percent_statements_covered": 47.36842105263158, "percent_statements_covered_display": "47"}, "missing_lines": [73, 76, 78, 79, 85, 86, 92, 97, 100, 109, 110, 118, 120, 136, 139, 140, 146, 148, 149, 155, 157, 162, 170, 171, 172, 178, 179, 180, 187, 188, 189, 201, 207, 223, 226, 228, 229, 235, 241, 242, 247, 253, 255, 257, 258, 264, 265, 267, 283, 285], "excluded_lines": [], "functions": {"validate_license": {"executed_lines": [], "summary": {"covered_lines": 0, "num_statements": 13, "percent_covered": 0.0, "percent_covered_display": "0", "missing_lines": 13, "excluded_lines": 0, "percent_statements_covered": 0.0, "percent_statements_covered_display": "0"}, "missing_lines": [73, 76, 78, 79, 85, 86, 92, 97, 100, 109, 110, 118, 120], "excluded_lines": []}, "activate_license": {"executed_lines": [], "summary": {"covered_lines": 0, "num_statements": 20, "percent_covered": 0.0, "percent_covered_display": "0", "missing_lines": 20, "excluded_lines": 0, "percent_statements_covered": 0.0, "percent_statements_covered_display": "0"}, "missing_lines": [136, 139, 140, 146, 148, 149, 155, 157, 162, 170, 171, 172, 178, 179, 180, 187, 188, 189, 201, 207], "excluded_lines": []}, "deactivate_device": {"executed_lines": [], "summary": {"covered_lines": 0, "num_statements": 8, "percent_covered": 0.0, "percent_covered_display": "0", "missing_lines": 8, "excluded_lines": 0, "percent_statements_covered": 0.0, "percent_statements_covered_display": "0"}, "missing_lines": [223, 226, 228, 229, 235, 241, 242, 247], "excluded_lines": []}, "get_license_status": {"executed_lines": [], "summary": {"covered_lines": 0, "num_statements": 7, "percent_covered": 0.0, "percent_covered_display": "0", "missing_lines": 7, "excluded_lines": 0, "percent_statements_covered": 0.0, "percent_statements_covered_display": "0"}, "missing_lines": [253, 255, 257, 258, 264, 265, 267], "excluded_lines": []}, "get_available_plans": {"executed_lines": [], "summary": {"covered_lines": 0, "num_statements": 2, "percent_covered": 0.0, "percent_covered_display": "0", "missing_lines": 2, "excluded_lines": 0, "percent_statements_covered": 0.0, "percent_statements_covered_display": "0"}, "missing_lines": [283, 285], "excluded_lines": []}, "": {"executed_lines": [1, 6, 7, 8, 10, 11, 13, 14, 18, 23, 26, 27, 28, 29, 30, 33, 34, 35, 36, 37, 38, 39, 40, 43, 44, 45, 46, 47, 50, 51, 52, 53, 56, 57, 58, 59, 60, 61, 62, 63, 64, 67, 68, 130, 131, 214, 215, 250, 251, 280, 281], "summary": {"covered_lines": 45, "num_statements": 45, "percent_covered": 100.0, "percent_covered_display": "100", "missing_lines": 0, "excluded_lines": 0, "percent_statements_covered": 100.0, "percent_statements_covered_display": "100"}, "missing_lines": [], "excluded_lines": []}}, "classes": {"ValidateLicenseRequest": {"executed_lines": [], "summary": {"covered_lines": 0, "num_statements": 0, "percent_covered": 100.0, "percent_covered_display": "100", "missing_lines": 0, "excluded_lines": 0, "percent_statements_covered": 100.0, "percent_statements_covered_display": "100"}, "missing_lines": [], "excluded_lines": []}, "ValidateLicenseResponse": {"executed_lines": [], "summary": {"covered_lines": 0, "num_statements": 0, "percent_covered": 100.0, "percent_covered_display": "100", "missing_lines": 0, "excluded_lines": 0, "percent_statements_covered": 100.0, "percent_statements_covered_display": "100"}, "missing_lines": [], "excluded_lines": []}, "ActivateLicenseRequest": {"executed_lines": [], "summary": {"covered_lines": 0, "num_statements": 0, "percent_covered": 100.0, "percent_covered_display": "100", "missing_lines": 0, "excluded_lines": 0, "percent_statements_covered": 100.0, "percent_statements_covered_display": "100"}, "missing_lines": [], "excluded_lines": []}, "DeactivateLicenseRequest": {"executed_lines": [], "summary": {"covered_lines": 0, "num_statements": 0, "percent_covered": 100.0, "percent_covered_display": "100", "missing_lines": 0, "excluded_lines": 0, "percent_statements_covered": 100.0, "percent_statements_covered_display": "100"}, "missing_lines": [], "excluded_lines": []}, "PlanFeatures": {"executed_lines": [], "summary": {"covered_lines": 0, "num_statements": 0, "percent_covered": 100.0, "percent_covered_display": "100", "missing_lines": 0, "excluded_lines": 0, "percent_statements_covered": 100.0, "percent_statements_covered_display": "100"}, "missing_lines": [], "excluded_lines": []}, "": {"executed_lines": [1, 6, 7, 8, 10, 11, 13, 14, 18, 23, 26, 27, 28, 29, 30, 33, 34, 35, 36, 37, 38, 39, 40, 43, 44, 45, 46, 47, 50, 51, 52, 53, 56, 57, 58, 59, 60, 61, 62, 63, 64, 67, 68, 130, 131, 214, 215, 250, 251, 280, 281], "summary": {"covered_lines": 45, "num_statements": 95, "percent_covered": 47.36842105263158, "percent_covered_display": "47", "missing_lines": 50, "excluded_lines": 0, "percent_statements_covered": 47.36842105263158, "percent_statements_covered_display": "47"}, "missing_lines": [73, 76, 78, 79, 85, 86, 92, 97, 100, 109, 110, 118, 120, 136, 139, 140, 146, 148, 149, 155, 157, 162, 170, 171, 172, 178, 179, 180, 187, 188, 189, 201, 207, 223, 226, 228, 229, 235, 241, 242, 247, 253, 255, 257, 258, 264, 265, 267, 283, 285], "excluded_lines": []}}}, "api/routes/products.py": {"executed_lines": [1, 6, 7, 9, 10, 12, 13, 14, 15, 18, 21, 22, 23, 24, 25, 26, 27, 28, 29, 30, 31, 32, 35, 36, 37, 38, 39, 40, 41, 42, 43, 44, 45, 46, 47, 48, 49, 50, 51, 52, 53, 54, 55, 56, 57, 58, 59, 60, 61, 62, 63, 64, 67, 68, 69, 70, 71, 72, 73, 74, 75, 78, 79, 133, 134, 167, 168, 199, 200, 217, 218, 242, 243], "summary": {"covered_lines": 69, "num_statements": 123, "percent_covered": 56.09756097560975, "percent_covered_display": "56", "missing_lines": 54, "excluded_lines": 0, "percent_statements_covered": 56.09756097560975, "percent_statements_covered_display": "56"}, "missing_lines": [95, 98, 109, 110, 111, 112, 115, 116, 128, 130, 144, 145, 148, 149, 150, 151, 152, 155, 162, 164, 178, 179, 181, 182, 183, 184, 185, 187, 194, 196, 202, 204, 205, 206, 208, 209, 212, 214, 223, 225, 226, 227, 228, 230, 231, 233, 234, 237, 239, 252, 253, 258, 259, 264], "excluded_lines": [], "functions": {"get_products": {"executed_lines": [], "summary": {"covered_lines": 0, "num_statements": 10, "percent_covered": 0.0, "percent_covered_display": "0", "missing_lines": 10, "excluded_lines": 0, "percent_statements_covered": 0.0, "percent_statements_covered_display": "0"}, "missing_lines": [95, 98, 109, 110, 111, 112, 115, 116, 128, 130], "excluded_lines": []}, "search_products": {"executed_lines": [], "summary": {"covered_lines": 0, "num_statements": 10, "percent_covered": 0.0, "percent_covered_display": "0", "missing_lines": 10, "excluded_lines": 0, "percent_statements_covered": 0.0, "percent_statements_covered_display": "0"}, "missing_lines": [144, 145, 148, 149, 150, 151, 152, 155, 162, 164], "excluded_lines": []}, "get_trending_products": {"executed_lines": [], "summary": {"covered_lines": 0, "num_statements": 10, "percent_covered": 0.0, "percent_covered_display": "0", "missing_lines": 10, "excluded_lines": 0, "percent_statements_covered": 0.0, "percent_statements_covered_display": "0"}, "missing_lines": [178, 179, 181, 182, 183, 184, 185, 187, 194, 196], "excluded_lines": []}, "get_categories": {"executed_lines": [], "summary": {"covered_lines": 0, "num_statements": 8, "percent_covered": 0.0, "percent_covered_display": "0", "missing_lines": 8, "excluded_lines": 0, "percent_statements_covered": 0.0, "percent_statements_covered_display": "0"}, "missing_lines": [202, 204, 205, 206, 208, 209, 212, 214], "excluded_lines": []}, "get_product": {"executed_lines": [], "summary": {"covered_lines": 0, "num_statements": 11, "percent_covered": 0.0, "percent_covered_display": "0", "missing_lines": 11, "excluded_lines": 0, "percent_statements_covered": 0.0, "percent_statements_covered_display": "0"}, "missing_lines": [223, 225, 226, 227, 228, 230, 231, 233, 234, 237, 239], "excluded_lines": []}, "refresh_products": {"executed_lines": [], "summary": {"covered_lines": 0, "num_statements": 5, "percent_covered": 0.0, "percent_covered_display": "0", "missing_lines": 5, "excluded_lines": 0, "percent_statements_covered": 0.0, "percent_statements_covered_display": "0"}, "missing_lines": [252, 253, 258, 259, 264], "excluded_lines": []}, "": {"executed_lines": [1, 6, 7, 9, 10, 12, 13, 14, 15, 18, 21, 22, 23, 24, 25, 26, 27, 28, 29, 30, 31, 32, 35, 36, 37, 38, 39, 40, 41, 42, 43, 44, 45, 46, 47, 48, 49, 50, 51, 52, 53, 54, 55, 56, 57, 58, 59, 60, 61, 62, 63, 64, 67, 68, 69, 70, 71, 72, 73, 74, 75, 78, 79, 133, 134, 167, 168, 199, 200, 217, 218, 242, 243], "summary": {"covered_lines": 69, "num_statements": 69, "percent_covered": 100.0, "percent_covered_display": "100", "missing_lines": 0, "excluded_lines": 0, "percent_statements_covered": 100.0, "percent_statements_covered_display": "100"}, "missing_lines": [], "excluded_lines": []}}, "classes": {"ProductFilters": {"executed_lines": [], "summary": {"covered_lines": 0, "num_statements": 0, "percent_covered": 100.0, "percent_covered_display": "100", "missing_lines": 0, "excluded_lines": 0, "percent_statements_covered": 100.0, "percent_statements_covered_display": "100"}, "missing_lines": [], "excluded_lines": []}, "Product": {"executed_lines": [], "summary": {"covered_lines": 0, "num_statements": 0, "percent_covered": 100.0, "percent_covered_display": "100", "missing_lines": 0, "excluded_lines": 0, "percent_statements_covered": 100.0, "percent_statements_covered_display": "100"}, "missing_lines": [], "excluded_lines": []}, "ProductsResponse": {"executed_lines": [], "summary": {"covered_lines": 0, "num_statements": 0, "percent_covered": 100.0, "percent_covered_display": "100", "missing_lines": 0, "excluded_lines": 0, "percent_statements_covered": 100.0, "percent_statements_covered_display": "100"}, "missing_lines": [], "excluded_lines": []}, "": {"executed_lines": [1, 6, 7, 9, 10, 12, 13, 14, 15, 18, 21, 22, 23, 24, 25, 26, 27, 28, 29, 30, 31, 32, 35, 36, 37, 38, 39, 40, 41, 42, 43, 44, 45, 46, 47, 48, 49, 50, 51, 52, 53, 54, 55, 56, 57, 58, 59, 60, 61, 62, 63, 64, 67, 68, 69, 70, 71, 72, 73, 74, 75, 78, 79, 133, 134, 167, 168, 199, 200, 217, 218, 242, 243], "summary": {"covered_lines": 69, "num_statements": 123, "percent_covered": 56.09756097560975, "percent_covered_display": "56", "missing_lines": 54, "excluded_lines": 0, "percent_statements_covered": 56.09756097560975, "percent_statements_covered_display": "56"}, "missing_lines": [95, 98, 109, 110, 111, 112, 115, 116, 128, 130, 144, 145, 148, 149, 150, 151, 152, 155, 162, 164, 178, 179, 181, 182, 183, 184, 185, 187, 194, 196, 202, 204, 205, 206, 208, 209, 212, 214, 223, 225, 226, 227, 228, 230, 231, 233, 234, 237, 239, 252, 253, 258, 259, 264], "excluded_lines": []}}}, "api/routes/webhooks.py": {"executed_lines": [1, 6, 7, 8, 9, 10, 12, 13, 15, 16, 17, 20, 23, 24, 25, 26, 27, 28, 29, 30, 31, 32, 35, 36, 81, 148, 207, 240, 277, 278, 286, 287], "summary": {"covered_lines": 30, "num_statements": 125, "percent_covered": 24.0, "percent_covered_display": "24", "missing_lines": 95, "excluded_lines": 0, "percent_statements_covered": 24.0, "percent_statements_covered_display": "24"}, "missing_lines": [54, 56, 57, 62, 63, 64, 65, 67, 68, 71, 72, 73, 74, 75, 76, 78, 88, 90, 91, 94, 96, 98, 100, 102, 103, 105, 107, 109, 111, 118, 126, 128, 130, 131, 133, 135, 137, 138, 139, 140, 145, 155, 157, 158, 160, 162, 164, 166, 168, 170, 172, 173, 175, 176, 178, 180, 181, 187, 192, 194, 196, 198, 199, 200, 202, 204, 214, 216, 217, 219, 221, 223, 224, 226, 228, 229, 230, 231, 237, 248, 249, 250, 252, 254, 255, 256, 258, 259, 262, 265, 271, 273, 274, 283, 289], "excluded_lines": [], "functions": {"mercadopago_webhook": {"executed_lines": [], "summary": {"covered_lines": 0, "num_statements": 16, "percent_covered": 0.0, "percent_covered_display": "0", "missing_lines": 16, "excluded_lines": 0, "percent_statements_covered": 0.0, "percent_statements_covered_display": "0"}, "missing_lines": [54, 56, 57, 62, 63, 64, 65, 67, 68, 71, 72, 73, 74, 75, 76, 78], "excluded_lines": []}, "handle_payment_event": {"executed_lines": [], "summary": {"covered_lines": 0, "num_statements": 25, "percent_covered": 0.0, "percent_covered_display": "0", "missing_lines": 25, "excluded_lines": 0, "percent_statements_covered": 0.0, "percent_statements_covered_display": "0"}, "missing_lines": [88, 90, 91, 94, 96, 98, 100, 102, 103, 105, 107, 109, 111, 118, 126, 128, 130, 131, 133, 135, 137, 138, 139, 140, 145], "excluded_lines": []}, "handle_subscription_event": {"executed_lines": [], "summary": {"covered_lines": 0, "num_statements": 25, "percent_covered": 0.0, "percent_covered_display": "0", "missing_lines": 25, "excluded_lines": 0, "percent_statements_covered": 0.0, "percent_statements_covered_display": "0"}, "missing_lines": [155, 157, 158, 160, 162, 164, 166, 168, 170, 172, 173, 175, 176, 178, 180, 181, 187, 192, 194, 196, 198, 199, 200, 202, 204], "excluded_lines": []}, "handle_subscription_payment": {"executed_lines": [], "summary": {"covered_lines": 0, "num_statements": 13, "percent_covered": 0.0, "percent_covered_display": "0", "missing_lines": 13, "excluded_lines": 0, "percent_statements_covered": 0.0, "percent_statements_covered_display": "0"}, "missing_lines": [214, 216, 217, 219, 221, 223, 224, 226, 228, 229, 230, 231, 237], "excluded_lines": []}, "verify_mercadopago_signature": {"executed_lines": [], "summary": {"covered_lines": 0, "num_statements": 14, "percent_covered": 0.0, "percent_covered_display": "0", "missing_lines": 14, "excluded_lines": 0, "percent_statements_covered": 0.0, "percent_statements_covered_display": "0"}, "missing_lines": [248, 249, 250, 252, 254, 255, 256, 258, 259, 262, 265, 271, 273, 274], "excluded_lines": []}, "stripe_webhook": {"executed_lines": [], "summary": {"covered_lines": 0, "num_statements": 1, "percent_covered": 0.0, "percent_covered_display": "0", "missing_lines": 1, "excluded_lines": 0, "percent_statements_covered": 0.0, "percent_statements_covered_display": "0"}, "missing_lines": [283], "excluded_lines": []}, "webhooks_health": {"executed_lines": [], "summary": {"covered_lines": 0, "num_statements": 1, "percent_covered": 0.0, "percent_covered_display": "0", "missing_lines": 1, "excluded_lines": 0, "percent_statements_covered": 0.0, "percent_statements_covered_display": "0"}, "missing_lines": [289], "excluded_lines": []}, "": {"executed_lines": [1, 6, 7, 8, 9, 10, 12, 13, 15, 16, 17, 20, 23, 24, 25, 26, 27, 28, 29, 30, 31, 32, 35, 36, 81, 148, 207, 240, 277, 278, 286, 287], "summary": {"covered_lines": 30, "num_statements": 30, "percent_covered": 100.0, "percent_covered_display": "100", "missing_lines": 0, "excluded_lines": 0, "percent_statements_covered": 100.0, "percent_statements_covered_display": "100"}, "missing_lines": [], "excluded_lines": []}}, "classes": {"MercadoPagoWebhook": {"executed_lines": [], "summary": {"covered_lines": 0, "num_statements": 0, "percent_covered": 100.0, "percent_covered_display": "100", "missing_lines": 0, "excluded_lines": 0, "percent_statements_covered": 100.0, "percent_statements_covered_display": "100"}, "missing_lines": [], "excluded_lines": []}, "": {"executed_lines": [1, 6, 7, 8, 9, 10, 12, 13, 15, 16, 17, 20, 23, 24, 25, 26, 27, 28, 29, 30, 31, 32, 35, 36, 81, 148, 207, 240, 277, 278, 286, 287], "summary": {"covered_lines": 30, "num_statements": 125, "percent_covered": 24.0, "percent_covered_display": "24", "missing_lines": 95, "excluded_lines": 0, "percent_statements_covered": 24.0, "percent_statements_covered_display": "24"}, "missing_lines": [54, 56, 57, 62, 63, 64, 65, 67, 68, 71, 72, 73, 74, 75, 76, 78, 88, 90, 91, 94, 96, 98, 100, 102, 103, 105, 107, 109, 111, 118, 126, 128, 130, 131, 133, 135, 137, 138, 139, 140, 145, 155, 157, 158, 160, 162, 164, 166, 168, 170, 172, 173, 175, 176, 178, 180, 181, 187, 192, 194, 196, 198, 199, 200, 202, 204, 214, 216, 217, 219, 221, 223, 224, 226, 228, 229, 230, 231, 237, 248, 249, 250, 252, 254, 255, 256, 258, 259, 262, 265, 271, 273, 274, 283, 289], "excluded_lines": []}}}, "api/services/__init__.py": {"executed_lines": [1], "summary": {"covered_lines": 0, "num_statements": 0, "percent_covered": 100.0, "percent_covered_display": "100", "missing_lines": 0, "excluded_lines": 0, "percent_statements_covered": 100.0, "percent_statements_covered_display": "100"}, "missing_lines": [], "excluded_lines": [], "functions": {"": {"executed_lines": [1], "summary": {"covered_lines": 0, "num_statements": 0, "percent_covered": 100.0, "percent_covered_display": "100", "missing_lines": 0, "excluded_lines": 0, "percent_statements_covered": 100.0, "percent_statements_covered_display": "100"}, "missing_lines": [], "excluded_lines": []}}, "classes": {"": {"executed_lines": [1], "summary": {"covered_lines": 0, "num_statements": 0, "percent_covered": 100.0, "percent_covered_display": "100", "missing_lines": 0, "excluded_lines": 0, "percent_statements_covered": 100.0, "percent_statements_covered_display": "100"}, "missing_lines": [], "excluded_lines": []}}}, "api/services/auth.py": {"executed_lines": [1, 6, 7, 8, 9, 10, 12, 13, 15, 19, 20, 22, 25, 26, 28, 32, 59, 123, 147, 163, 179, 191, 199, 203, 207, 208], "summary": {"covered_lines": 24, "num_statements": 67, "percent_covered": 35.82089552238806, "percent_covered_display": "36", "missing_lines": 43, "excluded_lines": 0, "percent_statements_covered": 35.82089552238806, "percent_statements_covered_display": "36"}, "missing_lines": [29, 30, 34, 43, 44, 46, 47, 49, 50, 52, 65, 74, 76, 79, 87, 89, 97, 100, 109, 110, 113, 121, 125, 127, 140, 149, 158, 159, 161, 165, 174, 175, 177, 181, 189, 193, 194, 195, 196, 197, 201, 205, 210], "excluded_lines": [], "functions": {"AuthService.__init__": {"executed_lines": [], "summary": {"covered_lines": 0, "num_statements": 2, "percent_covered": 0.0, "percent_covered_display": "0", "missing_lines": 2, "excluded_lines": 0, "percent_statements_covered": 0.0, "percent_statements_covered_display": "0"}, "missing_lines": [29, 30], "excluded_lines": []}, "AuthService.authenticate": {"executed_lines": [], "summary": {"covered_lines": 0, "num_statements": 8, "percent_covered": 0.0, "percent_covered_display": "0", "missing_lines": 8, "excluded_lines": 0, "percent_statements_covered": 0.0, "percent_statements_covered_display": "0"}, "missing_lines": [34, 43, 44, 46, 47, 49, 50, 52], "excluded_lines": []}, "AuthService.validate_hwid": {"executed_lines": [], "summary": {"covered_lines": 0, "num_statements": 12, "percent_covered": 0.0, "percent_covered_display": "0", "missing_lines": 12, "excluded_lines": 0, "percent_statements_covered": 0.0, "percent_statements_covered_display": "0"}, "missing_lines": [65, 74, 76, 79, 87, 89, 97, 100, 109, 110, 113, 121], "excluded_lines": []}, "AuthService.create_user": {"executed_lines": [], "summary": {"covered_lines": 0, "num_statements": 3, "percent_covered": 0.0, "percent_covered_display": "0", "missing_lines": 3, "excluded_lines": 0, "percent_statements_covered": 0.0, "percent_statements_covered_display": "0"}, "missing_lines": [125, 127, 140], "excluded_lines": []}, "AuthService.get_user_by_email": {"executed_lines": [], "summary": {"covered_lines": 0, "num_statements": 4, "percent_covered": 0.0, "percent_covered_display": "0", "missing_lines": 4, "excluded_lines": 0, "percent_statements_covered": 0.0, "percent_statements_covered_display": "0"}, "missing_lines": [149, 158, 159, 161], "excluded_lines": []}, "AuthService.get_user_by_id": {"executed_lines": [], "summary": {"covered_lines": 0, "num_statements": 4, "percent_covered": 0.0, "percent_covered_display": "0", "missing_lines": 4, "excluded_lines": 0, "percent_statements_covered": 0.0, "percent_statements_covered_display": "0"}, "missing_lines": [165, 174, 175, 177], "excluded_lines": []}, "AuthService.create_token": {"executed_lines": [], "summary": {"covered_lines": 0, "num_statements": 2, "percent_covered": 0.0, "percent_covered_display": "0", "missing_lines": 2, "excluded_lines": 0, "percent_statements_covered": 0.0, "percent_statements_covered_display": "0"}, "missing_lines": [181, 189], "excluded_lines": []}, "AuthService.verify_token": {"executed_lines": [], "summary": {"covered_lines": 0, "num_statements": 5, "percent_covered": 0.0, "percent_covered_display": "0", "missing_lines": 5, "excluded_lines": 0, "percent_statements_covered": 0.0, "percent_statements_covered_display": "0"}, "missing_lines": [193, 194, 195, 196, 197], "excluded_lines": []}, "AuthService.hash_password": {"executed_lines": [], "summary": {"covered_lines": 0, "num_statements": 1, "percent_covered": 0.0, "percent_covered_display": "0", "missing_lines": 1, "excluded_lines": 0, "percent_statements_covered": 0.0, "percent_statements_covered_display": "0"}, "missing_lines": [201], "excluded_lines": []}, "AuthService.verify_password": {"executed_lines": [], "summary": {"covered_lines": 0, "num_statements": 1, "percent_covered": 0.0, "percent_covered_display": "0", "missing_lines": 1, "excluded_lines": 0, "percent_statements_covered": 0.0, "percent_statements_covered_display": "0"}, "missing_lines": [205], "excluded_lines": []}, "AuthService.generate_api_key": {"executed_lines": [], "summary": {"covered_lines": 0, "num_statements": 1, "percent_covered": 0.0, "percent_covered_display": "0", "missing_lines": 1, "excluded_lines": 0, "percent_statements_covered": 0.0, "percent_statements_covered_display": "0"}, "missing_lines": [210], "excluded_lines": []}, "": {"executed_lines": [1, 6, 7, 8, 9, 10, 12, 13, 15, 19, 20, 22, 25, 26, 28, 32, 59, 123, 147, 163, 179, 191, 199, 203, 207, 208], "summary": {"covered_lines": 24, "num_statements": 24, "percent_covered": 100.0, "percent_covered_display": "100", "missing_lines": 0, "excluded_lines": 0, "percent_statements_covered": 100.0, "percent_statements_covered_display": "100"}, "missing_lines": [], "excluded_lines": []}}, "classes": {"AuthService": {"executed_lines": [], "summary": {"covered_lines": 0, "num_statements": 43, "percent_covered": 0.0, "percent_covered_display": "0", "missing_lines": 43, "excluded_lines": 0, "percent_statements_covered": 0.0, "percent_statements_covered_display": "0"}, "missing_lines": [29, 30, 34, 43, 44, 46, 47, 49, 50, 52, 65, 74, 76, 79, 87, 89, 97, 100, 109, 110, 113, 121, 125, 127, 140, 149, 158, 159, 161, 165, 174, 175, 177, 181, 189, 193, 194, 195, 196, 197, 201, 205, 210], "excluded_lines": []}, "": {"executed_lines": [1, 6, 7, 8, 9, 10, 12, 13, 15, 19, 20, 22, 25, 26, 28, 32, 59, 123, 147, 163, 179, 191, 199, 203, 207, 208], "summary": {"covered_lines": 24, "num_statements": 24, "percent_covered": 100.0, "percent_covered_display": "100", "missing_lines": 0, "excluded_lines": 0, "percent_statements_covered": 100.0, "percent_statements_covered_display": "100"}, "missing_lines": [], "excluded_lines": []}}}, "api/services/cache.py": {"executed_lines": [1, 6, 7, 8, 9, 10, 12, 16, 19, 24, 25, 27, 30, 43, 55, 66, 89, 99, 109, 119, 137, 164, 185, 186, 188, 191, 220, 233, 234, 236, 239, 255, 262], "summary": {"covered_lines": 29, "num_statements": 131, "percent_covered": 22.137404580152673, "percent_covered_display": "22", "missing_lines": 102, "excluded_lines": 0, "percent_statements_covered": 22.137404580152673, "percent_statements_covered_display": "22"}, "missing_lines": [21, 28, 32, 33, 35, 36, 37, 38, 39, 41, 45, 46, 48, 49, 50, 51, 53, 57, 58, 60, 61, 62, 64, 68, 69, 71, 72, 73, 75, 76, 79, 80, 81, 82, 83, 85, 87, 91, 92, 94, 95, 97, 101, 102, 104, 105, 107, 111, 112, 114, 115, 117, 121, 122, 123, 126, 127, 128, 130, 132, 134, 135, 148, 159, 160, 162, 172, 179, 180, 182, 189, 201, 202, 204, 206, 208, 209, 211, 213, 214, 217, 218, 222, 223, 225, 227, 228, 230, 237, 241, 242, 244, 246, 247, 249, 257, 258, 260, 264, 265, 267, 274], "excluded_lines": [], "functions": {"get_redis": {"executed_lines": [], "summary": {"covered_lines": 0, "num_statements": 1, "percent_covered": 0.0, "percent_covered_display": "0", "missing_lines": 1, "excluded_lines": 0, "percent_statements_covered": 0.0, "percent_statements_covered_display": "0"}, "missing_lines": [21], "excluded_lines": []}, "CacheService.__init__": {"executed_lines": [], "summary": {"covered_lines": 0, "num_statements": 1, "percent_covered": 0.0, "percent_covered_display": "0", "missing_lines": 1, "excluded_lines": 0, "percent_statements_covered": 0.0, "percent_statements_covered_display": "0"}, "missing_lines": [28], "excluded_lines": []}, "CacheService.get": {"executed_lines": [], "summary": {"covered_lines": 0, "num_statements": 8, "percent_covered": 0.0, "percent_covered_display": "0", "missing_lines": 8, "excluded_lines": 0, "percent_statements_covered": 0.0, "percent_statements_covered_display": "0"}, "missing_lines": [32, 33, 35, 36, 37, 38, 39, 41], "excluded_lines": []}, "CacheService.set": {"executed_lines": [], "summary": {"covered_lines": 0, "num_statements": 7, "percent_covered": 0.0, "percent_covered_display": "0", "missing_lines": 7, "excluded_lines": 0, "percent_statements_covered": 0.0, "percent_statements_covered_display": "0"}, "missing_lines": [45, 46, 48, 49, 50, 51, 53], "excluded_lines": []}, "CacheService.delete": {"executed_lines": [], "summary": {"covered_lines": 0, "num_statements": 6, "percent_covered": 0.0, "percent_covered_display": "0", "missing_lines": 6, "excluded_lines": 0, "percent_statements_covered": 0.0, "percent_statements_covered_display": "0"}, "missing_lines": [57, 58, 60, 61, 62, 64], "excluded_lines": []}, "CacheService.delete_pattern": {"executed_lines": [], "summary": {"covered_lines": 0, "num_statements": 14, "percent_covered": 0.0, "percent_covered_display": "0", "missing_lines": 14, "excluded_lines": 0, "percent_statements_covered": 0.0, "percent_statements_covered_display": "0"}, "missing_lines": [68, 69, 71, 72, 73, 75, 76, 79, 80, 81, 82, 83, 85, 87], "excluded_lines": []}, "CacheService.exists": {"executed_lines": [], "summary": {"covered_lines": 0, "num_statements": 5, "percent_covered": 0.0, "percent_covered_display": "0", "missing_lines": 5, "excluded_lines": 0, "percent_statements_covered": 0.0, "percent_statements_covered_display": "0"}, "missing_lines": [91, 92, 94, 95, 97], "excluded_lines": []}, "CacheService.ttl": {"executed_lines": [], "summary": {"covered_lines": 0, "num_statements": 5, "percent_covered": 0.0, "percent_covered_display": "0", "missing_lines": 5, "excluded_lines": 0, "percent_statements_covered": 0.0, "percent_statements_covered_display": "0"}, "missing_lines": [101, 102, 104, 105, 107], "excluded_lines": []}, "CacheService.incr": {"executed_lines": [], "summary": {"covered_lines": 0, "num_statements": 5, "percent_covered": 0.0, "percent_covered_display": "0", "missing_lines": 5, "excluded_lines": 0, "percent_statements_covered": 0.0, "percent_statements_covered_display": "0"}, "missing_lines": [111, 112, 114, 115, 117], "excluded_lines": []}, "CacheService.get_or_set": {"executed_lines": [], "summary": {"covered_lines": 0, "num_statements": 10, "percent_covered": 0.0, "percent_covered_display": "0", "missing_lines": 10, "excluded_lines": 0, "percent_statements_covered": 0.0, "percent_statements_covered_display": "0"}, "missing_lines": [121, 122, 123, 126, 127, 128, 130, 132, 134, 135], "excluded_lines": []}, "CacheService.build_products_cache_key": {"executed_lines": [], "summary": {"covered_lines": 0, "num_statements": 4, "percent_covered": 0.0, "percent_covered_display": "0", "missing_lines": 4, "excluded_lines": 0, "percent_statements_covered": 0.0, "percent_statements_covered_display": "0"}, "missing_lines": [148, 159, 160, 162], "excluded_lines": []}, "CacheService.build_copy_cache_key": {"executed_lines": [], "summary": {"covered_lines": 0, "num_statements": 4, "percent_covered": 0.0, "percent_covered_display": "0", "missing_lines": 4, "excluded_lines": 0, "percent_statements_covered": 0.0, "percent_statements_covered_display": "0"}, "missing_lines": [172, 179, 180, 182], "excluded_lines": []}, "RateLimitService.__init__": {"executed_lines": [], "summary": {"covered_lines": 0, "num_statements": 1, "percent_covered": 0.0, "percent_covered_display": "0", "missing_lines": 1, "excluded_lines": 0, "percent_statements_covered": 0.0, "percent_statements_covered_display": "0"}, "missing_lines": [189], "excluded_lines": []}, "RateLimitService.check_rate_limit": {"executed_lines": [], "summary": {"covered_lines": 0, "num_statements": 11, "percent_covered": 0.0, "percent_covered_display": "0", "missing_lines": 11, "excluded_lines": 0, "percent_statements_covered": 0.0, "percent_statements_covered_display": "0"}, "missing_lines": [201, 202, 204, 206, 208, 209, 211, 213, 214, 217, 218], "excluded_lines": []}, "RateLimitService.get_remaining": {"executed_lines": [], "summary": {"covered_lines": 0, "num_statements": 6, "percent_covered": 0.0, "percent_covered_display": "0", "missing_lines": 6, "excluded_lines": 0, "percent_statements_covered": 0.0, "percent_statements_covered_display": "0"}, "missing_lines": [222, 223, 225, 227, 228, 230], "excluded_lines": []}, "QuotaService.__init__": {"executed_lines": [], "summary": {"covered_lines": 0, "num_statements": 1, "percent_covered": 0.0, "percent_covered_display": "0", "missing_lines": 1, "excluded_lines": 0, "percent_statements_covered": 0.0, "percent_statements_covered_display": "0"}, "missing_lines": [237], "excluded_lines": []}, "QuotaService.get_quota": {"executed_lines": [], "summary": {"covered_lines": 0, "num_statements": 6, "percent_covered": 0.0, "percent_covered_display": "0", "missing_lines": 6, "excluded_lines": 0, "percent_statements_covered": 0.0, "percent_statements_covered_display": "0"}, "missing_lines": [241, 242, 244, 246, 247, 249], "excluded_lines": []}, "QuotaService.increment_quota": {"executed_lines": [], "summary": {"covered_lines": 0, "num_statements": 3, "percent_covered": 0.0, "percent_covered_display": "0", "missing_lines": 3, "excluded_lines": 0, "percent_statements_covered": 0.0, "percent_statements_covered_display": "0"}, "missing_lines": [257, 258, 260], "excluded_lines": []}, "QuotaService.reset_quota": {"executed_lines": [], "summary": {"covered_lines": 0, "num_statements": 4, "percent_covered": 0.0, "percent_covered_display": "0", "missing_lines": 4, "excluded_lines": 0, "percent_statements_covered": 0.0, "percent_statements_covered_display": "0"}, "missing_lines": [264, 265, 267, 274], "excluded_lines": []}, "": {"executed_lines": [1, 6, 7, 8, 9, 10, 12, 16, 19, 24, 25, 27, 30, 43, 55, 66, 89, 99, 109, 119, 137, 164, 185, 186, 188, 191, 220, 233, 234, 236, 239, 255, 262], "summary": {"covered_lines": 29, "num_statements": 29, "percent_covered": 100.0, "percent_covered_display": "100", "missing_lines": 0, "excluded_lines": 0, "percent_statements_covered": 100.0, "percent_statements_covered_display": "100"}, "missing_lines": [], "excluded_lines": []}}, "classes": {"CacheService": {"executed_lines": [], "summary": {"covered_lines": 0, "num_statements": 69, "percent_covered": 0.0, "percent_covered_display": "0", "missing_lines": 69, "excluded_lines": 0, "percent_statements_covered": 0.0, "percent_statements_covered_display": "0"}, "missing_lines": [28, 32, 33, 35, 36, 37, 38, 39, 41, 45, 46, 48, 49, 50, 51, 53, 57, 58, 60, 61, 62, 64, 68, 69, 71, 72, 73, 75, 76, 79, 80, 81, 82, 83, 85, 87, 91, 92, 94, 95, 97, 101, 102, 104, 105, 107, 111, 112, 114, 115, 117, 121, 122, 123, 126, 127, 128, 130, 132, 134, 135, 148, 159, 160, 162, 172, 179, 180, 182], "excluded_lines": []}, "RateLimitService": {"executed_lines": [], "summary": {"covered_lines": 0, "num_statements": 18, "percent_covered": 0.0, "percent_covered_display": "0", "missing_lines": 18, "excluded_lines": 0, "percent_statements_covered": 0.0, "percent_statements_covered_display": "0"}, "missing_lines": [189, 201, 202, 204, 206, 208, 209, 211, 213, 214, 217, 218, 222, 223, 225, 227, 228, 230], "excluded_lines": []}, "QuotaService": {"executed_lines": [], "summary": {"covered_lines": 0, "num_statements": 14, "percent_covered": 0.0, "percent_covered_display": "0", "missing_lines": 14, "excluded_lines": 0, "percent_statements_covered": 0.0, "percent_statements_covered_display": "0"}, "missing_lines": [237, 241, 242, 244, 246, 247, 249, 257, 258, 260, 264, 265, 267, 274], "excluded_lines": []}, "": {"executed_lines": [1, 6, 7, 8, 9, 10, 12, 16, 19, 24, 25, 27, 30, 43, 55, 66, 89, 99, 109, 119, 137, 164, 185, 186, 188, 191, 220, 233, 234, 236, 239, 255, 262], "summary": {"covered_lines": 29, "num_statements": 30, "percent_covered": 96.66666666666667, "percent_covered_display": "97", "missing_lines": 1, "excluded_lines": 0, "percent_statements_covered": 96.66666666666667, "percent_statements_covered_display": "97"}, "missing_lines": [21], "excluded_lines": []}}}, "api/services/license.py": {"executed_lines": [1, 6, 7, 8, 9, 11, 13, 14, 17, 18, 20, 25, 39, 51, 63, 75, 88, 116, 134, 192, 213, 235, 247, 259, 277, 315, 334, 350, 351, 362, 363], "summary": {"covered_lines": 29, "num_statements": 90, "percent_covered": 32.22222222222222, "percent_covered_display": "32", "missing_lines": 61, "excluded_lines": 0, "percent_statements_covered": 32.22222222222222, "percent_statements_covered_display": "32"}, "missing_lines": [21, 22, 23, 27, 37, 41, 49, 53, 61, 65, 73, 77, 86, 95, 96, 98, 123, 132, 143, 144, 145, 147, 155, 160, 161, 163, 164, 173, 190, 201, 211, 221, 238, 250, 261, 268, 280, 297, 304, 305, 306, 313, 323, 332, 337, 338, 340, 341, 342, 344, 345, 346, 348, 353, 354, 356, 357, 358, 360, 365, 408], "excluded_lines": [], "functions": {"LicenseService.__init__": {"executed_lines": [], "summary": {"covered_lines": 0, "num_statements": 3, "percent_covered": 0.0, "percent_covered_display": "0", "missing_lines": 3, "excluded_lines": 0, "percent_statements_covered": 0.0, "percent_statements_covered_display": "0"}, "missing_lines": [21, 22, 23], "excluded_lines": []}, "LicenseService.get_license_by_email": {"executed_lines": [], "summary": {"covered_lines": 0, "num_statements": 2, "percent_covered": 0.0, "percent_covered_display": "0", "missing_lines": 2, "excluded_lines": 0, "percent_statements_covered": 0.0, "percent_statements_covered_display": "0"}, "missing_lines": [27, 37], "excluded_lines": []}, "LicenseService.get_license_by_key": {"executed_lines": [], "summary": {"covered_lines": 0, "num_statements": 2, "percent_covered": 0.0, "percent_covered_display": "0", "missing_lines": 2, "excluded_lines": 0, "percent_statements_covered": 0.0, "percent_statements_covered_display": "0"}, "missing_lines": [41, 49], "excluded_lines": []}, "LicenseService.get_license_by_user": {"executed_lines": [], "summary": {"covered_lines": 0, "num_statements": 2, "percent_covered": 0.0, "percent_covered_display": "0", "missing_lines": 2, "excluded_lines": 0, "percent_statements_covered": 0.0, "percent_statements_covered_display": "0"}, "missing_lines": [53, 61], "excluded_lines": []}, "LicenseService.validate_hwid": {"executed_lines": [], "summary": {"covered_lines": 0, "num_statements": 2, "percent_covered": 0.0, "percent_covered_display": "0", "missing_lines": 2, "excluded_lines": 0, "percent_statements_covered": 0.0, "percent_statements_covered_display": "0"}, "missing_lines": [65, 73], "excluded_lines": []}, "LicenseService.get_active_devices": {"executed_lines": [], "summary": {"covered_lines": 0, "num_statements": 2, "percent_covered": 0.0, "percent_covered_display": "0", "missing_lines": 2, "excluded_lines": 0, "percent_statements_covered": 0.0, "percent_statements_covered_display": "0"}, "missing_lines": [77, 86], "excluded_lines": []}, "LicenseService.register_device": {"executed_lines": [], "summary": {"covered_lines": 0, "num_statements": 3, "percent_covered": 0.0, "percent_covered_display": "0", "missing_lines": 3, "excluded_lines": 0, "percent_statements_covered": 0.0, "percent_statements_covered_display": "0"}, "missing_lines": [95, 96, 98], "excluded_lines": []}, "LicenseService.deactivate_device": {"executed_lines": [], "summary": {"covered_lines": 0, "num_statements": 2, "percent_covered": 0.0, "percent_covered_display": "0", "missing_lines": 2, "excluded_lines": 0, "percent_statements_covered": 0.0, "percent_statements_covered_display": "0"}, "missing_lines": [123, 132], "excluded_lines": []}, "LicenseService.create_license": {"executed_lines": [], "summary": {"covered_lines": 0, "num_statements": 11, "percent_covered": 0.0, "percent_covered_display": "0", "missing_lines": 11, "excluded_lines": 0, "percent_statements_covered": 0.0, "percent_statements_covered_display": "0"}, "missing_lines": [143, 144, 145, 147, 155, 160, 161, 163, 164, 173, 190], "excluded_lines": []}, "LicenseService.activate_license": {"executed_lines": [], "summary": {"covered_lines": 0, "num_statements": 2, "percent_covered": 0.0, "percent_covered_display": "0", "missing_lines": 2, "excluded_lines": 0, "percent_statements_covered": 0.0, "percent_statements_covered_display": "0"}, "missing_lines": [201, 211], "excluded_lines": []}, "LicenseService.extend_license": {"executed_lines": [], "summary": {"covered_lines": 0, "num_statements": 1, "percent_covered": 0.0, "percent_covered_display": "0", "missing_lines": 1, "excluded_lines": 0, "percent_statements_covered": 0.0, "percent_statements_covered_display": "0"}, "missing_lines": [221], "excluded_lines": []}, "LicenseService.deactivate_license": {"executed_lines": [], "summary": {"covered_lines": 0, "num_statements": 1, "percent_covered": 0.0, "percent_covered_display": "0", "missing_lines": 1, "excluded_lines": 0, "percent_statements_covered": 0.0, "percent_statements_covered_display": "0"}, "missing_lines": [238], "excluded_lines": []}, "LicenseService.mark_for_expiration": {"executed_lines": [], "summary": {"covered_lines": 0, "num_statements": 1, "percent_covered": 0.0, "percent_covered_display": "0", "missing_lines": 1, "excluded_lines": 0, "percent_statements_covered": 0.0, "percent_statements_covered_display": "0"}, "missing_lines": [250], "excluded_lines": []}, "LicenseService.update_plan": {"executed_lines": [], "summary": {"covered_lines": 0, "num_statements": 2, "percent_covered": 0.0, "percent_covered_display": "0", "missing_lines": 2, "excluded_lines": 0, "percent_statements_covered": 0.0, "percent_statements_covered_display": "0"}, "missing_lines": [261, 268], "excluded_lines": []}, "LicenseService.get_usage_stats": {"executed_lines": [], "summary": {"covered_lines": 0, "num_statements": 6, "percent_covered": 0.0, "percent_covered_display": "0", "missing_lines": 6, "excluded_lines": 0, "percent_statements_covered": 0.0, "percent_statements_covered_display": "0"}, "missing_lines": [280, 297, 304, 305, 306, 313], "excluded_lines": []}, "LicenseService.create_license_jwt": {"executed_lines": [], "summary": {"covered_lines": 0, "num_statements": 2, "percent_covered": 0.0, "percent_covered_display": "0", "missing_lines": 2, "excluded_lines": 0, "percent_statements_covered": 0.0, "percent_statements_covered_display": "0"}, "missing_lines": [323, 332], "excluded_lines": []}, "LicenseService.validate_key_format": {"executed_lines": [], "summary": {"covered_lines": 0, "num_statements": 9, "percent_covered": 0.0, "percent_covered_display": "0", "missing_lines": 9, "excluded_lines": 0, "percent_statements_covered": 0.0, "percent_statements_covered_display": "0"}, "missing_lines": [337, 338, 340, 341, 342, 344, 345, 346, 348], "excluded_lines": []}, "LicenseService.generate_license_key": {"executed_lines": [], "summary": {"covered_lines": 0, "num_statements": 6, "percent_covered": 0.0, "percent_covered_display": "0", "missing_lines": 6, "excluded_lines": 0, "percent_statements_covered": 0.0, "percent_statements_covered_display": "0"}, "missing_lines": [353, 354, 356, 357, 358, 360], "excluded_lines": []}, "LicenseService.get_plan_features": {"executed_lines": [], "summary": {"covered_lines": 0, "num_statements": 2, "percent_covered": 0.0, "percent_covered_display": "0", "missing_lines": 2, "excluded_lines": 0, "percent_statements_covered": 0.0, "percent_statements_covered_display": "0"}, "missing_lines": [365, 408], "excluded_lines": []}, "": {"executed_lines": [1, 6, 7, 8, 9, 11, 13, 14, 17, 18, 20, 25, 39, 51, 63, 75, 88, 116, 134, 192, 213, 235, 247, 259, 277, 315, 334, 350, 351, 362, 363], "summary": {"covered_lines": 29, "num_statements": 29, "percent_covered": 100.0, "percent_covered_display": "100", "missing_lines": 0, "excluded_lines": 0, "percent_statements_covered": 100.0, "percent_statements_covered_display": "100"}, "missing_lines": [], "excluded_lines": []}}, "classes": {"LicenseService": {"executed_lines": [], "summary": {"covered_lines": 0, "num_statements": 61, "percent_covered": 0.0, "percent_covered_display": "0", "missing_lines": 61, "excluded_lines": 0, "percent_statements_covered": 0.0, "percent_statements_covered_display": "0"}, "missing_lines": [21, 22, 23, 27, 37, 41, 49, 53, 61, 65, 73, 77, 86, 95, 96, 98, 123, 132, 143, 144, 145, 147, 155, 160, 161, 163, 164, 173, 190, 201, 211, 221, 238, 250, 261, 268, 280, 297, 304, 305, 306, 313, 323, 332, 337, 338, 340, 341, 342, 344, 345, 346, 348, 353, 354, 356, 357, 358, 360, 365, 408], "excluded_lines": []}, "": {"executed_lines": [1, 6, 7, 8, 9, 11, 13, 14, 17, 18, 20, 25, 39, 51, 63, 75, 88, 116, 134, 192, 213, 235, 247, 259, 277, 315, 334, 350, 351, 362, 363], "summary": {"covered_lines": 29, "num_statements": 29, "percent_covered": 100.0, "percent_covered_display": "100", "missing_lines": 0, "excluded_lines": 0, "percent_statements_covered": 100.0, "percent_statements_covered_display": "100"}, "missing_lines": [], "excluded_lines": []}}}, "api/services/mercadopago.py": {"executed_lines": [1, 6, 7, 8, 10, 12, 13, 16, 17, 19, 28, 38, 48, 58, 97, 153, 163, 177, 188], "summary": {"covered_lines": 17, "num_statements": 52, "percent_covered": 32.69230769230769, "percent_covered_display": "33", "missing_lines": 35, "excluded_lines": 0, "percent_statements_covered": 32.69230769230769, "percent_statements_covered_display": "33"}, "missing_lines": [20, 21, 22, 26, 30, 31, 35, 36, 40, 41, 45, 46, 50, 51, 55, 56, 66, 88, 89, 94, 95, 105, 135, 137, 144, 145, 150, 151, 155, 156, 161, 165, 186, 190, 199], "excluded_lines": [], "functions": {"MercadoPagoService.__init__": {"executed_lines": [], "summary": {"covered_lines": 0, "num_statements": 4, "percent_covered": 0.0, "percent_covered_display": "0", "missing_lines": 4, "excluded_lines": 0, "percent_statements_covered": 0.0, "percent_statements_covered_display": "0"}, "missing_lines": [20, 21, 22, 26], "excluded_lines": []}, "MercadoPagoService.get_payment": {"executed_lines": [], "summary": {"covered_lines": 0, "num_statements": 4, "percent_covered": 0.0, "percent_covered_display": 
[...]
cluded_lines": []}, "fetch_raw": {"executed_lines": [], "summary": {"covered_lines": 0, "num_statements": 3, "percent_covered": 0.0, "percent_covered_display": "0", "missing_lines": 3, "excluded_lines": 0, "percent_statements_covered": 0.0, "percent_statements_covered_display": "0"}, "missing_lines": [318, 319, 320], "excluded_lines": []}, "": {"executed_lines": [], "summary": {"covered_lines": 0, "num_statements": 48, "percent_covered": 0.0, "percent_covered_display": "0", "missing_lines": 48, "excluded_lines": 0, "percent_statements_covered": 0.0, "percent_statements_covered_display": "0"}, "missing_lines": [6, 7, 9, 10, 11, 13, 16, 19, 20, 21, 23, 28, 50, 58, 59, 67, 70, 75, 80, 87, 88, 97, 100, 104, 112, 120, 129, 138, 151, 156, 162, 168, 172, 179, 180, 189, 192, 194, 198, 206, 224, 243, 256, 271, 290, 299, 310, 316], "excluded_lines": []}}, "classes": {"PostgresManager": {"executed_lines": [], "summary": {"covered_lines": 0, "num_statements": 19, "percent_covered": 0.0, "percent_covered_display": "0", "missing_lines": 19, "excluded_lines": 0, "percent_statements_covered": 0.0, "percent_statements_covered_display": "0"}, "missing_lines": [24, 25, 26, 30, 31, 33, 39, 40, 41, 46, 47, 48, 52, 53, 54, 56, 61, 62, 63], "excluded_lines": []}, "DBSession": {"executed_lines": [], "summary": {"covered_lines": 0, "num_statements": 22, "percent_covered": 0.0, "percent_covered_display": "0", "missing_lines": 22, "excluded_lines": 0, "percent_statements_covered": 0.0, "percent_statements_covered_display": "0"}, "missing_lines": [101, 102, 110, 118, 126, 127, 135, 136, 145, 153, 154, 158, 159, 160, 164, 165, 166, 169, 170, 173, 174, 176], "excluded_lines": []}, "Repository": {"executed_lines": [], "summary": {"covered_lines": 0, "num_statements": 34, "percent_covered": 0.0, "percent_covered_display": "0", "missing_lines": 34, "excluded_lines": 0, "percent_statements_covered": 0.0, "percent_statements_covered_display": "0"}, "missing_lines": [195, 196, 200, 201, 213, 214, 222, 230, 232, 233, 241, 245, 246, 248, 249, 250, 251, 253, 254, 258, 259, 261, 262, 269, 277, 279, 280, 288, 292, 293, 297, 301, 302, 306], "excluded_lines": []}, "": {"executed_lines": [], "summary": {"covered_lines": 0, "num_statements": 66, "percent_covered": 0.0, "percent_covered_display": "0", "missing_lines": 66, "excluded_lines": 0, "percent_statements_covered": 0.0, "percent_statements_covered_display": "0"}, "missing_lines": [6, 7, 9, 10, 11, 13, 16, 19, 20, 21, 23, 28, 50, 58, 59, 67, 70, 72, 75, 77, 80, 82, 83, 84, 87, 88, 90, 91, 92, 94, 97, 100, 104, 112, 120, 129, 138, 151, 156, 162, 168, 172, 179, 180, 182, 183, 185, 186, 189, 192, 194, 198, 206, 224, 243, 256, 271, 290, 299, 310, 312, 313, 316, 318, 319, 320], "excluded_lines": []}}}, "shared/redis.py": {"executed_lines": [], "summary": {"covered_lines": 0, "num_statements": 178, "percent_covered": 0.0, "percent_covered_display": "0", "missing_lines": 178, "excluded_lines": 0, "percent_statements_covered": 0.0, "percent_statements_covered_display": "0"}, "missing_lines": [6, 7, 8, 10, 11, 13, 16, 19, 20, 21, 23, 24, 25, 26, 28, 30, 31, 33, 39, 42, 43, 44, 45, 46, 47, 49, 51, 52, 53, 55, 56, 57, 59, 61, 62, 64, 65, 66, 70, 73, 75, 78, 80, 83, 85, 86, 87, 90, 91, 93, 94, 95, 97, 100, 103, 104, 106, 108, 110, 112, 113, 115, 122, 123, 125, 127, 128, 130, 132, 133, 135, 137, 138, 140, 142, 143, 145, 147, 148, 150, 152, 153, 155, 157, 158, 159, 160, 162, 168, 170, 171, 172, 174, 175, 177, 179, 181, 182, 183, 185, 186, 188, 189, 191, 192, 194, 197, 200, 201, 203, 205, 206, 208, 210, 212, 213, 214, 216, 218, 220, 221, 223, 225, 226, 228, 230, 231, 234, 237, 238, 239, 240, 242, 244, 246, 247, 249, 250, 252, 253, 259, 260, 262, 264, 271, 273, 274, 276, 279, 287, 288, 289, 291, 292, 293, 295, 296, 299, 302, 303, 305, 307, 308, 309, 311, 313, 314, 316, 318, 319, 321, 323, 324, 325, 326, 328, 330, 331], "excluded_lines": [], "functions": {"RedisManager.__new__": {"executed_lines": [], "summary": {"covered_lines": 0, "num_statements": 3, "percent_covered": 0.0, "percent_covered_display": "0", "missing_lines": 3, "excluded_lines": 0, "percent_statements_covered": 0.0, "percent_statements_covered_display": "0"}, "missing_lines": [24, 25, 26], "excluded_lines": []}, "RedisManager.init": {"executed_lines": [], "summary": {"covered_lines": 0, "num_statements": 10, "percent_covered": 0.0, "percent_covered_display": "0", "missing_lines": 10, "excluded_lines": 0, "percent_statements_covered": 0.0, "percent_statements_covered_display": "0"}, "missing_lines": [30, 31, 33, 39, 42, 43, 44, 45, 46, 47], "excluded_lines": []}, "RedisManager.close": {"executed_lines": [], "summary": {"covered_lines": 0, "num_statements": 7, "percent_covered": 0.0, "percent_covered_display": "0", "missing_lines": 7, "excluded_lines": 0, "percent_statements_covered": 0.0, "percent_statements_covered_display": "0"}, "missing_lines": [51, 52, 53, 55, 56, 57, 59], "excluded_lines": []}, "RedisManager.client": {"executed_lines": [], "summary": {"covered_lines": 0, "num_statements": 3, "percent_covered": 0.0, "percent_covered_display": "0", "missing_lines": 3, "excluded_lines": 0, "percent_statements_covered": 0.0, "percent_statements_covered_display": "0"}, "missing_lines": [64, 65, 66], "excluded_lines": []}, "init_redis": {"executed_lines": [], "summary": {"covered_lines": 0, "num_statements": 1, "percent_covered": 0.0, "percent_covered_display": "0", "missing_lines": 1, "excluded_lines": 0, "percent_statements_covered": 0.0, "percent_statements_covered_display": "0"}, "missing_lines": [75], "excluded_lines": []}, "close_redis": {"executed_lines": [], "summary": {"covered_lines": 0, "num_statements": 1, "percent_covered": 0.0, "percent_covered_display": "0", "missing_lines": 1, "excluded_lines": 0, "percent_statements_covered": 0.0, "percent_statements_covered_display": "0"}, "missing_lines": [80], "excluded_lines": []}, "get_redis": {"executed_lines": [], "summary": {"covered_lines": 0, "num_statements": 3, "percent_covered": 0.0, "percent_covered_display": "0", "missing_lines": 3, "excluded_lines": 0, "percent_statements_covered": 0.0, "percent_statements_covered_display": "0"}, "missing_lines": [85, 86, 87], "excluded_lines": []}, "redis_connection": {"executed_lines": [], "summary": {"covered_lines": 0, "num_statements": 4, "percent_covered": 0.0, "percent_covered_display": "0", "missing_lines": 4, "excluded_lines": 0, "percent_statements_covered": 0.0, "percent_statements_covered_display": "0"}, "missing_lines": [93, 94, 95, 97], "excluded_lines": []}, "RedisCache.__init__": {"executed_lines": [], "summary": {"covered_lines": 0, "num_statements": 1, "percent_covered": 0.0, "percent_covered_display": "0", "missing_lines": 1, "excluded_lines": 0, "percent_statements_covered": 0.0, "percent_statements_covered_display": "0"}, "missing_lines": [104], "excluded_lines": []}, "RedisCache._key": {"executed_lines": [], "summary": {"covered_lines": 0, "num_statements": 1, "percent_covered": 0.0, "percent_covered_display": "0", "missing_lines": 1, "excluded_lines": 0, "percent_statements_covered": 0.0, "percent_statements_covered_display": "0"}, "missing_lines": [108], "excluded_lines": []}, "RedisCache.get": {"executed_lines": [], "summary": {"covered_lines": 0, "num_statements": 2, "percent_covered": 0.0, "percent_covered_display": "0", "missing_lines": 2, "excluded_lines": 0, "percent_statements_covered": 0.0, "percent_statements_covered_display": "0"}, "missing_lines": [112, 113], "excluded_lines": []}, "RedisCache.set": {"executed_lines": [], "summary": {"covered_lines": 0, "num_statements": 2, "percent_covered": 0.0, "percent_covered_display": "0", "missing_lines": 2, "excluded_lines": 0, "percent_statements_covered": 0.0, "percent_statements_covered_display": "0"}, "missing_lines": [122, 123], "excluded_lines": []}, "RedisCache.delete": {"executed_lines": [], "summary": {"covered_lines": 0, "num_statements": 2, "percent_covered": 0.0, "percent_covered_display": "0", "missing_lines": 2, "excluded_lines": 0, "percent_statements_covered": 0.0, "percent_statements_covered_display": "0"}, "missing_lines": [127, 128], "excluded_lines": []}, "RedisCache.exists": {"executed_lines": [], "summary": {"covered_lines": 0, "num_statements": 2, "percent_covered": 0.0, "percent_covered_display": "0", "missing_lines": 2, "excluded_lines": 0, "percent_statements_covered": 0.0, "percent_statements_covered_display": "0"}, "missing_lines": [132, 133], "excluded_lines": []}, "RedisCache.incr": {"executed_lines": [], "summary": {"covered_lines": 0, "num_statements": 2, "percent_covered": 0.0, "percent_covered_display": "0", "missing_lines": 2, "excluded_lines": 0, "percent_statements_covered": 0.0, "percent_statements_covered_display": "0"}, "missing_lines": [137, 138], "excluded_lines": []}, "RedisCache.decr": {"executed_lines": [], "summary": {"covered_lines": 0, "num_statements": 2, "percent_covered": 0.0, "percent_covered_display": "0", "missing_lines": 2, "excluded_lines": 0, "percent_statements_covered": 0.0, "percent_statements_covered_display": "0"}, "missing_lines": [142, 143], "excluded_lines": []}, "RedisCache.expire": {"executed_lines": [], "summary": {"covered_lines": 0, "num_statements": 2, "percent_covered": 0.0, "percent_covered_display": "0", "missing_lines": 2, "excluded_lines": 0, "percent_statements_covered": 0.0, "percent_statements_covered_display": "0"}, "missing_lines": [147, 148], "excluded_lines": []}, "RedisCache.ttl": {"executed_lines": [], "summary": {"covered_lines": 0, "num_statements": 2, "percent_covered": 0.0, "percent_covered_display": "0", "missing_lines": 2, "excluded_lines": 0, "percent_statements_covered": 0.0, "percent_statements_covered_display": "0"}, "missing_lines": [152, 153], "excluded_lines": []}, "RedisCache.get_many": {"executed_lines": [], "summary": {"covered_lines": 0, "num_statements": 4, "percent_covered": 0.0, "percent_covered_display": "0", "missing_lines": 4, "excluded_lines": 0, "percent_statements_covered": 0.0, "percent_statements_covered_display": "0"}, "missing_lines": [157, 158, 159, 160], "excluded_lines": []}, "RedisCache.set_many": {"executed_lines": [], "summary": {"covered_lines": 0, "num_statements": 6, "percent_covered": 0.0, "percent_covered_display": "0", "missing_lines": 6, "excluded_lines": 0, "percent_statements_covered": 0.0, "percent_statements_covered_display": "0"}, "missing_lines": [168, 170, 171, 172, 174, 175], "excluded_lines": []}, "RedisCache.delete_pattern": {"executed_lines": [], "summary": {"covered_lines": 0, "num_statements": 11, "percent_covered": 0.0, "percent_covered_display": "0", "missing_lines": 11, "excluded_lines": 0, "percent_statements_covered": 0.0, "percent_statements_covered_display": "0"}, "missing_lines": [179, 181, 182, 183, 185, 186, 188, 189, 191, 192, 194], "excluded_lines": []}, "RedisQueue.__init__": {"executed_lines": [], "summary": {"covered_lines": 0, "num_statements": 1, "percent_covered": 0.0, "percent_covered_display": "0", "missing_lines": 1, "excluded_lines": 0, "percent_statements_covered": 0.0, "percent_statements_covered_display": "0"}, "missing_lines": [201], "excluded_lines": []}, "RedisQueue.push": {"executed_lines": [], "summary": {"covered_lines": 0, "num_statements": 2, "percent_covered": 0.0, "percent_covered_display": "0", "missing_lines": 2, "excluded_lines": 0, "percent_statements_covered": 0.0, "percent_statements_covered_display": "0"}, "missing_lines": [205, 206], "excluded_lines": []}, "RedisQueue.pop": {"executed_lines": [], "summary": {"covered_lines": 0, "num_statements": 5, "percent_covered": 0.0, "percent_covered_display": "0", "missing_lines": 5, "excluded_lines": 0, "percent_statements_covered": 0.0, "percent_statements_covered_display": "0"}, "missing_lines": [210, 212, 213, 214, 216], "excluded_lines": []}, "RedisQueue.length": {"executed_lines": [], "summary": {"covered_lines": 0, "num_statements": 2, "percent_covered": 0.0, "percent_covered_display": "0", "missing_lines": 2, "excluded_lines": 0, "percent_statements_covered": 0.0, "percent_statements_covered_display": "0"}, "missing_lines": [220, 221], "excluded_lines": []}, "RedisQueue.peek": {"executed_lines": [], "summary": {"covered_lines": 0, "num_statements": 2, "percent_covered": 0.0, "percent_covered_display": "0", "missing_lines": 2, "excluded_lines": 0, "percent_statements_covered": 0.0, "percent_statements_covered_display": "0"}, "missing_lines": [225, 226], "excluded_lines": []}, "RedisQueue.clear": {"executed_lines": [], "summary": {"covered_lines": 0, "num_statements": 2, "percent_covered": 0.0, "percent_covered_display": "0", "missing_lines": 2, "excluded_lines": 0, "percent_statements_covered": 0.0, "percent_statements_covered_display": "0"}, "missing_lines": [230, 231], "excluded_lines": []}, "RedisLock.__init__": {"executed_lines": [], "summary": {"covered_lines": 0, "num_statements": 3, "percent_covered": 0.0, "percent_covered_display": "0", "missing_lines": 3, "excluded_lines": 0, "percent_statements_covered": 0.0, "percent_statements_covered_display": "0"}, "missing_lines": [238, 239, 240], "excluded_lines": []}, "RedisLock.acquire": {"executed_lines": [], "summary": {"covered_lines": 0, "num_statements": 11, "percent_covered": 0.0, "percent_covered_display": "0", "missing_lines": 11, "excluded_lines": 0, "percent_statements_covered": 0.0, "percent_statements_covered_display": "0"}, "missing_lines": [244, 246, 247, 249, 250, 252, 253, 259, 260, 262, 264], "excluded_lines": []}, "RedisLock.release": {"executed_lines": [], "summary": {"covered_lines": 0, "num_statements": 7, "percent_covered": 0.0, "percent_covered_display": "0", "missing_lines": 7, "excluded_lines": 0, "percent_statements_covered": 0.0, "percent_statements_covered_display": "0"}, "missing_lines": [273, 274, 276, 279, 287, 288, 289], "excluded_lines": []}, "RedisLock.__aenter__": {"executed_lines": [], "summary": {"covered_lines": 0, "num_statements": 2, "percent_covered": 0.0, "percent_covered_display": "0", "missing_lines": 2, "excluded_lines": 0, "percent_statements_covered": 0.0, "percent_statements_covered_display": "0"}, "missing_lines": [292, 293], "excluded_lines": []}, "RedisLock.__aexit__": {"executed_lines": [], "summary": {"covered_lines": 0, "num_statements": 1, "percent_covered": 0.0, "percent_covered_display": "0", "missing_lines": 1, "excluded_lines": 0, "percent_statements_covered": 0.0, "percent_statements_covered_display": "0"}, "missing_lines": [296], "excluded_lines": []}, "RedisPubSub.__init__": {"executed_lines": [], "summary": {"covered_lines": 0, "num_statements": 1, "percent_covered": 0.0, "percent_covered_display": "0", "missing_lines": 1, "excluded_lines": 0, "percent_statements_covered": 0.0, "percent_statements_covered_display": "0"}, "missing_lines": [303], "excluded_lines": []}, "RedisPubSub.subscribe": {"executed_lines": [], "summary": {"covered_lines": 0, "num_statements": 3, "percent_covered": 0.0, "percent_covered_display": "0", "missing_lines": 3, "excluded_lines": 0, "percent_statements_covered": 0.0, "percent_statements_covered_display": "0"}, "missing_lines": [307, 308, 309], "excluded_lines": []}, "RedisPubSub.unsubscribe": {"executed_lines": [], "summary": {"covered_lines": 0, "num_statements": 2, "percent_covered": 0.0, "percent_covered_display": "0", "missing_lines": 2, "excluded_lines": 0, "percent_statements_covered": 0.0, "percent_statements_covered_display": "0"}, "missing_lines": [313, 314], "excluded_lines": []}, "RedisPubSub.publish": {"executed_lines": [], "summary": {"covered_lines": 0, "num_statements": 2, "percent_covered": 0.0, "percent_covered_display": "0", "missing_lines": 2, "excluded_lines": 0, "percent_statements_covered": 0.0, "percent_statements_covered_display": "0"}, "missing_lines": [318, 319], "excluded_lines": []}, "RedisPubSub.listen": {"executed_lines": [], "summary": {"covered_lines": 0, "num_statements": 4, "percent_covered": 0.0, "percent_covered_display": "0", "missing_lines": 4, "excluded_lines": 0, "percent_statements_covered": 0.0, "percent_statements_covered_display": "0"}, "missing_lines": [323, 324, 325, 326], "excluded_lines": []}, "RedisPubSub.close": {"executed_lines": [], "summary": {"covered_lines": 0, "num_statements": 2, "percent_covered": 0.0, "percent_covered_display": "0", "missing_lines": 2, "excluded_lines": 0, "percent_statements_covered": 0.0, "percent_statements_covered_display": "0"}, "missing_lines": [330, 331], "excluded_lines": []}, "": {"executed_lines": [], "summary": {"covered_lines": 0, "num_statements": 55, "percent_covered": 0.0, "percent_covered_display": "0", "missing_lines": 55, "excluded_lines": 0, "percent_statements_covered": 0.0, "percent_statements_covered_display": "0"}, "missing_lines": [6, 7, 8, 10, 11, 13, 16, 19, 20, 21, 23, 28, 49, 61, 62, 70, 73, 78, 83, 90, 91, 100, 103, 106, 110, 115, 125, 130, 135, 140, 145, 150, 155, 162, 177, 197, 200, 203, 208, 218, 223, 228, 234, 237, 242, 271, 291, 295, 299, 302, 305, 311, 316, 321, 328], "excluded_lines": []}}, "classes": {"RedisManager": {"executed_lines": [], "summary": {"covered_lines": 0, "num_statements": 23, "percent_covered": 0.0, "percent_covered_display": "0", "missing_lines": 23, "excluded_lines": 0, "percent_statements_covered": 0.0, "percent_statements_covered_display": "0"}, "missing_lines": [24, 25, 26, 30, 31, 33, 39, 42, 43, 44, 45, 46, 47, 51, 52, 53, 55, 56, 57, 59, 64, 65, 66], "excluded_lines": []}, "RedisCache": {"executed_lines": [], "summary": {"covered_lines": 0, "num_statements": 39, "percent_covered": 0.0, "percent_covered_display": "0", "missing_lines": 39, "excluded_lines": 0, "percent_statements_covered": 0.0, "percent_statements_covered_display": "0"}, "missing_lines": [104, 108, 112, 113, 122, 123, 127, 128, 132, 133, 137, 138, 142, 143, 147, 148, 152, 153, 157, 158, 159, 160, 168, 170, 171, 172, 174, 175, 179, 181, 182, 183, 185, 186, 188, 189, 191, 192, 194], "excluded_lines": []}, "RedisQueue": {"executed_lines": [], "summary": {"covered_lines": 0, "num_statements": 14, "percent_covered": 0.0, "percent_covered_display": "0", "missing_lines": 14, "excluded_lines": 0, "percent_statements_covered": 0.0, "percent_statements_covered_display": "0"}, "missing_lines": [201, 205, 206, 210, 212, 213, 214, 216, 220, 221, 225, 226, 230, 231], "excluded_lines": []}, "RedisLock": {"executed_lines": [], "summary": {"covered_lines": 0, "num_statements": 24, "percent_covered": 0.0, "percent_covered_display": "0", "missing_lines": 24, "excluded_lines": 0, "percent_statements_covered": 0.0, "percent_statements_covered_display": "0"}, "missing_lines": [238, 239, 240, 244, 246, 247, 249, 250, 252, 253, 259, 260, 262, 264, 273, 274, 276, 279, 287, 288, 289, 292, 293, 296], "excluded_lines": []}, "RedisPubSub": {"executed_lines": [], "summary": {"covered_lines": 0, "num_statements": 14, "percent_covered": 0.0, "percent_covered_display": "0", "missing_lines": 14, "excluded_lines": 0, "percent_statements_covered": 0.0, "percent_statements_covered_display": "0"}, "missing_lines": [303, 307, 308, 309, 313, 314, 318, 319, 323, 324, 325, 326, 330, 331], "excluded_lines": []}, "": {"executed_lines": [], "summary": {"covered_lines": 0, "num_statements": 64, "percent_covered": 0.0, "percent_covered_display": "0", "missing_lines": 64, "excluded_lines": 0, "percent_statements_covered": 0.0, "percent_statements_covered_display": "0"}, "missing_lines": [6, 7, 8, 10, 11, 13, 16, 19, 20, 21, 23, 28, 49, 61, 62, 70, 73, 75, 78, 80, 83, 85, 86, 87, 90, 91, 93, 94, 95, 97, 100, 103, 106, 110, 115, 125, 130, 135, 140, 145, 150, 155, 162, 177, 197, 200, 203, 208, 218, 223, 228, 234, 237, 242, 271, 291, 295, 299, 302, 305, 311, 316, 321, 328], "excluded_lines": []}}}}, "totals": {"covered_lines": 550, "num_statements": 1762, "percent_covered": 31.214528944381385, "percent_covered_display": "31", "missing_lines": 1212, "excluded_lines": 0, "percent_statements_covered": 31.214528944381385, "percent_statements_covered_display": "31"}}